Virtual User Script started at: 28.05.2023 7:49:12	[MsgId: MMSG-15967]
Starting action vuser_init.	[MsgId: MMSG-15919]
Web Turbo Replay of LoadRunner 2020.0.0 for Windows 10; build 793 (ноя 27 2019 19:51:20)  	[MsgId: MMSG-26983]
Run mode: HTML  	[MsgId: MMSG-26993]
Replay user agent: Mozilla/5.0 (Windows NT 10.0; WOW64; Trident/7.0; rv:11.0) like Gecko  	[MsgId: MMSG-26988]
Runtime Settings file: "C:\Users\NICK\AppData\Local\Temp\lr5tmpdir7kj.384\lrcfgfZI.476\cfgW2y.481"  	[MsgId: MMSG-27141]
Ending action vuser_init.	[MsgId: MMSG-15918]
Running Vuser...	[MsgId: MMSG-15964]
Virtual User Script started at: 28.05.2023 7:49:12	[MsgId: MMSG-15967]
Starting action vuser_init.	[MsgId: MMSG-15919]
Web Turbo Replay of LoadRunner 2020.0.0 for Windows 10; build 793 (ноя 27 2019 19:51:20)  	[MsgId: MMSG-26983]
Run mode: HTML  	[MsgId: MMSG-26993]
Replay user agent: Mozilla/5.0 (Windows NT 10.0; WOW64; Trident/7.0; rv:11.0) like Gecko  	[MsgId: MMSG-26988]
Runtime Settings file: "C:\Users\NICK\AppData\Local\Temp\lr5tmpdir7kj.384\lrcfgfZI.476\cfgW2y.481"  	[MsgId: MMSG-27141]
Ending action vuser_init.	[MsgId: MMSG-15918]
Running Vuser...	[MsgId: MMSG-15964]
Starting iteration 1.	[MsgId: MMSG-15968]
Maximum number of concurrent connections per server: 6  	[MsgId: MMSG-26989]
Starting action Action.	[MsgId: MMSG-15919]
Action.c(3): Notify: Transaction "UC_CheckTicket" started.	[MsgId: MMSG-16999]
Action.c(6): web_reg_save_param_attrib started  	[MsgId: MMSG-26355]
Action.c(6): Registering web_reg_save_param_attrib was successful  	[MsgId: MMSG-26390]
Action.c(17): Notify: Transaction "loginPage" started.	[MsgId: MMSG-16999]
Action.c(19): web_url("WebTours") started  	[MsgId: MMSG-26355]
Action.c(19): Detected non-resource "http://localhost:1080/WebTours/header.html" in "http://localhost:1080/WebTours/"  	[MsgId: MMSG-26574]
Action.c(19): Detected non-resource "http://localhost:1080/cgi-bin/welcome.pl?signOff=true" in "http://localhost:1080/WebTours/"  	[MsgId: MMSG-26574]
Action.c(19): Found resource "http://localhost:1080/WebTours/images/hp_logo.png" in HTML "http://localhost:1080/WebTours/header.html"  	[MsgId: MMSG-26659]
Action.c(19): Found resource "http://localhost:1080/WebTours/images/webtours.png" in HTML "http://localhost:1080/WebTours/header.html"  	[MsgId: MMSG-26659]
Action.c(19): Detected non-resource "http://localhost:1080/cgi-bin/nav.pl?in=home" in "http://localhost:1080/cgi-bin/welcome.pl?signOff=true"  	[MsgId: MMSG-26574]
Action.c(19): Detected non-resource "http://localhost:1080/WebTours/home.html" in "http://localhost:1080/cgi-bin/welcome.pl?signOff=true"  	[MsgId: MMSG-26574]
Action.c(19): Found resource "http://localhost:1080/WebTours/images/mer_login.gif" in HTML "http://localhost:1080/cgi-bin/nav.pl?in=home"  	[MsgId: MMSG-26659]
Starting iteration 1.	[MsgId: MMSG-15968]
Maximum number of concurrent connections per server: 6  	[MsgId: MMSG-26989]
Starting action Action.	[MsgId: MMSG-15919]
Action.c(3): Notify: Transaction "UC_CheckTicket" started.	[MsgId: MMSG-16999]
Action.c(6): web_reg_save_param_attrib started  	[MsgId: MMSG-26355]
Action.c(6): Registering web_reg_save_param_attrib was successful  	[MsgId: MMSG-26390]
Action.c(17): Notify: Transaction "loginPage" started.	[MsgId: MMSG-16999]
Action.c(19): web_url("WebTours") started  	[MsgId: MMSG-26355]
Virtual User Script started at: 28.05.2023 7:49:13	[MsgId: MMSG-15967]
Starting action vuser_init.	[MsgId: MMSG-15919]
Web Turbo Replay of LoadRunner 2020.0.0 for Windows 10; build 793 (ноя 27 2019 19:51:20)  	[MsgId: MMSG-26983]
Run mode: HTML  	[MsgId: MMSG-26993]
Replay user agent: Mozilla/5.0 (Windows NT 10.0; WOW64; Trident/7.0; rv:11.0) like Gecko  	[MsgId: MMSG-26988]
Runtime Settings file: "C:\Users\NICK\AppData\Local\Temp\lr5tmpdir7kj.384\lrcfgfZI.476\cfgW2y.481"  	[MsgId: MMSG-27141]
Ending action vuser_init.	[MsgId: MMSG-15918]
Running Vuser...	[MsgId: MMSG-15964]
Virtual User Script started at: 28.05.2023 7:49:13	[MsgId: MMSG-15967]
Starting iteration 1.	[MsgId: MMSG-15968]
Maximum number of concurrent connections per server: 6  	[MsgId: MMSG-26989]
Starting action Action.	[MsgId: MMSG-15919]
Action.c(3): Notify: Transaction "UC_CheckTicket" started.	[MsgId: MMSG-16999]
Action.c(6): web_reg_save_param_attrib started  	[MsgId: MMSG-26355]
Action.c(6): Registering web_reg_save_param_attrib was successful  	[MsgId: MMSG-26390]
Action.c(17): Notify: Transaction "loginPage" started.	[MsgId: MMSG-16999]
Action.c(19): web_url("WebTours") started  	[MsgId: MMSG-26355]
Action.c(19): Detected non-resource "http://localhost:1080/WebTours/header.html" in "http://localhost:1080/WebTours/"  	[MsgId: MMSG-26574]
Action.c(19): Detected non-resource "http://localhost:1080/cgi-bin/welcome.pl?signOff=true" in "http://localhost:1080/WebTours/"  	[MsgId: MMSG-26574]
Action.c(19): Found resource "http://localhost:1080/WebTours/images/hp_logo.png" in HTML "http://localhost:1080/WebTours/header.html"  	[MsgId: MMSG-26659]
Action.c(19): Found resource "http://localhost:1080/WebTours/images/webtours.png" in HTML "http://localhost:1080/WebTours/header.html"  	[MsgId: MMSG-26659]
Starting action vuser_init.	[MsgId: MMSG-15919]
Web Turbo Replay of LoadRunner 2020.0.0 for Windows 10; build 793 (ноя 27 2019 19:51:20)  	[MsgId: MMSG-26983]
Run mode: HTML  	[MsgId: MMSG-26993]
Replay user agent: Mozilla/5.0 (Windows NT 10.0; WOW64; Trident/7.0; rv:11.0) like Gecko  	[MsgId: MMSG-26988]
Runtime Settings file: "C:\Users\NICK\AppData\Local\Temp\lr5tmpdir7kj.384\lrcfgfZI.476\cfgW2y.481"  	[MsgId: MMSG-27141]
Ending action vuser_init.	[MsgId: MMSG-15918]
Running Vuser...	[MsgId: MMSG-15964]
Virtual User Script started at: 28.05.2023 7:49:13	[MsgId: MMSG-15967]
Starting action vuser_init.	[MsgId: MMSG-15919]
Web Turbo Replay of LoadRunner 2020.0.0 for Windows 10; build 793 (ноя 27 2019 19:51:20)  	[MsgId: MMSG-26983]
Run mode: HTML  	[MsgId: MMSG-26993]
Replay user agent: Mozilla/5.0 (Windows NT 10.0; WOW64; Trident/7.0; rv:11.0) like Gecko  	[MsgId: MMSG-26988]
Runtime Settings file: "C:\Users\NICK\AppData\Local\Temp\lr5tmpdir7kj.384\lrcfgfZI.476\cfgW2y.481"  	[MsgId: MMSG-27141]
Ending action vuser_init.	[MsgId: MMSG-15918]
Running Vuser...	[MsgId: MMSG-15964]
Virtual User Script started at: 28.05.2023 7:49:13	[MsgId: MMSG-15967]
Starting action vuser_init.	[MsgId: MMSG-15919]
Web Turbo Replay of LoadRunner 2020.0.0 for Windows 10; build 793 (ноя 27 2019 19:51:20)  	[MsgId: MMSG-26983]
Run mode: HTML  	[MsgId: MMSG-26993]
Replay user agent: Mozilla/5.0 (Windows NT 10.0; WOW64; Trident/7.0; rv:11.0) like Gecko  	[MsgId: MMSG-26988]
Runtime Settings file: "C:\Users\NICK\AppData\Local\Temp\lr5tmpdir7kj.384\lrcfgfZI.476\cfgW2y.481"  	[MsgId: MMSG-27141]
Ending action vuser_init.	[MsgId: MMSG-15918]
Running Vuser...	[MsgId: MMSG-15964]
Virtual User Script started at: 28.05.2023 7:49:13	[MsgId: MMSG-15967]
Starting action vuser_init.	[MsgId: MMSG-15919]
Web Turbo Replay of LoadRunner 2020.0.0 for Windows 10; build 793 (ноя 27 2019 19:51:20)  	[MsgId: MMSG-26983]
Run mode: HTML  	[MsgId: MMSG-26993]
Replay user agent: Mozilla/5.0 (Windows NT 10.0; WOW64; Trident/7.0; rv:11.0) like Gecko  	[MsgId: MMSG-26988]
Runtime Settings file: "C:\Users\NICK\AppData\Local\Temp\lr5tmpdir7kj.384\lrcfgfZI.476\cfgW2y.481"  	[MsgId: MMSG-27141]
Ending action vuser_init.	[MsgId: MMSG-15918]
Running Vuser...	[MsgId: MMSG-15964]
Virtual User Script started at: 28.05.2023 7:49:13	[MsgId: MMSG-15967]
Starting action vuser_init.	[MsgId: MMSG-15919]
Web Turbo Replay of LoadRunner 2020.0.0 for Windows 10; build 793 (ноя 27 2019 19:51:20)  	[MsgId: MMSG-26983]
Run mode: HTML  	[MsgId: MMSG-26993]
Replay user agent: Mozilla/5.0 (Windows NT 10.0; WOW64; Trident/7.0; rv:11.0) like Gecko  	[MsgId: MMSG-26988]
Runtime Settings file: "C:\Users\NICK\AppData\Local\Temp\lr5tmpdir7kj.384\lrcfgfZI.476\cfgW2y.481"  	[MsgId: MMSG-27141]
Ending action vuser_init.	[MsgId: MMSG-15918]
Running Vuser...	[MsgId: MMSG-15964]
Action.c(19): Detected non-resource "http://localhost:1080/WebTours/header.html" in "http://localhost:1080/WebTours/"  	[MsgId: MMSG-26574]
Action.c(19): Detected non-resource "http://localhost:1080/cgi-bin/welcome.pl?signOff=true" in "http://localhost:1080/WebTours/"  	[MsgId: MMSG-26574]
Action.c(19): Found resource "http://localhost:1080/WebTours/images/hp_logo.png" in HTML "http://localhost:1080/WebTours/header.html"  	[MsgId: MMSG-26659]
Action.c(19): Found resource "http://localhost:1080/WebTours/images/webtours.png" in HTML "http://localhost:1080/WebTours/header.html"  	[MsgId: MMSG-26659]
Action.c(19): Detected non-resource "http://localhost:1080/cgi-bin/nav.pl?in=home" in "http://localhost:1080/cgi-bin/welcome.pl?signOff=true"  	[MsgId: MMSG-26574]
Action.c(19): Detected non-resource "http://localhost:1080/WebTours/home.html" in "http://localhost:1080/cgi-bin/welcome.pl?signOff=true"  	[MsgId: MMSG-26574]
Starting iteration 1.	[MsgId: MMSG-15968]
Maximum number of concurrent connections per server: 6  	[MsgId: MMSG-26989]
Starting action Action.	[MsgId: MMSG-15919]
Action.c(3): Notify: Transaction "UC_CheckTicket" started.	[MsgId: MMSG-16999]
Action.c(6): web_reg_save_param_attrib started  	[MsgId: MMSG-26355]
Action.c(6): Registering web_reg_save_param_attrib was successful  	[MsgId: MMSG-26390]
Action.c(17): Notify: Transaction "loginPage" started.	[MsgId: MMSG-16999]
Action.c(19): web_url("WebTours") started  	[MsgId: MMSG-26355]
Virtual User Script started at: 28.05.2023 7:49:13	[MsgId: MMSG-15967]
Starting action vuser_init.	[MsgId: MMSG-15919]
Web Turbo Replay of LoadRunner 2020.0.0 for Windows 10; build 793 (ноя 27 2019 19:51:20)  	[MsgId: MMSG-26983]
Run mode: HTML  	[MsgId: MMSG-26993]
Replay user agent: Mozilla/5.0 (Windows NT 10.0; WOW64; Trident/7.0; rv:11.0) like Gecko  	[MsgId: MMSG-26988]
Runtime Settings file: "C:\Users\NICK\AppData\Local\Temp\lr5tmpdir7kj.384\lrcfgfZI.476\cfgW2y.481"  	[MsgId: MMSG-27141]
Ending action vuser_init.	[MsgId: MMSG-15918]
Running Vuser...	[MsgId: MMSG-15964]
Starting iteration 1.	[MsgId: MMSG-15968]
Maximum number of concurrent connections per server: 6  	[MsgId: MMSG-26989]
Starting action Action.	[MsgId: MMSG-15919]
Action.c(3): Notify: Transaction "UC_CheckTicket" started.	[MsgId: MMSG-16999]
Action.c(6): web_reg_save_param_attrib started  	[MsgId: MMSG-26355]
Action.c(6): Registering web_reg_save_param_attrib was successful  	[MsgId: MMSG-26390]
Action.c(17): Notify: Transaction "loginPage" started.	[MsgId: MMSG-16999]
Action.c(19): web_url("WebTours") started  	[MsgId: MMSG-26355]
Starting iteration 1.	[MsgId: MMSG-15968]
Maximum number of concurrent connections per server: 6  	[MsgId: MMSG-26989]
Starting action Action.	[MsgId: MMSG-15919]
Action.c(3): Notify: Transaction "UC_CheckTicket" started.	[MsgId: MMSG-16999]
Action.c(6): web_reg_save_param_attrib started  	[MsgId: MMSG-26355]
Action.c(6): Registering web_reg_save_param_attrib was successful  	[MsgId: MMSG-26390]
Action.c(17): Notify: Transaction "loginPage" started.	[MsgId: MMSG-16999]
Action.c(19): web_url("WebTours") started  	[MsgId: MMSG-26355]
Starting iteration 1.	[MsgId: MMSG-15968]
Maximum number of concurrent connections per server: 6  	[MsgId: MMSG-26989]
Starting action Action.	[MsgId: MMSG-15919]
Action.c(3): Notify: Transaction "UC_CheckTicket" started.	[MsgId: MMSG-16999]
Action.c(6): web_reg_save_param_attrib started  	[MsgId: MMSG-26355]
Action.c(6): Registering web_reg_save_param_attrib was successful  	[MsgId: MMSG-26390]
Action.c(17): Notify: Transaction "loginPage" started.	[MsgId: MMSG-16999]
Action.c(19): web_url("WebTours") started  	[MsgId: MMSG-26355]
Starting iteration 1.	[MsgId: MMSG-15968]
Maximum number of concurrent connections per server: 6  	[MsgId: MMSG-26989]
Starting action Action.	[MsgId: MMSG-15919]
Action.c(3): Notify: Transaction "UC_CheckTicket" started.	[MsgId: MMSG-16999]
Action.c(6): web_reg_save_param_attrib started  	[MsgId: MMSG-26355]
Action.c(6): Registering web_reg_save_param_attrib was successful  	[MsgId: MMSG-26390]
Action.c(17): Notify: Transaction "loginPage" started.	[MsgId: MMSG-16999]
Action.c(19): web_url("WebTours") started  	[MsgId: MMSG-26355]
Action.c(19): web_url("WebTours") was successful, 10071 body bytes, 2377 header bytes, 24 chunking overhead bytes  	[MsgId: MMSG-26385]
Action.c(19): Detected non-resource "http://localhost:1080/cgi-bin/nav.pl?in=home" in "http://localhost:1080/cgi-bin/welcome.pl?signOff=true"  	[MsgId: MMSG-26574]
Action.c(19): Detected non-resource "http://localhost:1080/WebTours/home.html" in "http://localhost:1080/cgi-bin/welcome.pl?signOff=true"  	[MsgId: MMSG-26574]
Starting iteration 1.	[MsgId: MMSG-15968]
Maximum number of concurrent connections per server: 6  	[MsgId: MMSG-26989]
Starting action Action.	[MsgId: MMSG-15919]
Action.c(3): Notify: Transaction "UC_CheckTicket" started.	[MsgId: MMSG-16999]
Action.c(6): web_reg_save_param_attrib started  	[MsgId: MMSG-26355]
Action.c(19): Found resource "http://localhost:1080/WebTours/images/mer_login.gif" in HTML "http://localhost:1080/cgi-bin/nav.pl?in=home"  	[MsgId: MMSG-26659]
Action.c(19): web_url("WebTours") was successful, 10080 body bytes, 2377 header bytes, 24 chunking overhead bytes  	[MsgId: MMSG-26385]
Action.c(29): Think time - Waiting 5,00 seconds (according to limit).	[MsgId: MMSG-15946]
Action.c(29): lr_think_time: 5,00 seconds (recorded think time was 17,00 seconds).	[MsgId: MMSG-15947]
Action.c(6): Registering web_reg_save_param_attrib was successful  	[MsgId: MMSG-26390]
Action.c(17): Notify: Transaction "loginPage" started.	[MsgId: MMSG-16999]
Action.c(19): web_url("WebTours") started  	[MsgId: MMSG-26355]
Action.c(19): Found resource "http://localhost:1080/WebTours/images/mer_login.gif" in HTML "http://localhost:1080/cgi-bin/nav.pl?in=home"  	[MsgId: MMSG-26659]
Action.c(19): web_url("WebTours") was successful, 10080 body bytes, 2377 header bytes, 24 chunking overhead bytes  	[MsgId: MMSG-26385]
Action.c(29): Think time - Waiting 5,00 seconds (according to limit).	[MsgId: MMSG-15946]
Action.c(29): lr_think_time: 5,00 seconds (recorded think time was 17,00 seconds).	[MsgId: MMSG-15947]
Action.c(29): Think time - Waiting 5,00 seconds (according to limit).	[MsgId: MMSG-15946]
Action.c(29): lr_think_time: 5,00 seconds (recorded think time was 17,00 seconds).	[MsgId: MMSG-15947]
Action.c(19): Detected non-resource "http://localhost:1080/WebTours/header.html" in "http://localhost:1080/WebTours/"  	[MsgId: MMSG-26574]
Action.c(19): Detected non-resource "http://localhost:1080/cgi-bin/welcome.pl?signOff=true" in "http://localhost:1080/WebTours/"  	[MsgId: MMSG-26574]
Action.c(19): Detected non-resource "http://localhost:1080/WebTours/header.html" in "http://localhost:1080/WebTours/"  	[MsgId: MMSG-26574]
Action.c(19): Detected non-resource "http://localhost:1080/cgi-bin/welcome.pl?signOff=true" in "http://localhost:1080/WebTours/"  	[MsgId: MMSG-26574]
Action.c(19): Detected non-resource "http://localhost:1080/WebTours/header.html" in "http://localhost:1080/WebTours/"  	[MsgId: MMSG-26574]
Action.c(19): Detected non-resource "http://localhost:1080/cgi-bin/welcome.pl?signOff=true" in "http://localhost:1080/WebTours/"  	[MsgId: MMSG-26574]
Action.c(19): Detected non-resource "http://localhost:1080/WebTours/header.html" in "http://localhost:1080/WebTours/"  	[MsgId: MMSG-26574]
Action.c(19): Detected non-resource "http://localhost:1080/WebTours/header.html" in "http://localhost:1080/WebTours/"  	[MsgId: MMSG-26574]
Action.c(19): Detected non-resource "http://localhost:1080/cgi-bin/welcome.pl?signOff=true" in "http://localhost:1080/WebTours/"  	[MsgId: MMSG-26574]
Action.c(19): Detected non-resource "http://localhost:1080/cgi-bin/welcome.pl?signOff=true" in "http://localhost:1080/WebTours/"  	[MsgId: MMSG-26574]
Action.c(19): Detected non-resource "http://localhost:1080/WebTours/header.html" in "http://localhost:1080/WebTours/"  	[MsgId: MMSG-26574]
Action.c(19): Detected non-resource "http://localhost:1080/cgi-bin/welcome.pl?signOff=true" in "http://localhost:1080/WebTours/"  	[MsgId: MMSG-26574]
Action.c(31): Notify: Transaction "loginPage" ended with a "Pass" status (Duration: 5,3640 Think Time: 5,0124 Wasted Time: 0,0013).	[MsgId: MMSG-16870]
..\\..\\Parameters1\\common_lib.h(3): Notify: Transaction "login" started.	[MsgId: MMSG-16999]
..\\..\\Parameters1\\common_lib.h(7): web_reg_find started  	[MsgId: MMSG-26355]
..\\..\\Parameters1\\common_lib.h(7): Registering web_reg_find was successful  	[MsgId: MMSG-26390]
..\\..\\Parameters1\\common_lib.h(9): web_submit_data("login.pl") started  	[MsgId: MMSG-26355]
Action.c(31): Notify: Transaction "loginPage" ended with a "Pass" status (Duration: 5,5312 Think Time: 4,9998 Wasted Time: 0,0011).	[MsgId: MMSG-16870]
..\\..\\Parameters1\\common_lib.h(3): Notify: Transaction "login" started.	[MsgId: MMSG-16999]
..\\..\\Parameters1\\common_lib.h(7): web_reg_find started  	[MsgId: MMSG-26355]
..\\..\\Parameters1\\common_lib.h(7): Registering web_reg_find was successful  	[MsgId: MMSG-26390]
..\\..\\Parameters1\\common_lib.h(9): web_submit_data("login.pl") started  	[MsgId: MMSG-26355]
..\\..\\Parameters1\\common_lib.h(9): Detected non-resource "http://localhost:1080/cgi-bin/nav.pl?page=menu&in=home" in "http://localhost:1080/cgi-bin/login.pl"  	[MsgId: MMSG-26574]
..\\..\\Parameters1\\common_lib.h(9): Detected non-resource "http://localhost:1080/cgi-bin/login.pl?intro=true" in "http://localhost:1080/cgi-bin/login.pl"  	[MsgId: MMSG-26574]
Action.c(19): Found resource "http://localhost:1080/WebTours/images/hp_logo.png" in HTML "http://localhost:1080/WebTours/header.html"  	[MsgId: MMSG-26659]
Action.c(19): Found resource "http://localhost:1080/WebTours/images/webtours.png" in HTML "http://localhost:1080/WebTours/header.html"  	[MsgId: MMSG-26659]
Action.c(19): Found resource "http://localhost:1080/WebTours/images/hp_logo.png" in HTML "http://localhost:1080/WebTours/header.html"  	[MsgId: MMSG-26659]
Action.c(19): Found resource "http://localhost:1080/WebTours/images/webtours.png" in HTML "http://localhost:1080/WebTours/header.html"  	[MsgId: MMSG-26659]
..\\..\\Parameters1\\common_lib.h(9): Detected non-resource "http://localhost:1080/cgi-bin/nav.pl?page=menu&in=home" in "http://localhost:1080/cgi-bin/login.pl"  	[MsgId: MMSG-26574]
..\\..\\Parameters1\\common_lib.h(9): Detected non-resource "http://localhost:1080/cgi-bin/login.pl?intro=true" in "http://localhost:1080/cgi-bin/login.pl"  	[MsgId: MMSG-26574]
Action.c(19): Found resource "http://localhost:1080/WebTours/images/hp_logo.png" in HTML "http://localhost:1080/WebTours/header.html"  	[MsgId: MMSG-26659]
Action.c(19): Found resource "http://localhost:1080/WebTours/images/webtours.png" in HTML "http://localhost:1080/WebTours/header.html"  	[MsgId: MMSG-26659]
Action.c(19): Detected non-resource "http://localhost:1080/cgi-bin/nav.pl?in=home" in "http://localhost:1080/cgi-bin/welcome.pl?signOff=true"  	[MsgId: MMSG-26574]
Action.c(19): Detected non-resource "http://localhost:1080/WebTours/home.html" in "http://localhost:1080/cgi-bin/welcome.pl?signOff=true"  	[MsgId: MMSG-26574]
Action.c(19): Detected non-resource "http://localhost:1080/cgi-bin/nav.pl?in=home" in "http://localhost:1080/cgi-bin/welcome.pl?signOff=true"  	[MsgId: MMSG-26574]
Action.c(19): Detected non-resource "http://localhost:1080/WebTours/home.html" in "http://localhost:1080/cgi-bin/welcome.pl?signOff=true"  	[MsgId: MMSG-26574]
Action.c(19): Found resource "http://localhost:1080/WebTours/images/hp_logo.png" in HTML "http://localhost:1080/WebTours/header.html"  	[MsgId: MMSG-26659]
Action.c(19): Found resource "http://localhost:1080/WebTours/images/webtours.png" in HTML "http://localhost:1080/WebTours/header.html"  	[MsgId: MMSG-26659]
Action.c(19): Found resource "http://localhost:1080/WebTours/images/hp_logo.png" in HTML "http://localhost:1080/WebTours/header.html"  	[MsgId: MMSG-26659]
Action.c(19): Found resource "http://localhost:1080/WebTours/images/webtours.png" in HTML "http://localhost:1080/WebTours/header.html"  	[MsgId: MMSG-26659]
Action.c(19): Found resource "http://localhost:1080/WebTours/images/hp_logo.png" in HTML "http://localhost:1080/WebTours/header.html"  	[MsgId: MMSG-26659]
Action.c(19): Found resource "http://localhost:1080/WebTours/images/webtours.png" in HTML "http://localhost:1080/WebTours/header.html"  	[MsgId: MMSG-26659]
Action.c(19): Detected non-resource "http://localhost:1080/cgi-bin/nav.pl?in=home" in "http://localhost:1080/cgi-bin/welcome.pl?signOff=true"  	[MsgId: MMSG-26574]
Action.c(19): Detected non-resource "http://localhost:1080/WebTours/home.html" in "http://localhost:1080/cgi-bin/welcome.pl?signOff=true"  	[MsgId: MMSG-26574]
Action.c(19): Found resource "http://localhost:1080/WebTours/images/mer_login.gif" in HTML "http://localhost:1080/cgi-bin/nav.pl?in=home"  	[MsgId: MMSG-26659]
Action.c(19): Detected non-resource "http://localhost:1080/cgi-bin/nav.pl?in=home" in "http://localhost:1080/cgi-bin/welcome.pl?signOff=true"  	[MsgId: MMSG-26574]
Action.c(19): Detected non-resource "http://localhost:1080/WebTours/home.html" in "http://localhost:1080/cgi-bin/welcome.pl?signOff=true"  	[MsgId: MMSG-26574]
Action.c(19): Detected non-resource "http://localhost:1080/cgi-bin/nav.pl?in=home" in "http://localhost:1080/cgi-bin/welcome.pl?signOff=true"  	[MsgId: MMSG-26574]
Action.c(19): Detected non-resource "http://localhost:1080/WebTours/home.html" in "http://localhost:1080/cgi-bin/welcome.pl?signOff=true"  	[MsgId: MMSG-26574]
Action.c(19): Detected non-resource "http://localhost:1080/cgi-bin/nav.pl?in=home" in "http://localhost:1080/cgi-bin/welcome.pl?signOff=true"  	[MsgId: MMSG-26574]
Action.c(19): Detected non-resource "http://localhost:1080/WebTours/home.html" in "http://localhost:1080/cgi-bin/welcome.pl?signOff=true"  	[MsgId: MMSG-26574]
Action.c(19): Found resource "http://localhost:1080/WebTours/images/mer_login.gif" in HTML "http://localhost:1080/cgi-bin/nav.pl?in=home"  	[MsgId: MMSG-26659]
Action.c(19): Found resource "http://localhost:1080/WebTours/images/mer_login.gif" in HTML "http://localhost:1080/cgi-bin/nav.pl?in=home"  	[MsgId: MMSG-26659]
Action.c(19): Found resource "http://localhost:1080/WebTours/images/mer_login.gif" in HTML "http://localhost:1080/cgi-bin/nav.pl?in=home"  	[MsgId: MMSG-26659]
Action.c(19): Found resource "http://localhost:1080/WebTours/images/mer_login.gif" in HTML "http://localhost:1080/cgi-bin/nav.pl?in=home"  	[MsgId: MMSG-26659]
Action.c(31): Notify: Transaction "loginPage" ended with a "Pass" status (Duration: 7,8393 Think Time: 5,7995 Wasted Time: 1,3247).	[MsgId: MMSG-16870]
..\\..\\Parameters1\\common_lib.h(3): Notify: Transaction "login" started.	[MsgId: MMSG-16999]
..\\..\\Parameters1\\common_lib.h(7): web_reg_find started  	[MsgId: MMSG-26355]
..\\..\\Parameters1\\common_lib.h(7): Registering web_reg_find was successful  	[MsgId: MMSG-26390]
..\\..\\Parameters1\\common_lib.h(9): web_submit_data("login.pl") started  	[MsgId: MMSG-26355]
Action.c(19): Found resource "http://localhost:1080/WebTours/images/mer_login.gif" in HTML "http://localhost:1080/cgi-bin/nav.pl?in=home"  	[MsgId: MMSG-26659]
Action.c(19): web_url("WebTours") was successful, 10080 body bytes, 2377 header bytes, 24 chunking overhead bytes  	[MsgId: MMSG-26385]
Action.c(29): Think time - Waiting 5,00 seconds (according to limit).	[MsgId: MMSG-15946]
Action.c(29): lr_think_time: 5,00 seconds (recorded think time was 17,00 seconds).	[MsgId: MMSG-15947]
..\\..\\Parameters1\\common_lib.h(9): Found resource "http://localhost:1080/WebTours/images/flights.gif" in HTML "http://localhost:1080/cgi-bin/nav.pl?page=menu&in=home"  	[MsgId: MMSG-26659]
..\\..\\Parameters1\\common_lib.h(9): Found resource "http://localhost:1080/WebTours/images/itinerary.gif" in HTML "http://localhost:1080/cgi-bin/nav.pl?page=menu&in=home"  	[MsgId: MMSG-26659]
..\\..\\Parameters1\\common_lib.h(9): Found resource "http://localhost:1080/WebTours/images/in_home.gif" in HTML "http://localhost:1080/cgi-bin/nav.pl?page=menu&in=home"  	[MsgId: MMSG-26659]
..\\..\\Parameters1\\common_lib.h(9): Found resource "http://localhost:1080/WebTours/images/signoff.gif" in HTML "http://localhost:1080/cgi-bin/nav.pl?page=menu&in=home"  	[MsgId: MMSG-26659]
Action.c(19): web_url("WebTours") was successful, 10080 body bytes, 2377 header bytes, 24 chunking overhead bytes  	[MsgId: MMSG-26385]
Action.c(29): Think time - Waiting 5,00 seconds (according to limit).	[MsgId: MMSG-15946]
Action.c(29): lr_think_time: 5,00 seconds (recorded think time was 17,00 seconds).	[MsgId: MMSG-15947]
Action.c(19): web_url("WebTours") was successful, 10080 body bytes, 2377 header bytes, 24 chunking overhead bytes  	[MsgId: MMSG-26385]
Action.c(29): Think time - Waiting 5,00 seconds (according to limit).	[MsgId: MMSG-15946]
Action.c(29): lr_think_time: 5,00 seconds (recorded think time was 17,00 seconds).	[MsgId: MMSG-15947]
..\\..\\Parameters1\\common_lib.h(9): Found resource "http://localhost:1080/WebTours/images/flights.gif" in HTML "http://localhost:1080/cgi-bin/nav.pl?page=menu&in=home"  	[MsgId: MMSG-26659]
..\\..\\Parameters1\\common_lib.h(9): Found resource "http://localhost:1080/WebTours/images/itinerary.gif" in HTML "http://localhost:1080/cgi-bin/nav.pl?page=menu&in=home"  	[MsgId: MMSG-26659]
..\\..\\Parameters1\\common_lib.h(9): Found resource "http://localhost:1080/WebTours/images/in_home.gif" in HTML "http://localhost:1080/cgi-bin/nav.pl?page=menu&in=home"  	[MsgId: MMSG-26659]
..\\..\\Parameters1\\common_lib.h(9): Found resource "http://localhost:1080/WebTours/images/signoff.gif" in HTML "http://localhost:1080/cgi-bin/nav.pl?page=menu&in=home"  	[MsgId: MMSG-26659]
Action.c(19): web_url("WebTours") was successful, 10080 body bytes, 2377 header bytes, 24 chunking overhead bytes  	[MsgId: MMSG-26385]
Action.c(29): Think time - Waiting 5,00 seconds (according to limit).	[MsgId: MMSG-15946]
Action.c(29): lr_think_time: 5,00 seconds (recorded think time was 17,00 seconds).	[MsgId: MMSG-15947]
Action.c(19): web_url("WebTours") was successful, 10080 body bytes, 2377 header bytes, 24 chunking overhead bytes  	[MsgId: MMSG-26385]
Action.c(29): Think time - Waiting 5,00 seconds (according to limit).	[MsgId: MMSG-15946]
Action.c(29): lr_think_time: 5,00 seconds (recorded think time was 17,00 seconds).	[MsgId: MMSG-15947]
Action.c(19): web_url("WebTours") was successful, 10080 body bytes, 2377 header bytes, 24 chunking overhead bytes  	[MsgId: MMSG-26385]
Action.c(29): Think time - Waiting 5,00 seconds (according to limit).	[MsgId: MMSG-15946]
Action.c(29): lr_think_time: 5,00 seconds (recorded think time was 17,00 seconds).	[MsgId: MMSG-15947]
..\\..\\Parameters1\\common_lib.h(9): Detected non-resource "http://localhost:1080/cgi-bin/nav.pl?page=menu&in=home" in "http://localhost:1080/cgi-bin/login.pl"  	[MsgId: MMSG-26574]
..\\..\\Parameters1\\common_lib.h(9): Detected non-resource "http://localhost:1080/cgi-bin/login.pl?intro=true" in "http://localhost:1080/cgi-bin/login.pl"  	[MsgId: MMSG-26574]
..\\..\\Parameters1\\common_lib.h(9): Registered web_reg_find successful for "Text=Welcome, <b>jojo</b>, to the Web Tours reservation pages" (count=1)  	[MsgId: MMSG-26364]
..\\..\\Parameters1\\common_lib.h(9): web_submit_data("login.pl") was successful, 5779 body bytes, 2038 header bytes, 36 chunking overhead bytes  	[MsgId: MMSG-26385]
..\\..\\Parameters1\\common_lib.h(26): Notify: Transaction "login" ended with a "Pass" status (Duration: 6,7804 Wasted Time: 0,0001).	[MsgId: MMSG-16871]
Action.c(37): Notify: Transaction "flights" started.	[MsgId: MMSG-16999]
Action.c(39): web_url("Search Flights Button") started  	[MsgId: MMSG-26355]
..\\..\\Parameters1\\common_lib.h(9): Registered web_reg_find successful for "Text=Welcome, <b>jojo</b>, to the Web Tours reservation pages" (count=1)  	[MsgId: MMSG-26364]
..\\..\\Parameters1\\common_lib.h(9): web_submit_data("login.pl") was successful, 5779 body bytes, 2038 header bytes, 36 chunking overhead bytes  	[MsgId: MMSG-26385]
..\\..\\Parameters1\\common_lib.h(26): Notify: Transaction "login" ended with a "Pass" status (Duration: 6,7778 Wasted Time: 0,0001).	[MsgId: MMSG-16871]
Action.c(37): Notify: Transaction "flights" started.	[MsgId: MMSG-16999]
Action.c(39): web_url("Search Flights Button") started  	[MsgId: MMSG-26355]
Action.c(39): Detected non-resource "http://localhost:1080/cgi-bin/nav.pl?page=menu&in=flights" in "http://localhost:1080/cgi-bin/welcome.pl?page=search"  	[MsgId: MMSG-26574]
Action.c(39): Detected non-resource "http://localhost:1080/cgi-bin/reservations.pl?page=welcome" in "http://localhost:1080/cgi-bin/welcome.pl?page=search"  	[MsgId: MMSG-26574]
Action.c(39): Detected non-resource "http://localhost:1080/cgi-bin/nav.pl?page=menu&in=flights" in "http://localhost:1080/cgi-bin/welcome.pl?page=search"  	[MsgId: MMSG-26574]
Action.c(39): Detected non-resource "http://localhost:1080/cgi-bin/reservations.pl?page=welcome" in "http://localhost:1080/cgi-bin/welcome.pl?page=search"  	[MsgId: MMSG-26574]
Action.c(39): Found resource "http://localhost:1080/WebTours/images/in_flights.gif" in HTML "http://localhost:1080/cgi-bin/nav.pl?page=menu&in=flights"  	[MsgId: MMSG-26659]
Action.c(39): Resource "http://localhost:1080/WebTours/images/itinerary.gif" is in the cache already and will not be downloaded again  	[MsgId: MMSG-26655]
Action.c(39): Found resource "http://localhost:1080/WebTours/images/home.gif" in HTML "http://localhost:1080/cgi-bin/nav.pl?page=menu&in=flights"  	[MsgId: MMSG-26659]
Action.c(39): Resource "http://localhost:1080/WebTours/images/signoff.gif" is in the cache already and will not be downloaded again  	[MsgId: MMSG-26655]
Action.c(39): Found resource "http://localhost:1080/WebTours/images/in_flights.gif" in HTML "http://localhost:1080/cgi-bin/nav.pl?page=menu&in=flights"  	[MsgId: MMSG-26659]
Action.c(39): Resource "http://localhost:1080/WebTours/images/itinerary.gif" is in the cache already and will not be downloaded again  	[MsgId: MMSG-26655]
Action.c(39): Found resource "http://localhost:1080/WebTours/images/home.gif" in HTML "http://localhost:1080/cgi-bin/nav.pl?page=menu&in=flights"  	[MsgId: MMSG-26659]
Action.c(39): Resource "http://localhost:1080/WebTours/images/signoff.gif" is in the cache already and will not be downloaded again  	[MsgId: MMSG-26655]
Action.c(39): Found resource "http://localhost:1080/WebTours/images/button_next.gif" in HTML "http://localhost:1080/cgi-bin/reservations.pl?page=welcome"  	[MsgId: MMSG-26659]
Action.c(39): Found resource "http://localhost:1080/WebTours/images/button_next.gif" in HTML "http://localhost:1080/cgi-bin/reservations.pl?page=welcome"  	[MsgId: MMSG-26659]
Action.c(39): web_url("Search Flights Button") was successful, 8516 body bytes, 1619 header bytes, 43 chunking overhead bytes  	[MsgId: MMSG-26385]
Action.c(49): Notify: Transaction "flights" ended with a "Pass" status (Duration: 0,6630).	[MsgId: MMSG-16873]
Action.c(51): Think time - Waiting 5,00 seconds (according to limit).	[MsgId: MMSG-15946]
Action.c(51): lr_think_time: 5,00 seconds (recorded think time was 7,00 seconds).	[MsgId: MMSG-15947]
Action.c(39): web_url("Search Flights Button") was successful, 8516 body bytes, 1619 header bytes, 43 chunking overhead bytes  	[MsgId: MMSG-26385]
Action.c(49): Notify: Transaction "flights" ended with a "Pass" status (Duration: 0,6025).	[MsgId: MMSG-16873]
Action.c(51): Think time - Waiting 5,00 seconds (according to limit).	[MsgId: MMSG-15946]
Action.c(51): lr_think_time: 5,00 seconds (recorded think time was 7,00 seconds).	[MsgId: MMSG-15947]
Action.c(31): Notify: Transaction "loginPage" ended with a "Pass" status (Duration: 12,8239 Think Time: 5,3657 Wasted Time: 0,0040).	[MsgId: MMSG-16870]
..\\..\\Parameters1\\common_lib.h(9): Found resource "http://localhost:1080/WebTours/images/flights.gif" in HTML "http://localhost:1080/cgi-bin/nav.pl?page=menu&in=home"  	[MsgId: MMSG-26659]
..\\..\\Parameters1\\common_lib.h(9): Found resource "http://localhost:1080/WebTours/images/itinerary.gif" in HTML "http://localhost:1080/cgi-bin/nav.pl?page=menu&in=home"  	[MsgId: MMSG-26659]
..\\..\\Parameters1\\common_lib.h(9): Found resource "http://localhost:1080/WebTours/images/in_home.gif" in HTML "http://localhost:1080/cgi-bin/nav.pl?page=menu&in=home"  	[MsgId: MMSG-26659]
..\\..\\Parameters1\\common_lib.h(9): Found resource "http://localhost:1080/WebTours/images/signoff.gif" in HTML "http://localhost:1080/cgi-bin/nav.pl?page=menu&in=home"  	[MsgId: MMSG-26659]
..\\..\\Parameters1\\common_lib.h(3): Notify: Transaction "login" started.	[MsgId: MMSG-16999]
..\\..\\Parameters1\\common_lib.h(7): web_reg_find started  	[MsgId: MMSG-26355]
..\\..\\Parameters1\\common_lib.h(7): Registering web_reg_find was successful  	[MsgId: MMSG-26390]
..\\..\\Parameters1\\common_lib.h(9): web_submit_data("login.pl") started  	[MsgId: MMSG-26355]
Action.c(31): Notify: Transaction "loginPage" ended with a "Pass" status (Duration: 14,0523 Think Time: 6,4545 Wasted Time: 0,0011).	[MsgId: MMSG-16870]
..\\..\\Parameters1\\common_lib.h(3): Notify: Transaction "login" started.	[MsgId: MMSG-16999]
..\\..\\Parameters1\\common_lib.h(7): web_reg_find started  	[MsgId: MMSG-26355]
..\\..\\Parameters1\\common_lib.h(7): Registering web_reg_find was successful  	[MsgId: MMSG-26390]
..\\..\\Parameters1\\common_lib.h(9): web_submit_data("login.pl") started  	[MsgId: MMSG-26355]
Action.c(31): Notify: Transaction "loginPage" ended with a "Pass" status (Duration: 14,0433 Think Time: 6,2874 Wasted Time: 0,0010).	[MsgId: MMSG-16870]
..\\..\\Parameters1\\common_lib.h(3): Notify: Transaction "login" started.	[MsgId: MMSG-16999]
..\\..\\Parameters1\\common_lib.h(7): web_reg_find started  	[MsgId: MMSG-26355]
..\\..\\Parameters1\\common_lib.h(7): Registering web_reg_find was successful  	[MsgId: MMSG-26390]
..\\..\\Parameters1\\common_lib.h(9): web_submit_data("login.pl") started  	[MsgId: MMSG-26355]
Action.c(31): Notify: Transaction "loginPage" ended with a "Pass" status (Duration: 14,3586 Think Time: 5,0175 Wasted Time: 0,0009).	[MsgId: MMSG-16870]
..\\..\\Parameters1\\common_lib.h(3): Notify: Transaction "login" started.	[MsgId: MMSG-16999]
..\\..\\Parameters1\\common_lib.h(7): web_reg_find started  	[MsgId: MMSG-26355]
..\\..\\Parameters1\\common_lib.h(7): Registering web_reg_find was successful  	[MsgId: MMSG-26390]
..\\..\\Parameters1\\common_lib.h(9): web_submit_data("login.pl") started  	[MsgId: MMSG-26355]
Action.c(31): Notify: Transaction "loginPage" ended with a "Pass" status (Duration: 14,9058 Think Time: 5,0043 Wasted Time: 0,0010).	[MsgId: MMSG-16870]
..\\..\\Parameters1\\common_lib.h(3): Notify: Transaction "login" started.	[MsgId: MMSG-16999]
..\\..\\Parameters1\\common_lib.h(7): web_reg_find started  	[MsgId: MMSG-26355]
..\\..\\Parameters1\\common_lib.h(7): Registering web_reg_find was successful  	[MsgId: MMSG-26390]
..\\..\\Parameters1\\common_lib.h(9): web_submit_data("login.pl") started  	[MsgId: MMSG-26355]
..\\..\\Parameters1\\common_lib.h(9): Notify: Transaction "login" ended with a "Stop" status (Duration: 1,1314).	[MsgId: MMSG-16873]
..\\..\\Parameters1\\common_lib.h(9): Notify: Transaction "UC_CheckTicket" ended with a "Stop" status (Duration: 15,4924 Think Time: 5,0175 Wasted Time: 0,0029).	[MsgId: MMSG-16870]
Action.c(29): Notify: Transaction "loginPage" ended with a "Stop" status (Duration: 15,3909 Wasted Time: 0,0033).	[MsgId: MMSG-16871]
Action.c(29): Notify: Transaction "UC_CheckTicket" ended with a "Stop" status (Duration: 15,4126 Wasted Time: 0,0247).	[MsgId: MMSG-16871]
Abort was called from an action.	[MsgId: MMSG-10447]
Ending Vuser...	[MsgId: MMSG-15966]
Starting action vuser_end.	[MsgId: MMSG-15919]
Ending action vuser_end.	[MsgId: MMSG-15918]
Vuser Terminated.	[MsgId: MMSG-15963]
..\\..\\Parameters1\\common_lib.h(9): Notify: Transaction "login" ended with a "Stop" status (Duration: 9,2978 Wasted Time: 0,0001).	[MsgId: MMSG-16871]
..\\..\\Parameters1\\common_lib.h(9): Notify: Transaction "UC_CheckTicket" ended with a "Stop" status (Duration: 17,1385 Think Time: 5,7995 Wasted Time: 1,3255).	[MsgId: MMSG-16870]
Action.c(51): Notify: Transaction "UC_CheckTicket" ended with a "Stop" status (Duration: 15,8209 Think Time: 4,9998 Wasted Time: 0,0020).	[MsgId: MMSG-16870]
..\\..\\Parameters1\\common_lib.h(9): Notify: Transaction "login" ended with a "Stop" status (Duration: 0,6065).	[MsgId: MMSG-16873]
..\\..\\Parameters1\\common_lib.h(9): Notify: Transaction "UC_CheckTicket" ended with a "Stop" status (Duration: 15,5224 Think Time: 5,0043 Wasted Time: 0,0015).	[MsgId: MMSG-16870]
Abort was called from an action.	[MsgId: MMSG-10447]
Ending Vuser...	[MsgId: MMSG-15966]
Starting action vuser_end.	[MsgId: MMSG-15919]
..\\..\\Parameters1\\common_lib.h(9): Notify: Transaction "login" ended with a "Stop" status (Duration: 1,4905).	[MsgId: MMSG-16873]
Ending action vuser_end.	[MsgId: MMSG-15918]
Vuser Terminated.	[MsgId: MMSG-15963]
..\\..\\Parameters1\\common_lib.h(9): Notify: Transaction "UC_CheckTicket" ended with a "Stop" status (Duration: 15,5560 Think Time: 5,3657 Wasted Time: 0,0051).	[MsgId: MMSG-16870]
Action.c(51): Notify: Transaction "UC_CheckTicket" ended with a "Stop" status (Duration: 15,7751 Think Time: 5,0124 Wasted Time: 0,0019).	[MsgId: MMSG-16870]
Abort was called from an action.	[MsgId: MMSG-10447]
Ending Vuser...	[MsgId: MMSG-15966]
Starting action vuser_end.	[MsgId: MMSG-15919]
Ending action vuser_end.	[MsgId: MMSG-15918]
Vuser Terminated.	[MsgId: MMSG-15963]
..\\..\\Parameters1\\common_lib.h(9): Notify: Transaction "login" ended with a "Stop" status (Duration: 1,5161).	[MsgId: MMSG-16873]
..\\..\\Parameters1\\common_lib.h(9): Notify: Transaction "UC_CheckTicket" ended with a "Stop" status (Duration: 15,5697 Think Time: 6,4545 Wasted Time: 0,0018).	[MsgId: MMSG-16870]
..\\..\\Parameters1\\common_lib.h(9): Notify: Transaction "login" ended with a "Stop" status (Duration: 1,5399).	[MsgId: MMSG-16873]
..\\..\\Parameters1\\common_lib.h(9): Notify: Transaction "UC_CheckTicket" ended with a "Stop" status (Duration: 15,5844 Think Time: 6,2874 Wasted Time: 0,0016).	[MsgId: MMSG-16870]
Abort was called from an action.	[MsgId: MMSG-10447]
Ending Vuser...	[MsgId: MMSG-15966]
Starting action vuser_end.	[MsgId: MMSG-15919]
Ending action vuser_end.	[MsgId: MMSG-15918]
Vuser Terminated.	[MsgId: MMSG-15963]
Abort was called from an action.	[MsgId: MMSG-10447]
Ending Vuser...	[MsgId: MMSG-15966]
Starting action vuser_end.	[MsgId: MMSG-15919]
Ending action vuser_end.	[MsgId: MMSG-15918]
Vuser Terminated.	[MsgId: MMSG-15963]
Abort was called from an action.	[MsgId: MMSG-10447]
Ending Vuser...	[MsgId: MMSG-15966]
Starting action vuser_end.	[MsgId: MMSG-15919]
Ending action vuser_end.	[MsgId: MMSG-15918]
Vuser Terminated.	[MsgId: MMSG-15963]
Abort was called from an action.	[MsgId: MMSG-10447]
Ending Vuser...	[MsgId: MMSG-15966]
Starting action vuser_end.	[MsgId: MMSG-15919]
Ending action vuser_end.	[MsgId: MMSG-15918]
Vuser Terminated.	[MsgId: MMSG-15963]
Abort was called from an action.	[MsgId: MMSG-10447]
Ending Vuser...	[MsgId: MMSG-15966]
Starting action vuser_end.	[MsgId: MMSG-15919]
Ending action vuser_end.	[MsgId: MMSG-15918]
Vuser Terminated.	[MsgId: MMSG-15963]
Abort was called from an action.	[MsgId: MMSG-10447]
Ending Vuser...	[MsgId: MMSG-15966]
Starting action vuser_end.	[MsgId: MMSG-15919]
Ending action vuser_end.	[MsgId: MMSG-15918]
Vuser Terminated.	[MsgId: MMSG-15963]
