Action.c(115): Notify: Transaction "chooseFlight" started.	[MsgId: MMSG-16999]
Action.c(117): web_reg_find started  	[MsgId: MMSG-26355]
Action.c(117): Registering web_reg_find was successful  	[MsgId: MMSG-26390]
Action.c(120): web_submit_data("reservations.pl_2") started  	[MsgId: MMSG-26355]
Action.c(120): Resource "http://localhost:1080/WebTours/images/button_next.gif" is in the cache already and will not be downloaded again  	[MsgId: MMSG-26655]
Action.c(120): Registered web_reg_find successful for "Text=Flight Reservation" (count=1)  	[MsgId: MMSG-26364]
Action.c(120): web_submit_data("reservations.pl_2") was successful, 2729 body bytes, 255 header bytes, 12 chunking overhead bytes  	[MsgId: MMSG-26385]
Action.c(138): Notify: Transaction "chooseFlight" ended with a "Pass" status (Duration: 0,1003 Wasted Time: 0,0000).	[MsgId: MMSG-16871]
Action.c(140): Think time - Waiting 5,00 seconds (according to limit).	[MsgId: MMSG-15946]
Action.c(140): lr_think_time: 5,00 seconds (recorded think time was 65,00 seconds).	[MsgId: MMSG-15947]
Action.c(115): Notify: Transaction "chooseFlight" started.	[MsgId: MMSG-16999]
Action.c(117): web_reg_find started  	[MsgId: MMSG-26355]
Action.c(117): Registering web_reg_find was successful  	[MsgId: MMSG-26390]
Action.c(120): web_submit_data("reservations.pl_2") started  	[MsgId: MMSG-26355]
Action.c(120): Resource "http://localhost:1080/WebTours/images/button_next.gif" is in the cache already and will not be downloaded again  	[MsgId: MMSG-26655]
Action.c(120): Registered web_reg_find successful for "Text=Flight Reservation" (count=1)  	[MsgId: MMSG-26364]
Action.c(120): web_submit_data("reservations.pl_2") was successful, 2728 body bytes, 255 header bytes, 12 chunking overhead bytes  	[MsgId: MMSG-26385]
Action.c(138): Notify: Transaction "chooseFlight" ended with a "Pass" status (Duration: 0,2797 Wasted Time: 0,0000).	[MsgId: MMSG-16871]
Action.c(140): Think time - Waiting 5,00 seconds (according to limit).	[MsgId: MMSG-15946]
Action.c(140): lr_think_time: 5,00 seconds (recorded think time was 65,00 seconds).	[MsgId: MMSG-15947]
..\\..\\Parameters1\\common_lib.h(32): Notify: Transaction "signOut" started.	[MsgId: MMSG-16999]
..\\..\\Parameters1\\common_lib.h(34): web_reg_find started  	[MsgId: MMSG-26355]
..\\..\\Parameters1\\common_lib.h(34): Registering web_reg_find was successful  	[MsgId: MMSG-26390]
..\\..\\Parameters1\\common_lib.h(36): web_url("SignOff Button") started  	[MsgId: MMSG-26355]
Action.c(115): Notify: Transaction "chooseFlight" started.	[MsgId: MMSG-16999]
Action.c(117): web_reg_find started  	[MsgId: MMSG-26355]
Action.c(117): Registering web_reg_find was successful  	[MsgId: MMSG-26390]
Action.c(120): web_submit_data("reservations.pl_2") started  	[MsgId: MMSG-26355]
Action.c(115): Notify: Transaction "chooseFlight" started.	[MsgId: MMSG-16999]
Action.c(117): web_reg_find started  	[MsgId: MMSG-26355]
Action.c(117): Registering web_reg_find was successful  	[MsgId: MMSG-26390]
Action.c(120): web_submit_data("reservations.pl_2") started  	[MsgId: MMSG-26355]
Action.c(120): Resource "http://localhost:1080/WebTours/images/button_next.gif" is in the cache already and will not be downloaded again  	[MsgId: MMSG-26655]
Action.c(120): Registered web_reg_find successful for "Text=Flight Reservation" (count=1)  	[MsgId: MMSG-26364]
Action.c(120): web_submit_data("reservations.pl_2") was successful, 2729 body bytes, 255 header bytes, 12 chunking overhead bytes  	[MsgId: MMSG-26385]
Action.c(138): Notify: Transaction "chooseFlight" ended with a "Pass" status (Duration: 0,1082 Wasted Time: 0,0000).	[MsgId: MMSG-16871]
Action.c(140): Think time - Waiting 5,00 seconds (according to limit).	[MsgId: MMSG-15946]
Action.c(140): lr_think_time: 5,00 seconds (recorded think time was 65,00 seconds).	[MsgId: MMSG-15947]
..\\..\\Parameters1\\common_lib.h(36): Detected non-resource "http://localhost:1080/cgi-bin/nav.pl?in=home" in "http://localhost:1080/cgi-bin/welcome.pl?signOff=1"  	[MsgId: MMSG-26574]
..\\..\\Parameters1\\common_lib.h(36): Detected non-resource "http://localhost:1080/WebTours/home.html" in "http://localhost:1080/cgi-bin/welcome.pl?signOff=1"  	[MsgId: MMSG-26574]
..\\..\\Parameters1\\common_lib.h(36): Retrieving data from cache for "http://localhost:1080/WebTours/home.html"  	[MsgId: MMSG-26558]
Action.c(120): Resource "http://localhost:1080/WebTours/images/button_next.gif" is in the cache already and will not be downloaded again  	[MsgId: MMSG-26655]
Action.c(120): Registered web_reg_find successful for "Text=Flight Reservation" (count=1)  	[MsgId: MMSG-26364]
Action.c(120): web_submit_data("reservations.pl_2") was successful, 2732 body bytes, 256 header bytes, 12 chunking overhead bytes  	[MsgId: MMSG-26385]
Action.c(138): Notify: Transaction "chooseFlight" ended with a "Pass" status (Duration: 0,0956 Wasted Time: 0,0000).	[MsgId: MMSG-16871]
Action.c(140): Think time - Waiting 5,00 seconds (according to limit).	[MsgId: MMSG-15946]
Action.c(140): lr_think_time: 5,00 seconds (recorded think time was 65,00 seconds).	[MsgId: MMSG-15947]
..\\..\\Parameters1\\common_lib.h(36): Resource "http://localhost:1080/WebTours/images/mer_login.gif" is in the cache already and will not be downloaded again  	[MsgId: MMSG-26655]
..\\..\\Parameters1\\common_lib.h(36): Registered web_reg_find successful for "Text=Web Tours" (count=5)  	[MsgId: MMSG-26364]
..\\..\\Parameters1\\common_lib.h(36): web_url("SignOff Button") was successful, 2174 body bytes, 584 header bytes, 24 chunking overhead bytes  	[MsgId: MMSG-26385]
..\\..\\Parameters1\\common_lib.h(45): Notify: Transaction "signOut" ended with a "Pass" status (Duration: 0,2940 Wasted Time: 0,0000).	[MsgId: MMSG-16871]
Action.c(145): Notify: Transaction "UC_CheckTicket" ended with a "Pass" status (Duration: 22,9666 Think Time: 20,2452 Wasted Time: 0,0010).	[MsgId: MMSG-16870]
Ending action Action.	[MsgId: MMSG-15918]
Ending iteration 20.	[MsgId: MMSG-15965]
Waiting 107,0320 seconds for iteration pacing.	[MsgId: MMSG-15996]
..\\..\\Parameters1\\common_lib.h(32): Notify: Transaction "signOut" started.	[MsgId: MMSG-16999]
..\\..\\Parameters1\\common_lib.h(34): web_reg_find started  	[MsgId: MMSG-26355]
..\\..\\Parameters1\\common_lib.h(34): Registering web_reg_find was successful  	[MsgId: MMSG-26390]
..\\..\\Parameters1\\common_lib.h(36): web_url("SignOff Button") started  	[MsgId: MMSG-26355]
..\\..\\Parameters1\\common_lib.h(36): Detected non-resource "http://localhost:1080/cgi-bin/nav.pl?in=home" in "http://localhost:1080/cgi-bin/welcome.pl?signOff=1"  	[MsgId: MMSG-26574]
..\\..\\Parameters1\\common_lib.h(36): Detected non-resource "http://localhost:1080/WebTours/home.html" in "http://localhost:1080/cgi-bin/welcome.pl?signOff=1"  	[MsgId: MMSG-26574]
..\\..\\Parameters1\\common_lib.h(36): Retrieving data from cache for "http://localhost:1080/WebTours/home.html"  	[MsgId: MMSG-26558]
..\\..\\Parameters1\\common_lib.h(36): Resource "http://localhost:1080/WebTours/images/mer_login.gif" is in the cache already and will not be downloaded again  	[MsgId: MMSG-26655]
..\\..\\Parameters1\\common_lib.h(36): Registered web_reg_find successful for "Text=Web Tours" (count=5)  	[MsgId: MMSG-26364]
..\\..\\Parameters1\\common_lib.h(36): web_url("SignOff Button") was successful, 2176 body bytes, 583 header bytes, 24 chunking overhead bytes  	[MsgId: MMSG-26385]
..\\..\\Parameters1\\common_lib.h(45): Notify: Transaction "signOut" ended with a "Pass" status (Duration: 0,1409 Wasted Time: 0,0000).	[MsgId: MMSG-16871]
Action.c(145): Notify: Transaction "UC_CheckTicket" ended with a "Pass" status (Duration: 22,5284 Think Time: 20,0399 Wasted Time: 0,0009).	[MsgId: MMSG-16870]
Ending action Action.	[MsgId: MMSG-15918]
Ending iteration 20.	[MsgId: MMSG-15965]
Waiting 107,4710 seconds for iteration pacing.	[MsgId: MMSG-15996]
Action.c(115): Notify: Transaction "chooseFlight" started.	[MsgId: MMSG-16999]
Action.c(117): web_reg_find started  	[MsgId: MMSG-26355]
Action.c(117): Registering web_reg_find was successful  	[MsgId: MMSG-26390]
Action.c(120): web_submit_data("reservations.pl_2") started  	[MsgId: MMSG-26355]
Action.c(120): Resource "http://localhost:1080/WebTours/images/button_next.gif" is in the cache already and will not be downloaded again  	[MsgId: MMSG-26655]
Action.c(120): Registered web_reg_find successful for "Text=Flight Reservation" (count=1)  	[MsgId: MMSG-26364]
Action.c(120): web_submit_data("reservations.pl_2") was successful, 2731 body bytes, 255 header bytes, 12 chunking overhead bytes  	[MsgId: MMSG-26385]
Action.c(138): Notify: Transaction "chooseFlight" ended with a "Pass" status (Duration: 0,1172 Wasted Time: 0,0000).	[MsgId: MMSG-16871]
Action.c(140): Think time - Waiting 5,00 seconds (according to limit).	[MsgId: MMSG-15946]
Action.c(140): lr_think_time: 5,00 seconds (recorded think time was 65,00 seconds).	[MsgId: MMSG-15947]
..\\..\\Parameters1\\common_lib.h(32): Notify: Transaction "signOut" started.	[MsgId: MMSG-16999]
..\\..\\Parameters1\\common_lib.h(34): web_reg_find started  	[MsgId: MMSG-26355]
..\\..\\Parameters1\\common_lib.h(34): Registering web_reg_find was successful  	[MsgId: MMSG-26390]
..\\..\\Parameters1\\common_lib.h(36): web_url("SignOff Button") started  	[MsgId: MMSG-26355]
..\\..\\Parameters1\\common_lib.h(32): Notify: Transaction "signOut" started.	[MsgId: MMSG-16999]
..\\..\\Parameters1\\common_lib.h(34): web_reg_find started  	[MsgId: MMSG-26355]
..\\..\\Parameters1\\common_lib.h(34): Registering web_reg_find was successful  	[MsgId: MMSG-26390]
..\\..\\Parameters1\\common_lib.h(36): web_url("SignOff Button") started  	[MsgId: MMSG-26355]
..\\..\\Parameters1\\common_lib.h(36): Detected non-resource "http://localhost:1080/cgi-bin/nav.pl?in=home" in "http://localhost:1080/cgi-bin/welcome.pl?signOff=1"  	[MsgId: MMSG-26574]
..\\..\\Parameters1\\common_lib.h(36): Detected non-resource "http://localhost:1080/WebTours/home.html" in "http://localhost:1080/cgi-bin/welcome.pl?signOff=1"  	[MsgId: MMSG-26574]
..\\..\\Parameters1\\common_lib.h(36): Retrieving data from cache for "http://localhost:1080/WebTours/home.html"  	[MsgId: MMSG-26558]
..\\..\\Parameters1\\common_lib.h(36): Detected non-resource "http://localhost:1080/cgi-bin/nav.pl?in=home" in "http://localhost:1080/cgi-bin/welcome.pl?signOff=1"  	[MsgId: MMSG-26574]
..\\..\\Parameters1\\common_lib.h(36): Detected non-resource "http://localhost:1080/WebTours/home.html" in "http://localhost:1080/cgi-bin/welcome.pl?signOff=1"  	[MsgId: MMSG-26574]
..\\..\\Parameters1\\common_lib.h(36): Retrieving data from cache for "http://localhost:1080/WebTours/home.html"  	[MsgId: MMSG-26558]
..\\..\\Parameters1\\common_lib.h(36): Resource "http://localhost:1080/WebTours/images/mer_login.gif" is in the cache already and will not be downloaded again  	[MsgId: MMSG-26655]
..\\..\\Parameters1\\common_lib.h(36): Registered web_reg_find successful for "Text=Web Tours" (count=5)  	[MsgId: MMSG-26364]
..\\..\\Parameters1\\common_lib.h(36): web_url("SignOff Button") was successful, 2168 body bytes, 583 header bytes, 24 chunking overhead bytes  	[MsgId: MMSG-26385]
..\\..\\Parameters1\\common_lib.h(45): Notify: Transaction "signOut" ended with a "Pass" status (Duration: 0,1828 Wasted Time: 0,0000).	[MsgId: MMSG-16871]
Action.c(145): Notify: Transaction "UC_CheckTicket" ended with a "Pass" status (Duration: 23,1822 Think Time: 20,0361 Wasted Time: 0,0009).	[MsgId: MMSG-16870]
Ending action Action.	[MsgId: MMSG-15918]
Ending iteration 20.	[MsgId: MMSG-15965]
Waiting 106,8170 seconds for iteration pacing.	[MsgId: MMSG-15996]
..\\..\\Parameters1\\common_lib.h(36): Resource "http://localhost:1080/WebTours/images/mer_login.gif" is in the cache already and will not be downloaded again  	[MsgId: MMSG-26655]
..\\..\\Parameters1\\common_lib.h(36): Registered web_reg_find successful for "Text=Web Tours" (count=5)  	[MsgId: MMSG-26364]
..\\..\\Parameters1\\common_lib.h(36): web_url("SignOff Button") was successful, 2168 body bytes, 583 header bytes, 24 chunking overhead bytes  	[MsgId: MMSG-26385]
..\\..\\Parameters1\\common_lib.h(45): Notify: Transaction "signOut" ended with a "Pass" status (Duration: 0,1889 Wasted Time: 0,0000).	[MsgId: MMSG-16871]
Action.c(145): Notify: Transaction "UC_CheckTicket" ended with a "Pass" status (Duration: 23,0413 Think Time: 20,0634 Wasted Time: 0,0010).	[MsgId: MMSG-16870]
Ending action Action.	[MsgId: MMSG-15918]
Ending iteration 20.	[MsgId: MMSG-15965]
Waiting 106,9570 seconds for iteration pacing.	[MsgId: MMSG-15996]
..\\..\\Parameters1\\common_lib.h(32): Notify: Transaction "signOut" started.	[MsgId: MMSG-16999]
..\\..\\Parameters1\\common_lib.h(34): web_reg_find started  	[MsgId: MMSG-26355]
..\\..\\Parameters1\\common_lib.h(34): Registering web_reg_find was successful  	[MsgId: MMSG-26390]
..\\..\\Parameters1\\common_lib.h(36): web_url("SignOff Button") started  	[MsgId: MMSG-26355]
..\\..\\Parameters1\\common_lib.h(36): Detected non-resource "http://localhost:1080/cgi-bin/nav.pl?in=home" in "http://localhost:1080/cgi-bin/welcome.pl?signOff=1"  	[MsgId: MMSG-26574]
..\\..\\Parameters1\\common_lib.h(36): Detected non-resource "http://localhost:1080/WebTours/home.html" in "http://localhost:1080/cgi-bin/welcome.pl?signOff=1"  	[MsgId: MMSG-26574]
..\\..\\Parameters1\\common_lib.h(36): Retrieving data from cache for "http://localhost:1080/WebTours/home.html"  	[MsgId: MMSG-26558]
..\\..\\Parameters1\\common_lib.h(36): Resource "http://localhost:1080/WebTours/images/mer_login.gif" is in the cache already and will not be downloaded again  	[MsgId: MMSG-26655]
..\\..\\Parameters1\\common_lib.h(36): Registered web_reg_find successful for "Text=Web Tours" (count=5)  	[MsgId: MMSG-26364]
..\\..\\Parameters1\\common_lib.h(36): web_url("SignOff Button") was successful, 2176 body bytes, 583 header bytes, 24 chunking overhead bytes  	[MsgId: MMSG-26385]
..\\..\\Parameters1\\common_lib.h(45): Notify: Transaction "signOut" ended with a "Pass" status (Duration: 0,1431 Wasted Time: 0,0000).	[MsgId: MMSG-16871]
Action.c(145): Notify: Transaction "UC_CheckTicket" ended with a "Pass" status (Duration: 24,7047 Think Time: 20,0641 Wasted Time: 0,0013).	[MsgId: MMSG-16870]
Ending action Action.	[MsgId: MMSG-15918]
Ending iteration 20.	[MsgId: MMSG-15965]
Waiting 105,2940 seconds for iteration pacing.	[MsgId: MMSG-15996]
..\\..\\Parameters1\\common_lib.h(32): Notify: Transaction "signOut" started.	[MsgId: MMSG-16999]
..\\..\\Parameters1\\common_lib.h(34): web_reg_find started  	[MsgId: MMSG-26355]
..\\..\\Parameters1\\common_lib.h(34): Registering web_reg_find was successful  	[MsgId: MMSG-26390]
..\\..\\Parameters1\\common_lib.h(36): web_url("SignOff Button") started  	[MsgId: MMSG-26355]
..\\..\\Parameters1\\common_lib.h(36): Detected non-resource "http://localhost:1080/cgi-bin/nav.pl?in=home" in "http://localhost:1080/cgi-bin/welcome.pl?signOff=1"  	[MsgId: MMSG-26574]
..\\..\\Parameters1\\common_lib.h(36): Detected non-resource "http://localhost:1080/WebTours/home.html" in "http://localhost:1080/cgi-bin/welcome.pl?signOff=1"  	[MsgId: MMSG-26574]
..\\..\\Parameters1\\common_lib.h(36): Retrieving data from cache for "http://localhost:1080/WebTours/home.html"  	[MsgId: MMSG-26558]
..\\..\\Parameters1\\common_lib.h(36): Resource "http://localhost:1080/WebTours/images/mer_login.gif" is in the cache already and will not be downloaded again  	[MsgId: MMSG-26655]
..\\..\\Parameters1\\common_lib.h(36): Registered web_reg_find successful for "Text=Web Tours" (count=5)  	[MsgId: MMSG-26364]
..\\..\\Parameters1\\common_lib.h(36): web_url("SignOff Button") was successful, 2175 body bytes, 583 header bytes, 24 chunking overhead bytes  	[MsgId: MMSG-26385]
..\\..\\Parameters1\\common_lib.h(45): Notify: Transaction "signOut" ended with a "Pass" status (Duration: 0,1436 Wasted Time: 0,0000).	[MsgId: MMSG-16871]
Action.c(145): Notify: Transaction "UC_CheckTicket" ended with a "Pass" status (Duration: 25,0435 Think Time: 20,0519 Wasted Time: 0,0011).	[MsgId: MMSG-16870]
Ending action Action.	[MsgId: MMSG-15918]
Ending iteration 20.	[MsgId: MMSG-15965]
Waiting 104,9530 seconds for iteration pacing.	[MsgId: MMSG-15996]
..\\..\\Parameters1\\common_lib.h(32): Notify: Transaction "signOut" started.	[MsgId: MMSG-16999]
..\\..\\Parameters1\\common_lib.h(34): web_reg_find started  	[MsgId: MMSG-26355]
..\\..\\Parameters1\\common_lib.h(34): Registering web_reg_find was successful  	[MsgId: MMSG-26390]
..\\..\\Parameters1\\common_lib.h(36): web_url("SignOff Button") started  	[MsgId: MMSG-26355]
..\\..\\Parameters1\\common_lib.h(36): Detected non-resource "http://localhost:1080/cgi-bin/nav.pl?in=home" in "http://localhost:1080/cgi-bin/welcome.pl?signOff=1"  	[MsgId: MMSG-26574]
..\\..\\Parameters1\\common_lib.h(36): Detected non-resource "http://localhost:1080/WebTours/home.html" in "http://localhost:1080/cgi-bin/welcome.pl?signOff=1"  	[MsgId: MMSG-26574]
..\\..\\Parameters1\\common_lib.h(36): Retrieving data from cache for "http://localhost:1080/WebTours/home.html"  	[MsgId: MMSG-26558]
..\\..\\Parameters1\\common_lib.h(36): Resource "http://localhost:1080/WebTours/images/mer_login.gif" is in the cache already and will not be downloaded again  	[MsgId: MMSG-26655]
..\\..\\Parameters1\\common_lib.h(36): Registered web_reg_find successful for "Text=Web Tours" (count=5)  	[MsgId: MMSG-26364]
..\\..\\Parameters1\\common_lib.h(36): web_url("SignOff Button") was successful, 2175 body bytes, 583 header bytes, 24 chunking overhead bytes  	[MsgId: MMSG-26385]
..\\..\\Parameters1\\common_lib.h(45): Notify: Transaction "signOut" ended with a "Pass" status (Duration: 0,1875 Wasted Time: 0,0000).	[MsgId: MMSG-16871]
Action.c(145): Notify: Transaction "UC_CheckTicket" ended with a "Pass" status (Duration: 25,6252 Think Time: 20,0365 Wasted Time: 0,0018).	[MsgId: MMSG-16870]
Ending action Action.	[MsgId: MMSG-15918]
Ending iteration 20.	[MsgId: MMSG-15965]
Waiting 104,3730 seconds for iteration pacing.	[MsgId: MMSG-15996]
..\\..\\Parameters1\\common_lib.h(32): Notify: Transaction "signOut" started.	[MsgId: MMSG-16999]
..\\..\\Parameters1\\common_lib.h(34): web_reg_find started  	[MsgId: MMSG-26355]
..\\..\\Parameters1\\common_lib.h(34): Registering web_reg_find was successful  	[MsgId: MMSG-26390]
..\\..\\Parameters1\\common_lib.h(36): web_url("SignOff Button") started  	[MsgId: MMSG-26355]
..\\..\\Parameters1\\common_lib.h(36): Detected non-resource "http://localhost:1080/cgi-bin/nav.pl?in=home" in "http://localhost:1080/cgi-bin/welcome.pl?signOff=1"  	[MsgId: MMSG-26574]
..\\..\\Parameters1\\common_lib.h(36): Detected non-resource "http://localhost:1080/WebTours/home.html" in "http://localhost:1080/cgi-bin/welcome.pl?signOff=1"  	[MsgId: MMSG-26574]
..\\..\\Parameters1\\common_lib.h(36): Retrieving data from cache for "http://localhost:1080/WebTours/home.html"  	[MsgId: MMSG-26558]
..\\..\\Parameters1\\common_lib.h(36): Resource "http://localhost:1080/WebTours/images/mer_login.gif" is in the cache already and will not be downloaded again  	[MsgId: MMSG-26655]
..\\..\\Parameters1\\common_lib.h(36): Registered web_reg_find successful for "Text=Web Tours" (count=5)  	[MsgId: MMSG-26364]
..\\..\\Parameters1\\common_lib.h(36): web_url("SignOff Button") was successful, 2172 body bytes, 583 header bytes, 24 chunking overhead bytes  	[MsgId: MMSG-26385]
..\\..\\Parameters1\\common_lib.h(45): Notify: Transaction "signOut" ended with a "Pass" status (Duration: 0,1358 Wasted Time: 0,0000).	[MsgId: MMSG-16871]
Action.c(145): Notify: Transaction "UC_CheckTicket" ended with a "Pass" status (Duration: 26,1026 Think Time: 20,0433 Wasted Time: 0,0009).	[MsgId: MMSG-16870]
Ending action Action.	[MsgId: MMSG-15918]
Ending iteration 20.	[MsgId: MMSG-15965]
Waiting 103,8940 seconds for iteration pacing.	[MsgId: MMSG-15996]
..\\..\\Parameters1\\common_lib.h(32): Notify: Transaction "signOut" started.	[MsgId: MMSG-16999]
..\\..\\Parameters1\\common_lib.h(34): web_reg_find started  	[MsgId: MMSG-26355]
..\\..\\Parameters1\\common_lib.h(34): Registering web_reg_find was successful  	[MsgId: MMSG-26390]
..\\..\\Parameters1\\common_lib.h(36): web_url("SignOff Button") started  	[MsgId: MMSG-26355]
..\\..\\Parameters1\\common_lib.h(36): Detected non-resource "http://localhost:1080/cgi-bin/nav.pl?in=home" in "http://localhost:1080/cgi-bin/welcome.pl?signOff=1"  	[MsgId: MMSG-26574]
..\\..\\Parameters1\\common_lib.h(36): Detected non-resource "http://localhost:1080/WebTours/home.html" in "http://localhost:1080/cgi-bin/welcome.pl?signOff=1"  	[MsgId: MMSG-26574]
..\\..\\Parameters1\\common_lib.h(36): Retrieving data from cache for "http://localhost:1080/WebTours/home.html"  	[MsgId: MMSG-26558]
..\\..\\Parameters1\\common_lib.h(32): Notify: Transaction "signOut" started.	[MsgId: MMSG-16999]
..\\..\\Parameters1\\common_lib.h(34): web_reg_find started  	[MsgId: MMSG-26355]
..\\..\\Parameters1\\common_lib.h(34): Registering web_reg_find was successful  	[MsgId: MMSG-26390]
..\\..\\Parameters1\\common_lib.h(36): web_url("SignOff Button") started  	[MsgId: MMSG-26355]
..\\..\\Parameters1\\common_lib.h(36): Resource "http://localhost:1080/WebTours/images/mer_login.gif" is in the cache already and will not be downloaded again  	[MsgId: MMSG-26655]
..\\..\\Parameters1\\common_lib.h(36): Registered web_reg_find successful for "Text=Web Tours" (count=5)  	[MsgId: MMSG-26364]
..\\..\\Parameters1\\common_lib.h(36): web_url("SignOff Button") was successful, 2172 body bytes, 583 header bytes, 24 chunking overhead bytes  	[MsgId: MMSG-26385]
..\\..\\Parameters1\\common_lib.h(45): Notify: Transaction "signOut" ended with a "Pass" status (Duration: 0,1407 Wasted Time: 0,0000).	[MsgId: MMSG-16871]
Action.c(145): Notify: Transaction "UC_CheckTicket" ended with a "Pass" status (Duration: 26,2381 Think Time: 20,0861 Wasted Time: 0,0009).	[MsgId: MMSG-16870]
Ending action Action.	[MsgId: MMSG-15918]
Ending iteration 20.	[MsgId: MMSG-15965]
Waiting 103,7610 seconds for iteration pacing.	[MsgId: MMSG-15996]
..\\..\\Parameters1\\common_lib.h(36): Detected non-resource "http://localhost:1080/cgi-bin/nav.pl?in=home" in "http://localhost:1080/cgi-bin/welcome.pl?signOff=1"  	[MsgId: MMSG-26574]
..\\..\\Parameters1\\common_lib.h(36): Detected non-resource "http://localhost:1080/WebTours/home.html" in "http://localhost:1080/cgi-bin/welcome.pl?signOff=1"  	[MsgId: MMSG-26574]
..\\..\\Parameters1\\common_lib.h(36): Retrieving data from cache for "http://localhost:1080/WebTours/home.html"  	[MsgId: MMSG-26558]
..\\..\\Parameters1\\common_lib.h(36): Resource "http://localhost:1080/WebTours/images/mer_login.gif" is in the cache already and will not be downloaded again  	[MsgId: MMSG-26655]
..\\..\\Parameters1\\common_lib.h(36): Registered web_reg_find successful for "Text=Web Tours" (count=5)  	[MsgId: MMSG-26364]
..\\..\\Parameters1\\common_lib.h(36): web_url("SignOff Button") was successful, 2172 body bytes, 583 header bytes, 24 chunking overhead bytes  	[MsgId: MMSG-26385]
..\\..\\Parameters1\\common_lib.h(45): Notify: Transaction "signOut" ended with a "Pass" status (Duration: 0,1736 Wasted Time: 0,0000).	[MsgId: MMSG-16871]
Action.c(145): Notify: Transaction "UC_CheckTicket" ended with a "Pass" status (Duration: 25,9025 Think Time: 20,1631 Wasted Time: 0,0009).	[MsgId: MMSG-16870]
Ending action Action.	[MsgId: MMSG-15918]
Ending iteration 20.	[MsgId: MMSG-15965]
Waiting 104,0960 seconds for iteration pacing.	[MsgId: MMSG-15996]
..\\..\\Parameters1\\common_lib.h(32): Notify: Transaction "signOut" started.	[MsgId: MMSG-16999]
..\\..\\Parameters1\\common_lib.h(34): web_reg_find started  	[MsgId: MMSG-26355]
..\\..\\Parameters1\\common_lib.h(34): Registering web_reg_find was successful  	[MsgId: MMSG-26390]
..\\..\\Parameters1\\common_lib.h(36): web_url("SignOff Button") started  	[MsgId: MMSG-26355]
..\\..\\Parameters1\\common_lib.h(36): Detected non-resource "http://localhost:1080/cgi-bin/nav.pl?in=home" in "http://localhost:1080/cgi-bin/welcome.pl?signOff=1"  	[MsgId: MMSG-26574]
..\\..\\Parameters1\\common_lib.h(36): Detected non-resource "http://localhost:1080/WebTours/home.html" in "http://localhost:1080/cgi-bin/welcome.pl?signOff=1"  	[MsgId: MMSG-26574]
..\\..\\Parameters1\\common_lib.h(36): Retrieving data from cache for "http://localhost:1080/WebTours/home.html"  	[MsgId: MMSG-26558]
..\\..\\Parameters1\\common_lib.h(36): Resource "http://localhost:1080/WebTours/images/mer_login.gif" is in the cache already and will not be downloaded again  	[MsgId: MMSG-26655]
..\\..\\Parameters1\\common_lib.h(36): Registered web_reg_find successful for "Text=Web Tours" (count=5)  	[MsgId: MMSG-26364]
..\\..\\Parameters1\\common_lib.h(36): web_url("SignOff Button") was successful, 2173 body bytes, 583 header bytes, 24 chunking overhead bytes  	[MsgId: MMSG-26385]
..\\..\\Parameters1\\common_lib.h(45): Notify: Transaction "signOut" ended with a "Pass" status (Duration: 0,9825 Wasted Time: 0,0000).	[MsgId: MMSG-16871]
Action.c(145): Notify: Transaction "UC_CheckTicket" ended with a "Pass" status (Duration: 27,7130 Think Time: 20,0354 Wasted Time: 0,0011).	[MsgId: MMSG-16870]
Ending action Action.	[MsgId: MMSG-15918]
Ending iteration 20.	[MsgId: MMSG-15965]
Waiting 102,2870 seconds for iteration pacing.	[MsgId: MMSG-15996]
Ending Vuser...	[MsgId: MMSG-15966]
Starting action vuser_end.	[MsgId: MMSG-15919]
Ending action vuser_end.	[MsgId: MMSG-15918]
Vuser Terminated.	[MsgId: MMSG-15963]
Ending Vuser...	[MsgId: MMSG-15966]
Starting action vuser_end.	[MsgId: MMSG-15919]
Ending action vuser_end.	[MsgId: MMSG-15918]
Vuser Terminated.	[MsgId: MMSG-15963]
Ending Vuser...	[MsgId: MMSG-15966]
Starting action vuser_end.	[MsgId: MMSG-15919]
Ending action vuser_end.	[MsgId: MMSG-15918]
Vuser Terminated.	[MsgId: MMSG-15963]
Ending Vuser...	[MsgId: MMSG-15966]
Starting action vuser_end.	[MsgId: MMSG-15919]
Ending action vuser_end.	[MsgId: MMSG-15918]
Vuser Terminated.	[MsgId: MMSG-15963]
Ending Vuser...	[MsgId: MMSG-15966]
Starting action vuser_end.	[MsgId: MMSG-15919]
Ending action vuser_end.	[MsgId: MMSG-15918]
Vuser Terminated.	[MsgId: MMSG-15963]
Ending Vuser...	[MsgId: MMSG-15966]
Starting action vuser_end.	[MsgId: MMSG-15919]
Ending action vuser_end.	[MsgId: MMSG-15918]
Vuser Terminated.	[MsgId: MMSG-15963]
Ending Vuser...	[MsgId: MMSG-15966]
Starting action vuser_end.	[MsgId: MMSG-15919]
Ending action vuser_end.	[MsgId: MMSG-15918]
Vuser Terminated.	[MsgId: MMSG-15963]
Ending Vuser...	[MsgId: MMSG-15966]
Starting action vuser_end.	[MsgId: MMSG-15919]
Ending Vuser...	[MsgId: MMSG-15966]
Starting action vuser_end.	[MsgId: MMSG-15919]
Ending action vuser_end.	[MsgId: MMSG-15918]
Vuser Terminated.	[MsgId: MMSG-15963]
Ending action vuser_end.	[MsgId: MMSG-15918]
Vuser Terminated.	[MsgId: MMSG-15963]
Ending Vuser...	[MsgId: MMSG-15966]
Starting action vuser_end.	[MsgId: MMSG-15919]
Ending action vuser_end.	[MsgId: MMSG-15918]
Ending Vuser...	[MsgId: MMSG-15966]
Vuser Terminated.	[MsgId: MMSG-15963]
Starting action vuser_end.	[MsgId: MMSG-15919]
Ending action vuser_end.	[MsgId: MMSG-15918]
Vuser Terminated.	[MsgId: MMSG-15963]
