Virtual User Script started at: 01.06.2023 4:20:33	[MsgId: MMSG-15967]
Starting action vuser_init.	[MsgId: MMSG-15919]
Web Turbo Replay of LoadRunner 12.55.0 for Windows 10; build 911 (èþë 24 2017 19:46:00)  	[MsgId: MMSG-26983]
Run mode: HTML  	[MsgId: MMSG-26993]
Replay user agent: Mozilla/5.0 (Windows NT 10.0; WOW64; Trident/7.0; rv:11.0) like Gecko  	[MsgId: MMSG-26988]
Run-Time Settings file: "C:\Users\EHOT\AppData\Local\Temp\lr5tmpdir13g.260\lrcfgJmS.261\cfgpR2.266"  	[MsgId: MMSG-27141]
Ending action vuser_init.	[MsgId: MMSG-15918]
Running Vuser...	[MsgId: MMSG-15964]
Starting iteration 1.	[MsgId: MMSG-15968]
Maximum number of concurrent connections per server: 6  	[MsgId: MMSG-26989]
Starting action Action.	[MsgId: MMSG-15919]
Action.c(3): Notify: Transaction "UC_CheckTicket" started.	[MsgId: MMSG-16999]
Action.c(6): web_reg_save_param_attrib started  	[MsgId: MMSG-26355]
Action.c(6): Registering web_reg_save_param_attrib was successful  	[MsgId: MMSG-26390]
Action.c(17): Notify: Transaction "loginPage" started.	[MsgId: MMSG-16999]
Action.c(19): web_url("WebTours") started  	[MsgId: MMSG-26355]
Virtual User Script started at: 01.06.2023 4:20:33	[MsgId: MMSG-15967]
Starting action vuser_init.	[MsgId: MMSG-15919]
Web Turbo Replay of LoadRunner 12.55.0 for Windows 10; build 911 (èþë 24 2017 19:46:00)  	[MsgId: MMSG-26983]
Run mode: HTML  	[MsgId: MMSG-26993]
Replay user agent: Mozilla/5.0 (Windows NT 10.0; WOW64; Trident/7.0; rv:11.0) like Gecko  	[MsgId: MMSG-26988]
Run-Time Settings file: "C:\Users\EHOT\AppData\Local\Temp\lr5tmpdir13g.260\lrcfgJmS.261\cfgpR2.266"  	[MsgId: MMSG-27141]
Ending action vuser_init.	[MsgId: MMSG-15918]
Running Vuser...	[MsgId: MMSG-15964]
Virtual User Script started at: 01.06.2023 4:20:33	[MsgId: MMSG-15967]
Starting action vuser_init.	[MsgId: MMSG-15919]
Starting iteration 1.	[MsgId: MMSG-15968]
Maximum number of concurrent connections per server: 6  	[MsgId: MMSG-26989]
Starting action Action.	[MsgId: MMSG-15919]
Action.c(3): Notify: Transaction "UC_CheckTicket" started.	[MsgId: MMSG-16999]
Action.c(6): web_reg_save_param_attrib started  	[MsgId: MMSG-26355]
Action.c(6): Registering web_reg_save_param_attrib was successful  	[MsgId: MMSG-26390]
Action.c(17): Notify: Transaction "loginPage" started.	[MsgId: MMSG-16999]
Action.c(19): web_url("WebTours") started  	[MsgId: MMSG-26355]
Web Turbo Replay of LoadRunner 12.55.0 for Windows 10; build 911 (èþë 24 2017 19:46:00)  	[MsgId: MMSG-26983]
Run mode: HTML  	[MsgId: MMSG-26993]
Replay user agent: Mozilla/5.0 (Windows NT 10.0; WOW64; Trident/7.0; rv:11.0) like Gecko  	[MsgId: MMSG-26988]
Run-Time Settings file: "C:\Users\EHOT\AppData\Local\Temp\lr5tmpdir13g.260\lrcfgJmS.261\cfgpR2.266"  	[MsgId: MMSG-27141]
Ending action vuser_init.	[MsgId: MMSG-15918]
Running Vuser...	[MsgId: MMSG-15964]
Starting iteration 1.	[MsgId: MMSG-15968]
Maximum number of concurrent connections per server: 6  	[MsgId: MMSG-26989]
Starting action Action.	[MsgId: MMSG-15919]
Action.c(3): Notify: Transaction "UC_CheckTicket" started.	[MsgId: MMSG-16999]
Action.c(6): web_reg_save_param_attrib started  	[MsgId: MMSG-26355]
Action.c(6): Registering web_reg_save_param_attrib was successful  	[MsgId: MMSG-26390]
Action.c(17): Notify: Transaction "loginPage" started.	[MsgId: MMSG-16999]
Action.c(19): web_url("WebTours") started  	[MsgId: MMSG-26355]
Action.c(19): Error -27792: Failed to connect to server "localhost:1080": [10061] Connection refused  	[MsgId: MERR-27792]
Action.c(19): Error -35048: No match found for the requested parameter "userSession". Check whether the tag with specific attributes exists in the response data  	[MsgId: MERR-35048]
Action.c(19): web_url("WebTours") highest severity level was "ERROR", 0 body bytes, 0 header bytes  	[MsgId: MMSG-26388]
Action.c(19): Notify: Transaction "loginPage" ended with a "Fail" status (Duration: 2,0536 Wasted Time: 0,0001).	[MsgId: MMSG-16871]
Action.c(19): Notify: Transaction "loginPage" has 1 error message(s).	[MsgId: MMSG-16818]
Action.c(19): Notify: The 1st error message associated with transaction "loginPage" is "Error -27792: Failed to connect to server "localhost:1080": [10061] Connection refused"	[MsgId: MMSG-16819]
Action.c(19): Notify: Transaction "UC_CheckTicket" ended with a "Fail" status (Duration: 2,0539 Wasted Time: 0,0003).	[MsgId: MMSG-16871]
Action.c(19): Notify: Transaction "UC_CheckTicket" has 1 error message(s).	[MsgId: MMSG-16818]
Action.c(19): Notify: The 1st error message associated with transaction "UC_CheckTicket" is "Error -27792: Failed to connect to server "localhost:1080": [10061] Connection refused"	[MsgId: MMSG-16819]
Ending action Action.	[MsgId: MMSG-15918]
Ending iteration 1.	[MsgId: MMSG-15965]
Waiting 127,9440 seconds for iteration pacing.	[MsgId: MMSG-15996]
Action.c(19): Error -27792: Failed to connect to server "localhost:1080": [10061] Connection refused  	[MsgId: MERR-27792]
Action.c(19): Error -27792: Failed to connect to server "localhost:1080": [10061] Connection refused  	[MsgId: MERR-27792]
Action.c(19): Error -35048: No match found for the requested parameter "userSession". Check whether the tag with specific attributes exists in the response data  	[MsgId: MERR-35048]
Action.c(19): Error -35048: No match found for the requested parameter "userSession". Check whether the tag with specific attributes exists in the response data  	[MsgId: MERR-35048]
Action.c(19): web_url("WebTours") highest severity level was "ERROR", 0 body bytes, 0 header bytes  	[MsgId: MMSG-26388]
Action.c(19): Notify: Transaction "loginPage" ended with a "Fail" status (Duration: 2,1552 Wasted Time: 0,0001).	[MsgId: MMSG-16871]
Action.c(19): web_url("WebTours") highest severity level was "ERROR", 0 body bytes, 0 header bytes  	[MsgId: MMSG-26388]
Action.c(19): Notify: Transaction "loginPage" has 1 error message(s).	[MsgId: MMSG-16818]
Action.c(19): Notify: The 1st error message associated with transaction "loginPage" is "Error -27792: Failed to connect to server "localhost:1080": [10061] Connection refused"	[MsgId: MMSG-16819]
Action.c(19): Notify: Transaction "UC_CheckTicket" ended with a "Fail" status (Duration: 2,1556 Wasted Time: 0,0004).	[MsgId: MMSG-16871]
Action.c(19): Notify: Transaction "UC_CheckTicket" has 1 error message(s).	[MsgId: MMSG-16818]
Action.c(19): Notify: Transaction "loginPage" ended with a "Fail" status (Duration: 2,2029 Wasted Time: 0,0000).	[MsgId: MMSG-16871]
Action.c(19): Notify: The 1st error message associated with transaction "UC_CheckTicket" is "Error -27792: Failed to connect to server "localhost:1080": [10061] Connection refused"	[MsgId: MMSG-16819]
Action.c(19): Notify: Transaction "loginPage" has 1 error message(s).	[MsgId: MMSG-16818]
Ending action Action.	[MsgId: MMSG-15918]
Action.c(19): Notify: The 1st error message associated with transaction "loginPage" is "Error -27792: Failed to connect to server "localhost:1080": [10061] Connection refused"	[MsgId: MMSG-16819]
Ending iteration 1.	[MsgId: MMSG-15965]
Action.c(19): Notify: Transaction "UC_CheckTicket" ended with a "Fail" status (Duration: 2,2035 Wasted Time: 0,0004).	[MsgId: MMSG-16871]
Action.c(19): Notify: Transaction "UC_CheckTicket" has 1 error message(s).	[MsgId: MMSG-16818]
Waiting 127,8440 seconds for iteration pacing.	[MsgId: MMSG-15996]
Action.c(19): Notify: The 1st error message associated with transaction "UC_CheckTicket" is "Error -27792: Failed to connect to server "localhost:1080": [10061] Connection refused"	[MsgId: MMSG-16819]
Ending action Action.	[MsgId: MMSG-15918]
Ending iteration 1.	[MsgId: MMSG-15965]
Waiting 127,7950 seconds for iteration pacing.	[MsgId: MMSG-15996]
Starting iteration 2.	[MsgId: MMSG-15968]
Starting action Action.	[MsgId: MMSG-15919]
Action.c(3): Notify: Transaction "UC_CheckTicket" started.	[MsgId: MMSG-16999]
Action.c(6): web_reg_save_param_attrib started  	[MsgId: MMSG-26355]
Action.c(6): Registering web_reg_save_param_attrib was successful  	[MsgId: MMSG-26390]
Action.c(17): Notify: Transaction "loginPage" started.	[MsgId: MMSG-16999]
Action.c(19): web_url("WebTours") started  	[MsgId: MMSG-26355]
Starting iteration 2.	[MsgId: MMSG-15968]
Starting action Action.	[MsgId: MMSG-15919]
Action.c(3): Notify: Transaction "UC_CheckTicket" started.	[MsgId: MMSG-16999]
Action.c(6): web_reg_save_param_attrib started  	[MsgId: MMSG-26355]
Action.c(6): Registering web_reg_save_param_attrib was successful  	[MsgId: MMSG-26390]
Action.c(17): Notify: Transaction "loginPage" started.	[MsgId: MMSG-16999]
Action.c(19): web_url("WebTours") started  	[MsgId: MMSG-26355]
Starting iteration 2.	[MsgId: MMSG-15968]
Starting action Action.	[MsgId: MMSG-15919]
Action.c(3): Notify: Transaction "UC_CheckTicket" started.	[MsgId: MMSG-16999]
Action.c(6): web_reg_save_param_attrib started  	[MsgId: MMSG-26355]
Action.c(6): Registering web_reg_save_param_attrib was successful  	[MsgId: MMSG-26390]
Action.c(17): Notify: Transaction "loginPage" started.	[MsgId: MMSG-16999]
Action.c(19): web_url("WebTours") started  	[MsgId: MMSG-26355]
Action.c(19): Error -27792: Failed to connect to server "localhost:1080": [10061] Connection refused  	[MsgId: MERR-27792]
Action.c(19): Error -35048: No match found for the requested parameter "userSession". Check whether the tag with specific attributes exists in the response data  	[MsgId: MERR-35048]
Action.c(19): web_url("WebTours") highest severity level was "ERROR", 0 body bytes, 0 header bytes  	[MsgId: MMSG-26388]
Action.c(19): Notify: Transaction "loginPage" ended with a "Fail" status (Duration: 2,0464 Wasted Time: 0,0000).	[MsgId: MMSG-16871]
Action.c(19): Notify: Transaction "loginPage" has 1 error message(s).	[MsgId: MMSG-16818]
Action.c(19): Notify: The 1st error message associated with transaction "loginPage" is "Error -27792: Failed to connect to server "localhost:1080": [10061] Connection refused"	[MsgId: MMSG-16819]
Action.c(19): Notify: Transaction "UC_CheckTicket" ended with a "Fail" status (Duration: 2,0467 Wasted Time: 0,0003).	[MsgId: MMSG-16871]
Action.c(19): Notify: Transaction "UC_CheckTicket" has 1 error message(s).	[MsgId: MMSG-16818]
Action.c(19): Notify: The 1st error message associated with transaction "UC_CheckTicket" is "Error -27792: Failed to connect to server "localhost:1080": [10061] Connection refused"	[MsgId: MMSG-16819]
Ending action Action.	[MsgId: MMSG-15918]
Ending iteration 2.	[MsgId: MMSG-15965]
Waiting 127,9520 seconds for iteration pacing.	[MsgId: MMSG-15996]
Action.c(19): Error -27792: Failed to connect to server "localhost:1080": [10061] Connection refused  	[MsgId: MERR-27792]
Action.c(19): Error -35048: No match found for the requested parameter "userSession". Check whether the tag with specific attributes exists in the response data  	[MsgId: MERR-35048]
Action.c(19): web_url("WebTours") highest severity level was "ERROR", 0 body bytes, 0 header bytes  	[MsgId: MMSG-26388]
Action.c(19): Notify: Transaction "loginPage" ended with a "Fail" status (Duration: 2,0455 Wasted Time: 0,0000).	[MsgId: MMSG-16871]
Action.c(19): Notify: Transaction "loginPage" has 1 error message(s).	[MsgId: MMSG-16818]
Action.c(19): Notify: The 1st error message associated with transaction "loginPage" is "Error -27792: Failed to connect to server "localhost:1080": [10061] Connection refused"	[MsgId: MMSG-16819]
Action.c(19): Notify: Transaction "UC_CheckTicket" ended with a "Fail" status (Duration: 2,0480 Wasted Time: 0,0022).	[MsgId: MMSG-16871]
Action.c(19): Notify: Transaction "UC_CheckTicket" has 1 error message(s).	[MsgId: MMSG-16818]
Action.c(19): Notify: The 1st error message associated with transaction "UC_CheckTicket" is "Error -27792: Failed to connect to server "localhost:1080": [10061] Connection refused"	[MsgId: MMSG-16819]
Ending action Action.	[MsgId: MMSG-15918]
Ending iteration 2.	[MsgId: MMSG-15965]
Waiting 127,9510 seconds for iteration pacing.	[MsgId: MMSG-15996]
Action.c(19): Error -27792: Failed to connect to server "localhost:1080": [10061] Connection refused  	[MsgId: MERR-27792]
Action.c(19): Error -35048: No match found for the requested parameter "userSession". Check whether the tag with specific attributes exists in the response data  	[MsgId: MERR-35048]
Action.c(19): web_url("WebTours") highest severity level was "ERROR", 0 body bytes, 0 header bytes  	[MsgId: MMSG-26388]
Action.c(19): Notify: Transaction "loginPage" ended with a "Fail" status (Duration: 2,0468 Wasted Time: 0,0000).	[MsgId: MMSG-16871]
Action.c(19): Notify: Transaction "loginPage" has 1 error message(s).	[MsgId: MMSG-16818]
Action.c(19): Notify: The 1st error message associated with transaction "loginPage" is "Error -27792: Failed to connect to server "localhost:1080": [10061] Connection refused"	[MsgId: MMSG-16819]
Action.c(19): Notify: Transaction "UC_CheckTicket" ended with a "Fail" status (Duration: 2,0471 Wasted Time: 0,0003).	[MsgId: MMSG-16871]
Action.c(19): Notify: Transaction "UC_CheckTicket" has 1 error message(s).	[MsgId: MMSG-16818]
Action.c(19): Notify: The 1st error message associated with transaction "UC_CheckTicket" is "Error -27792: Failed to connect to server "localhost:1080": [10061] Connection refused"	[MsgId: MMSG-16819]
Ending action Action.	[MsgId: MMSG-15918]
Ending iteration 2.	[MsgId: MMSG-15965]
Waiting 127,9520 seconds for iteration pacing.	[MsgId: MMSG-15996]
Starting iteration 3.	[MsgId: MMSG-15968]
Starting action Action.	[MsgId: MMSG-15919]
Action.c(3): Notify: Transaction "UC_CheckTicket" started.	[MsgId: MMSG-16999]
Action.c(6): web_reg_save_param_attrib started  	[MsgId: MMSG-26355]
Action.c(6): Registering web_reg_save_param_attrib was successful  	[MsgId: MMSG-26390]
Action.c(17): Notify: Transaction "loginPage" started.	[MsgId: MMSG-16999]
Action.c(19): web_url("WebTours") started  	[MsgId: MMSG-26355]
Starting iteration 3.	[MsgId: MMSG-15968]
Starting action Action.	[MsgId: MMSG-15919]
Action.c(3): Notify: Transaction "UC_CheckTicket" started.	[MsgId: MMSG-16999]
Action.c(6): web_reg_save_param_attrib started  	[MsgId: MMSG-26355]
Action.c(6): Registering web_reg_save_param_attrib was successful  	[MsgId: MMSG-26390]
Action.c(17): Notify: Transaction "loginPage" started.	[MsgId: MMSG-16999]
Action.c(19): web_url("WebTours") started  	[MsgId: MMSG-26355]
Starting iteration 3.	[MsgId: MMSG-15968]
Starting action Action.	[MsgId: MMSG-15919]
Action.c(3): Notify: Transaction "UC_CheckTicket" started.	[MsgId: MMSG-16999]
Action.c(6): web_reg_save_param_attrib started  	[MsgId: MMSG-26355]
Action.c(6): Registering web_reg_save_param_attrib was successful  	[MsgId: MMSG-26390]
Action.c(17): Notify: Transaction "loginPage" started.	[MsgId: MMSG-16999]
Action.c(19): web_url("WebTours") started  	[MsgId: MMSG-26355]
Action.c(19): Error -27792: Failed to connect to server "localhost:1080": [10061] Connection refused  	[MsgId: MERR-27792]
Action.c(19): Error -35048: No match found for the requested parameter "userSession". Check whether the tag with specific attributes exists in the response data  	[MsgId: MERR-35048]
Action.c(19): web_url("WebTours") highest severity level was "ERROR", 0 body bytes, 0 header bytes  	[MsgId: MMSG-26388]
Action.c(19): Notify: Transaction "loginPage" ended with a "Fail" status (Duration: 2,0264 Wasted Time: 0,0000).	[MsgId: MMSG-16871]
Action.c(19): Notify: Transaction "loginPage" has 1 error message(s).	[MsgId: MMSG-16818]
Action.c(19): Notify: The 1st error message associated with transaction "loginPage" is "Error -27792: Failed to connect to server "localhost:1080": [10061] Connection refused"	[MsgId: MMSG-16819]
Action.c(19): Notify: Transaction "UC_CheckTicket" ended with a "Fail" status (Duration: 2,0267 Wasted Time: 0,0003).	[MsgId: MMSG-16871]
Action.c(19): Notify: Transaction "UC_CheckTicket" has 1 error message(s).	[MsgId: MMSG-16818]
Action.c(19): Notify: The 1st error message associated with transaction "UC_CheckTicket" is "Error -27792: Failed to connect to server "localhost:1080": [10061] Connection refused"	[MsgId: MMSG-16819]
Ending action Action.	[MsgId: MMSG-15918]
Ending iteration 3.	[MsgId: MMSG-15965]
Waiting 127,9720 seconds for iteration pacing.	[MsgId: MMSG-15996]
Action.c(19): Error -27792: Failed to connect to server "localhost:1080": [10061] Connection refused  	[MsgId: MERR-27792]
Action.c(19): Error -35048: No match found for the requested parameter "userSession". Check whether the tag with specific attributes exists in the response data  	[MsgId: MERR-35048]
Action.c(19): web_url("WebTours") highest severity level was "ERROR", 0 body bytes, 0 header bytes  	[MsgId: MMSG-26388]
Action.c(19): Notify: Transaction "loginPage" ended with a "Fail" status (Duration: 2,0407 Wasted Time: 0,0000).	[MsgId: MMSG-16871]
Action.c(19): Notify: Transaction "loginPage" has 1 error message(s).	[MsgId: MMSG-16818]
Action.c(19): Notify: The 1st error message associated with transaction "loginPage" is "Error -27792: Failed to connect to server "localhost:1080": [10061] Connection refused"	[MsgId: MMSG-16819]
Action.c(19): Notify: Transaction "UC_CheckTicket" ended with a "Fail" status (Duration: 2,0410 Wasted Time: 0,0003).	[MsgId: MMSG-16871]
Action.c(19): Notify: Transaction "UC_CheckTicket" has 1 error message(s).	[MsgId: MMSG-16818]
Action.c(19): Notify: The 1st error message associated with transaction "UC_CheckTicket" is "Error -27792: Failed to connect to server "localhost:1080": [10061] Connection refused"	[MsgId: MMSG-16819]
Ending action Action.	[MsgId: MMSG-15918]
Ending iteration 3.	[MsgId: MMSG-15965]
Waiting 127,9590 seconds for iteration pacing.	[MsgId: MMSG-15996]
Action.c(19): Error -27792: Failed to connect to server "localhost:1080": [10061] Connection refused  	[MsgId: MERR-27792]
Action.c(19): Error -35048: No match found for the requested parameter "userSession". Check whether the tag with specific attributes exists in the response data  	[MsgId: MERR-35048]
Action.c(19): web_url("WebTours") highest severity level was "ERROR", 0 body bytes, 0 header bytes  	[MsgId: MMSG-26388]
Action.c(19): Notify: Transaction "loginPage" ended with a "Fail" status (Duration: 2,0552 Wasted Time: 0,0000).	[MsgId: MMSG-16871]
Action.c(19): Notify: Transaction "loginPage" has 1 error message(s).	[MsgId: MMSG-16818]
Action.c(19): Notify: The 1st error message associated with transaction "loginPage" is "Error -27792: Failed to connect to server "localhost:1080": [10061] Connection refused"	[MsgId: MMSG-16819]
Action.c(19): Notify: Transaction "UC_CheckTicket" ended with a "Fail" status (Duration: 2,0556 Wasted Time: 0,0003).	[MsgId: MMSG-16871]
Action.c(19): Notify: Transaction "UC_CheckTicket" has 1 error message(s).	[MsgId: MMSG-16818]
Action.c(19): Notify: The 1st error message associated with transaction "UC_CheckTicket" is "Error -27792: Failed to connect to server "localhost:1080": [10061] Connection refused"	[MsgId: MMSG-16819]
Ending action Action.	[MsgId: MMSG-15918]
Ending iteration 3.	[MsgId: MMSG-15965]
Waiting 127,9440 seconds for iteration pacing.	[MsgId: MMSG-15996]
Starting iteration 4.	[MsgId: MMSG-15968]
Starting action Action.	[MsgId: MMSG-15919]
Action.c(3): Notify: Transaction "UC_CheckTicket" started.	[MsgId: MMSG-16999]
Action.c(6): web_reg_save_param_attrib started  	[MsgId: MMSG-26355]
Action.c(6): Registering web_reg_save_param_attrib was successful  	[MsgId: MMSG-26390]
Action.c(17): Notify: Transaction "loginPage" started.	[MsgId: MMSG-16999]
Action.c(19): web_url("WebTours") started  	[MsgId: MMSG-26355]
Starting iteration 4.	[MsgId: MMSG-15968]
Starting action Action.	[MsgId: MMSG-15919]
Action.c(3): Notify: Transaction "UC_CheckTicket" started.	[MsgId: MMSG-16999]
Action.c(6): web_reg_save_param_attrib started  	[MsgId: MMSG-26355]
Action.c(6): Registering web_reg_save_param_attrib was successful  	[MsgId: MMSG-26390]
Action.c(17): Notify: Transaction "loginPage" started.	[MsgId: MMSG-16999]
Action.c(19): web_url("WebTours") started  	[MsgId: MMSG-26355]
Starting iteration 4.	[MsgId: MMSG-15968]
Starting action Action.	[MsgId: MMSG-15919]
Action.c(3): Notify: Transaction "UC_CheckTicket" started.	[MsgId: MMSG-16999]
Action.c(6): web_reg_save_param_attrib started  	[MsgId: MMSG-26355]
Action.c(6): Registering web_reg_save_param_attrib was successful  	[MsgId: MMSG-26390]
Action.c(17): Notify: Transaction "loginPage" started.	[MsgId: MMSG-16999]
Action.c(19): web_url("WebTours") started  	[MsgId: MMSG-26355]
Action.c(19): Error -27792: Failed to connect to server "localhost:1080": [10061] Connection refused  	[MsgId: MERR-27792]
Action.c(19): Error -35048: No match found for the requested parameter "userSession". Check whether the tag with specific attributes exists in the response data  	[MsgId: MERR-35048]
Action.c(19): web_url("WebTours") highest severity level was "ERROR", 0 body bytes, 0 header bytes  	[MsgId: MMSG-26388]
Action.c(19): Notify: Transaction "loginPage" ended with a "Fail" status (Duration: 2,0436 Wasted Time: 0,0000).	[MsgId: MMSG-16871]
Action.c(19): Notify: Transaction "loginPage" has 1 error message(s).	[MsgId: MMSG-16818]
Action.c(19): Notify: The 1st error message associated with transaction "loginPage" is "Error -27792: Failed to connect to server "localhost:1080": [10061] Connection refused"	[MsgId: MMSG-16819]
Action.c(19): Notify: Transaction "UC_CheckTicket" ended with a "Fail" status (Duration: 2,0439 Wasted Time: 0,0003).	[MsgId: MMSG-16871]
Action.c(19): Notify: Transaction "UC_CheckTicket" has 1 error message(s).	[MsgId: MMSG-16818]
Action.c(19): Notify: The 1st error message associated with transaction "UC_CheckTicket" is "Error -27792: Failed to connect to server "localhost:1080": [10061] Connection refused"	[MsgId: MMSG-16819]
Ending action Action.	[MsgId: MMSG-15918]
Ending iteration 4.	[MsgId: MMSG-15965]
Waiting 127,9550 seconds for iteration pacing.	[MsgId: MMSG-15996]
Action.c(19): Error -27792: Failed to connect to server "localhost:1080": [10061] Connection refused  	[MsgId: MERR-27792]
Action.c(19): Error -35048: No match found for the requested parameter "userSession". Check whether the tag with specific attributes exists in the response data  	[MsgId: MERR-35048]
Action.c(19): web_url("WebTours") highest severity level was "ERROR", 0 body bytes, 0 header bytes  	[MsgId: MMSG-26388]
Action.c(19): Notify: Transaction "loginPage" ended with a "Fail" status (Duration: 2,0595 Wasted Time: 0,0000).	[MsgId: MMSG-16871]
Action.c(19): Notify: Transaction "loginPage" has 1 error message(s).	[MsgId: MMSG-16818]
Action.c(19): Notify: The 1st error message associated with transaction "loginPage" is "Error -27792: Failed to connect to server "localhost:1080": [10061] Connection refused"	[MsgId: MMSG-16819]
Action.c(19): Notify: Transaction "UC_CheckTicket" ended with a "Fail" status (Duration: 2,0598 Wasted Time: 0,0003).	[MsgId: MMSG-16871]
Action.c(19): Notify: Transaction "UC_CheckTicket" has 1 error message(s).	[MsgId: MMSG-16818]
Action.c(19): Notify: The 1st error message associated with transaction "UC_CheckTicket" is "Error -27792: Failed to connect to server "localhost:1080": [10061] Connection refused"	[MsgId: MMSG-16819]
Ending action Action.	[MsgId: MMSG-15918]
Ending iteration 4.	[MsgId: MMSG-15965]
Waiting 127,9390 seconds for iteration pacing.	[MsgId: MMSG-15996]
Action.c(19): Error -27792: Failed to connect to server "localhost:1080": [10061] Connection refused  	[MsgId: MERR-27792]
Action.c(19): Error -35048: No match found for the requested parameter "userSession". Check whether the tag with specific attributes exists in the response data  	[MsgId: MERR-35048]
Action.c(19): web_url("WebTours") highest severity level was "ERROR", 0 body bytes, 0 header bytes  	[MsgId: MMSG-26388]
Action.c(19): Notify: Transaction "loginPage" ended with a "Fail" status (Duration: 2,0580 Wasted Time: 0,0001).	[MsgId: MMSG-16871]
Action.c(19): Notify: Transaction "loginPage" has 1 error message(s).	[MsgId: MMSG-16818]
Action.c(19): Notify: The 1st error message associated with transaction "loginPage" is "Error -27792: Failed to connect to server "localhost:1080": [10061] Connection refused"	[MsgId: MMSG-16819]
Action.c(19): Notify: Transaction "UC_CheckTicket" ended with a "Fail" status (Duration: 2,0584 Wasted Time: 0,0003).	[MsgId: MMSG-16871]
Action.c(19): Notify: Transaction "UC_CheckTicket" has 1 error message(s).	[MsgId: MMSG-16818]
Action.c(19): Notify: The 1st error message associated with transaction "UC_CheckTicket" is "Error -27792: Failed to connect to server "localhost:1080": [10061] Connection refused"	[MsgId: MMSG-16819]
Ending action Action.	[MsgId: MMSG-15918]
Ending iteration 4.	[MsgId: MMSG-15965]
Waiting 127,9410 seconds for iteration pacing.	[MsgId: MMSG-15996]
Starting iteration 5.	[MsgId: MMSG-15968]
Starting action Action.	[MsgId: MMSG-15919]
Action.c(3): Notify: Transaction "UC_CheckTicket" started.	[MsgId: MMSG-16999]
Action.c(6): web_reg_save_param_attrib started  	[MsgId: MMSG-26355]
Action.c(6): Registering web_reg_save_param_attrib was successful  	[MsgId: MMSG-26390]
Action.c(17): Notify: Transaction "loginPage" started.	[MsgId: MMSG-16999]
Action.c(19): web_url("WebTours") started  	[MsgId: MMSG-26355]
Starting iteration 5.	[MsgId: MMSG-15968]
Starting action Action.	[MsgId: MMSG-15919]
Action.c(3): Notify: Transaction "UC_CheckTicket" started.	[MsgId: MMSG-16999]
Action.c(6): web_reg_save_param_attrib started  	[MsgId: MMSG-26355]
Action.c(6): Registering web_reg_save_param_attrib was successful  	[MsgId: MMSG-26390]
Action.c(17): Notify: Transaction "loginPage" started.	[MsgId: MMSG-16999]
Action.c(19): web_url("WebTours") started  	[MsgId: MMSG-26355]
Starting iteration 5.	[MsgId: MMSG-15968]
Starting action Action.	[MsgId: MMSG-15919]
Action.c(3): Notify: Transaction "UC_CheckTicket" started.	[MsgId: MMSG-16999]
Action.c(6): web_reg_save_param_attrib started  	[MsgId: MMSG-26355]
Action.c(6): Registering web_reg_save_param_attrib was successful  	[MsgId: MMSG-26390]
Action.c(17): Notify: Transaction "loginPage" started.	[MsgId: MMSG-16999]
Action.c(19): web_url("WebTours") started  	[MsgId: MMSG-26355]
Action.c(19): Error -27792: Failed to connect to server "localhost:1080": [10061] Connection refused  	[MsgId: MERR-27792]
Action.c(19): Error -35048: No match found for the requested parameter "userSession". Check whether the tag with specific attributes exists in the response data  	[MsgId: MERR-35048]
Action.c(19): web_url("WebTours") highest severity level was "ERROR", 0 body bytes, 0 header bytes  	[MsgId: MMSG-26388]
Action.c(19): Notify: Transaction "loginPage" ended with a "Fail" status (Duration: 2,0281 Wasted Time: 0,0000).	[MsgId: MMSG-16871]
Action.c(19): Notify: Transaction "loginPage" has 1 error message(s).	[MsgId: MMSG-16818]
Action.c(19): Notify: The 1st error message associated with transaction "loginPage" is "Error -27792: Failed to connect to server "localhost:1080": [10061] Connection refused"	[MsgId: MMSG-16819]
Action.c(19): Notify: Transaction "UC_CheckTicket" ended with a "Fail" status (Duration: 2,0284 Wasted Time: 0,0003).	[MsgId: MMSG-16871]
Action.c(19): Notify: Transaction "UC_CheckTicket" has 1 error message(s).	[MsgId: MMSG-16818]
Action.c(19): Notify: The 1st error message associated with transaction "UC_CheckTicket" is "Error -27792: Failed to connect to server "localhost:1080": [10061] Connection refused"	[MsgId: MMSG-16819]
Ending action Action.	[MsgId: MMSG-15918]
Ending iteration 5.	[MsgId: MMSG-15965]
Waiting 127,9710 seconds for iteration pacing.	[MsgId: MMSG-15996]
Action.c(19): Error -27792: Failed to connect to server "localhost:1080": [10061] Connection refused  	[MsgId: MERR-27792]
Action.c(19): Error -27792: Failed to connect to server "localhost:1080": [10061] Connection refused  	[MsgId: MERR-27792]
Action.c(19): Error -35048: No match found for the requested parameter "userSession". Check whether the tag with specific attributes exists in the response data  	[MsgId: MERR-35048]
Action.c(19): web_url("WebTours") highest severity level was "ERROR", 0 body bytes, 0 header bytes  	[MsgId: MMSG-26388]
Action.c(19): Notify: Transaction "loginPage" ended with a "Fail" status (Duration: 2,2168 Wasted Time: 0,0000).	[MsgId: MMSG-16871]
Action.c(19): Error -35048: No match found for the requested parameter "userSession". Check whether the tag with specific attributes exists in the response data  	[MsgId: MERR-35048]
Action.c(19): Notify: Transaction "loginPage" has 1 error message(s).	[MsgId: MMSG-16818]
Action.c(19): Notify: The 1st error message associated with transaction "loginPage" is "Error -27792: Failed to connect to server "localhost:1080": [10061] Connection refused"	[MsgId: MMSG-16819]
Action.c(19): web_url("WebTours") highest severity level was "ERROR", 0 body bytes, 0 header bytes  	[MsgId: MMSG-26388]
Action.c(19): Notify: Transaction "UC_CheckTicket" ended with a "Fail" status (Duration: 2,2171 Wasted Time: 0,0002).	[MsgId: MMSG-16871]
Action.c(19): Notify: Transaction "UC_CheckTicket" has 1 error message(s).	[MsgId: MMSG-16818]
Action.c(19): Notify: Transaction "loginPage" ended with a "Fail" status (Duration: 2,2491 Wasted Time: 0,0000).	[MsgId: MMSG-16871]
Action.c(19): Notify: The 1st error message associated with transaction "UC_CheckTicket" is "Error -27792: Failed to connect to server "localhost:1080": [10061] Connection refused"	[MsgId: MMSG-16819]
Action.c(19): Notify: Transaction "loginPage" has 1 error message(s).	[MsgId: MMSG-16818]
Action.c(19): Notify: The 1st error message associated with transaction "loginPage" is "Error -27792: Failed to connect to server "localhost:1080": [10061] Connection refused"	[MsgId: MMSG-16819]
Ending action Action.	[MsgId: MMSG-15918]
Action.c(19): Notify: Transaction "UC_CheckTicket" ended with a "Fail" status (Duration: 2,2499 Wasted Time: 0,0004).	[MsgId: MMSG-16871]
Action.c(19): Notify: Transaction "UC_CheckTicket" has 1 error message(s).	[MsgId: MMSG-16818]
Ending iteration 5.	[MsgId: MMSG-15965]
Action.c(19): Notify: The 1st error message associated with transaction "UC_CheckTicket" is "Error -27792: Failed to connect to server "localhost:1080": [10061] Connection refused"	[MsgId: MMSG-16819]
Waiting 127,7800 seconds for iteration pacing.	[MsgId: MMSG-15996]
Ending action Action.	[MsgId: MMSG-15918]
Ending iteration 5.	[MsgId: MMSG-15965]
Waiting 127,7480 seconds for iteration pacing.	[MsgId: MMSG-15996]
Ending Vuser...	[MsgId: MMSG-15966]
Starting action vuser_end.	[MsgId: MMSG-15919]
Ending action vuser_end.	[MsgId: MMSG-15918]
Vuser Terminated.	[MsgId: MMSG-15963]
Ending Vuser...	[MsgId: MMSG-15966]
Starting action vuser_end.	[MsgId: MMSG-15919]
Ending action vuser_end.	[MsgId: MMSG-15918]
Vuser Terminated.	[MsgId: MMSG-15963]
Ending Vuser...	[MsgId: MMSG-15966]
Starting action vuser_end.	[MsgId: MMSG-15919]
Ending action vuser_end.	[MsgId: MMSG-15918]
Vuser Terminated.	[MsgId: MMSG-15963]
