Action.c(150):     Last-Modified: Thu, 12 Jan 2012 13:30:28 GMT\r\n
Action.c(150):     ETag: "4f000000013926-326-4b654c0620500"\r\n
Action.c(150):     Accept-Ranges: bytes\r\n
Action.c(150):     Content-Length: 806\r\n
Action.c(150):     Keep-Alive: timeout=5, max=100\r\n
Action.c(150):     Connection: Keep-Alive\r\n
Action.c(150):     Content-Type: image/gif\r\n
Action.c(150):     \r\n
Action.c(150): t=1774392ms: 806-byte response body for "http://localhost:1080/WebTours/images/bookanother.gif" (RelFrameId=, Internal ID=249)
Action.c(150): t=1774392ms: Request done "http://localhost:1080/WebTours/images/bookanother.gif"  	[MsgId: MMSG-26000]
Action.c(150): Registered web_reg_find successful for "Text=Customer Name header" (count=1)  	[MsgId: MMSG-26364]
Action.c(150): web_submit_data("reservations.pl_3") was successful, 3290 body bytes, 674 header bytes, 12 chunking overhead bytes  	[MsgId: MMSG-26385]
Action.c(179): Notify: Transaction "personalData" ended with a "Pass" status (Duration: 0,1773 Wasted Time: 0,0000).	[MsgId: MMSG-16871]
Action.c(181): lr_think_time: 53,00 seconds.	[MsgId: MMSG-15948]
Action.c(146): Notify: Transaction "personalData" started.	[MsgId: MMSG-16999]
Action.c(148): web_reg_find started  	[MsgId: MMSG-26355]
Action.c(148): Registering web_reg_find was successful  	[MsgId: MMSG-26390]
Action.c(150): web_submit_data("reservations.pl_3") started  	[MsgId: MMSG-26355]
Action.c(150): Notify: Next row for parameter FirstName = 10 [table  = FirstName].	[MsgId: MMSG-13876]
Action.c(150): Notify: Parameter Substitution: parameter "FirstName" =  "Giga"	[MsgId: MMSG-13992]
Action.c(150): Notify: Next row for parameter LastName = 10 [table  = LastName].	[MsgId: MMSG-13876]
Action.c(150): Notify: Parameter Substitution: parameter "LastName" =  "Chad"	[MsgId: MMSG-13992]
Action.c(150): Notify: Next row for parameter streetadd = 10 [table  = streetadd].	[MsgId: MMSG-13876]
Action.c(150): Notify: Parameter Substitution: parameter "streetadd" =  "Moscow10"	[MsgId: MMSG-13992]
Action.c(150): Notify: Next row for parameter zip = 10 [table  = zip].	[MsgId: MMSG-13876]
Action.c(150): Notify: Parameter Substitution: parameter "zip" =  "271303"	[MsgId: MMSG-13992]
Action.c(150): Notify: Next row for parameter FirstName = 10 [table  = FirstName].	[MsgId: MMSG-13876]
Action.c(150): Notify: Parameter Substitution: parameter "FirstName" =  "Giga"	[MsgId: MMSG-13992]
Action.c(150): Notify: Next row for parameter LastName = 10 [table  = LastName].	[MsgId: MMSG-13876]
Action.c(150): Notify: Parameter Substitution: parameter "LastName" =  "Chad"	[MsgId: MMSG-13992]
Action.c(150): Notify: Next row for parameter CardNumber = 10 [table  = CardNumber].	[MsgId: MMSG-13876]
Action.c(150): Notify: Parameter Substitution: parameter "CardNumber" =  "7145624410030873"	[MsgId: MMSG-13992]
Action.c(150): Notify: Next row for parameter expdate = 10 [table  = expdate].	[MsgId: MMSG-13876]
Action.c(150): Notify: Parameter Substitution: parameter "expdate" =  "10/25"	[MsgId: MMSG-13992]
Action.c(150): Notify: Parameter Substitution: parameter "typeseat" =  "Coach"	[MsgId: MMSG-13992]
Action.c(150): Notify: Parameter Substitution: parameter "seatingpref" =  "Aisle"	[MsgId: MMSG-13992]
Action.c(150): Notify: Parameter Substitution: parameter "randomFlight" =  "313;185;05/20/2023"	[MsgId: MMSG-13992]
Action.c(150): Connection to localhost:1080 closed after being inactive for 65 seconds, exceeding the "HTTP Keep-Alive timeout" Runtime Setting (60 seconds). URL="http://localhost:1080/cgi-bin/reservations.pl"  	[MsgId: MMSG-27647]
Action.c(150): t=1781059ms: Closed connection [0] to localhost:1080 after completing 1 request(s)  	[MsgId: MMSG-26000]
Action.c(150): t=1781060ms: Connecting [0] to host 127.0.0.1:1080  	[MsgId: MMSG-26000]
Action.c(150): t=1781061ms: Connected socket [0] from 127.0.0.1:46087 to 127.0.0.1:1080 in 1 ms  	[MsgId: MMSG-26000]
Action.c(150): t=1781062ms: 535-byte request headers for "http://localhost:1080/cgi-bin/reservations.pl" (RelFrameId=1, Internal ID=192)
Action.c(150):     POST /cgi-bin/reservations.pl HTTP/1.1\r\n
Action.c(150):     Content-Type: application/x-www-form-urlencoded\r\n
Action.c(150):     Referer: http://localhost:1080/cgi-bin/reservations.pl\r\n
Action.c(150):     User-Agent: Mozilla/5.0 (Windows NT 10.0; WOW64; Trident/7.0; rv:11.0) like Gecko\r\n
Action.c(150):     Accept-Encoding: gzip, deflate\r\n
Action.c(150):     Accept-Language: ru,en-US;q=0.7,en;q=0.3\r\n
Action.c(150):     Accept: */*\r\n
Action.c(150):     Connection: Keep-Alive\r\n
Action.c(150):     Host: localhost:1080\r\n
Action.c(150):     Cookie: MSO=SID&1684448805; MTUserInfo=firstName&Giga&address2&271303&username&giga&hash&1
Action.c(150):     &lastName&Chad%0A&address1&Moscow10&creditCard&&expDate&%0A\r\n
Action.c(150):     Content-Length: 322\r\n
Action.c(150):     \r\n
Action.c(150): t=1781064ms: 322-byte request body for "http://localhost:1080/cgi-bin/reservations.pl" (RelFrameId=1, Internal ID=192)
Action.c(150):     firstName=Giga&lastName=Chad&address1=Moscow10&address2=271303&pass1=Giga+Chad&creditCard=
Action.c(150):     7145624410030873&expDate=10%2F25&oldCCOption=&numPassengers=1&seatType=Coach&seatPref=Aisl
Action.c(150):     e&outboundFlight=313%3B185%3B05%2F20%2F2023&advanceDiscount=0&returnFlight=&JSFormSubmit=o
Action.c(150):     ff&.cgifields=saveCC&buyFlights.x=33&buyFlights.y=10
Action.c(150): t=1781226ms: 375-byte response headers for "http://localhost:1080/cgi-bin/reservations.pl" (RelFrameId=1, Internal ID=192)
Action.c(150):     HTTP/1.1 200 OK\r\n
Action.c(150):     Date: Thu, 18 May 2023 22:28:32 GMT\r\n
Action.c(150):     Server: Apache/2.2.21 (Win32)\r\n
Action.c(150):     Expires: Wed, 17 May 2023 22:28:32 GMT\r\n
Action.c(150):     Set-Cookie: MTUserInfo=firstName&Giga&username&giga&address2&271303&hash&1&address1&Moscow
Action.c(150):     10&lastName&Chad%0A; path=/\r\n
Action.c(150):     Keep-Alive: timeout=5, max=100\r\n
Action.c(150):     Connection: Keep-Alive\r\n
Action.c(150):     Transfer-Encoding: chunked\r\n
Action.c(150):     Content-Type: text/html; charset=ISO-8859-1\r\n
Action.c(150):     \r\n
Action.c(150): t=1781227ms: 5-byte chunked response overhead for "http://localhost:1080/cgi-bin/reservations.pl" (RelFrameId=1, Internal ID=192)
Action.c(150):     9be\r\n
Action.c(150): t=1781227ms: 2-byte chunked response overhead for "http://localhost:1080/cgi-bin/reservations.pl" (RelFrameId=1, Internal ID=192)
Action.c(150):     \r\n
Action.c(150): t=1781227ms: 2494-byte chunked response body for "http://localhost:1080/cgi-bin/reservations.pl" (RelFrameId=1, Internal ID=192)
Action.c(150):     <!DOCTYPE html\n
Action.c(150):     \tPUBLIC "-//W3C//DTD XHTML 1.0 Transitional//EN"\n
Action.c(150):     \t "http://www.w3.org/TR/xhtml1/DTD/xhtml1-transitional.dtd">\n
Action.c(150):     <html xmlns="http://www.w3.org/1999/xhtml" lang="en-US" xml:lang="en-US">\n
Action.c(150):     <head>\n
Action.c(150):     <title>Reservation Made!</title>\n
Action.c(150):     <meta http-equiv="Content-Type" content="text/html; charset=iso-8859-1" />\n
Action.c(150):     </head>\n
Action.c(150):     <body bgcolor="#E0E7F1">\n
Action.c(150):     <style>blockquote {font-family: tahoma; font-size : 10pt}H1 {font-family: tahoma; font-siz
Action.c(150):     e : 22pt; color: #993333}small {font-family: tahoma; font-size : 8pt}H3 {font-family: taho
Action.c(150):     ma; font-size : 10pt; color: black}TD {font-family: tahoma; font-size : 10pt; color: black
Action.c(150):     }</style><BR/><BR/><h1><font color="#003366">&nbsp;&nbsp;<b>Invoice</font></b></h1><blockq
Action.c(150):     uote>\n
Action.c(150):     <CENTER>\n
Action.c(150):     <small><B>Thank you for booking through Web Tours.</B></small>\n
Action.c(150):     <BR/>\n
Action.c(150):     <BR/>\n
Action.c(150):     <!-- Customer Name header -->\n
Action.c(150):     <Table width="85%" border="0" cellspacing="0" >\n
Action.c(150):       <TR bgcolor="#5E7884">\n
Action.c(150):          <TD colspan="2" align="center">\n
Action.c(150):             <font color="white"><b>GigaChad's Flight Invoice</b></font>\n
Action.c(150):          </TD>\n
Action.c(150):          <TD width="160" align="right">\n
Action.c(150):              <font color="white"><small>Fri May 19  1:28:32 2023\n
Action.c(150):     </small>\n
Action.c(150):          </TD>\n
Action.c(150):       </TR>\n
Action.c(150):     </Table>\n
Action.c(150):     \n
Action.c(150):     <Table width="85%" border="0" cellspacing="1" >\n
Action.c(150):     <!-- Flight Item header -->\n
Action.c(150):       <TR bgcolor="#EFF2F7">\n
Action.c(150):          <TD colspan="2" align="left">\n
Action.c(150):              Flights Reservation Requests:\n
Action.c(150):         </TD>\n
Action.c(150):         <TD align="center">Cost\n
Action.c(150):         </TD>\n
Action.c(150):       </TR>\n
Action.c(150):     \n
Action.c(150):     <!-- Flight reserved -->\n
Action.c(150):     <TR bgcolor="#EFF2F7">\n
Action.c(150):         <TD valign="top">1.</TD>\n
Action.c(150):         <TD align="left">\n
Action.c(150):            A Coach Class ticket\n
Action.c(150):      from Los Angeles to Frankfurt.</u></b>\n
Action.c(150):     <br/>\n
Action.c(150):     <center>\n
Action.c(150):            <i>\n
Action.c(150):               05/20/2023 :  11pm : Flight 313 leaves Los Angeles  for Frankfurt.<br>\n
Action.c(150):            <br/>\n
Action.c(150):         </TD>\n
Action.c(150):         <TD valign="top">\n
Action.c(150):              $185\n
Action.c(150):         </TD>\n
Action.c(150):       </TR>\n
Action.c(150):     <!-- Total Cost -->\n
Action.c(150):       <TR bgcolor="#EFF2F7">\n
Action.c(150):         <TD>*\n
Action.c(150):         </TD>\n
Action.c(150):         <TD > Total Cost\n
Action.c(150):         </TD>\n
Action.c(150):         <TD>\n
Action.c(150):            <b> $185 </b>\n
Action.c(150):         </TD>\n
Action.c(150):       </TR>\n
Action.c(150):     \n
Action.c(150):       <TR bgcolor="#EFF2F7">\n
Action.c(150):         <TD>-\n
Action.c(150):         </TD>\n
Action.c(150):         <TD >\n
Action.c(150):            Total Charged to Credit Card # 7145624410030873\n
Action.c(150):         </TD>\n
Action.c(150):         <TD>\n
Action.c(150):            <b> $185 </b>\n
Action.c(150):         </TD>\n
Action.c(150):       </TR>\n
Action.c(150):     \n
Action.c(150):       <TR bgcolor="#EFF2F7">\n
Action.c(150):         <TD>*\n
Action.c(150):         </TD>\n
Action.c(150):         <TD >\n
Action.c(150):             Credit Account Balance\n
Action.c(150):         </TD>\n
Action.c(150):         <TD>\n
Action.c(150):            <b> $0.00 </b>\n
Action.c(150):         </TD>\n
Action.c(150):       </TR></Table>\n
Action.c(150):     <BR/>\n
Action.c(150):     <Table width="85%" border="0">\n
Action.c(150):       <tr>\n
Action.c(150):         <td align=right>\n
Action.c(150):     <form method="post" action="" enctype="application/x-www-form-urlencoded">\n
Action.c(150):     <input type="image" name="Book Another" src="/WebTours/images/bookanother.gif" border="0" 
Action.c(150):     /></form>    </td>\n
Action.c(150):       </tr>\n
Action.c(150):     </Table>\n
Action.c(150):     \n
Action.c(150):     </Center>\n
Action.c(150):     \n
Action.c(150):     </body>\n
Action.c(150):     </html>
Action.c(150): Found resource "http://localhost:1080/WebTours/images/bookanother.gif" in HTML "http://localhost:1080/cgi-bin/reservations.pl"  	[MsgId: MMSG-26659]
Action.c(150): t=1781237ms: 5-byte chunked response overhead for "http://localhost:1080/cgi-bin/reservations.pl" (RelFrameId=1, Internal ID=192)
Action.c(150):     0\r\n
Action.c(150):     \r\n
Action.c(150): t=1781237ms: Request done "http://localhost:1080/cgi-bin/reservations.pl"  	[MsgId: MMSG-26000]
Action.c(150): t=1781237ms: Connecting [1] to host 127.0.0.1:1080  	[MsgId: MMSG-26000]
Action.c(150): t=1781238ms: Connected socket [1] from 127.0.0.1:46088 to 127.0.0.1:1080 in 1 ms  	[MsgId: MMSG-26000]
Action.c(150): t=1781238ms: 448-byte request headers for "http://localhost:1080/WebTours/images/bookanother.gif" (RelFrameId=, Internal ID=193)
Action.c(150):     GET /WebTours/images/bookanother.gif HTTP/1.1\r\n
Action.c(150):     Referer: http://localhost:1080/cgi-bin/reservations.pl\r\n
Action.c(150):     User-Agent: Mozilla/5.0 (Windows NT 10.0; WOW64; Trident/7.0; rv:11.0) like Gecko\r\n
Action.c(150):     Accept-Encoding: gzip, deflate\r\n
Action.c(150):     Accept-Language: ru,en-US;q=0.7,en;q=0.3\r\n
Action.c(150):     Accept: */*\r\n
Action.c(150):     Connection: Keep-Alive\r\n
Action.c(150):     Host: localhost:1080\r\n
Action.c(150):     Cookie: MSO=SID&1684448805; MTUserInfo=firstName&Giga&username&giga&address2&271303&hash&1
Action.c(150):     &address1&Moscow10&lastName&Chad%0A\r\n
Action.c(150):     \r\n
Action.c(150): t=1781241ms: 299-byte response headers for "http://localhost:1080/WebTours/images/bookanother.gif" (RelFrameId=, Internal ID=193)
Action.c(150):     HTTP/1.1 200 OK\r\n
Action.c(150):     Date: Thu, 18 May 2023 22:28:32 GMT\r\n
Action.c(150):     Server: Apache/2.2.21 (Win32)\r\n
Action.c(150):     Last-Modified: Thu, 12 Jan 2012 13:30:28 GMT\r\n
Action.c(150):     ETag: "4f000000013926-326-4b654c0620500"\r\n
Action.c(150):     Accept-Ranges: bytes\r\n
Action.c(150):     Content-Length: 806\r\n
Action.c(150):     Keep-Alive: timeout=5, max=100\r\n
Action.c(150):     Connection: Keep-Alive\r\n
Action.c(150):     Content-Type: image/gif\r\n
Action.c(150):     \r\n
Action.c(150): t=1781241ms: 806-byte response body for "http://localhost:1080/WebTours/images/bookanother.gif" (RelFrameId=, Internal ID=193)
Action.c(150): t=1781242ms: Request done "http://localhost:1080/WebTours/images/bookanother.gif"  	[MsgId: MMSG-26000]
Action.c(150): Registered web_reg_find successful for "Text=Customer Name header" (count=1)  	[MsgId: MMSG-26364]
Action.c(150): web_submit_data("reservations.pl_3") was successful, 3300 body bytes, 674 header bytes, 12 chunking overhead bytes  	[MsgId: MMSG-26385]
Action.c(179): Notify: Transaction "personalData" ended with a "Pass" status (Duration: 0,1882 Wasted Time: 0,0000).	[MsgId: MMSG-16871]
Action.c(181): lr_think_time: 53,00 seconds.	[MsgId: MMSG-15948]
..\\..\\Parameters1\\common_lib.h(32): Notify: Transaction "signOut" started.	[MsgId: MMSG-16999]
..\\..\\Parameters1\\common_lib.h(34): web_reg_find started  	[MsgId: MMSG-26355]
..\\..\\Parameters1\\common_lib.h(34): Registering web_reg_find was successful  	[MsgId: MMSG-26390]
..\\..\\Parameters1\\common_lib.h(36): web_url("SignOff Button") started  	[MsgId: MMSG-26355]
..\\..\\Parameters1\\common_lib.h(36): t=1790697ms: Closed connection [0] to localhost:1080 after completing 1 request(s)  	[MsgId: MMSG-26000]
..\\..\\Parameters1\\common_lib.h(36): t=1790697ms: Connecting [0] to host 127.0.0.1:1080  	[MsgId: MMSG-26000]
..\\..\\Parameters1\\common_lib.h(36): t=1790699ms: Connected socket [0] from 127.0.0.1:46183 to 127.0.0.1:1080 in 1 ms  	[MsgId: MMSG-26000]
..\\..\\Parameters1\\common_lib.h(36): t=1790699ms: 454-byte request headers for "http://localhost:1080/cgi-bin/welcome.pl?signOff=1" (RelFrameId=1, Internal ID=306)
..\\..\\Parameters1\\common_lib.h(36):     GET /cgi-bin/welcome.pl?signOff=1 HTTP/1.1\r\n
..\\..\\Parameters1\\common_lib.h(36):     Referer: http://localhost:1080/cgi-bin/nav.pl?page=menu&in=flights\r\n
..\\..\\Parameters1\\common_lib.h(36):     User-Agent: Mozilla/5.0 (Windows NT 10.0; WOW64; Trident/7.0; rv:11.0) like Gecko\r\n
..\\..\\Parameters1\\common_lib.h(36):     Accept-Encoding: gzip, deflate\r\n
..\\..\\Parameters1\\common_lib.h(36):     Accept-Language: ru,en-US;q=0.7,en;q=0.3\r\n
..\\..\\Parameters1\\common_lib.h(36):     Accept: */*\r\n
..\\..\\Parameters1\\common_lib.h(36):     Connection: Keep-Alive\r\n
..\\..\\Parameters1\\common_lib.h(36):     Host: localhost:1080\r\n
..\\..\\Parameters1\\common_lib.h(36):     Cookie: MSO=SID&1684448761; MTUserInfo=firstName&Ben&username&ben&address2&236244&hash&78&
..\\..\\Parameters1\\common_lib.h(36):     address1&Moscow3&lastName&Gen%0A\r\n
..\\..\\Parameters1\\common_lib.h(36):     \r\n
..\\..\\Parameters1\\common_lib.h(36): t=1790936ms: 328-byte response headers for "http://localhost:1080/cgi-bin/welcome.pl?signOff=1" (RelFrameId=1, Internal ID=306)
..\\..\\Parameters1\\common_lib.h(36):     HTTP/1.1 200 OK\r\n
..\\..\\Parameters1\\common_lib.h(36):     Date: Thu, 18 May 2023 22:28:42 GMT\r\n
..\\..\\Parameters1\\common_lib.h(36):     Server: Apache/2.2.21 (Win32)\r\n
..\\..\\Parameters1\\common_lib.h(36):     Set-Cookie: MSO=SID&1684448922; path=/\r\n
..\\..\\Parameters1\\common_lib.h(36):     Set-Cookie: MTUserInfo=; path=/; expires=Wed, 17-May-2023 22:28:42 GMT\r\n
..\\..\\Parameters1\\common_lib.h(36):     Keep-Alive: timeout=5, max=100\r\n
..\\..\\Parameters1\\common_lib.h(36):     Connection: Keep-Alive\r\n
..\\..\\Parameters1\\common_lib.h(36):     Transfer-Encoding: chunked\r\n
..\\..\\Parameters1\\common_lib.h(36):     Content-Type: text/html; charset=ISO-8859-1\r\n
..\\..\\Parameters1\\common_lib.h(36):     \r\n
..\\..\\Parameters1\\common_lib.h(36): t=1790937ms: 5-byte chunked response overhead for "http://localhost:1080/cgi-bin/welcome.pl?signOff=1" (RelFrameId=1, Internal ID=306)
..\\..\\Parameters1\\common_lib.h(36):     2ae\r\n
..\\..\\Parameters1\\common_lib.h(36): t=1790937ms: 7-byte chunked response overhead for "http://localhost:1080/cgi-bin/welcome.pl?signOff=1" (RelFrameId=1, Internal ID=306)
..\\..\\Parameters1\\common_lib.h(36):     \r\n
..\\..\\Parameters1\\common_lib.h(36):     0\r\n
..\\..\\Parameters1\\common_lib.h(36):     \r\n
..\\..\\Parameters1\\common_lib.h(36): t=1790938ms: 686-byte chunked response body for "http://localhost:1080/cgi-bin/welcome.pl?signOff=1" (RelFrameId=1, Internal ID=306)
..\\..\\Parameters1\\common_lib.h(36):     <!-- \n
..\\..\\Parameters1\\common_lib.h(36):      A Session ID has been created and loaded into a cookie called MSO.\n
..\\..\\Parameters1\\common_lib.h(36):      Also, the server options have been loaded into the cookie called\n
..\\..\\Parameters1\\common_lib.h(36):      MSO as well.  The server options can be set via the Admin page.\n
..\\..\\Parameters1\\common_lib.h(36):      --->\n
..\\..\\Parameters1\\common_lib.h(36):     \n
..\\..\\Parameters1\\common_lib.h(36):     <html>\n
..\\..\\Parameters1\\common_lib.h(36):     <title>Web Tours</title>\n
..\\..\\Parameters1\\common_lib.h(36):        <!-- Frame Set -->\n
..\\..\\Parameters1\\common_lib.h(36):        <frameset cols="160,*" border="1" frameborder="1">\n
..\\..\\Parameters1\\common_lib.h(36):           <!-- Navigation Frame -->\n
..\\..\\Parameters1\\common_lib.h(36):           <frame src="nav.pl?in=home" name="navbar" marginheight="2" marginwidth="2" \n
..\\..\\Parameters1\\common_lib.h(36):                 noresize="noresize" scrolling="auto"/>\n
..\\..\\Parameters1\\common_lib.h(36):           <!-- Home Frame -->\n
..\\..\\Parameters1\\common_lib.h(36):           <frame src="/WebTours/home.html" name="info" marginheight="2" marginwidth="2" \n
..\\..\\Parameters1\\common_lib.h(36):                 noresize="noresize" scrolling="auto"/>\n
..\\..\\Parameters1\\common_lib.h(36):        </frameset>\n
..\\..\\Parameters1\\common_lib.h(36):     </html>\n
..\\..\\Parameters1\\common_lib.h(36):     \n
..\\..\\Parameters1\\common_lib.h(36):     </body>\n
..\\..\\Parameters1\\common_lib.h(36):     </html>
..\\..\\Parameters1\\common_lib.h(36): Detected non-resource "http://localhost:1080/cgi-bin/nav.pl?in=home" in "http://localhost:1080/cgi-bin/welcome.pl?signOff=1"  	[MsgId: MMSG-26574]
..\\..\\Parameters1\\common_lib.h(36): Detected non-resource "http://localhost:1080/WebTours/home.html" in "http://localhost:1080/cgi-bin/welcome.pl?signOff=1"  	[MsgId: MMSG-26574]
..\\..\\Parameters1\\common_lib.h(36): Retrieving data from cache for "http://localhost:1080/WebTours/home.html"  	[MsgId: MMSG-26558]
..\\..\\Parameters1\\common_lib.h(36): t=1790940ms: 1361-byte response body retrieved from cache for "http://localhost:1080/WebTours/home.html" (RelFrameId=1.2, Internal ID=308)
..\\..\\Parameters1\\common_lib.h(36):     <HTML>\n
..\\..\\Parameters1\\common_lib.h(36):     <HEAD>\n
..\\..\\Parameters1\\common_lib.h(36):     \t<title>Web Tours</title>\n
..\\..\\Parameters1\\common_lib.h(36):     </HEAD>\n
..\\..\\Parameters1\\common_lib.h(36):     <style>\n
..\\..\\Parameters1\\common_lib.h(36):     \tblockquote {font-family: tahoma; font-size : 10pt}\n
..\\..\\Parameters1\\common_lib.h(36):     \tH1 {font-family: tahoma; font-size : 22pt; color: #003366}\n
..\\..\\Parameters1\\common_lib.h(36):     \tsmall {font-family: tahoma; font-size : 8pt}\n
..\\..\\Parameters1\\common_lib.h(36):     \tH3{font-family: tahoma; font-size : 10pt; color: black}\n
..\\..\\Parameters1\\common_lib.h(36):     \tA {FONT-WEIGHT: bold; FONT-SIZE: 10pt; COLOR: black; FONT-FAMILY: Tahoma; TEXT-DECORATIO
..\\..\\Parameters1\\common_lib.h(36):     N: none}\n
..\\..\\Parameters1\\common_lib.h(36):     \tA:hover{ FONT-WEIGHT: bold; FONT-SIZE: 10pt; COLOR: #993333; FONT-FAMILY: Tahoma;TEXT-DE
..\\..\\Parameters1\\common_lib.h(36):     CORATION: underline}\n
..\\..\\Parameters1\\common_lib.h(36):     \tTD {font-family: tahoma; font-size : 10pt; color: black}\n
..\\..\\Parameters1\\common_lib.h(36):     </style>\n
..\\..\\Parameters1\\common_lib.h(36):     <body bgcolor="#e0e7f1">\n
..\\..\\Parameters1\\common_lib.h(36):     <BR/>\n
..\\..\\Parameters1\\common_lib.h(36):     <BR/>\n
..\\..\\Parameters1\\common_lib.h(36):     <BR/>\n
..\\..\\Parameters1\\common_lib.h(36):     <br/>\n
..\\..\\Parameters1\\common_lib.h(36):     <table border="0">\n
..\\..\\Parameters1\\common_lib.h(36):     <tr><td></td></tr>\n
..\\..\\Parameters1\\common_lib.h(36):     <TR><TD></TD></TR>\n
..\\..\\Parameters1\\common_lib.h(36):     <TR><TD>\n
..\\..\\Parameters1\\common_lib.h(36):     <blockquote>\n
..\\..\\Parameters1\\common_lib.h(36):     <H1><b>Web Tours</b></H1>\n
..\\..\\Parameters1\\common_lib.h(36):     Welcome to the Web Tours site.\n
..\\..\\Parameters1\\common_lib.h(36):     <br/>\n
..\\..\\Parameters1\\common_lib.h(36):     To make reservations,please enter your account information to the left.\n
..\\..\\Parameters1\\common_lib.h(36):     <br/>\n
..\\..\\Parameters1\\common_lib.h(36):     If you haven't registered yet, <A href="/cgi-bin/login.pl?username=&amp;password=&amp;getI
..\\..\\Parameters1\\common_lib.h(36):     nfo=true" ><B>sign up now</B></A> to get access to all our resources.\n
..\\..\\Parameters1\\common_lib.h(36):     <br/>\n
..\\..\\Parameters1\\common_lib.h(36):     To configure the server options, use <A href="/cgi-bin/admin.pl" target="body" ><b>adminis
..\\..\\Parameters1\\common_lib.h(36):     tration</b></A> link.\n
..\\..\\Parameters1\\common_lib.h(36):     <br/><br/><br/><br/><br/><br/>\n
..\\..\\Parameters1\\common_lib.h(36):     <br/><small>\n
..\\..\\Parameters1\\common_lib.h(36):     This product uses parts of the SMT Kernel, Copyright (c) 1991-99 <A href="http://www.imati
..\\..\\Parameters1\\common_lib.h(36):     x.com" target="new"><B><small>iMatix Corporation</small></B></A> \n
..\\..\\Parameters1\\common_lib.h(36):     </small>\n
..\\..\\Parameters1\\common_lib.h(36):     </blockquote></TD>\n
..\\..\\Parameters1\\common_lib.h(36):     <TD></TD></TR>\n
..\\..\\Parameters1\\common_lib.h(36):     </table>\n
..\\..\\Parameters1\\common_lib.h(36):     </body>\n
..\\..\\Parameters1\\common_lib.h(36):     </HTML>\n
..\\..\\Parameters1\\common_lib.h(36): t=1790944ms: Request done "http://localhost:1080/cgi-bin/welcome.pl?signOff=1"  	[MsgId: MMSG-26000]
..\\..\\Parameters1\\common_lib.h(36): t=1790944ms: Closed connection [1] to localhost:1080 after completing 1 request(s)  	[MsgId: MMSG-26000]
..\\..\\Parameters1\\common_lib.h(36): t=1790945ms: Connecting [1] to host 127.0.0.1:1080  	[MsgId: MMSG-26000]
..\\..\\Parameters1\\common_lib.h(36): t=1790946ms: Connected socket [1] from 127.0.0.1:46184 to 127.0.0.1:1080 in 1 ms  	[MsgId: MMSG-26000]
..\\..\\Parameters1\\common_lib.h(36): t=1790946ms: 345-byte request headers for "http://localhost:1080/cgi-bin/nav.pl?in=home" (RelFrameId=1.1, Internal ID=307)
..\\..\\Parameters1\\common_lib.h(36):     GET /cgi-bin/nav.pl?in=home HTTP/1.1\r\n
..\\..\\Parameters1\\common_lib.h(36):     Referer: http://localhost:1080/cgi-bin/welcome.pl?signOff=1\r\n
..\\..\\Parameters1\\common_lib.h(36):     User-Agent: Mozilla/5.0 (Windows NT 10.0; WOW64; Trident/7.0; rv:11.0) like Gecko\r\n
..\\..\\Parameters1\\common_lib.h(36):     Accept-Encoding: gzip, deflate\r\n
..\\..\\Parameters1\\common_lib.h(36):     Accept-Language: ru,en-US;q=0.7,en;q=0.3\r\n
..\\..\\Parameters1\\common_lib.h(36):     Accept: */*\r\n
..\\..\\Parameters1\\common_lib.h(36):     Connection: Keep-Alive\r\n
..\\..\\Parameters1\\common_lib.h(36):     Host: localhost:1080\r\n
..\\..\\Parameters1\\common_lib.h(36):     Cookie: MSO=SID&1684448922\r\n
..\\..\\Parameters1\\common_lib.h(36):     \r\n
..\\..\\Parameters1\\common_lib.h(36): t=1791116ms: 256-byte response headers for "http://localhost:1080/cgi-bin/nav.pl?in=home" (RelFrameId=1.1, Internal ID=307)
..\\..\\Parameters1\\common_lib.h(36):     HTTP/1.1 200 OK\r\n
..\\..\\Parameters1\\common_lib.h(36):     Date: Thu, 18 May 2023 22:28:42 GMT\r\n
..\\..\\Parameters1\\common_lib.h(36):     Server: Apache/2.2.21 (Win32)\r\n
..\\..\\Parameters1\\common_lib.h(36):     Expires: Wed, 17 May 2023 22:28:42 GMT\r\n
..\\..\\Parameters1\\common_lib.h(36):     Keep-Alive: timeout=5, max=100\r\n
..\\..\\Parameters1\\common_lib.h(36):     Connection: Keep-Alive\r\n
..\\..\\Parameters1\\common_lib.h(36):     Transfer-Encoding: chunked\r\n
..\\..\\Parameters1\\common_lib.h(36):     Content-Type: text/html; charset=ISO-8859-1\r\n
..\\..\\Parameters1\\common_lib.h(36):     \r\n
..\\..\\Parameters1\\common_lib.h(36): t=1791117ms: 5-byte chunked response overhead for "http://localhost:1080/cgi-bin/nav.pl?in=home" (RelFrameId=1.1, Internal ID=307)
..\\..\\Parameters1\\common_lib.h(36):     5cc\r\n
..\\..\\Parameters1\\common_lib.h(36): t=1791117ms: 2-byte chunked response overhead for "http://localhost:1080/cgi-bin/nav.pl?in=home" (RelFrameId=1.1, Internal ID=307)
..\\..\\Parameters1\\common_lib.h(36):     \r\n
..\\..\\Parameters1\\common_lib.h(36): t=1791117ms: 1484-byte chunked response body for "http://localhost:1080/cgi-bin/nav.pl?in=home" (RelFrameId=1.1, Internal ID=307)
..\\..\\Parameters1\\common_lib.h(36):     <!DOCTYPE html\n
..\\..\\Parameters1\\common_lib.h(36):     \tPUBLIC "-//W3C//DTD XHTML 1.0 Transitional//EN"\n
..\\..\\Parameters1\\common_lib.h(36):     \t "http://www.w3.org/TR/xhtml1/DTD/xhtml1-transitional.dtd">\n
..\\..\\Parameters1\\common_lib.h(36):     <html xmlns="http://www.w3.org/1999/xhtml" lang="en-US" xml:lang="en-US">\n
..\\..\\Parameters1\\common_lib.h(36):     <head>\n
..\\..\\Parameters1\\common_lib.h(36):     <title>Web Tours Navigation Bar</title>\n
..\\..\\Parameters1\\common_lib.h(36):     <meta http-equiv="Content-Type" content="text/html; charset=iso-8859-1" />\n
..\\..\\Parameters1\\common_lib.h(36):     </head>\n
..\\..\\Parameters1\\common_lib.h(36):     <body bgcolor="#E0E7F1">\n
..\\..\\Parameters1\\common_lib.h(36):     <style>\n
..\\..\\Parameters1\\common_lib.h(36):     blockquote {font-family: tahoma; font-size : 10pt}\n
..\\..\\Parameters1\\common_lib.h(36):     H1 {font-family: tahoma; font-size : 22pt; color: #993333}\n
..\\..\\Parameters1\\common_lib.h(36):     H3 {font-family: tahoma; font-size : 10pt; color: black}\n
..\\..\\Parameters1\\common_lib.h(36):     small {font-family: tahoma; font-size : 8pt}\n
..\\..\\Parameters1\\common_lib.h(36):     </style>\n
..\\..\\Parameters1\\common_lib.h(36):     <form method="post" action="/cgi-bin/login.pl" target="body">\n
..\\..\\Parameters1\\common_lib.h(36):     <input type="hidden" name="userSession" value="136447.867314702HAVifDHpVHftcVVVpccDAf"/>\n
..\\..\\Parameters1\\common_lib.h(36):     <table border="0"><tr><td>&nbsp;</td>\n
..\\..\\Parameters1\\common_lib.h(36):     <td>&nbsp;</td></tr>\n
..\\..\\Parameters1\\common_lib.h(36):     <tr><td>&nbsp;</td>\n
..\\..\\Parameters1\\common_lib.h(36):     <td>&nbsp;</td></tr>\n
..\\..\\Parameters1\\common_lib.h(36):     <tr><td>&nbsp;</td>\n
..\\..\\Parameters1\\common_lib.h(36):     <td><small>&nbsp;Username</small></td></tr>\n
..\\..\\Parameters1\\common_lib.h(36):     <tr><td>&nbsp;</td>\n
..\\..\\Parameters1\\common_lib.h(36):     <td><input type="text" name="username" value="" size="14" maxlength="14"/></td></tr>\n
..\\..\\Parameters1\\common_lib.h(36):     <tr><td>&nbsp;</td>\n
..\\..\\Parameters1\\common_lib.h(36):     <td><small>&nbsp;Password</small></td>\n
..\\..\\Parameters1\\common_lib.h(36):     <tr><td>&nbsp;</td>\n
..\\..\\Parameters1\\common_lib.h(36):     <td><input type="password" name="password" value="" size="14" maxlength="14"/></td></tr>\n
..\\..\\Parameters1\\common_lib.h(36):     <tr><td>&nbsp;</td>\n
..\\..\\Parameters1\\common_lib.h(36):     <td>&nbsp;</td></tr>\n
..\\..\\Parameters1\\common_lib.h(36):     <tr><td>&nbsp;</td>\n
..\\..\\Parameters1\\common_lib.h(36):     <td><input type="image" name="login" value="Login" alt="Login" border="1" \n
..\\..\\Parameters1\\common_lib.h(36):     src="/WebTours/images/mer_login.gif"/></td></tr>\n
..\\..\\Parameters1\\common_lib.h(36):     <tr><td>&nbsp;</td><td>&nbsp;</td></tr>\n
..\\..\\Parameters1\\common_lib.h(36):     </table><input type="hidden" name="JSFormSubmit" value="off"/>\n
..\\..\\Parameters1\\common_lib.h(36):     </form>\n
..\\..\\Parameters1\\common_lib.h(36):     \n
..\\..\\Parameters1\\common_lib.h(36):     </body>\n
..\\..\\Parameters1\\common_lib.h(36):     </html>\n
..\\..\\Parameters1\\common_lib.h(36): Resource "http://localhost:1080/WebTours/images/mer_login.gif" is in the cache already and will not be downloaded again  	[MsgId: MMSG-26655]
..\\..\\Parameters1\\common_lib.h(36): t=1791125ms: 5-byte chunked response overhead for "http://localhost:1080/cgi-bin/nav.pl?in=home" (RelFrameId=1.1, Internal ID=307)
..\\..\\Parameters1\\common_lib.h(36):     0\r\n
..\\..\\Parameters1\\common_lib.h(36):     \r\n
..\\..\\Parameters1\\common_lib.h(36): t=1791126ms: Request done "http://localhost:1080/cgi-bin/nav.pl?in=home"  	[MsgId: MMSG-26000]
..\\..\\Parameters1\\common_lib.h(36): Registered web_reg_find successful for "Text=Web Tours" (count=5)  	[MsgId: MMSG-26364]
..\\..\\Parameters1\\common_lib.h(36): web_url("SignOff Button") was successful, 2170 body bytes, 584 header bytes, 24 chunking overhead bytes  	[MsgId: MMSG-26385]
..\\..\\Parameters1\\common_lib.h(45): Notify: Transaction "signOut" ended with a "Pass" status (Duration: 0,4300 Wasted Time: 0,0000).	[MsgId: MMSG-16871]
Action.c(187): Notify: Transaction "UC1_BuyTicket" ended with a "Pass" status (Duration: 160,9840 Think Time: 158,4467 Wasted Time: 0,0028).	[MsgId: MMSG-16870]
Ending action Action.	[MsgId: MMSG-15918]
Action was aborted.	[MsgId: MMSG-10694]
Ending Vuser...	[MsgId: MMSG-15966]
Starting action vuser_end.	[MsgId: MMSG-15919]
Ending action vuser_end.	[MsgId: MMSG-15918]
Vuser Terminated.	[MsgId: MMSG-15963]
t=1791127ms: Closed connection [0] to localhost:1080 after completing 1 request(s)  	[MsgId: MMSG-26000]
t=1791128ms: Closed connection [1] to localhost:1080 after completing 1 request(s)  	[MsgId: MMSG-26000]
HTML-Mode memory management statistics: Reusable=6, NonReusable=0, CsMemBlockSize=4096, checks disabled  	[MsgId: MMSG-26000]
Vuser 1 (thread 697524), ended OK."	[MsgId: MMSG-10695]
..\\..\\Parameters1\\common_lib.h(32): Notify: Transaction "signOut" started.	[MsgId: MMSG-16999]
..\\..\\Parameters1\\common_lib.h(34): web_reg_find started  	[MsgId: MMSG-26355]
..\\..\\Parameters1\\common_lib.h(34): Registering web_reg_find was successful  	[MsgId: MMSG-26390]
..\\..\\Parameters1\\common_lib.h(36): web_url("SignOff Button") started  	[MsgId: MMSG-26355]
..\\..\\Parameters1\\common_lib.h(36): t=1798032ms: Closed connection [0] to localhost:1080 after completing 1 request(s)  	[MsgId: MMSG-26000]
..\\..\\Parameters1\\common_lib.h(36): t=1798032ms: Connecting [0] to host 127.0.0.1:1080  	[MsgId: MMSG-26000]
..\\..\\Parameters1\\common_lib.h(36): t=1798034ms: Connected socket [0] from 127.0.0.1:46256 to 127.0.0.1:1080 in 2 ms  	[MsgId: MMSG-26000]
..\\..\\Parameters1\\common_lib.h(36): t=1798034ms: 457-byte request headers for "http://localhost:1080/cgi-bin/welcome.pl?signOff=1" (RelFrameId=1, Internal ID=250)
..\\..\\Parameters1\\common_lib.h(36):     GET /cgi-bin/welcome.pl?signOff=1 HTTP/1.1\r\n
..\\..\\Parameters1\\common_lib.h(36):     Referer: http://localhost:1080/cgi-bin/nav.pl?page=menu&in=flights\r\n
..\\..\\Parameters1\\common_lib.h(36):     User-Agent: Mozilla/5.0 (Windows NT 10.0; WOW64; Trident/7.0; rv:11.0) like Gecko\r\n
..\\..\\Parameters1\\common_lib.h(36):     Accept-Encoding: gzip, deflate\r\n
..\\..\\Parameters1\\common_lib.h(36):     Accept-Language: ru,en-US;q=0.7,en;q=0.3\r\n
..\\..\\Parameters1\\common_lib.h(36):     Accept: */*\r\n
..\\..\\Parameters1\\common_lib.h(36):     Connection: Keep-Alive\r\n
..\\..\\Parameters1\\common_lib.h(36):     Host: localhost:1080\r\n
..\\..\\Parameters1\\common_lib.h(36):     Cookie: MSO=SID&1684448769; MTUserInfo=firstName&Biba&username&biba&address2&556989&hash&3
..\\..\\Parameters1\\common_lib.h(36):     3&address1&Moscow6&lastName&Boba%0A\r\n
..\\..\\Parameters1\\common_lib.h(36):     \r\n
..\\..\\Parameters1\\common_lib.h(36): t=1798038ms: Inactive socket [1] was closed by localhost:1080, probably due to Keep-Alive timeout  	[MsgId: MMSG-26000]
..\\..\\Parameters1\\common_lib.h(36): t=1798038ms: Closed connection [1] to localhost:1080 after completing 1 request(s)  	[MsgId: MMSG-26000]
..\\..\\Parameters1\\common_lib.h(36): t=1798190ms: 328-byte response headers for "http://localhost:1080/cgi-bin/welcome.pl?signOff=1" (RelFrameId=1, Internal ID=250)
..\\..\\Parameters1\\common_lib.h(36):     HTTP/1.1 200 OK\r\n
..\\..\\Parameters1\\common_lib.h(36):     Date: Thu, 18 May 2023 22:28:49 GMT\r\n
..\\..\\Parameters1\\common_lib.h(36):     Server: Apache/2.2.21 (Win32)\r\n
..\\..\\Parameters1\\common_lib.h(36):     Set-Cookie: MSO=SID&1684448929; path=/\r\n
..\\..\\Parameters1\\common_lib.h(36):     Set-Cookie: MTUserInfo=; path=/; expires=Wed, 17-May-2023 22:28:49 GMT\r\n
..\\..\\Parameters1\\common_lib.h(36):     Keep-Alive: timeout=5, max=100\r\n
..\\..\\Parameters1\\common_lib.h(36):     Connection: Keep-Alive\r\n
..\\..\\Parameters1\\common_lib.h(36):     Transfer-Encoding: chunked\r\n
..\\..\\Parameters1\\common_lib.h(36):     Content-Type: text/html; charset=ISO-8859-1\r\n
..\\..\\Parameters1\\common_lib.h(36):     \r\n
..\\..\\Parameters1\\common_lib.h(36): t=1798191ms: 5-byte chunked response overhead for "http://localhost:1080/cgi-bin/welcome.pl?signOff=1" (RelFrameId=1, Internal ID=250)
..\\..\\Parameters1\\common_lib.h(36):     2ae\r\n
..\\..\\Parameters1\\common_lib.h(36): t=1798191ms: 2-byte chunked response overhead for "http://localhost:1080/cgi-bin/welcome.pl?signOff=1" (RelFrameId=1, Internal ID=250)
..\\..\\Parameters1\\common_lib.h(36):     \r\n
..\\..\\Parameters1\\common_lib.h(36): t=1798191ms: 686-byte chunked response body for "http://localhost:1080/cgi-bin/welcome.pl?signOff=1" (RelFrameId=1, Internal ID=250)
..\\..\\Parameters1\\common_lib.h(36):     <!-- \n
..\\..\\Parameters1\\common_lib.h(36):      A Session ID has been created and loaded into a cookie called MSO.\n
..\\..\\Parameters1\\common_lib.h(36):      Also, the server options have been loaded into the cookie called\n
..\\..\\Parameters1\\common_lib.h(36):      MSO as well.  The server options can be set via the Admin page.\n
..\\..\\Parameters1\\common_lib.h(36):      --->\n
..\\..\\Parameters1\\common_lib.h(36):     \n
..\\..\\Parameters1\\common_lib.h(36):     <html>\n
..\\..\\Parameters1\\common_lib.h(36):     <title>Web Tours</title>\n
..\\..\\Parameters1\\common_lib.h(36):        <!-- Frame Set -->\n
..\\..\\Parameters1\\common_lib.h(36):        <frameset cols="160,*" border="1" frameborder="1">\n
..\\..\\Parameters1\\common_lib.h(36):           <!-- Navigation Frame -->\n
..\\..\\Parameters1\\common_lib.h(36):           <frame src="nav.pl?in=home" name="navbar" marginheight="2" marginwidth="2" \n
..\\..\\Parameters1\\common_lib.h(36):                 noresize="noresize" scrolling="auto"/>\n
..\\..\\Parameters1\\common_lib.h(36):           <!-- Home Frame -->\n
..\\..\\Parameters1\\common_lib.h(36):           <frame src="/WebTours/home.html" name="info" marginheight="2" marginwidth="2" \n
..\\..\\Parameters1\\common_lib.h(36):                 noresize="noresize" scrolling="auto"/>\n
..\\..\\Parameters1\\common_lib.h(36):        </frameset>\n
..\\..\\Parameters1\\common_lib.h(36):     </html>\n
..\\..\\Parameters1\\common_lib.h(36):     \n
..\\..\\Parameters1\\common_lib.h(36):     </body>\n
..\\..\\Parameters1\\common_lib.h(36):     </html>
..\\..\\Parameters1\\common_lib.h(36): Detected non-resource "http://localhost:1080/cgi-bin/nav.pl?in=home" in "http://localhost:1080/cgi-bin/welcome.pl?signOff=1"  	[MsgId: MMSG-26574]
..\\..\\Parameters1\\common_lib.h(36): Detected non-resource "http://localhost:1080/WebTours/home.html" in "http://localhost:1080/cgi-bin/welcome.pl?signOff=1"  	[MsgId: MMSG-26574]
..\\..\\Parameters1\\common_lib.h(36): Retrieving data from cache for "http://localhost:1080/WebTours/home.html"  	[MsgId: MMSG-26558]
..\\..\\Parameters1\\common_lib.h(36): t=1798194ms: 1361-byte response body retrieved from cache for "http://localhost:1080/WebTours/home.html" (RelFrameId=1.2, Internal ID=252)
..\\..\\Parameters1\\common_lib.h(36):     <HTML>\n
..\\..\\Parameters1\\common_lib.h(36):     <HEAD>\n
..\\..\\Parameters1\\common_lib.h(36):     \t<title>Web Tours</title>\n
..\\..\\Parameters1\\common_lib.h(36):     </HEAD>\n
..\\..\\Parameters1\\common_lib.h(36):     <style>\n
..\\..\\Parameters1\\common_lib.h(36):     \tblockquote {font-family: tahoma; font-size : 10pt}\n
..\\..\\Parameters1\\common_lib.h(36):     \tH1 {font-family: tahoma; font-size : 22pt; color: #003366}\n
..\\..\\Parameters1\\common_lib.h(36):     \tsmall {font-family: tahoma; font-size : 8pt}\n
..\\..\\Parameters1\\common_lib.h(36):     \tH3{font-family: tahoma; font-size : 10pt; color: black}\n
..\\..\\Parameters1\\common_lib.h(36):     \tA {FONT-WEIGHT: bold; FONT-SIZE: 10pt; COLOR: black; FONT-FAMILY: Tahoma; TEXT-DECORATIO
..\\..\\Parameters1\\common_lib.h(36):     N: none}\n
..\\..\\Parameters1\\common_lib.h(36):     \tA:hover{ FONT-WEIGHT: bold; FONT-SIZE: 10pt; COLOR: #993333; FONT-FAMILY: Tahoma;TEXT-DE
..\\..\\Parameters1\\common_lib.h(36):     CORATION: underline}\n
..\\..\\Parameters1\\common_lib.h(36):     \tTD {font-family: tahoma; font-size : 10pt; color: black}\n
..\\..\\Parameters1\\common_lib.h(36):     </style>\n
..\\..\\Parameters1\\common_lib.h(36):     <body bgcolor="#e0e7f1">\n
..\\..\\Parameters1\\common_lib.h(36):     <BR/>\n
..\\..\\Parameters1\\common_lib.h(36):     <BR/>\n
..\\..\\Parameters1\\common_lib.h(36):     <BR/>\n
..\\..\\Parameters1\\common_lib.h(36):     <br/>\n
..\\..\\Parameters1\\common_lib.h(36):     <table border="0">\n
..\\..\\Parameters1\\common_lib.h(36):     <tr><td></td></tr>\n
..\\..\\Parameters1\\common_lib.h(36):     <TR><TD></TD></TR>\n
..\\..\\Parameters1\\common_lib.h(36):     <TR><TD>\n
..\\..\\Parameters1\\common_lib.h(36):     <blockquote>\n
..\\..\\Parameters1\\common_lib.h(36):     <H1><b>Web Tours</b></H1>\n
..\\..\\Parameters1\\common_lib.h(36):     Welcome to the Web Tours site.\n
..\\..\\Parameters1\\common_lib.h(36):     <br/>\n
..\\..\\Parameters1\\common_lib.h(36):     To make reservations,please enter your account information to the left.\n
..\\..\\Parameters1\\common_lib.h(36):     <br/>\n
..\\..\\Parameters1\\common_lib.h(36):     If you haven't registered yet, <A href="/cgi-bin/login.pl?username=&amp;password=&amp;getI
..\\..\\Parameters1\\common_lib.h(36):     nfo=true" ><B>sign up now</B></A> to get access to all our resources.\n
..\\..\\Parameters1\\common_lib.h(36):     <br/>\n
..\\..\\Parameters1\\common_lib.h(36):     To configure the server options, use <A href="/cgi-bin/admin.pl" target="body" ><b>adminis
..\\..\\Parameters1\\common_lib.h(36):     tration</b></A> link.\n
..\\..\\Parameters1\\common_lib.h(36):     <br/><br/><br/><br/><br/><br/>\n
..\\..\\Parameters1\\common_lib.h(36):     <br/><small>\n
..\\..\\Parameters1\\common_lib.h(36):     This product uses parts of the SMT Kernel, Copyright (c) 1991-99 <A href="http://www.imati
..\\..\\Parameters1\\common_lib.h(36):     x.com" target="new"><B><small>iMatix Corporation</small></B></A> \n
..\\..\\Parameters1\\common_lib.h(36):     </small>\n
..\\..\\Parameters1\\common_lib.h(36):     </blockquote></TD>\n
..\\..\\Parameters1\\common_lib.h(36):     <TD></TD></TR>\n
..\\..\\Parameters1\\common_lib.h(36):     </table>\n
..\\..\\Parameters1\\common_lib.h(36):     </body>\n
..\\..\\Parameters1\\common_lib.h(36):     </HTML>\n
..\\..\\Parameters1\\common_lib.h(36): t=1798202ms: Connecting [1] to host 127.0.0.1:1080  	[MsgId: MMSG-26000]
..\\..\\Parameters1\\common_lib.h(36): t=1798203ms: Connected socket [1] from 127.0.0.1:46257 to 127.0.0.1:1080 in 1 ms  	[MsgId: MMSG-26000]
..\\..\\Parameters1\\common_lib.h(36): t=1798203ms: 345-byte request headers for "http://localhost:1080/cgi-bin/nav.pl?in=home" (RelFrameId=1.1, Internal ID=251)
..\\..\\Parameters1\\common_lib.h(36):     GET /cgi-bin/nav.pl?in=home HTTP/1.1\r\n
..\\..\\Parameters1\\common_lib.h(36):     Referer: http://localhost:1080/cgi-bin/welcome.pl?signOff=1\r\n
..\\..\\Parameters1\\common_lib.h(36):     User-Agent: Mozilla/5.0 (Windows NT 10.0; WOW64; Trident/7.0; rv:11.0) like Gecko\r\n
..\\..\\Parameters1\\common_lib.h(36):     Accept-Encoding: gzip, deflate\r\n
..\\..\\Parameters1\\common_lib.h(36):     Accept-Language: ru,en-US;q=0.7,en;q=0.3\r\n
..\\..\\Parameters1\\common_lib.h(36):     Accept: */*\r\n
..\\..\\Parameters1\\common_lib.h(36):     Connection: Keep-Alive\r\n
..\\..\\Parameters1\\common_lib.h(36):     Host: localhost:1080\r\n
..\\..\\Parameters1\\common_lib.h(36):     Cookie: MSO=SID&1684448929\r\n
..\\..\\Parameters1\\common_lib.h(36):     \r\n
..\\..\\Parameters1\\common_lib.h(36): t=1798220ms: 5-byte chunked response overhead for "http://localhost:1080/cgi-bin/welcome.pl?signOff=1" (RelFrameId=1, Internal ID=250)
..\\..\\Parameters1\\common_lib.h(36):     0\r\n
..\\..\\Parameters1\\common_lib.h(36):     \r\n
..\\..\\Parameters1\\common_lib.h(36): t=1798220ms: Request done "http://localhost:1080/cgi-bin/welcome.pl?signOff=1"  	[MsgId: MMSG-26000]
..\\..\\Parameters1\\common_lib.h(36): t=1798335ms: 256-byte response headers for "http://localhost:1080/cgi-bin/nav.pl?in=home" (RelFrameId=1.1, Internal ID=251)
..\\..\\Parameters1\\common_lib.h(36):     HTTP/1.1 200 OK\r\n
..\\..\\Parameters1\\common_lib.h(36):     Date: Thu, 18 May 2023 22:28:49 GMT\r\n
..\\..\\Parameters1\\common_lib.h(36):     Server: Apache/2.2.21 (Win32)\r\n
..\\..\\Parameters1\\common_lib.h(36):     Expires: Wed, 17 May 2023 22:28:49 GMT\r\n
..\\..\\Parameters1\\common_lib.h(36):     Keep-Alive: timeout=5, max=100\r\n
..\\..\\Parameters1\\common_lib.h(36):     Connection: Keep-Alive\r\n
..\\..\\Parameters1\\common_lib.h(36):     Transfer-Encoding: chunked\r\n
..\\..\\Parameters1\\common_lib.h(36):     Content-Type: text/html; charset=ISO-8859-1\r\n
..\\..\\Parameters1\\common_lib.h(36):     \r\n
..\\..\\Parameters1\\common_lib.h(36): t=1798335ms: 5-byte chunked response overhead for "http://localhost:1080/cgi-bin/nav.pl?in=home" (RelFrameId=1.1, Internal ID=251)
..\\..\\Parameters1\\common_lib.h(36):     5d2\r\n
..\\..\\Parameters1\\common_lib.h(36): t=1798336ms: 2-byte chunked response overhead for "http://localhost:1080/cgi-bin/nav.pl?in=home" (RelFrameId=1.1, Internal ID=251)
..\\..\\Parameters1\\common_lib.h(36):     \r\n
..\\..\\Parameters1\\common_lib.h(36): t=1798336ms: 1490-byte chunked response body for "http://localhost:1080/cgi-bin/nav.pl?in=home" (RelFrameId=1.1, Internal ID=251)
..\\..\\Parameters1\\common_lib.h(36):     <!DOCTYPE html\n
..\\..\\Parameters1\\common_lib.h(36):     \tPUBLIC "-//W3C//DTD XHTML 1.0 Transitional//EN"\n
..\\..\\Parameters1\\common_lib.h(36):     \t "http://www.w3.org/TR/xhtml1/DTD/xhtml1-transitional.dtd">\n
..\\..\\Parameters1\\common_lib.h(36):     <html xmlns="http://www.w3.org/1999/xhtml" lang="en-US" xml:lang="en-US">\n
..\\..\\Parameters1\\common_lib.h(36):     <head>\n
..\\..\\Parameters1\\common_lib.h(36):     <title>Web Tours Navigation Bar</title>\n
..\\..\\Parameters1\\common_lib.h(36):     <meta http-equiv="Content-Type" content="text/html; charset=iso-8859-1" />\n
..\\..\\Parameters1\\common_lib.h(36):     </head>\n
..\\..\\Parameters1\\common_lib.h(36):     <body bgcolor="#E0E7F1">\n
..\\..\\Parameters1\\common_lib.h(36):     <style>\n
..\\..\\Parameters1\\common_lib.h(36):     blockquote {font-family: tahoma; font-size : 10pt}\n
..\\..\\Parameters1\\common_lib.h(36):     H1 {font-family: tahoma; font-size : 22pt; color: #993333}\n
..\\..\\Parameters1\\common_lib.h(36):     H3 {font-family: tahoma; font-size : 10pt; color: black}\n
..\\..\\Parameters1\\common_lib.h(36):     small {font-family: tahoma; font-size : 8pt}\n
..\\..\\Parameters1\\common_lib.h(36):     </style>\n
..\\..\\Parameters1\\common_lib.h(36):     <form method="post" action="/cgi-bin/login.pl" target="body">\n
..\\..\\Parameters1\\common_lib.h(36):     <input type="hidden" name="userSession" value="136447.867881733HAVifDHpcAtVzzzHtcVVVpccDcc
..\\..\\Parameters1\\common_lib.h(36):     f"/>\n
..\\..\\Parameters1\\common_lib.h(36):     <table border="0"><tr><td>&nbsp;</td>\n
..\\..\\Parameters1\\common_lib.h(36):     <td>&nbsp;</td></tr>\n
..\\..\\Parameters1\\common_lib.h(36):     <tr><td>&nbsp;</td>\n
..\\..\\Parameters1\\common_lib.h(36):     <td>&nbsp;</td></tr>\n
..\\..\\Parameters1\\common_lib.h(36):     <tr><td>&nbsp;</td>\n
..\\..\\Parameters1\\common_lib.h(36):     <td><small>&nbsp;Username</small></td></tr>\n
..\\..\\Parameters1\\common_lib.h(36):     <tr><td>&nbsp;</td>\n
..\\..\\Parameters1\\common_lib.h(36):     <td><input type="text" name="username" value="" size="14" maxlength="14"/></td></tr>\n
..\\..\\Parameters1\\common_lib.h(36):     <tr><td>&nbsp;</td>\n
..\\..\\Parameters1\\common_lib.h(36):     <td><small>&nbsp;Password</small></td>\n
..\\..\\Parameters1\\common_lib.h(36):     <tr><td>&nbsp;</td>\n
..\\..\\Parameters1\\common_lib.h(36):     <td><input type="password" name="password" value="" size="14" maxlength="14"/></td></tr>\n
..\\..\\Parameters1\\common_lib.h(36):     <tr><td>&nbsp;</td>\n
..\\..\\Parameters1\\common_lib.h(36):     <td>&nbsp;</td></tr>\n
..\\..\\Parameters1\\common_lib.h(36):     <tr><td>&nbsp;</td>\n
..\\..\\Parameters1\\common_lib.h(36):     <td><input type="image" name="login" value="Login" alt="Login" border="1" \n
..\\..\\Parameters1\\common_lib.h(36):     src="/WebTours/images/mer_login.gif"/></td></tr>\n
..\\..\\Parameters1\\common_lib.h(36):     <tr><td>&nbsp;</td><td>&nbsp;</td></tr>\n
..\\..\\Parameters1\\common_lib.h(36):     </table><input type="hidden" name="JSFormSubmit" value="off"/>\n
..\\..\\Parameters1\\common_lib.h(36):     </form>\n
..\\..\\Parameters1\\common_lib.h(36):     \n
..\\..\\Parameters1\\common_lib.h(36):     </body>\n
..\\..\\Parameters1\\common_lib.h(36):     </html>\n
..\\..\\Parameters1\\common_lib.h(36): Resource "http://localhost:1080/WebTours/images/mer_login.gif" is in the cache already and will not be downloaded again  	[MsgId: MMSG-26655]
..\\..\\Parameters1\\common_lib.h(36): t=1798340ms: 5-byte chunked response overhead for "http://localhost:1080/cgi-bin/nav.pl?in=home" (RelFrameId=1.1, Internal ID=251)
..\\..\\Parameters1\\common_lib.h(36):     0\r\n
..\\..\\Parameters1\\common_lib.h(36):     \r\n
..\\..\\Parameters1\\common_lib.h(36): t=1798340ms: Request done "http://localhost:1080/cgi-bin/nav.pl?in=home"  	[MsgId: MMSG-26000]
..\\..\\Parameters1\\common_lib.h(36): Registered web_reg_find successful for "Text=Web Tours" (count=5)  	[MsgId: MMSG-26364]
..\\..\\Parameters1\\common_lib.h(36): web_url("SignOff Button") was successful, 2176 body bytes, 584 header bytes, 24 chunking overhead bytes  	[MsgId: MMSG-26385]
..\\..\\Parameters1\\common_lib.h(45): Notify: Transaction "signOut" ended with a "Pass" status (Duration: 0,3099 Wasted Time: 0,0000).	[MsgId: MMSG-16871]
Action.c(187): Notify: Transaction "UC1_BuyTicket" ended with a "Pass" status (Duration: 160,3838 Think Time: 158,1664 Wasted Time: 0,0127).	[MsgId: MMSG-16870]
Ending action Action.	[MsgId: MMSG-15918]
Action was aborted.	[MsgId: MMSG-10694]
Ending Vuser...	[MsgId: MMSG-15966]
Starting action vuser_end.	[MsgId: MMSG-15919]
Ending action vuser_end.	[MsgId: MMSG-15918]
Vuser Terminated.	[MsgId: MMSG-15963]
t=1798342ms: Closed connection [0] to localhost:1080 after completing 1 request(s)  	[MsgId: MMSG-26000]
t=1798342ms: Closed connection [1] to localhost:1080 after completing 1 request(s)  	[MsgId: MMSG-26000]
HTML-Mode memory management statistics: Reusable=6, NonReusable=0, CsMemBlockSize=4096, checks disabled  	[MsgId: MMSG-26000]
Vuser 2 (thread 699360), ended OK."	[MsgId: MMSG-10695]
..\\..\\Parameters1\\common_lib.h(32): Notify: Transaction "signOut" started.	[MsgId: MMSG-16999]
..\\..\\Parameters1\\common_lib.h(34): web_reg_find started  	[MsgId: MMSG-26355]
..\\..\\Parameters1\\common_lib.h(34): Registering web_reg_find was successful  	[MsgId: MMSG-26390]
..\\..\\Parameters1\\common_lib.h(36): web_url("SignOff Button") started  	[MsgId: MMSG-26355]
..\\..\\Parameters1\\common_lib.h(36): t=1827403ms: Closed connection [0] to localhost:1080 after completing 1 request(s)  	[MsgId: MMSG-26000]
..\\..\\Parameters1\\common_lib.h(36): t=1827403ms: Connecting [0] to host 127.0.0.1:1080  	[MsgId: MMSG-26000]
..\\..\\Parameters1\\common_lib.h(36): t=1827405ms: Connected socket [0] from 127.0.0.1:46444 to 127.0.0.1:1080 in 1 ms  	[MsgId: MMSG-26000]
..\\..\\Parameters1\\common_lib.h(36): t=1827405ms: 457-byte request headers for "http://localhost:1080/cgi-bin/welcome.pl?signOff=1" (RelFrameId=1, Internal ID=250)
..\\..\\Parameters1\\common_lib.h(36):     GET /cgi-bin/welcome.pl?signOff=1 HTTP/1.1\r\n
..\\..\\Parameters1\\common_lib.h(36):     Referer: http://localhost:1080/cgi-bin/nav.pl?page=menu&in=flights\r\n
..\\..\\Parameters1\\common_lib.h(36):     User-Agent: Mozilla/5.0 (Windows NT 10.0; WOW64; Trident/7.0; rv:11.0) like Gecko\r\n
..\\..\\Parameters1\\common_lib.h(36):     Accept-Encoding: gzip, deflate\r\n
..\\..\\Parameters1\\common_lib.h(36):     Accept-Language: ru,en-US;q=0.7,en;q=0.3\r\n
..\\..\\Parameters1\\common_lib.h(36):     Accept: */*\r\n
..\\..\\Parameters1\\common_lib.h(36):     Connection: Keep-Alive\r\n
..\\..\\Parameters1\\common_lib.h(36):     Host: localhost:1080\r\n
..\\..\\Parameters1\\common_lib.h(36):     Cookie: MSO=SID&1684448799; MTUserInfo=firstName&Mina&username&mina&address2&243939&hash&3
..\\..\\Parameters1\\common_lib.h(36):     3&address1&Moscow8&lastName&Pina%0A\r\n
..\\..\\Parameters1\\common_lib.h(36):     \r\n
..\\..\\Parameters1\\common_lib.h(36): t=1827407ms: Inactive socket [1] was closed by localhost:1080, probably due to Keep-Alive timeout  	[MsgId: MMSG-26000]
..\\..\\Parameters1\\common_lib.h(36): t=1827407ms: Closed connection [1] to localhost:1080 after completing 1 request(s)  	[MsgId: MMSG-26000]
..\\..\\Parameters1\\common_lib.h(36): t=1827540ms: 328-byte response headers for "http://localhost:1080/cgi-bin/welcome.pl?signOff=1" (RelFrameId=1, Internal ID=250)
..\\..\\Parameters1\\common_lib.h(36):     HTTP/1.1 200 OK\r\n
..\\..\\Parameters1\\common_lib.h(36):     Date: Thu, 18 May 2023 22:29:18 GMT\r\n
..\\..\\Parameters1\\common_lib.h(36):     Server: Apache/2.2.21 (Win32)\r\n
..\\..\\Parameters1\\common_lib.h(36):     Set-Cookie: MSO=SID&1684448958; path=/\r\n
..\\..\\Parameters1\\common_lib.h(36):     Set-Cookie: MTUserInfo=; path=/; expires=Wed, 17-May-2023 22:29:18 GMT\r\n
..\\..\\Parameters1\\common_lib.h(36):     Keep-Alive: timeout=5, max=100\r\n
..\\..\\Parameters1\\common_lib.h(36):     Connection: Keep-Alive\r\n
..\\..\\Parameters1\\common_lib.h(36):     Transfer-Encoding: chunked\r\n
..\\..\\Parameters1\\common_lib.h(36):     Content-Type: text/html; charset=ISO-8859-1\r\n
..\\..\\Parameters1\\common_lib.h(36):     \r\n
..\\..\\Parameters1\\common_lib.h(36): t=1827541ms: 5-byte chunked response overhead for "http://localhost:1080/cgi-bin/welcome.pl?signOff=1" (RelFrameId=1, Internal ID=250)
..\\..\\Parameters1\\common_lib.h(36):     2ae\r\n
..\\..\\Parameters1\\common_lib.h(36): t=1827541ms: 2-byte chunked response overhead for "http://localhost:1080/cgi-bin/welcome.pl?signOff=1" (RelFrameId=1, Internal ID=250)
..\\..\\Parameters1\\common_lib.h(36):     \r\n
..\\..\\Parameters1\\common_lib.h(36): t=1827541ms: 686-byte chunked response body for "http://localhost:1080/cgi-bin/welcome.pl?signOff=1" (RelFrameId=1, Internal ID=250)
..\\..\\Parameters1\\common_lib.h(36):     <!-- \n
..\\..\\Parameters1\\common_lib.h(36):      A Session ID has been created and loaded into a cookie called MSO.\n
..\\..\\Parameters1\\common_lib.h(36):      Also, the server options have been loaded into the cookie called\n
..\\..\\Parameters1\\common_lib.h(36):      MSO as well.  The server options can be set via the Admin page.\n
..\\..\\Parameters1\\common_lib.h(36):      --->\n
..\\..\\Parameters1\\common_lib.h(36):     \n
..\\..\\Parameters1\\common_lib.h(36):     <html>\n
..\\..\\Parameters1\\common_lib.h(36):     <title>Web Tours</title>\n
..\\..\\Parameters1\\common_lib.h(36):        <!-- Frame Set -->\n
..\\..\\Parameters1\\common_lib.h(36):        <frameset cols="160,*" border="1" frameborder="1">\n
..\\..\\Parameters1\\common_lib.h(36):           <!-- Navigation Frame -->\n
..\\..\\Parameters1\\common_lib.h(36):           <frame src="nav.pl?in=home" name="navbar" marginheight="2" marginwidth="2" \n
..\\..\\Parameters1\\common_lib.h(36):                 noresize="noresize" scrolling="auto"/>\n
..\\..\\Parameters1\\common_lib.h(36):           <!-- Home Frame -->\n
..\\..\\Parameters1\\common_lib.h(36):           <frame src="/WebTours/home.html" name="info" marginheight="2" marginwidth="2" \n
..\\..\\Parameters1\\common_lib.h(36):                 noresize="noresize" scrolling="auto"/>\n
..\\..\\Parameters1\\common_lib.h(36):        </frameset>\n
..\\..\\Parameters1\\common_lib.h(36):     </html>\n
..\\..\\Parameters1\\common_lib.h(36):     \n
..\\..\\Parameters1\\common_lib.h(36):     </body>\n
..\\..\\Parameters1\\common_lib.h(36):     </html>
..\\..\\Parameters1\\common_lib.h(36): Detected non-resource "http://localhost:1080/cgi-bin/nav.pl?in=home" in "http://localhost:1080/cgi-bin/welcome.pl?signOff=1"  	[MsgId: MMSG-26574]
..\\..\\Parameters1\\common_lib.h(36): Detected non-resource "http://localhost:1080/WebTours/home.html" in "http://localhost:1080/cgi-bin/welcome.pl?signOff=1"  	[MsgId: MMSG-26574]
..\\..\\Parameters1\\common_lib.h(36): Retrieving data from cache for "http://localhost:1080/WebTours/home.html"  	[MsgId: MMSG-26558]
..\\..\\Parameters1\\common_lib.h(36): t=1827544ms: 1361-byte response body retrieved from cache for "http://localhost:1080/WebTours/home.html" (RelFrameId=1.2, Internal ID=252)
..\\..\\Parameters1\\common_lib.h(36):     <HTML>\n
..\\..\\Parameters1\\common_lib.h(36):     <HEAD>\n
..\\..\\Parameters1\\common_lib.h(36):     \t<title>Web Tours</title>\n
..\\..\\Parameters1\\common_lib.h(36):     </HEAD>\n
..\\..\\Parameters1\\common_lib.h(36):     <style>\n
..\\..\\Parameters1\\common_lib.h(36):     \tblockquote {font-family: tahoma; font-size : 10pt}\n
..\\..\\Parameters1\\common_lib.h(36):     \tH1 {font-family: tahoma; font-size : 22pt; color: #003366}\n
..\\..\\Parameters1\\common_lib.h(36):     \tsmall {font-family: tahoma; font-size : 8pt}\n
..\\..\\Parameters1\\common_lib.h(36):     \tH3{font-family: tahoma; font-size : 10pt; color: black}\n
..\\..\\Parameters1\\common_lib.h(36):     \tA {FONT-WEIGHT: bold; FONT-SIZE: 10pt; COLOR: black; FONT-FAMILY: Tahoma; TEXT-DECORATIO
..\\..\\Parameters1\\common_lib.h(36):     N: none}\n
..\\..\\Parameters1\\common_lib.h(36):     \tA:hover{ FONT-WEIGHT: bold; FONT-SIZE: 10pt; COLOR: #993333; FONT-FAMILY: Tahoma;TEXT-DE
..\\..\\Parameters1\\common_lib.h(36):     CORATION: underline}\n
..\\..\\Parameters1\\common_lib.h(36):     \tTD {font-family: tahoma; font-size : 10pt; color: black}\n
..\\..\\Parameters1\\common_lib.h(36):     </style>\n
..\\..\\Parameters1\\common_lib.h(36):     <body bgcolor="#e0e7f1">\n
..\\..\\Parameters1\\common_lib.h(36):     <BR/>\n
..\\..\\Parameters1\\common_lib.h(36):     <BR/>\n
..\\..\\Parameters1\\common_lib.h(36):     <BR/>\n
..\\..\\Parameters1\\common_lib.h(36):     <br/>\n
..\\..\\Parameters1\\common_lib.h(36):     <table border="0">\n
..\\..\\Parameters1\\common_lib.h(36):     <tr><td></td></tr>\n
..\\..\\Parameters1\\common_lib.h(36):     <TR><TD></TD></TR>\n
..\\..\\Parameters1\\common_lib.h(36):     <TR><TD>\n
..\\..\\Parameters1\\common_lib.h(36):     <blockquote>\n
..\\..\\Parameters1\\common_lib.h(36):     <H1><b>Web Tours</b></H1>\n
..\\..\\Parameters1\\common_lib.h(36):     Welcome to the Web Tours site.\n
..\\..\\Parameters1\\common_lib.h(36):     <br/>\n
..\\..\\Parameters1\\common_lib.h(36):     To make reservations,please enter your account information to the left.\n
..\\..\\Parameters1\\common_lib.h(36):     <br/>\n
..\\..\\Parameters1\\common_lib.h(36):     If you haven't registered yet, <A href="/cgi-bin/login.pl?username=&amp;password=&amp;getI
..\\..\\Parameters1\\common_lib.h(36):     nfo=true" ><B>sign up now</B></A> to get access to all our resources.\n
..\\..\\Parameters1\\common_lib.h(36):     <br/>\n
..\\..\\Parameters1\\common_lib.h(36):     To configure the server options, use <A href="/cgi-bin/admin.pl" target="body" ><b>adminis
..\\..\\Parameters1\\common_lib.h(36):     tration</b></A> link.\n
..\\..\\Parameters1\\common_lib.h(36):     <br/><br/><br/><br/><br/><br/>\n
..\\..\\Parameters1\\common_lib.h(36):     <br/><small>\n
..\\..\\Parameters1\\common_lib.h(36):     This product uses parts of the SMT Kernel, Copyright (c) 1991-99 <A href="http://www.imati
..\\..\\Parameters1\\common_lib.h(36):     x.com" target="new"><B><small>iMatix Corporation</small></B></A> \n
..\\..\\Parameters1\\common_lib.h(36):     </small>\n
..\\..\\Parameters1\\common_lib.h(36):     </blockquote></TD>\n
..\\..\\Parameters1\\common_lib.h(36):     <TD></TD></TR>\n
..\\..\\Parameters1\\common_lib.h(36):     </table>\n
..\\..\\Parameters1\\common_lib.h(36):     </body>\n
..\\..\\Parameters1\\common_lib.h(36):     </HTML>\n
..\\..\\Parameters1\\common_lib.h(36): t=1827547ms: Connecting [1] to host 127.0.0.1:1080  	[MsgId: MMSG-26000]
..\\..\\Parameters1\\common_lib.h(36): t=1827548ms: Connected socket [1] from 127.0.0.1:46445 to 127.0.0.1:1080 in 1 ms  	[MsgId: MMSG-26000]
..\\..\\Parameters1\\common_lib.h(36): t=1827548ms: 345-byte request headers for "http://localhost:1080/cgi-bin/nav.pl?in=home" (RelFrameId=1.1, Internal ID=251)
..\\..\\Parameters1\\common_lib.h(36):     GET /cgi-bin/nav.pl?in=home HTTP/1.1\r\n
..\\..\\Parameters1\\common_lib.h(36):     Referer: http://localhost:1080/cgi-bin/welcome.pl?signOff=1\r\n
..\\..\\Parameters1\\common_lib.h(36):     User-Agent: Mozilla/5.0 (Windows NT 10.0; WOW64; Trident/7.0; rv:11.0) like Gecko\r\n
..\\..\\Parameters1\\common_lib.h(36):     Accept-Encoding: gzip, deflate\r\n
..\\..\\Parameters1\\common_lib.h(36):     Accept-Language: ru,en-US;q=0.7,en;q=0.3\r\n
..\\..\\Parameters1\\common_lib.h(36):     Accept: */*\r\n
..\\..\\Parameters1\\common_lib.h(36):     Connection: Keep-Alive\r\n
..\\..\\Parameters1\\common_lib.h(36):     Host: localhost:1080\r\n
..\\..\\Parameters1\\common_lib.h(36):     Cookie: MSO=SID&1684448958\r\n
..\\..\\Parameters1\\common_lib.h(36):     \r\n
..\\..\\Parameters1\\common_lib.h(36): t=1827562ms: 5-byte chunked response overhead for "http://localhost:1080/cgi-bin/welcome.pl?signOff=1" (RelFrameId=1, Internal ID=250)
..\\..\\Parameters1\\common_lib.h(36):     0\r\n
..\\..\\Parameters1\\common_lib.h(36):     \r\n
..\\..\\Parameters1\\common_lib.h(36): t=1827562ms: Request done "http://localhost:1080/cgi-bin/welcome.pl?signOff=1"  	[MsgId: MMSG-26000]
..\\..\\Parameters1\\common_lib.h(36): t=1827671ms: 256-byte response headers for "http://localhost:1080/cgi-bin/nav.pl?in=home" (RelFrameId=1.1, Internal ID=251)
..\\..\\Parameters1\\common_lib.h(36):     HTTP/1.1 200 OK\r\n
..\\..\\Parameters1\\common_lib.h(36):     Date: Thu, 18 May 2023 22:29:18 GMT\r\n
..\\..\\Parameters1\\common_lib.h(36):     Server: Apache/2.2.21 (Win32)\r\n
..\\..\\Parameters1\\common_lib.h(36):     Expires: Wed, 17 May 2023 22:29:19 GMT\r\n
..\\..\\Parameters1\\common_lib.h(36):     Keep-Alive: timeout=5, max=100\r\n
..\\..\\Parameters1\\common_lib.h(36):     Connection: Keep-Alive\r\n
..\\..\\Parameters1\\common_lib.h(36):     Transfer-Encoding: chunked\r\n
..\\..\\Parameters1\\common_lib.h(36):     Content-Type: text/html; charset=ISO-8859-1\r\n
..\\..\\Parameters1\\common_lib.h(36):     \r\n
..\\..\\Parameters1\\common_lib.h(36): t=1827672ms: 5-byte chunked response overhead for "http://localhost:1080/cgi-bin/nav.pl?in=home" (RelFrameId=1.1, Internal ID=251)
..\\..\\Parameters1\\common_lib.h(36):     5cc\r\n
..\\..\\Parameters1\\common_lib.h(36): t=1827672ms: 2-byte chunked response overhead for "http://localhost:1080/cgi-bin/nav.pl?in=home" (RelFrameId=1.1, Internal ID=251)
..\\..\\Parameters1\\common_lib.h(36):     \r\n
..\\..\\Parameters1\\common_lib.h(36): t=1827672ms: 1484-byte chunked response body for "http://localhost:1080/cgi-bin/nav.pl?in=home" (RelFrameId=1.1, Internal ID=251)
..\\..\\Parameters1\\common_lib.h(36):     <!DOCTYPE html\n
..\\..\\Parameters1\\common_lib.h(36):     \tPUBLIC "-//W3C//DTD XHTML 1.0 Transitional//EN"\n
..\\..\\Parameters1\\common_lib.h(36):     \t "http://www.w3.org/TR/xhtml1/DTD/xhtml1-transitional.dtd">\n
..\\..\\Parameters1\\common_lib.h(36):     <html xmlns="http://www.w3.org/1999/xhtml" lang="en-US" xml:lang="en-US">\n
..\\..\\Parameters1\\common_lib.h(36):     <head>\n
..\\..\\Parameters1\\common_lib.h(36):     <title>Web Tours Navigation Bar</title>\n
..\\..\\Parameters1\\common_lib.h(36):     <meta http-equiv="Content-Type" content="text/html; charset=iso-8859-1" />\n
..\\..\\Parameters1\\common_lib.h(36):     </head>\n
..\\..\\Parameters1\\common_lib.h(36):     <body bgcolor="#E0E7F1">\n
..\\..\\Parameters1\\common_lib.h(36):     <style>\n
..\\..\\Parameters1\\common_lib.h(36):     blockquote {font-family: tahoma; font-size : 10pt}\n
..\\..\\Parameters1\\common_lib.h(36):     H1 {font-family: tahoma; font-size : 22pt; color: #993333}\n
..\\..\\Parameters1\\common_lib.h(36):     H3 {font-family: tahoma; font-size : 10pt; color: black}\n
..\\..\\Parameters1\\common_lib.h(36):     small {font-family: tahoma; font-size : 8pt}\n
..\\..\\Parameters1\\common_lib.h(36):     </style>\n
..\\..\\Parameters1\\common_lib.h(36):     <form method="post" action="/cgi-bin/login.pl" target="body">\n
..\\..\\Parameters1\\common_lib.h(36):     <input type="hidden" name="userSession" value="136447.870230863HAVifDHpDcftcVVVpccDQf"/>\n
..\\..\\Parameters1\\common_lib.h(36):     <table border="0"><tr><td>&nbsp;</td>\n
..\\..\\Parameters1\\common_lib.h(36):     <td>&nbsp;</td></tr>\n
..\\..\\Parameters1\\common_lib.h(36):     <tr><td>&nbsp;</td>\n
..\\..\\Parameters1\\common_lib.h(36):     <td>&nbsp;</td></tr>\n
..\\..\\Parameters1\\common_lib.h(36):     <tr><td>&nbsp;</td>\n
..\\..\\Parameters1\\common_lib.h(36):     <td><small>&nbsp;Username</small></td></tr>\n
..\\..\\Parameters1\\common_lib.h(36):     <tr><td>&nbsp;</td>\n
..\\..\\Parameters1\\common_lib.h(36):     <td><input type="text" name="username" value="" size="14" maxlength="14"/></td></tr>\n
..\\..\\Parameters1\\common_lib.h(36):     <tr><td>&nbsp;</td>\n
..\\..\\Parameters1\\common_lib.h(36):     <td><small>&nbsp;Password</small></td>\n
..\\..\\Parameters1\\common_lib.h(36):     <tr><td>&nbsp;</td>\n
..\\..\\Parameters1\\common_lib.h(36):     <td><input type="password" name="password" value="" size="14" maxlength="14"/></td></tr>\n
..\\..\\Parameters1\\common_lib.h(36):     <tr><td>&nbsp;</td>\n
..\\..\\Parameters1\\common_lib.h(36):     <td>&nbsp;</td></tr>\n
..\\..\\Parameters1\\common_lib.h(36):     <tr><td>&nbsp;</td>\n
..\\..\\Parameters1\\common_lib.h(36):     <td><input type="image" name="login" value="Login" alt="Login" border="1" \n
..\\..\\Parameters1\\common_lib.h(36):     src="/WebTours/images/mer_login.gif"/></td></tr>\n
..\\..\\Parameters1\\common_lib.h(36):     <tr><td>&nbsp;</td><td>&nbsp;</td></tr>\n
..\\..\\Parameters1\\common_lib.h(36):     </table><input type="hidden" name="JSFormSubmit" value="off"/>\n
..\\..\\Parameters1\\common_lib.h(36):     </form>\n
..\\..\\Parameters1\\common_lib.h(36):     \n
..\\..\\Parameters1\\common_lib.h(36):     </body>\n
..\\..\\Parameters1\\common_lib.h(36):     </html>\n
..\\..\\Parameters1\\common_lib.h(36): Resource "http://localhost:1080/WebTours/images/mer_login.gif" is in the cache already and will not be downloaded again  	[MsgId: MMSG-26655]
..\\..\\Parameters1\\common_lib.h(36): t=1827676ms: 5-byte chunked response overhead for "http://localhost:1080/cgi-bin/nav.pl?in=home" (RelFrameId=1.1, Internal ID=251)
..\\..\\Parameters1\\common_lib.h(36):     0\r\n
..\\..\\Parameters1\\common_lib.h(36):     \r\n
..\\..\\Parameters1\\common_lib.h(36): t=1827677ms: Request done "http://localhost:1080/cgi-bin/nav.pl?in=home"  	[MsgId: MMSG-26000]
..\\..\\Parameters1\\common_lib.h(36): Registered web_reg_find successful for "Text=Web Tours" (count=5)  	[MsgId: MMSG-26364]
..\\..\\Parameters1\\common_lib.h(36): web_url("SignOff Button") was successful, 2170 body bytes, 584 header bytes, 24 chunking overhead bytes  	[MsgId: MMSG-26385]
..\\..\\Parameters1\\common_lib.h(45): Notify: Transaction "signOut" ended with a "Pass" status (Duration: 0,2756 Wasted Time: 0,0000).	[MsgId: MMSG-16871]
Action.c(187): Notify: Transaction "UC1_BuyTicket" ended with a "Pass" status (Duration: 160,2211 Think Time: 158,0453 Wasted Time: 0,0029).	[MsgId: MMSG-16870]
Ending action Action.	[MsgId: MMSG-15918]
Action was aborted.	[MsgId: MMSG-10694]
Ending Vuser...	[MsgId: MMSG-15966]
Starting action vuser_end.	[MsgId: MMSG-15919]
Ending action vuser_end.	[MsgId: MMSG-15918]
Vuser Terminated.	[MsgId: MMSG-15963]
t=1827678ms: Closed connection [0] to localhost:1080 after completing 1 request(s)  	[MsgId: MMSG-26000]
t=1827678ms: Closed connection [1] to localhost:1080 after completing 1 request(s)  	[MsgId: MMSG-26000]
HTML-Mode memory management statistics: Reusable=6, NonReusable=0, CsMemBlockSize=4096, checks disabled  	[MsgId: MMSG-26000]
Vuser 3 (thread 698388), ended OK."	[MsgId: MMSG-10695]
..\\..\\Parameters1\\common_lib.h(32): Notify: Transaction "signOut" started.	[MsgId: MMSG-16999]
..\\..\\Parameters1\\common_lib.h(34): web_reg_find started  	[MsgId: MMSG-26355]
..\\..\\Parameters1\\common_lib.h(34): Registering web_reg_find was successful  	[MsgId: MMSG-26390]
..\\..\\Parameters1\\common_lib.h(36): web_url("SignOff Button") started  	[MsgId: MMSG-26355]
..\\..\\Parameters1\\common_lib.h(36): t=1834261ms: Closed connection [0] to localhost:1080 after completing 1 request(s)  	[MsgId: MMSG-26000]
..\\..\\Parameters1\\common_lib.h(36): t=1834262ms: Connecting [0] to host 127.0.0.1:1080  	[MsgId: MMSG-26000]
..\\..\\Parameters1\\common_lib.h(36): t=1834264ms: Connected socket [0] from 127.0.0.1:46465 to 127.0.0.1:1080 in 2 ms  	[MsgId: MMSG-26000]
..\\..\\Parameters1\\common_lib.h(36): t=1834264ms: 457-byte request headers for "http://localhost:1080/cgi-bin/welcome.pl?signOff=1" (RelFrameId=1, Internal ID=194)
..\\..\\Parameters1\\common_lib.h(36):     GET /cgi-bin/welcome.pl?signOff=1 HTTP/1.1\r\n
..\\..\\Parameters1\\common_lib.h(36):     Referer: http://localhost:1080/cgi-bin/nav.pl?page=menu&in=flights\r\n
..\\..\\Parameters1\\common_lib.h(36):     User-Agent: Mozilla/5.0 (Windows NT 10.0; WOW64; Trident/7.0; rv:11.0) like Gecko\r\n
..\\..\\Parameters1\\common_lib.h(36):     Accept-Encoding: gzip, deflate\r\n
..\\..\\Parameters1\\common_lib.h(36):     Accept-Language: ru,en-US;q=0.7,en;q=0.3\r\n
..\\..\\Parameters1\\common_lib.h(36):     Accept: */*\r\n
..\\..\\Parameters1\\common_lib.h(36):     Connection: Keep-Alive\r\n
..\\..\\Parameters1\\common_lib.h(36):     Host: localhost:1080\r\n
..\\..\\Parameters1\\common_lib.h(36):     Cookie: MSO=SID&1684448805; MTUserInfo=firstName&Giga&username&giga&address2&271303&hash&1
..\\..\\Parameters1\\common_lib.h(36):     &address1&Moscow10&lastName&Chad%0A\r\n
..\\..\\Parameters1\\common_lib.h(36):     \r\n
..\\..\\Parameters1\\common_lib.h(36): t=1834266ms: Inactive socket [1] was closed by localhost:1080, probably due to Keep-Alive timeout  	[MsgId: MMSG-26000]
..\\..\\Parameters1\\common_lib.h(36): t=1834266ms: Closed connection [1] to localhost:1080 after completing 1 request(s)  	[MsgId: MMSG-26000]
..\\..\\Parameters1\\common_lib.h(36): t=1834409ms: 328-byte response headers for "http://localhost:1080/cgi-bin/welcome.pl?signOff=1" (RelFrameId=1, Internal ID=194)
..\\..\\Parameters1\\common_lib.h(36):     HTTP/1.1 200 OK\r\n
..\\..\\Parameters1\\common_lib.h(36):     Date: Thu, 18 May 2023 22:29:25 GMT\r\n
..\\..\\Parameters1\\common_lib.h(36):     Server: Apache/2.2.21 (Win32)\r\n
..\\..\\Parameters1\\common_lib.h(36):     Set-Cookie: MSO=SID&1684448965; path=/\r\n
..\\..\\Parameters1\\common_lib.h(36):     Set-Cookie: MTUserInfo=; path=/; expires=Wed, 17-May-2023 22:29:25 GMT\r\n
..\\..\\Parameters1\\common_lib.h(36):     Keep-Alive: timeout=5, max=100\r\n
..\\..\\Parameters1\\common_lib.h(36):     Connection: Keep-Alive\r\n
..\\..\\Parameters1\\common_lib.h(36):     Transfer-Encoding: chunked\r\n
..\\..\\Parameters1\\common_lib.h(36):     Content-Type: text/html; charset=ISO-8859-1\r\n
..\\..\\Parameters1\\common_lib.h(36):     \r\n
..\\..\\Parameters1\\common_lib.h(36): t=1834409ms: 5-byte chunked response overhead for "http://localhost:1080/cgi-bin/welcome.pl?signOff=1" (RelFrameId=1, Internal ID=194)
..\\..\\Parameters1\\common_lib.h(36):     2ae\r\n
..\\..\\Parameters1\\common_lib.h(36): t=1834410ms: 2-byte chunked response overhead for "http://localhost:1080/cgi-bin/welcome.pl?signOff=1" (RelFrameId=1, Internal ID=194)
..\\..\\Parameters1\\common_lib.h(36):     \r\n
..\\..\\Parameters1\\common_lib.h(36): t=1834410ms: 686-byte chunked response body for "http://localhost:1080/cgi-bin/welcome.pl?signOff=1" (RelFrameId=1, Internal ID=194)
..\\..\\Parameters1\\common_lib.h(36):     <!-- \n
..\\..\\Parameters1\\common_lib.h(36):      A Session ID has been created and loaded into a cookie called MSO.\n
..\\..\\Parameters1\\common_lib.h(36):      Also, the server options have been loaded into the cookie called\n
..\\..\\Parameters1\\common_lib.h(36):      MSO as well.  The server options can be set via the Admin page.\n
..\\..\\Parameters1\\common_lib.h(36):      --->\n
..\\..\\Parameters1\\common_lib.h(36):     \n
..\\..\\Parameters1\\common_lib.h(36):     <html>\n
..\\..\\Parameters1\\common_lib.h(36):     <title>Web Tours</title>\n
..\\..\\Parameters1\\common_lib.h(36):        <!-- Frame Set -->\n
..\\..\\Parameters1\\common_lib.h(36):        <frameset cols="160,*" border="1" frameborder="1">\n
..\\..\\Parameters1\\common_lib.h(36):           <!-- Navigation Frame -->\n
..\\..\\Parameters1\\common_lib.h(36):           <frame src="nav.pl?in=home" name="navbar" marginheight="2" marginwidth="2" \n
..\\..\\Parameters1\\common_lib.h(36):                 noresize="noresize" scrolling="auto"/>\n
..\\..\\Parameters1\\common_lib.h(36):           <!-- Home Frame -->\n
..\\..\\Parameters1\\common_lib.h(36):           <frame src="/WebTours/home.html" name="info" marginheight="2" marginwidth="2" \n
..\\..\\Parameters1\\common_lib.h(36):                 noresize="noresize" scrolling="auto"/>\n
..\\..\\Parameters1\\common_lib.h(36):        </frameset>\n
..\\..\\Parameters1\\common_lib.h(36):     </html>\n
..\\..\\Parameters1\\common_lib.h(36):     \n
..\\..\\Parameters1\\common_lib.h(36):     </body>\n
..\\..\\Parameters1\\common_lib.h(36):     </html>
..\\..\\Parameters1\\common_lib.h(36): Detected non-resource "http://localhost:1080/cgi-bin/nav.pl?in=home" in "http://localhost:1080/cgi-bin/welcome.pl?signOff=1"  	[MsgId: MMSG-26574]
..\\..\\Parameters1\\common_lib.h(36): Detected non-resource "http://localhost:1080/WebTours/home.html" in "http://localhost:1080/cgi-bin/welcome.pl?signOff=1"  	[MsgId: MMSG-26574]
..\\..\\Parameters1\\common_lib.h(36): Retrieving data from cache for "http://localhost:1080/WebTours/home.html"  	[MsgId: MMSG-26558]
..\\..\\Parameters1\\common_lib.h(36): t=1834412ms: 1361-byte response body retrieved from cache for "http://localhost:1080/WebTours/home.html" (RelFrameId=1.2, Internal ID=196)
..\\..\\Parameters1\\common_lib.h(36):     <HTML>\n
..\\..\\Parameters1\\common_lib.h(36):     <HEAD>\n
..\\..\\Parameters1\\common_lib.h(36):     \t<title>Web Tours</title>\n
..\\..\\Parameters1\\common_lib.h(36):     </HEAD>\n
..\\..\\Parameters1\\common_lib.h(36):     <style>\n
..\\..\\Parameters1\\common_lib.h(36):     \tblockquote {font-family: tahoma; font-size : 10pt}\n
..\\..\\Parameters1\\common_lib.h(36):     \tH1 {font-family: tahoma; font-size : 22pt; color: #003366}\n
..\\..\\Parameters1\\common_lib.h(36):     \tsmall {font-family: tahoma; font-size : 8pt}\n
..\\..\\Parameters1\\common_lib.h(36):     \tH3{font-family: tahoma; font-size : 10pt; color: black}\n
..\\..\\Parameters1\\common_lib.h(36):     \tA {FONT-WEIGHT: bold; FONT-SIZE: 10pt; COLOR: black; FONT-FAMILY: Tahoma; TEXT-DECORATIO
..\\..\\Parameters1\\common_lib.h(36):     N: none}\n
..\\..\\Parameters1\\common_lib.h(36):     \tA:hover{ FONT-WEIGHT: bold; FONT-SIZE: 10pt; COLOR: #993333; FONT-FAMILY: Tahoma;TEXT-DE
..\\..\\Parameters1\\common_lib.h(36):     CORATION: underline}\n
..\\..\\Parameters1\\common_lib.h(36):     \tTD {font-family: tahoma; font-size : 10pt; color: black}\n
..\\..\\Parameters1\\common_lib.h(36):     </style>\n
..\\..\\Parameters1\\common_lib.h(36):     <body bgcolor="#e0e7f1">\n
..\\..\\Parameters1\\common_lib.h(36):     <BR/>\n
..\\..\\Parameters1\\common_lib.h(36):     <BR/>\n
..\\..\\Parameters1\\common_lib.h(36):     <BR/>\n
..\\..\\Parameters1\\common_lib.h(36):     <br/>\n
..\\..\\Parameters1\\common_lib.h(36):     <table border="0">\n
..\\..\\Parameters1\\common_lib.h(36):     <tr><td></td></tr>\n
..\\..\\Parameters1\\common_lib.h(36):     <TR><TD></TD></TR>\n
..\\..\\Parameters1\\common_lib.h(36):     <TR><TD>\n
..\\..\\Parameters1\\common_lib.h(36):     <blockquote>\n
..\\..\\Parameters1\\common_lib.h(36):     <H1><b>Web Tours</b></H1>\n
..\\..\\Parameters1\\common_lib.h(36):     Welcome to the Web Tours site.\n
..\\..\\Parameters1\\common_lib.h(36):     <br/>\n
..\\..\\Parameters1\\common_lib.h(36):     To make reservations,please enter your account information to the left.\n
..\\..\\Parameters1\\common_lib.h(36):     <br/>\n
..\\..\\Parameters1\\common_lib.h(36):     If you haven't registered yet, <A href="/cgi-bin/login.pl?username=&amp;password=&amp;getI
..\\..\\Parameters1\\common_lib.h(36):     nfo=true" ><B>sign up now</B></A> to get access to all our resources.\n
..\\..\\Parameters1\\common_lib.h(36):     <br/>\n
..\\..\\Parameters1\\common_lib.h(36):     To configure the server options, use <A href="/cgi-bin/admin.pl" target="body" ><b>adminis
..\\..\\Parameters1\\common_lib.h(36):     tration</b></A> link.\n
..\\..\\Parameters1\\common_lib.h(36):     <br/><br/><br/><br/><br/><br/>\n
..\\..\\Parameters1\\common_lib.h(36):     <br/><small>\n
..\\..\\Parameters1\\common_lib.h(36):     This product uses parts of the SMT Kernel, Copyright (c) 1991-99 <A href="http://www.imati
..\\..\\Parameters1\\common_lib.h(36):     x.com" target="new"><B><small>iMatix Corporation</small></B></A> \n
..\\..\\Parameters1\\common_lib.h(36):     </small>\n
..\\..\\Parameters1\\common_lib.h(36):     </blockquote></TD>\n
..\\..\\Parameters1\\common_lib.h(36):     <TD></TD></TR>\n
..\\..\\Parameters1\\common_lib.h(36):     </table>\n
..\\..\\Parameters1\\common_lib.h(36):     </body>\n
..\\..\\Parameters1\\common_lib.h(36):     </HTML>\n
..\\..\\Parameters1\\common_lib.h(36): t=1834416ms: 5-byte chunked response overhead for "http://localhost:1080/cgi-bin/welcome.pl?signOff=1" (RelFrameId=1, Internal ID=194)
..\\..\\Parameters1\\common_lib.h(36):     0\r\n
..\\..\\Parameters1\\common_lib.h(36):     \r\n
..\\..\\Parameters1\\common_lib.h(36): t=1834416ms: Request done "http://localhost:1080/cgi-bin/welcome.pl?signOff=1"  	[MsgId: MMSG-26000]
..\\..\\Parameters1\\common_lib.h(36): t=1834416ms: Connecting [1] to host 127.0.0.1:1080  	[MsgId: MMSG-26000]
..\\..\\Parameters1\\common_lib.h(36): t=1834417ms: Connected socket [1] from 127.0.0.1:46466 to 127.0.0.1:1080 in 0 ms  	[MsgId: MMSG-26000]
..\\..\\Parameters1\\common_lib.h(36): t=1834418ms: 345-byte request headers for "http://localhost:1080/cgi-bin/nav.pl?in=home" (RelFrameId=1.1, Internal ID=195)
..\\..\\Parameters1\\common_lib.h(36):     GET /cgi-bin/nav.pl?in=home HTTP/1.1\r\n
..\\..\\Parameters1\\common_lib.h(36):     Referer: http://localhost:1080/cgi-bin/welcome.pl?signOff=1\r\n
..\\..\\Parameters1\\common_lib.h(36):     User-Agent: Mozilla/5.0 (Windows NT 10.0; WOW64; Trident/7.0; rv:11.0) like Gecko\r\n
..\\..\\Parameters1\\common_lib.h(36):     Accept-Encoding: gzip, deflate\r\n
..\\..\\Parameters1\\common_lib.h(36):     Accept-Language: ru,en-US;q=0.7,en;q=0.3\r\n
..\\..\\Parameters1\\common_lib.h(36):     Accept: */*\r\n
..\\..\\Parameters1\\common_lib.h(36):     Connection: Keep-Alive\r\n
..\\..\\Parameters1\\common_lib.h(36):     Host: localhost:1080\r\n
..\\..\\Parameters1\\common_lib.h(36):     Cookie: MSO=SID&1684448965\r\n
..\\..\\Parameters1\\common_lib.h(36):     \r\n
..\\..\\Parameters1\\common_lib.h(36): t=1834534ms: 256-byte response headers for "http://localhost:1080/cgi-bin/nav.pl?in=home" (RelFrameId=1.1, Internal ID=195)
..\\..\\Parameters1\\common_lib.h(36):     HTTP/1.1 200 OK\r\n
..\\..\\Parameters1\\common_lib.h(36):     Date: Thu, 18 May 2023 22:29:25 GMT\r\n
..\\..\\Parameters1\\common_lib.h(36):     Server: Apache/2.2.21 (Win32)\r\n
..\\..\\Parameters1\\common_lib.h(36):     Expires: Wed, 17 May 2023 22:29:25 GMT\r\n
..\\..\\Parameters1\\common_lib.h(36):     Keep-Alive: timeout=5, max=100\r\n
..\\..\\Parameters1\\common_lib.h(36):     Connection: Keep-Alive\r\n
..\\..\\Parameters1\\common_lib.h(36):     Transfer-Encoding: chunked\r\n
..\\..\\Parameters1\\common_lib.h(36):     Content-Type: text/html; charset=ISO-8859-1\r\n
..\\..\\Parameters1\\common_lib.h(36):     \r\n
..\\..\\Parameters1\\common_lib.h(36): t=1834535ms: 5-byte chunked response overhead for "http://localhost:1080/cgi-bin/nav.pl?in=home" (RelFrameId=1.1, Internal ID=195)
..\\..\\Parameters1\\common_lib.h(36):     5d2\r\n
..\\..\\Parameters1\\common_lib.h(36): t=1834535ms: 2-byte chunked response overhead for "http://localhost:1080/cgi-bin/nav.pl?in=home" (RelFrameId=1.1, Internal ID=195)
..\\..\\Parameters1\\common_lib.h(36):     \r\n
..\\..\\Parameters1\\common_lib.h(36): t=1834535ms: 1490-byte chunked response body for "http://localhost:1080/cgi-bin/nav.pl?in=home" (RelFrameId=1.1, Internal ID=195)
..\\..\\Parameters1\\common_lib.h(36):     <!DOCTYPE html\n
..\\..\\Parameters1\\common_lib.h(36):     \tPUBLIC "-//W3C//DTD XHTML 1.0 Transitional//EN"\n
..\\..\\Parameters1\\common_lib.h(36):     \t "http://www.w3.org/TR/xhtml1/DTD/xhtml1-transitional.dtd">\n
..\\..\\Parameters1\\common_lib.h(36):     <html xmlns="http://www.w3.org/1999/xhtml" lang="en-US" xml:lang="en-US">\n
..\\..\\Parameters1\\common_lib.h(36):     <head>\n
..\\..\\Parameters1\\common_lib.h(36):     <title>Web Tours Navigation Bar</title>\n
..\\..\\Parameters1\\common_lib.h(36):     <meta http-equiv="Content-Type" content="text/html; charset=iso-8859-1" />\n
..\\..\\Parameters1\\common_lib.h(36):     </head>\n
..\\..\\Parameters1\\common_lib.h(36):     <body bgcolor="#E0E7F1">\n
..\\..\\Parameters1\\common_lib.h(36):     <style>\n
..\\..\\Parameters1\\common_lib.h(36):     blockquote {font-family: tahoma; font-size : 10pt}\n
..\\..\\Parameters1\\common_lib.h(36):     H1 {font-family: tahoma; font-size : 22pt; color: #993333}\n
..\\..\\Parameters1\\common_lib.h(36):     H3 {font-family: tahoma; font-size : 10pt; color: black}\n
..\\..\\Parameters1\\common_lib.h(36):     small {font-family: tahoma; font-size : 8pt}\n
..\\..\\Parameters1\\common_lib.h(36):     </style>\n
..\\..\\Parameters1\\common_lib.h(36):     <form method="post" action="/cgi-bin/login.pl" target="body">\n
..\\..\\Parameters1\\common_lib.h(36):     <input type="hidden" name="userSession" value="136447.870797894HAVifDHpDftVzzzHtcVVVpcctVc
..\\..\\Parameters1\\common_lib.h(36):     f"/>\n
..\\..\\Parameters1\\common_lib.h(36):     <table border="0"><tr><td>&nbsp;</td>\n
..\\..\\Parameters1\\common_lib.h(36):     <td>&nbsp;</td></tr>\n
..\\..\\Parameters1\\common_lib.h(36):     <tr><td>&nbsp;</td>\n
..\\..\\Parameters1\\common_lib.h(36):     <td>&nbsp;</td></tr>\n
..\\..\\Parameters1\\common_lib.h(36):     <tr><td>&nbsp;</td>\n
..\\..\\Parameters1\\common_lib.h(36):     <td><small>&nbsp;Username</small></td></tr>\n
..\\..\\Parameters1\\common_lib.h(36):     <tr><td>&nbsp;</td>\n
..\\..\\Parameters1\\common_lib.h(36):     <td><input type="text" name="username" value="" size="14" maxlength="14"/></td></tr>\n
..\\..\\Parameters1\\common_lib.h(36):     <tr><td>&nbsp;</td>\n
..\\..\\Parameters1\\common_lib.h(36):     <td><small>&nbsp;Password</small></td>\n
..\\..\\Parameters1\\common_lib.h(36):     <tr><td>&nbsp;</td>\n
..\\..\\Parameters1\\common_lib.h(36):     <td><input type="password" name="password" value="" size="14" maxlength="14"/></td></tr>\n
..\\..\\Parameters1\\common_lib.h(36):     <tr><td>&nbsp;</td>\n
..\\..\\Parameters1\\common_lib.h(36):     <td>&nbsp;</td></tr>\n
..\\..\\Parameters1\\common_lib.h(36):     <tr><td>&nbsp;</td>\n
..\\..\\Parameters1\\common_lib.h(36):     <td><input type="image" name="login" value="Login" alt="Login" border="1" \n
..\\..\\Parameters1\\common_lib.h(36):     src="/WebTours/images/mer_login.gif"/></td></tr>\n
..\\..\\Parameters1\\common_lib.h(36):     <tr><td>&nbsp;</td><td>&nbsp;</td></tr>\n
..\\..\\Parameters1\\common_lib.h(36):     </table><input type="hidden" name="JSFormSubmit" value="off"/>\n
..\\..\\Parameters1\\common_lib.h(36):     </form>\n
..\\..\\Parameters1\\common_lib.h(36):     \n
..\\..\\Parameters1\\common_lib.h(36):     </body>\n
..\\..\\Parameters1\\common_lib.h(36):     </html>\n
..\\..\\Parameters1\\common_lib.h(36): Resource "http://localhost:1080/WebTours/images/mer_login.gif" is in the cache already and will not be downloaded again  	[MsgId: MMSG-26655]
..\\..\\Parameters1\\common_lib.h(36): t=1834539ms: 5-byte chunked response overhead for "http://localhost:1080/cgi-bin/nav.pl?in=home" (RelFrameId=1.1, Internal ID=195)
..\\..\\Parameters1\\common_lib.h(36):     0\r\n
..\\..\\Parameters1\\common_lib.h(36):     \r\n
..\\..\\Parameters1\\common_lib.h(36): t=1834539ms: Request done "http://localhost:1080/cgi-bin/nav.pl?in=home"  	[MsgId: MMSG-26000]
..\\..\\Parameters1\\common_lib.h(36): Registered web_reg_find successful for "Text=Web Tours" (count=5)  	[MsgId: MMSG-26364]
..\\..\\Parameters1\\common_lib.h(36): web_url("SignOff Button") was successful, 2176 body bytes, 584 header bytes, 24 chunking overhead bytes  	[MsgId: MMSG-26385]
..\\..\\Parameters1\\common_lib.h(45): Notify: Transaction "signOut" ended with a "Pass" status (Duration: 0,2797 Wasted Time: 0,0000).	[MsgId: MMSG-16871]
Action.c(187): Notify: Transaction "UC1_BuyTicket" ended with a "Pass" status (Duration: 160,2660 Think Time: 158,1929 Wasted Time: 0,0027).	[MsgId: MMSG-16870]
Ending action Action.	[MsgId: MMSG-15918]
Action was aborted.	[MsgId: MMSG-10694]
Ending Vuser...	[MsgId: MMSG-15966]
Starting action vuser_end.	[MsgId: MMSG-15919]
Ending action vuser_end.	[MsgId: MMSG-15918]
Vuser Terminated.	[MsgId: MMSG-15963]
t=1834541ms: Closed connection [0] to localhost:1080 after completing 1 request(s)  	[MsgId: MMSG-26000]
t=1834541ms: Closed connection [1] to localhost:1080 after completing 1 request(s)  	[MsgId: MMSG-26000]
HTML-Mode memory management statistics: Reusable=6, NonReusable=0, CsMemBlockSize=4096, checks disabled  	[MsgId: MMSG-26000]
Vuser 4 (thread 700208), ended OK."	[MsgId: MMSG-10695]
