Action.c(193):           <Table width="80%" cellspacing="0" > <tr> <td>\n
Action.c(193):               John Snow\n
Action.c(193):     <br/>\n
Action.c(193):               Moscow5<br/>\n
Action.c(193):               687894<br/>\n
Action.c(193):               <br/>\n
Action.c(193):               Total Charge: $ 657 <BR/> (CC: x-5523)\n
Action.c(193):           </td> </tr> </table>\n
Action.c(193):           </center>\n
Action.c(193):       </TD>\n
Action.c(193):     </TR>\n
Action.c(193):     <TR bgcolor="#EFF2F7">\n
Action.c(193):       <TD COLSPAN="3">\n
Action.c(193):       <b>Flight Details:</b><BR/>  <center>\n
Action.c(193):       05/28/2023\n
Action.c(193):      :  8am : Flight 040 leaves Denver  for Paris.<br>  </center>\n
Action.c(193):       </TD>\n
Action.c(193):     </TR>\n
Action.c(193):     \n
Action.c(193):     <TR bgcolor="#EFF2F7">\n
Action.c(193):       <TD COLSPAN="4">\n
Action.c(193):       <hr/>\n
Action.c(193):       </TD>\n
Action.c(193):     </TR>\n
Action.c(193):     \n
Action.c(193):     <!-- Flight #1 -->\n
Action.c(193):     <TR bgcolor="#EFF2F7">\n
Action.c(193):       <TD width="5%" rowspan="2" align="left" valign="top">\n
Action.c(193):     <b>\n
Action.c(193):     <label><input type="checkbox" name="109" value="on" /></label></font></b>\n
Action.c(193):     <input type="hidden" name="flightID" value="204557123-83871-JS"  />\n
Action.c(193):       </TD>\n
Action.c(193):       <TD width="45%" valign="top">\n
Action.c(193):           <b>&nbsp;&nbsp;A Coach class ticket for :</b><br/>\n
Action.c(193):           <center><table border="0" width="85%"><tr><td>\n
Action.c(193):           <li><i>John Snow\n
Action.c(193):           <li><i></i>\n
Action.c(193):           </td></tr></table></center>\n
Action.c(193):       </TD>\n
Action.c(193):       <TD width="5%" >.<br/>.<br/>.<br/>.</TD>\n
Action.c(193):       <TD width="45%" valign=top><b>Invoice sent to:</b><br/>\n
Action.c(193):           <center>\n
Action.c(193):           <Table width="80%" cellspacing="0" > <tr> <td>\n
Action.c(193):               John Snow\n
Action.c(193):     <br/>\n
Action.c(193):               Moscow5<br/>\n
Action.c(193):               687894<br/>\n
Action.c(193):               <br/>\n
Action.c(193):               Total Charge: $ 331 <BR/> (CC: x-5523)\n
Action.c(193):           </td> </tr> </table>\n
Action.c(193):           </center>\n
Action.c(193):       </TD>\n
Action.c(193):     </TR>\n
Action.c(193):     <TR bgcolor="#EFF2F7">\n
Action.c(193):       <TD COLSPAN="3">\n
Action.c(193):       <b>Flight Details:</b><BR/>  <center>\n
Action.c(193):       05/28/2023\n
Action.c(193):      :  5pm : Flight 042 leaves Denver  for Paris.<br>  </center>\n
Action.c(193):       </TD>\n
Action.c(193):     </TR>\n
Action.c(193):     \n
Action.c(193):     <TR bgcolor="#EFF2F7">\n
Action.c(193):       <TD COLSPAN="4">\n
Action.c(193):       <hr/>\n
Action.c(193):       </TD>\n
Action.c(193):     </TR>\n
Action.c(193):     \n
Action.c(193):     <!-- Flight #1 -->\n
Action.c(193):     <TR bgcolor="#EFF2F7">\n
Action.c(193):       <TD width="5%" rowspan="2" align="left" valign="top">\n
Action.c(193):     <b>\n
Action.c(193):     <label><input type="checkbox" name="110" value="on" /></label></font></b>\n
Action.c(193):     <input type="hidden" name="flightID" value="2045867501-846348-JS"  />\n
Action.c(193):       </TD>\n
Action.c(193):       <TD width="45%" valign="top">\n
Action.c(193):           <b>&nbsp;&nbsp;A First class ticket for :</b><br/>\n
Action.c(193):           <center><table border="0" width="85%"><tr><td>\n
Action.c(193):           <li><i>John Snow\n
Action.c(193):           <li><i></i>\n
Action.c(193):           </td></tr></table></center>\n
Action.c(193):       </TD>\n
Action.c(193):       <TD width="5%" >.<br/>.<br/>.<br/>.</TD>\n
Action.c(193):       <TD width="45%" valign=top><b>Invoice sent to:</b><br/>\n
Action.c(193):           <center>\n
Action.c(193):           <Table width="80%" cellspacing="0" > <tr> <td>\n
Action.c(193):               John Snow\n
Action.c(193):     <br/>\n
Action.c(193):               Moscow5<br/>\n
Action.c(193):               687894<br/>\n
Action.c(193):               <br/>\n
Action.c(193):               Total Charge: $ 2533 <BR/> (CC: x-5523)\n
Action.c(193):           </td> </tr> </table>\n
Action.c(193):           </center>\n
Action.c(193):       </TD>\n
Action.c(193):     </TR>\n
Action.c(193):     <TR bgcolor="#EFF2F7">\n
Action.c(193):       <TD COLSPAN="3">\n
Action.c(193):       <b>Flight Details:</b><BR/>  <center>\n
Action.c(193):       05/28/2023\n
Action.c(193):      :  5pm : Flight 842 leaves Sydney  for Paris.<br>  </center>\n
Action.c(193):       </TD>\n
Action.c(193):     </TR>\n
Action.c(193):     \n
Action.c(193):     <TR bgcolor="#EFF2F7">\n
Action.c(193):       <TD COLSPAN="4">\n
Action.c(193):       <hr/>\n
Action.c(193):       </TD>\n
Action.c(193):     </TR>\n
Action.c(193):     \n
Action.c(193):     <!-- Flight #1 -->\n
Action.c(193):     <TR bgcolor="#EFF2F7">\n
Action.c(193):       <TD width="5%" rowspan="2" align="left" valign="top">\n
Action.c(193):     <b>\n
Action.c(193):     <label><input type="checkbox" name="111" value="on" /></label></font></b>\n
Action.c(193):     <input type="hidden" name="flightID" value="2045874863-853946-JS"  />\n
Action.c(193):       </TD>\n
Action.c(193):       <TD width="45%" valign="top">\n
Action.c(193):           <b>&nbsp;&nbsp;A First class ticket for :</b><br/>\n
Action.c(193):           <center><table border="0" width="85%"><tr><td>\n
Action.c(193):           <li><i>John Snow\n
Action.c(193):           <li><i></i>\n
Action.c(193):           </td></tr></table></center>\n
Action.c(193):       </TD>\n
Action.c(193):       <TD width="5%" >.<br/>.<br/>.<br/>.</TD>\n
Action.c(193):       <TD width="45%" valign=top><b>Invoice sent to:</b><br/>\n
Action.c(193):           <center>\n
Action.c(193):           <Table width="80%" cellspacing="0" > <tr> <td>\n
Action.c(193):               John Snow\n
Action.c(193):     <br/>\n
Action.c(193):               Moscow5<br/>\n
Action.c(193):               687894<br/>\n
Action.c(193):               <br/>\n
Action.c(193):               Total Charge: $ 1304 <BR/> (CC: x-5523)\n
Action.c(193):           </td> </tr> </table>\n
Action.c(193):           </center>\n
Action.c(193):       </TD>\n
Action.c(193):     </TR>\n
Action.c(193):     <TR bgcolor="#EFF2F7">\n
Action.c(193):       <TD COLSPAN="3">\n
Action.c(193):       <b>Flight Details:</b><BR/>  <center>\n
Action.c(193):       05/28/2023\n
Action.c(193):      :  5pm : Flight 862 leaves Sydney  for San Francisco.<br>  </center>\n
Action.c(193):       </TD>\n
Action.c(193):     </TR>\n
Action.c(193):     \n
Action.c(193):     <TR bgcolor="#EFF2F7">\n
Action.c(193):       <TD COLSPAN="4">\n
Action.c(193):       <hr/>\n
Action.c(193):       </TD>\n
Action.c(193):     </TR>\n
Action.c(193):     \n
Action.c(193):     <!-- Flight #1 -->\n
Action.c(193):     <TR bgcolor="#EFF2F7">\n
Action.c(193):       <TD width="5%" rowspan="2" align="left" valign="top">\n
Action.c(193):     <b>\n
Action.c(193):     <label><input type="checkbox" name="112" value="on" /></label></font></b>\n
Action.c(193):     <input type="hidden" name="flightID" value="204582286-86210-JS"  />\n
Action.c(193):       </TD>\n
Action.c(193):       <TD width="45%" valign="top">\n
Action.c(193):           <b>&nbsp;&nbsp;A Business class ticket for :</b><br/>\n
Action.c(193):           <center><table border="0" width="85%"><tr><td>\n
Action.c(193):           <li><i>John Snow\n
Action.c(193):           <li><i></i>\n
Action.c(193):           </td></tr></table></center>\n
Action.c(193):       </TD>\n
Action.c(193):       <TD width="5%" >.<br/>.<br/>.<br/>.</TD>\n
Action.c(193):       <TD width="45%" valign=top><b>Invoice sent to:</b><br/>\n
Action.c(193):           <center>\n
Action.c(193):           <Table width="80%" cellspacing="0" > <tr> <td>\n
Action.c(193):               John Snow\n
Action.c(193):     <br/>\n
Action.c(193):               Moscow5<br/>\n
Action.c(193):               687894<br/>\n
Action.c(193):               <br/>\n
Action.c(193):               Total Charge: $ 730 <BR/> (CC: x-5523)\n
Action.c(193):           </td> </tr> </table>\n
Action.c(193):           </center>\n
Action.c(193):       </TD>\n
Action.c(193):     </TR>\n
Action.c(193):     <TR bgcolor="#EFF2F7">\n
Action.c(193):       <TD COLSPAN="3">\n
Action.c(193):       <b>Flight Details:</b><BR/>  <center>\n
Action.c(193):       05/28/2023\n
Action.c(193):      :  1pm : Flight 721 leaves Seattle  for London.<br>  </center>\n
Action.c(193):       </TD>\n
Action.c(193):     </TR>\n
Action.c(193):     \n
Action.c(193):     <TR bgcolor="#EFF2F7">\n
Action.c(193):       <TD COLSPAN="4">\n
Action.c(193):       <hr/>\n
Action.c(193):       </TD>\n
Action.c(193):     </TR>\n
Action.c(193):     \n
Action.c(193):     <!-- Flight #1 -->\n
Action.c(193):     <TR bgcolor="#EFF2F7">\n
Action.c(193):       <TD width="5%" rowspan="2" align="left" valign="top">\n
Action.c(193):     <b>\n
Action.c(193):     <label><input type="checkbox" name="113" value="on" /></label></font></b>\n
Action.c(193):     <input type="hidden" name="flightID" value="204557453-86941-JS"  />\n
Action.c(193):       </TD>\n
Action.c(193):       <TD width="45%" valign="top">\n
Action.c(193):           <b>&nbsp;&nbsp;A Coach class ticket for :</b><br/>\n
Action.c(193):           <center><table border="0" width="85%"><tr><td>\n
Action.c(193):           <li><i>John Snow\n
Action.c(193):           <li><i></i>\n
Action.c(193):           </td></tr></table></center>\n
Action.c(193):       </TD>\n
Action.c(193):       <TD width="5%" >.<br/>.<br/>.<br/>.</TD>\n
Action.c(193):       <TD width="45%" valign=top><b>Invoice sent to:</b><br/>\n
Action.c(193):           <center>\n
Action.c(193):           <Table width="80%" cellspacing="0" > <tr> <td>\n
Action.c(193):               John Snow\n
Action.c(193):     <br/>\n
Action.c(193):               Moscow5<br/>\n
Action.c(193):               687894<br/>\n
Action.c(193):               <br/>\n
Action.c(193):               Total Charge: $ 245 <BR/> (CC: x-5523)\n
Action.c(193):           </td> </tr> </table>\n
Action.c(193):           </center>\n
Action.c(193):       </TD>\n
Action.c(193):     </TR>\n
Action.c(193):     <TR bgcolor="#EFF2F7">\n
Action.c(193):       <TD COLSPAN="3">\n
Action.c(193):       <b>Flight Details:</b><BR/>  <center>\n
Action.c(193):       05/28/2023\n
Action.c(193):      :  1pm : Flight 051 leaves Denver  for Portland.<br>  </center>\n
Action.c(193):       </TD>\n
Action.c(193):     </TR>\n
Action.c(193):     \n
Action.c(193):     <TR bgcolor="#EFF2F7">\n
Action.c(193):       <TD COLSPAN="4">\n
Action.c(193):       <hr/>\n
Action.c(193):       </TD>\n
Action.c(193):     </TR>\n
Action.c(193):     \n
Action.c(193):     <!-- Flight #1 -->\n
Action.c(193):     <TR bgcolor="#EFF2F7">\n
Action.c(193):       <TD width="5%" rowspan="2" align="left" valign="top">\n
Action.c(193):     <b>\n
Action.c(193):     <label><input type="checkbox" name="114" value="on" /></label></font></b>\n
Action.c(193):     <input type="hidden" name="flightID" value="2045622267-877016-JS"  />\n
Action.c(193):       </TD>\n
Action.c(193):       <TD width="45%" valign="top">\n
Action.c(193):           <b>&nbsp;&nbsp;A Coach class ticket for :</b><br/>\n
Action.c(193):           <center><table border="0" width="85%"><tr><td>\n
Action.c(193):           <li><i>John Snow\n
Action.c(193):           <li><i></i>\n
Action.c(193):           </td></tr></table></center>\n
Action.c(193):       </TD>\n
Action.c(193):       <TD width="5%" >.<br/>.<br/>.<br/>.</TD>\n
Action.c(193):       <TD width="45%" valign=top><b>Invoice sent to:</b><br/>\n
Action.c(193):           <center>\n
Action.c(193):           <Table width="80%" cellspacing="0" > <tr> <td>\n
Action.c(193):               John Snow\n
Action.c(193):     <br/>\n
Action.c(193):               Moscow5<br/>\n
Action.c(193):               687894<br/>\n
Action.c(193):               <br/>\n
Action.c(193):               Total Charge: $ 1219 <BR/> (CC: x-5523)\n
Action.c(193):           </td> </tr> </table>\n
Action.c(193):           </center>\n
Action.c(193):       </TD>\n
Action.c(193):     </TR>\n
Action.c(193):     <TR bgcolor="#EFF2F7">\n
Action.c(193):       <TD COLSPAN="3">\n
Action.c(193):       <b>Flight Details:</b><BR/>  <center>\n
Action.c(193):       05/28/2023\n
Action.c(193):      :  8am : Flight 180 leaves Frankfurt  for Sydney.<br>  </center>\n
Action.c(193):       </TD>\n
Action.c(193):     </TR>\n
Action.c(193):     \n
Action.c(193):     <TR bgcolor="#EFF2F7">\n
Action.c(193):       <TD COLSPAN="4">\n
Action.c(193):       <hr/>\n
Action.c(193):       </TD>\n
Action.c(193):     </TR>\n
Action.c(193):     \n
Action.c(193):     <!-- Flight #1 -->\n
Action.c(193):     <TR bgcolor="#EFF2F7">\n
Action.c(193):       <TD width="5%" rowspan="2" align="left" valign="top">\n
Action.c(193):     <b>\n
Action.c(193):     <label><input type="checkbox" name="115" value="on" /></label></font></b>\n
Action.c(193):     <input type="hidden" name="flightID" value="2045793374-884700-JS"  />\n
Action.c(193):       </TD>\n
Action.c(193):       <TD width="45%" valign="top">\n
Action.c(193):           <b>&nbsp;&nbsp;A First class ticket for :</b><br/>\n
Action.c(193):           <center><table border="0" width="85%"><tr><td>\n
Action.c(193):           <li><i>John Snow\n
Action.c(193):           <li><i></i>\n
Action.c(193):           </td></tr></table></center>\n
Action.c(193):       </TD>\n
Action.c(193):       <TD width="5%" >.<br/>.<br/>.<br/>.</TD>\n
Action.c(193):       <TD width="45%" valign=top><b>Invoice sent to:</b><br/>\n
Action.c(193):           <center>\n
Action.c(193):           <Table width="80%" cellspacing="0" > <tr> <td>\n
Action.c(193):               John Snow\n
Action.c(193):     <br/>\n
Action.c(193):               Moscow5<br/>\n
Action.c(193):               687894<br/>\n
Action.c(193):               <br/>\n
Action.c(193):               Total Charge: $ 1103 <BR/> (CC: x-5523)\n
Action.c(193):           </td> </tr> </table>\n
Action.c(193):           </center>\n
Action.c(193):       </TD>\n
Action.c(193):     </TR>\n
Action.c(193):     <TR bgcolor="#EFF2F7">\n
Action.c(193):       <TD COLSPAN="3">\n
Action.c(193):       <b>Flight Details:</b><BR/>  <center>\n
Action.c(193):       05/28/2023\n
Action.c(193):      :  5pm : Flight 642 leaves San Francisco  for Paris.<br>  </center>\n
Action.c(193):       </TD>\n
Action.c(193):     </TR>\n
Action.c(193):     \n
Action.c(193):     <TR bgcolor="#EFF2F7">\n
Action.c(193):       <TD COLSPAN="4">\n
Action.c(193):       <hr/>\n
Action.c(193):       </TD>\n
Action.c(193):     </TR>\n
Action.c(193):     \n
Action.c(193):     <!-- Flight #1 -->\n
Action.c(193):     <TR bgcolor="#EFF2F7">\n
Action.c(193):       <TD width="5%" rowspan="2" align="left" valign="top">\n
Action.c(193):     <b>\n
Action.c(193):     <label><input type="checkbox" name="116" value="on" /></label></font></b>\n
Action.c(193):     <input type="hidden" name="flightID" value="204560049-89257-JS"  />\n
Action.c(193):       </TD>\n
Action.c(193):       <TD width="45%" valign="top">\n
Action.c(193):           <b>&nbsp;&nbsp;A Business class ticket for :</b><br/>\n
Action.c(193):           <center><table border="0" width="85%"><tr><td>\n
Action.c(193):           <li><i>John Snow\n
Action.c(193):           <li><i></i>\n
Action.c(193):           </td></tr></table></center>\n
Action.c(193):       </TD>\n
Action.c(193):       <TD width="5%" >.<br/>.<br/>.<br/>.</TD>\n
Action.c(193):       <TD width="45%" valign=top><b>Invoice sent to:</b><br/>\n
Action.c(193):           <center>\n
Action.c(193):           <Table width="80%" cellspacing="0" > <tr> <td>\n
Action.c(193):               John Snow\n
Action.c(193):     <br/>\n
Action.c(193):               Moscow5<br/>\n
Action.c(193):               687894<br/>\n
Action.c(193):               <br/>\n
Action.c(193):               Total Charge: $ 343 <BR/> (CC: x-5523)\n
Action.c(193):           </td> </tr> </table>\n
Action.c(193):           </center>\n
Action.c(193):       </TD>\n
Action.c(193):     </TR>\n
Action.c(193):     <TR bgcolor="#EFF2F7">\n
Action.c(193):       <TD COLSPAN="3">\n
Action.c(193):       <b>Flight Details:</b><BR/>  <center>\n
Action.c(193):       05/28/2023\n
Action.c(193):      :  1pm : Flight 121 leaves Frankfurt  for London.<br>  </center>\n
Action.c(193):       </TD>\n
Action.c(193):     </TR>\n
Action.c(193):     \n
Action.c(193):     <TR bgcolor="#EFF2F7">\n
Action.c(193):       <TD COLSPAN="4">\n
Action.c(193):       <hr/>\n
Action.c(193):       </TD>\n
Action.c(193):     </TR>\n
Action.c(193):     \n
Action.c(193):     <!-- Flight #1 -->\n
Action.c(193):     <TR bgcolor="#EFF2F7">\n
Action.c(193):       <TD width="5%" rowspan="2" align="left" valign="top">\n
Action.c(193):     <b>\n
Action.c(193):     <label><input type="checkbox" name="117" value="on" /></label></font></b>\n
Action.c(193):     <input type="hidden" name="flightID" value="20456891-9004-JS"  />\n
Action.c(193):       </TD>\n
Action.c(193):       <TD width="45%" valign="top">\n
Action.c(193):           <b>&nbsp;&nbsp;A Coach class
Action.c(193): t=1318985ms: 8-byte chunked response overhead for "http://localhost:1080/cgi-bin/itinerary.pl" (RelFrameId=1.2, Internal ID=1150)
Action.c(193):     \r\n
Action.c(193):     1000\r\n
Action.c(193): t=1318985ms: 8-byte chunked response overhead for "http://localhost:1080/cgi-bin/itinerary.pl" (RelFrameId=1.2, Internal ID=1150)
Action.c(193):     \r\n
Action.c(193):     2000\r\n
Action.c(193): t=1318985ms: 12271-byte chunked response body for "http://localhost:1080/cgi-bin/itinerary.pl" (RelFrameId=1.2, Internal ID=1150)
Action.c(193):      ticket for :</b><br/>\n
Action.c(193):           <center><table border="0" width="85%"><tr><td>\n
Action.c(193):           <li><i>John Snow\n
Action.c(193):           <li><i></i>\n
Action.c(193):           </td></tr></table></center>\n
Action.c(193):       </TD>\n
Action.c(193):       <TD width="5%" >.<br/>.<br/>.<br/>.</TD>\n
Action.c(193):       <TD width="45%" valign=top><b>Invoice sent to:</b><br/>\n
Action.c(193):           <center>\n
Action.c(193):           <Table width="80%" cellspacing="0" > <tr> <td>\n
Action.c(193):               John Snow\n
Action.c(193):     <br/>\n
Action.c(193):               Moscow5<br/>\n
Action.c(193):               687894<br/>\n
Action.c(193):               <br/>\n
Action.c(193):               Total Charge: $ 60 <BR/> (CC: x-5523)\n
Action.c(193):           </td> </tr> </table>\n
Action.c(193):           </center>\n
Action.c(193):       </TD>\n
Action.c(193):     </TR>\n
Action.c(193):     <TR bgcolor="#EFF2F7">\n
Action.c(193):       <TD COLSPAN="3">\n
Action.c(193):       <b>Flight Details:</b><BR/>  <center>\n
Action.c(193):       05/28/2023\n
Action.c(193):      :  8am : Flight 360 leaves Los Angeles  for San Francisco.<br>  </center>\n
Action.c(193):       </TD>\n
Action.c(193):     </TR>\n
Action.c(193):     \n
Action.c(193):     <TR bgcolor="#EFF2F7">\n
Action.c(193):       <TD COLSPAN="4">\n
Action.c(193):       <hr/>\n
Action.c(193):       </TD>\n
Action.c(193):     </TR>\n
Action.c(193):     \n
Action.c(193):     <!-- Flight #1 -->\n
Action.c(193):     <TR bgcolor="#EFF2F7">\n
Action.c(193):       <TD width="5%" rowspan="2" align="left" valign="top">\n
Action.c(193):     <b>\n
Action.c(193):     <label><input type="checkbox" name="118" value="on" /></label></font></b>\n
Action.c(193):     <input type="hidden" name="flightID" value="2045867479-907842-JS"  />\n
Action.c(193):       </TD>\n
Action.c(193):       <TD width="45%" valign="top">\n
Action.c(193):           <b>&nbsp;&nbsp;A Business class ticket for :</b><br/>\n
Action.c(193):           <center><table border="0" width="85%"><tr><td>\n
Action.c(193):           <li><i>John Snow\n
Action.c(193):           <li><i></i>\n
Action.c(193):           </td></tr></table></center>\n
Action.c(193):       </TD>\n
Action.c(193):       <TD width="5%" >.<br/>.<br/>.<br/>.</TD>\n
Action.c(193):       <TD width="45%" valign=top><b>Invoice sent to:</b><br/>\n
Action.c(193):           <center>\n
Action.c(193):           <Table width="80%" cellspacing="0" > <tr> <td>\n
Action.c(193):               John Snow\n
Action.c(193):     <br/>\n
Action.c(193):               Moscow5<br/>\n
Action.c(193):               687894<br/>\n
Action.c(193):               <br/>\n
Action.c(193):               Total Charge: $ 1958 <BR/> (CC: x-5523)\n
Action.c(193):           </td> </tr> </table>\n
Action.c(193):           </center>\n
Action.c(193):       </TD>\n
Action.c(193):     </TR>\n
Action.c(193):     <TR bgcolor="#EFF2F7">\n
Action.c(193):       <TD COLSPAN="3">\n
Action.c(193):       <b>Flight Details:</b><BR/>  <center>\n
Action.c(193):       05/28/2023\n
Action.c(193):      :  5pm : Flight 842 leaves Sydney  for Paris.<br>  </center>\n
Action.c(193):       </TD>\n
Action.c(193):     </TR>\n
Action.c(193):     \n
Action.c(193):     <TR bgcolor="#EFF2F7">\n
Action.c(193):       <TD COLSPAN="4">\n
Action.c(193):       <hr/>\n
Action.c(193):       </TD>\n
Action.c(193):     </TR>\n
Action.c(193):     \n
Action.c(193):     <!-- Flight #1 -->\n
Action.c(193):     <TR bgcolor="#EFF2F7">\n
Action.c(193):       <TD width="5%" rowspan="2" align="left" valign="top">\n
Action.c(193):     <b>\n
Action.c(193):     <label><input type="checkbox" name="119" value="on" /></label></font></b>\n
Action.c(193):     <input type="hidden" name="flightID" value="204570823-91556-JS"  />\n
Action.c(193):       </TD>\n
Action.c(193):       <TD width="45%" valign="top">\n
Action.c(193):           <b>&nbsp;&nbsp;A First class ticket for :</b><br/>\n
Action.c(193):           <center><table border="0" width="85%"><tr><td>\n
Action.c(193):           <li><i>John Snow\n
Action.c(193):           <li><i></i>\n
Action.c(193):           </td></tr></table></center>\n
Action.c(193):       </TD>\n
Action.c(193):       <TD width="5%" >.<br/>.<br/>.<br/>.</TD>\n
Action.c(193):       <TD width="45%" valign=top><b>Invoice sent to:</b><br/>\n
Action.c(193):           <center>\n
Action.c(193):           <Table width="80%" cellspacing="0" > <tr> <td>\n
Action.c(193):               John Snow\n
Action.c(193):     <br/>\n
Action.c(193):               Moscow5<br/>\n
Action.c(193):               687894<br/>\n
Action.c(193):               <br/>\n
Action.c(193):               Total Charge: $ 228 <BR/> (CC: x-5523)\n
Action.c(193):           </td> </tr> </table>\n
Action.c(193):           </center>\n
Action.c(193):       </TD>\n
Action.c(193):     </TR>\n
Action.c(193):     <TR bgcolor="#EFF2F7">\n
Action.c(193):       <TD COLSPAN="3">\n
Action.c(193):       <b>Flight Details:</b><BR/>  <center>\n
Action.c(193):       05/28/2023\n
Action.c(193):      :  5pm : Flight 412 leaves Paris  for Frankfurt.<br>  </center>\n
Action.c(193):       </TD>\n
Action.c(193):     </TR>\n
Action.c(193):     \n
Action.c(193):     <TR bgcolor="#EFF2F7">\n
Action.c(193):       <TD COLSPAN="4">\n
Action.c(193):       <hr/>\n
Action.c(193):       </TD>\n
Action.c(193):     </TR>\n
Action.c(193):     \n
Action.c(193):     <!-- Flight #1 -->\n
Action.c(193):     <TR bgcolor="#EFF2F7">\n
Action.c(193):       <TD width="5%" rowspan="2" align="left" valign="top">\n
Action.c(193):     <b>\n
Action.c(193):     <label><input type="checkbox" name="120" value="on" /></label></font></b>\n
Action.c(193):     <input type="hidden" name="flightID" value="204560499-92346-JS"  />\n
Action.c(193):       </TD>\n
Action.c(193):       <TD width="45%" valign="top">\n
Action.c(193):           <b>&nbsp;&nbsp;A First class ticket for :</b><br/>\n
Action.c(193):           <center><table border="0" width="85%"><tr><td>\n
Action.c(193):           <li><i>John Snow\n
Action.c(193):           <li><i></i>\n
Action.c(193):           </td></tr></table></center>\n
Action.c(193):       </TD>\n
Action.c(193):       <TD width="5%" >.<br/>.<br/>.<br/>.</TD>\n
Action.c(193):       <TD width="45%" valign=top><b>Invoice sent to:</b><br/>\n
Action.c(193):           <center>\n
Action.c(193):           <Table width="80%" cellspacing="0" > <tr> <td>\n
Action.c(193):               John Snow\n
Action.c(193):     <br/>\n
Action.c(193):               Moscow5<br/>\n
Action.c(193):               687894<br/>\n
Action.c(193):               <br/>\n
Action.c(193):               Total Charge: $ 499 <BR/> (CC: x-5523)\n
Action.c(193):           </td> </tr> </table>\n
Action.c(193):           </center>\n
Action.c(193):       </TD>\n
Action.c(193):     </TR>\n
Action.c(193):     <TR bgcolor="#EFF2F7">\n
Action.c(193):       <TD COLSPAN="3">\n
Action.c(193):       <b>Flight Details:</b><BR/>  <center>\n
Action.c(193):       05/28/2023\n
Action.c(193):      :  11pm : Flight 133 leaves Frankfurt  for Los Angeles.<br>  </center>\n
Action.c(193):       </TD>\n
Action.c(193):     </TR>\n
Action.c(193):     \n
Action.c(193):     <TR bgcolor="#EFF2F7">\n
Action.c(193):       <TD COLSPAN="4">\n
Action.c(193):       <hr/>\n
Action.c(193):       </TD>\n
Action.c(193):     </TR>\n
Action.c(193):     \n
Action.c(193):     <!-- Flight #1 -->\n
Action.c(193):     <TR bgcolor="#EFF2F7">\n
Action.c(193):       <TD width="5%" rowspan="2" align="left" valign="top">\n
Action.c(193):     <b>\n
Action.c(193):     <label><input type="checkbox" name="121" value="on" /></label></font></b>\n
Action.c(193):     <input type="hidden" name="flightID" value="20458047-9314-JS"  />\n
Action.c(193):       </TD>\n
Action.c(193):       <TD width="45%" valign="top">\n
Action.c(193):           <b>&nbsp;&nbsp;A Coach class ticket for :</b><br/>\n
Action.c(193):           <center><table border="0" width="85%"><tr><td>\n
Action.c(193):           <li><i>John Snow\n
Action.c(193):           <li><i></i>\n
Action.c(193):           </td></tr></table></center>\n
Action.c(193):       </TD>\n
Action.c(193):       <TD width="5%" >.<br/>.<br/>.<br/>.</TD>\n
Action.c(193):       <TD width="45%" valign=top><b>Invoice sent to:</b><br/>\n
Action.c(193):           <center>\n
Action.c(193):           <Table width="80%" cellspacing="0" > <tr> <td>\n
Action.c(193):               John Snow\n
Action.c(193):     <br/>\n
Action.c(193):               Moscow5<br/>\n
Action.c(193):               687894<br/>\n
Action.c(193):               <br/>\n
Action.c(193):               Total Charge: $ 82 <BR/> (CC: x-5523)\n
Action.c(193):           </td> </tr> </table>\n
Action.c(193):           </center>\n
Action.c(193):       </TD>\n
Action.c(193):     </TR>\n
Action.c(193):     <TR bgcolor="#EFF2F7">\n
Action.c(193):       <TD COLSPAN="3">\n
Action.c(193):       <b>Flight Details:</b><BR/>  <center>\n
Action.c(193):       05/28/2023\n
Action.c(193):      :  5pm : Flight 672 leaves San Francisco  for Seattle.<br>  </center>\n
Action.c(193):       </TD>\n
Action.c(193):     </TR>\n
Action.c(193):     \n
Action.c(193):     <TR bgcolor="#EFF2F7">\n
Action.c(193):       <TD COLSPAN="4">\n
Action.c(193):       <hr/>\n
Action.c(193):       </TD>\n
Action.c(193):     </TR>\n
Action.c(193):     \n
Action.c(193):     <!-- Flight #1 -->\n
Action.c(193):     <TR bgcolor="#EFF2F7">\n
Action.c(193):       <TD width="5%" rowspan="2" align="left" valign="top">\n
Action.c(193):     <b>\n
Action.c(193):     <label><input type="checkbox" name="122" value="on" /></label></font></b>\n
Action.c(193):     <input type="hidden" name="flightID" value="204572688-93891-JS"  />\n
Action.c(193):       </TD>\n
Action.c(193):       <TD width="45%" valign="top">\n
Action.c(193):           <b>&nbsp;&nbsp;A Coach class ticket for :</b><br/>\n
Action.c(193):           <center><table border="0" width="85%"><tr><td>\n
Action.c(193):           <li><i>John Snow\n
Action.c(193):           <li><i></i>\n
Action.c(193):           </td></tr></table></center>\n
Action.c(193):       </TD>\n
Action.c(193):       <TD width="5%" >.<br/>.<br/>.<br/>.</TD>\n
Action.c(193):       <TD width="45%" valign=top><b>Invoice sent to:</b><br/>\n
Action.c(193):           <center>\n
Action.c(193):           <Table width="80%" cellspacing="0" > <tr> <td>\n
Action.c(193):               John Snow\n
Action.c(193):     <br/>\n
Action.c(193):               Moscow5<br/>\n
Action.c(193):               687894<br/>\n
Action.c(193):               <br/>\n
Action.c(193):               Total Charge: $ 588 <BR/> (CC: x-5523)\n
Action.c(193):           </td> </tr> </table>\n
Action.c(193):           </center>\n
Action.c(193):       </TD>\n
Action.c(193):     </TR>\n
Action.c(193):     <TR bgcolor="#EFF2F7">\n
Action.c(193):       <TD COLSPAN="3">\n
Action.c(193):       <b>Flight Details:</b><BR/>  <center>\n
Action.c(193):       05/28/2023\n
Action.c(193):      :  5pm : Flight 462 leaves Paris  for San Francisco.<br>  </center>\n
Action.c(193):       </TD>\n
Action.c(193):     </TR>\n
Action.c(193):     \n
Action.c(193):     <TR bgcolor="#EFF2F7">\n
Action.c(193):       <TD COLSPAN="4">\n
Action.c(193):       <hr/>\n
Action.c(193):       </TD>\n
Action.c(193):     </TR>\n
Action.c(193):     <TR>\n
Action.c(193):        <TD align="center" COLSPAN="4">\n
Action.c(193):        <b>A total of 122 scheduled flights.</font></b>\n
Action.c(193):        </TD>\n
Action.c(193):     </TR>\n
Action.c(193):     </TABLE>\n
Action.c(193):     \n
Action.c(193):     <TABLE WIDTH="87%" BORDER="0" CELLSPACING="0">\n
Action.c(193):     <TR>\n
Action.c(193):     <TD align="left" width="50%" >\n
Action.c(193):     <input type="image" name="removeFlights" src="/WebTours/images/cancelreservation.gif" bord
Action.c(193):     er="0" /></TD>\n
Action.c(193):     <TD align="right" width="50%" >\n
Action.c(193):     <input type="image" name="removeAllFlights" src="/WebTours/images/cancelallreservations.gi
Action.c(193):     f" border="0" /></TD>\n
Action.c(193):     </TABLE>\n
Action.c(193):     \n
Action.c(193):     <div><input type="hidden" name=".cgifields" value="33"  /><input type="hidden" name=".cgif
Action.c(193):     ields" value="32"  /><input type="hidden" name=".cgifields" value="90"  /><input type="hid
Action.c(193):     den" name=".cgifields" value="63"  /><input type="hidden" name=".cgifields" value="21"  />
..\\..\\Parameters1\\common_lib.h(36): t=1319003ms: 255-byte response headers for "http://localhost:1080/cgi-bin/nav.pl?in=home" (RelFrameId=1.1, Internal ID=1155)
Action.c(193):     <input type="hidden" name=".cgifields" value="118"  /><input type="hidden" name=".cgifield
..\\..\\Parameters1\\common_lib.h(36):     HTTP/1.1 200 OK\r\n
Action.c(193):     s" value="71"  /><input type="hidden" name=".cgifields" value="102"  /><input type="hidden
..\\..\\Parameters1\\common_lib.h(36):     Date: Fri, 26 May 2023 22:45:04 GMT\r\n
Action.c(193):     " name=".cgifields" value="7"  /><input type="hidden" name=".cgifields" value="80"  /><inp
..\\..\\Parameters1\\common_lib.h(36):     Server: Apache/2.2.21 (Win32)\r\n
Action.c(193):     ut type="hidden" name=".cgifields" value="26"  /><input type="hidden" name=".cgifields" va
..\\..\\Parameters1\\common_lib.h(36):     Expires: Thu, 25 May 2023 22:45:04 GMT\r\n
Action.c(193):     lue="119"  /><input type="hidden" name=".cgifields" value="99"  /><input type="hidden" nam
..\\..\\Parameters1\\common_lib.h(36):     Keep-Alive: timeout=5, max=98\r\n
Action.c(193):     e=".cgifields" value="18"  /><input type="hidden" name=".cgifields" value="72"  /><input t
..\\..\\Parameters1\\common_lib.h(36):     Connection: Keep-Alive\r\n
Action.c(193):     ype="hidden" name=".cgifields" value="16"  /><input type="hidden" name=".cgifields" value=
..\\..\\Parameters1\\common_lib.h(36):     Transfer-Encoding: chunked\r\n
Action.c(193):     "44"  /><input type="hidden" name=".cgifields" value="55"  /><input type="hidden" name=".c
..\\..\\Parameters1\\common_lib.h(36):     Content-Type: text/html; charset=ISO-8859-1\r\n
Action.c(193):     gifields" value="84"  /><input type="hidden" name=".cgifields" value="74"  /><input type="
..\\..\\Parameters1\\common_lib.h(36):     \r\n
Action.c(193):     hidden" name=".cgifields" value="27"  /><input type="hidden" name=".cgifields" value="95" 
Action.c(193):      /><input type="hidden" name=".cgifields" value="57"  /><input type="hidden" name=".cgifie
..\\..\\Parameters1\\common_lib.h(36): t=1319004ms: 5-byte chunked response overhead for "http://localhost:1080/cgi-bin/nav.pl?in=home" (RelFrameId=1.1, Internal ID=1155)
..\\..\\Parameters1\\common_lib.h(36):     5d0\r\n
Action.c(193):     lds" value="61"  /><input type="hidden" name=".cgifields" value="108"  /><input type="hidd
Action.c(193):     en" name=".cgifields" value="115"  /><input type="hidden" name=".cgifields" value="20"  />
..\\..\\Parameters1\\common_lib.h(36): t=1319004ms: 2-byte chunked response overhead for "http://localhost:1080/cgi-bin/nav.pl?in=home" (RelFrameId=1.1, Internal ID=1155)
Action.c(193):     <input type="hidden" name=".cgifields" value="109"  /><input type="hidden" name=".cgifield
..\\..\\Parameters1\\common_lib.h(36):     \r\n
Action.c(193):     s" value="92"  /><input type="hidden" name=".cgifields" value="103"  /><input type="hidden
Action.c(193):     " name=".cgifields" value="89"  /><input type="hidden" name=".cgifields" value="10"  /><in
..\\..\\Parameters1\\common_lib.h(36): t=1319004ms: 1488-byte chunked response body for "http://localhost:1080/cgi-bin/nav.pl?in=home" (RelFrameId=1.1, Internal ID=1155)
Action.c(193):     put type="hidden" name=".cgifields" value="31"  /><input type="hidden" name=".cgifields" v
..\\..\\Parameters1\\common_lib.h(36):     <!DOCTYPE html\n
Action.c(193):     alue="113"  /><input type="hidden" name=".cgifields" value="35"  /><input type="hidden" na
..\\..\\Parameters1\\common_lib.h(36):     \tPUBLIC "-//W3C//DTD XHTML 1.0 Transitional//EN"\n
Action.c(193):     me=".cgifields" value="11"  /><input type="hidden" name=".cgifields" value="91"  /><input 
..\\..\\Parameters1\\common_lib.h(36):     \t "http://www.w3.org/TR/xhtml1/DTD/xhtml1-transitional.dtd">\n
Action.c(193):     type="hidden" name=".cgifields" value="78"  /><input type="hidden" name=".cgifields" value
..\\..\\Parameters1\\common_lib.h(36):     <html xmlns="http://www.w3.org/1999/xhtml" lang="en-US" xml:lang="en-US">\n
Action.c(193):     ="107"  /><input type="hidden" name=".cgifields" value="48"  /><input type="hidden" name="
..\\..\\Parameters1\\common_lib.h(36):     <head>\n
Action.c(193):     .cgifields" value="87"  /><input type="hidden" name=".cgifields" value="93"  /><input type
..\\..\\Parameters1\\common_lib.h(36):     <title>Web Tours Navigation Bar</title>\n
Action.c(193):     ="hidden" name=".cgifields" value="77"  /><input type="hidden" name=".cgifields" value="10
..\\..\\Parameters1\\common_lib.h(36):     <meta http-equiv="Content-Type" content="text/html; charset=iso-8859-1" />\n
Action.c(193):     6"  /><input type="hidden" name=".cgifields" value="65"  /><input type="hidden" name=".cgi
..\\..\\Parameters1\\common_lib.h(36):     </head>\n
Action.c(193):     fields" value="29"  /><input type="hidden" name=".cgifields" value="50"  /><input type="hi
..\\..\\Parameters1\\common_lib.h(36):     <body bgcolor="#E0E7F1">\n
Action.c(193):     dden" name=".cgifields" value="39"  /><input type="hidden" name=".cgifields" value="64"  /
..\\..\\Parameters1\\common_lib.h(36):     <style>\n
Action.c(193):     ><input type="hidden" name=".cgifields" value="97"  /><input type="hidden" name=".cgifield
..\\..\\Parameters1\\common_lib.h(36):     blockquote {font-family: tahoma; font-size : 10pt}\n
Action.c(193):     s" value="114"  /><input type="hidden" name=".cgifields" value="58"  /><input type="hidden
..\\..\\Parameters1\\common_lib.h(36):     H1 {font-family: tahoma; font-size : 22pt; color: #993333}\n
Action.c(193):     " name=".cgifields" value="41"  /><input type="hidden" name=".cgifields" value="12"  /><in
..\\..\\Parameters1\\common_lib.h(36):     H3 {font-family: tahoma; font-size : 10pt; color: black}\n
Action.c(193):     put type="hidden" name=".cgifields" value="15"  /><input type="hidden" name=".cgifields" v
..\\..\\Parameters1\\common_lib.h(36):     small {font-family: tahoma; font-size : 8pt}\n
Action.c(193):     alue="81"  /><input type="hidden" name=".cgifields" value="52"  /><input type="hidden" nam
..\\..\\Parameters1\\common_lib.h(36):     </style>\n
Action.c(193):     e=".cgifields" value="60"  /><input type="hidden" name=".cgifields" value="56"  /><input t
..\\..\\Parameters1\\common_lib.h(36):     <form method="post" action="/cgi-bin/login.pl" target="body">\n
Action.c(193):     ype="hidden" name=".cgifields" value="101"  /><input type="hidden" name=".cgifields" value
..\\..\\Parameters1\\common_lib.h(36):     <input type="hidden" name="userSession" value="136503.937140543HAcVtcVpczzzzzzHtcVcipfcHz"
Action.c(193):     ="73"  /><input type="hidden" name=".cgifields" value="66"  /><input type="hidden" name=".
..\\..\\Parameters1\\common_lib.h(36):     />\n
Action.c(193):     cgifields" value="45"  /><input type="hidden" name=".cgifields" value="86"  /><input type=
..\\..\\Parameters1\\common_lib.h(36):     <table border="0"><tr><td>&nbsp;</td>\n
Action.c(193):     "hidden" name=".cgifields" value="76"  /><input type="hidden" name=".cgifields" value="19"
..\\..\\Parameters1\\common_lib.h(36):     <td>&nbsp;</td></tr>\n
Action.c(193):       /><input type="hidden" name=".cgifields" value="62"  /><input type="hidden" name=".cgifi
..\\..\\Parameters1\\common_lib.h(36):     <tr><td>&nbsp;</td>\n
Action.c(193):     elds" value="54"  /><input type="hidden" name=".cgifields" value="67"  /><input type="hidd
..\\..\\Parameters1\\common_lib.h(36):     <td>&nbsp;</td></tr>\n
Action.c(193):     en" name=".cgifields" value="70"  /><input type="hidden" name=".cgifields" value="68"  /><
..\\..\\Parameters1\\common_lib.h(36):     <tr><td>&nbsp;</td>\n
Action.c(193):     input type="hidden" name=".cgifields" value="2"  /><input type="hidden" name=".cgifields" 
..\\..\\Parameters1\\common_lib.h(36):     <td><small>&nbsp;Username</small></td></tr>\n
..\\..\\Parameters1\\common_lib.h(36):     <tr><td>&nbsp;</td>\n
..\\..\\Parameters1\\common_lib.h(36):     <td><input type="text" name="username" value="" size="14" maxlength="14"/></td></tr>\n
..\\..\\Parameters1\\common_lib.h(36):     <tr><td>&nbsp;</td>\n
Action.c(193):     value="17"  /><input type="hidden" name=".cgifields" value="1"  /><input type="hidden" nam
..\\..\\Parameters1\\common_lib.h(36):     <td><small>&nbsp;Password</small></td>\n
Action.c(193):     e=".cgifields" value="116"  /><input type="hidden" name=".cgifields" value="88"  /><input 
..\\..\\Parameters1\\common_lib.h(36):     <tr><td>&nbsp;</td>\n
Action.c(193):     type="hidden" name=".cgifields" value="30"  /><input type="hidden" name=".cgifields" value
..\\..\\Parameters1\\common_lib.h(36):     <td><input type="password" name="password" value="" size="14" maxlength="14"/></td></tr>\n
Action.c(193):     ="100"  /><input type="hidden" name=".cgifields" value="110"  /><input type="hidden" name=
..\\..\\Parameters1\\common_lib.h(36):     <tr><td>&nbsp;</td>\n
Action.c(193):     ".cgifields" value="82"  /><input type="hidden" name=".cgifields" value="25"  /><input typ
..\\..\\Parameters1\\common_lib.h(36):     <td>&nbsp;</td></tr>\n
..\\..\\Parameters1\\common_lib.h(36):     <tr><td>&nbsp;</td>\n
Action.c(193):     e="hidden" name=".cgifields" value="120"  /><input type="hidden" name=".cgifields" value="
..\\..\\Parameters1\\common_lib.h(36):     <td><input type="image" name="login" value="Login" alt="Login" border="1" \n
Action.c(193):     28"  /><input type="hidden" name=".cgifields" value="83"  /><input type="hidden" name=".cg
..\\..\\Parameters1\\common_lib.h(36):     src="/WebTours/images/mer_login.gif"/></td></tr>\n
Action.c(193):     ifields" value="75"  /><input type="hidden" name=".cgifields" value="40"  /><input type="h
..\\..\\Parameters1\\common_lib.h(36):     <tr><td>&nbsp;</td><td>&nbsp;</td></tr>\n
Action.c(193):     idden" name=".cgifields" value="14"  /><input type="hidden" name=".cgifields" value="112" 
..\\..\\Parameters1\\common_lib.h(36):     </table><input type="hidden" name="JSFormSubmit" value="off"/>\n
Action.c(193):      /><input type="hidden" name=".cgifields" value="69"  /><input type="hidden" name=".cgifie
..\\..\\Parameters1\\common_lib.h(36):     </form>\n
Action.c(193):     lds" value="59"  /><input type="hidden" name=".cgifields" value="49"  /><input type="hidde
..\\..\\Parameters1\\common_lib.h(36):     \n
..\\..\\Parameters1\\common_lib.h(36):     </body>\n
Action.c(193):     n" name=".cgifields" value="24"  /><input type="hidden" name=".cgifields" value="104"  /><
..\\..\\Parameters1\\common_lib.h(36):     </html>\n
Action.c(193):     input type="hidden" name=".cgifields" value="53"  /><input type="hidden" name=".cgifields"
..\\..\\Parameters1\\common_lib.h(36): Resource "http://localhost:1080/WebTours/images/mer_login.gif" is in the cache already and will not be downloaded again  	[MsgId: MMSG-26655]
Action.c(193):      value="122"  /><input type="hidden" name=".cgifields" value="121"  /><input type="hidden"
Action.c(193):      name=".cgifields" value="79"  /><input type="hidden" name=".cgifields" value="22"  /><inp
Action.c(193):     ut type="hidden" name=".cgifields" value="42"  /><input type="hidden" name=".cgifields" va
Action.c(193):     lue="46"  /><input type="hidden" name=".cgifields" value="23"  /><input type="hidden" name
Action.c(193):     =".cgifields" value="13"  /><input type="hidden" name=".cgifields" value="105"  /><input t
Action.c(193):     ype="hidden" name=".cgifields" value="96"  /><input type="hidden" name=".cgifields" value=
Action.c(193):     "6"  /><input type="hidden" name=".cgifields" value=
Action.c(193): Found resource "http://localhost:1080/WebTours/images/cancelreservation.gif" in HTML "http://localhost:1080/cgi-bin/itinerary.pl"  	[MsgId: MMSG-26659]
..\\..\\Parameters1\\common_lib.h(36): t=1319009ms: 5-byte chunked response overhead for "http://localhost:1080/cgi-bin/nav.pl?in=home" (RelFrameId=1.1, Internal ID=1155)
..\\..\\Parameters1\\common_lib.h(36):     0\r\n
..\\..\\Parameters1\\common_lib.h(36):     \r\n
Action.c(193): Found resource "http://localhost:1080/WebTours/images/cancelallreservations.gif" in HTML "http://localhost:1080/cgi-bin/itinerary.pl"  	[MsgId: MMSG-26659]
..\\..\\Parameters1\\common_lib.h(36): t=1319009ms: Request done "http://localhost:1080/cgi-bin/nav.pl?in=home"  	[MsgId: MMSG-26000]
..\\..\\Parameters1\\common_lib.h(36): Registered web_reg_find successful for "Text=Web Tours" (count=5)  	[MsgId: MMSG-26364]
..\\..\\Parameters1\\common_lib.h(36): web_url("SignOff Button") was successful, 2174 body bytes, 582 header bytes, 24 chunking overhead bytes  	[MsgId: MMSG-26385]
..\\..\\Parameters1\\common_lib.h(45): Notify: Transaction "signOut" ended with a "Pass" status (Duration: 0,2467 Wasted Time: 0,0000).	[MsgId: MMSG-16871]
Action.c(193): t=1319009ms: 7-byte chunked response overhead for "http://localhost:1080/cgi-bin/itinerary.pl" (RelFrameId=1.2, Internal ID=1150)
Action.c(193):     \r\n
Action.c(209): Notify: Transaction "UC1_BuyTicket" ended with a "Pass" status (Duration: 26,4075 Think Time: 24,0346 Wasted Time: 0,0037).	[MsgId: MMSG-16870]
Action.c(193):     275\r\n
Ending action Action.	[MsgId: MMSG-15918]
Action.c(193): t=1319010ms: 7-byte chunked response overhead for "http://localhost:1080/cgi-bin/itinerary.pl" (RelFrameId=1.2, Internal ID=1150)
Action.c(193):     \r\n
Action.c(193):     0\r\n
Action.c(193):     \r\n
Action was aborted.	[MsgId: MMSG-10694]
Ending Vuser...	[MsgId: MMSG-15966]
Action.c(193): t=1319010ms: 894-byte chunked response body for "http://localhost:1080/cgi-bin/itinerary.pl" (RelFrameId=1.2, Internal ID=1150)
Starting action vuser_end.	[MsgId: MMSG-15919]
Action.c(193):     "85"  /><input type="hidden" name=".cgifields" value="3"  /><input type="hidden" name=".cg
Action.c(193):     ifields" value="36"  /><input type="hidden" name=".cgifields" value="94"  /><input type="h
Ending action vuser_end.	[MsgId: MMSG-15918]
Action.c(193):     idden" name=".cgifields" value="111"  /><input type="hidden" name=".cgifields" value="9"  
Vuser Terminated.	[MsgId: MMSG-15963]
Action.c(193):     /><input type="hidden" name=".cgifields" value="51"  /><input type="hidden" name=".cgifiel
Action.c(193):     ds" value="47"  /><input type="hidden" name=".cgifields" value="8"  /><input type="hidden"
t=1319010ms: Closed connection [0] to localhost:1080 after completing 15 request(s)  	[MsgId: MMSG-26000]
Action.c(193):      name=".cgifields" value="38"  /><input type="hidden" name=".cgifields" value="98"  /><inp
Action.c(193):     ut type="hidden" name=".cgifields" value="4"  /><input type="hidden" name=".cgifields" val
Action.c(193):     ue="34"  /><input type="hidden" name=".cgifields" value="37"  /><input type="hidden" name=
Action.c(193):     ".cgifields" value="117"  /><input type="hidden" name=".cgifields" value="43"  /><input ty
Action.c(193):     pe="hidden" name=".cgifields" value="5"  /></div></form>\n
Action.c(193):     \n
Action.c(193):     </center>\n
Action.c(193):     \n
Action.c(193):     </body>\n
t=1319011ms: Closed connection [1] to localhost:1080 after completing 3 request(s)  	[MsgId: MMSG-26000]
Action.c(193):     </html>
t=1319011ms: Closed connection [2] to localhost:1080 after completing 1 request(s)  	[MsgId: MMSG-26000]
Action.c(193): t=1319011ms: Request done "http://localhost:1080/cgi-bin/itinerary.pl"  	[MsgId: MMSG-26000]
Action.c(193): t=1319012ms: Already connected [0] to localhost:1080  	[MsgId: MMSG-26000]
Action.c(193): t=1319012ms: 452-byte request headers for "http://localhost:1080/WebTours/images/cancelreservation.gif" (RelFrameId=, Internal ID=1152)
Action.c(193):     GET /WebTours/images/cancelreservation.gif HTTP/1.1\r\n
Action.c(193):     Referer: http://localhost:1080/cgi-bin/itinerary.pl\r\n
Action.c(193):     User-Agent: Mozilla/5.0 (Windows NT 10.0; WOW64; Trident/7.0; rv:11.0) like Gecko\r\n
Action.c(193):     Accept-Encoding: gzip, deflate\r\n
Action.c(193):     Accept-Language: ru,en-US;q=0.7,en;q=0.3\r\n
Action.c(193):     Accept: */*\r\n
Action.c(193):     Connection: Keep-Alive\r\n
Action.c(193):     Host: localhost:1080\r\n
Action.c(193):     Cookie: MSO=SID&1685141078; MTUserInfo=firstName&John&username&john&address2&687894&hash&1
Action.c(193):     10&address1&Moscow5&lastName&Snow%0A\r\n
HTML-Mode memory management statistics: Reusable=20, NonReusable=0, CsMemBlockSize=4096, checks disabled  	[MsgId: MMSG-26000]
Action.c(193):     \r\n
Action.c(193): t=1319013ms: Already connected [4] to localhost:1080  	[MsgId: MMSG-26000]
Action.c(193): t=1319013ms: 456-byte request headers for "http://localhost:1080/WebTours/images/cancelallreservations.gif" (RelFrameId=, Internal ID=1153)
Action.c(193):     GET /WebTours/images/cancelallreservations.gif HTTP/1.1\r\n
Vuser 1 (thread 416908), ended OK."	[MsgId: MMSG-10695]
Action.c(193):     Referer: http://localhost:1080/cgi-bin/itinerary.pl\r\n
Action.c(193):     User-Agent: Mozilla/5.0 (Windows NT 10.0; WOW64; Trident/7.0; rv:11.0) like Gecko\r\n
Action.c(193):     Accept-Encoding: gzip, deflate\r\n
Action.c(193):     Accept-Language: ru,en-US;q=0.7,en;q=0.3\r\n
Action.c(193):     Accept: */*\r\n
Action.c(193):     Connection: Keep-Alive\r\n
Action.c(193):     Host: localhost:1080\r\n
Action.c(193):     Cookie: MSO=SID&1685141078; MTUserInfo=firstName&John&username&john&address2&687894&hash&1
Action.c(193):     10&address1&Moscow5&lastName&Snow%0A\r\n
Action.c(193):     \r\n
Action.c(193): t=1319018ms: 298-byte response headers for "http://localhost:1080/WebTours/images/cancelreservation.gif" (RelFrameId=, Internal ID=1152)
Action.c(193):     HTTP/1.1 200 OK\r\n
Action.c(193):     Date: Fri, 26 May 2023 22:45:04 GMT\r\n
Action.c(193):     Server: Apache/2.2.21 (Win32)\r\n
Action.c(193):     Last-Modified: Thu, 12 Jan 2012 13:30:28 GMT\r\n
Action.c(193):     ETag: "45000000013934-33f-4b654c0620500"\r\n
Action.c(193):     Accept-Ranges: bytes\r\n
Action.c(193):     Content-Length: 831\r\n
Action.c(193):     Keep-Alive: timeout=5, max=87\r\n
Action.c(193):     Connection: Keep-Alive\r\n
Action.c(193):     Content-Type: image/gif\r\n
Action.c(193):     \r\n
Action.c(193): t=1319021ms: 831-byte response body for "http://localhost:1080/WebTours/images/cancelreservation.gif" (RelFrameId=, Internal ID=1152)
Action.c(193): t=1319021ms: Request done "http://localhost:1080/WebTours/images/cancelreservation.gif"  	[MsgId: MMSG-26000]
Action.c(193): t=1319021ms: 298-byte response headers for "http://localhost:1080/WebTours/images/cancelallreservations.gif" (RelFrameId=, Internal ID=1153)
Action.c(193):     HTTP/1.1 200 OK\r\n
Action.c(193):     Date: Fri, 26 May 2023 22:45:04 GMT\r\n
Action.c(193):     Server: Apache/2.2.21 (Win32)\r\n
Action.c(193):     Last-Modified: Thu, 12 Jan 2012 13:30:28 GMT\r\n
Action.c(193):     ETag: "c4000000013933-2e6-4b654c0620500"\r\n
Action.c(193):     Accept-Ranges: bytes\r\n
Action.c(193):     Content-Length: 742\r\n
Action.c(193):     Keep-Alive: timeout=5, max=99\r\n
Action.c(193):     Connection: Keep-Alive\r\n
Action.c(193):     Content-Type: image/gif\r\n
Action.c(193):     \r\n
Action.c(193): t=1319022ms: 742-byte response body for "http://localhost:1080/WebTours/images/cancelallreservations.gif" (RelFrameId=, Internal ID=1153)
Action.c(193): t=1319023ms: Request done "http://localhost:1080/WebTours/images/cancelallreservations.gif"  	[MsgId: MMSG-26000]
Action.c(193): Registered web_reg_find successful for "Text=John Snow" (count=245)  	[MsgId: MMSG-26364]
Action.c(193): web_url("Itinerary Button") was successful, 144148 body bytes, 1621 header bytes, 299 chunking overhead bytes  	[MsgId: MMSG-26385]
Action.c(203): Notify: Transaction "checkItinerary" ended with a "Pass" status (Duration: 0,7239 Wasted Time: 0,0005).	[MsgId: MMSG-16871]
..\\..\\Parameters1\\common_lib.h(32): Notify: Transaction "signOut" started.	[MsgId: MMSG-16999]
..\\..\\Parameters1\\common_lib.h(34): web_reg_find started  	[MsgId: MMSG-26355]
..\\..\\Parameters1\\common_lib.h(34): Registering web_reg_find was successful  	[MsgId: MMSG-26390]
..\\..\\Parameters1\\common_lib.h(36): web_url("SignOff Button") started  	[MsgId: MMSG-26355]
..\\..\\Parameters1\\common_lib.h(36): t=1319024ms: Already connected [0] to localhost:1080  	[MsgId: MMSG-26000]
..\\..\\Parameters1\\common_lib.h(36): t=1319024ms: 458-byte request headers for "http://localhost:1080/cgi-bin/welcome.pl?signOff=1" (RelFrameId=1, Internal ID=1154)
..\\..\\Parameters1\\common_lib.h(36):     GET /cgi-bin/welcome.pl?signOff=1 HTTP/1.1\r\n
..\\..\\Parameters1\\common_lib.h(36):     Referer: http://localhost:1080/cgi-bin/nav.pl?page=menu&in=flights\r\n
..\\..\\Parameters1\\common_lib.h(36):     User-Agent: Mozilla/5.0 (Windows NT 10.0; WOW64; Trident/7.0; rv:11.0) like Gecko\r\n
..\\..\\Parameters1\\common_lib.h(36):     Accept-Encoding: gzip, deflate\r\n
..\\..\\Parameters1\\common_lib.h(36):     Accept-Language: ru,en-US;q=0.7,en;q=0.3\r\n
..\\..\\Parameters1\\common_lib.h(36):     Accept: */*\r\n
..\\..\\Parameters1\\common_lib.h(36):     Connection: Keep-Alive\r\n
..\\..\\Parameters1\\common_lib.h(36):     Host: localhost:1080\r\n
..\\..\\Parameters1\\common_lib.h(36):     Cookie: MSO=SID&1685141078; MTUserInfo=firstName&John&username&john&address2&687894&hash&1
..\\..\\Parameters1\\common_lib.h(36):     10&address1&Moscow5&lastName&Snow%0A\r\n
..\\..\\Parameters1\\common_lib.h(36):     \r\n
..\\..\\Parameters1\\common_lib.h(36): t=1319140ms: 327-byte response headers for "http://localhost:1080/cgi-bin/welcome.pl?signOff=1" (RelFrameId=1, Internal ID=1154)
..\\..\\Parameters1\\common_lib.h(36):     HTTP/1.1 200 OK\r\n
..\\..\\Parameters1\\common_lib.h(36):     Date: Fri, 26 May 2023 22:45:04 GMT\r\n
..\\..\\Parameters1\\common_lib.h(36):     Server: Apache/2.2.21 (Win32)\r\n
..\\..\\Parameters1\\common_lib.h(36):     Set-Cookie: MSO=SID&1685141104; path=/\r\n
..\\..\\Parameters1\\common_lib.h(36):     Set-Cookie: MTUserInfo=; path=/; expires=Thu, 25-May-2023 22:45:04 GMT\r\n
..\\..\\Parameters1\\common_lib.h(36):     Keep-Alive: timeout=5, max=86\r\n
..\\..\\Parameters1\\common_lib.h(36):     Connection: Keep-Alive\r\n
..\\..\\Parameters1\\common_lib.h(36):     Transfer-Encoding: chunked\r\n
..\\..\\Parameters1\\common_lib.h(36):     Content-Type: text/html; charset=ISO-8859-1\r\n
..\\..\\Parameters1\\common_lib.h(36):     \r\n
..\\..\\Parameters1\\common_lib.h(36): t=1319140ms: 5-byte chunked response overhead for "http://localhost:1080/cgi-bin/welcome.pl?signOff=1" (RelFrameId=1, Internal ID=1154)
..\\..\\Parameters1\\common_lib.h(36):     2ae\r\n
..\\..\\Parameters1\\common_lib.h(36): t=1319141ms: 2-byte chunked response overhead for "http://localhost:1080/cgi-bin/welcome.pl?signOff=1" (RelFrameId=1, Internal ID=1154)
..\\..\\Parameters1\\common_lib.h(36):     \r\n
..\\..\\Parameters1\\common_lib.h(36): t=1319141ms: 686-byte chunked response body for "http://localhost:1080/cgi-bin/welcome.pl?signOff=1" (RelFrameId=1, Internal ID=1154)
..\\..\\Parameters1\\common_lib.h(36):     <!-- \n
..\\..\\Parameters1\\common_lib.h(36):      A Session ID has been created and loaded into a cookie called MSO.\n
..\\..\\Parameters1\\common_lib.h(36):      Also, the server options have been loaded into the cookie called\n
..\\..\\Parameters1\\common_lib.h(36):      MSO as well.  The server options can be set via the Admin page.\n
..\\..\\Parameters1\\common_lib.h(36):      --->\n
..\\..\\Parameters1\\common_lib.h(36):     \n
..\\..\\Parameters1\\common_lib.h(36):     <html>\n
..\\..\\Parameters1\\common_lib.h(36):     <title>Web Tours</title>\n
..\\..\\Parameters1\\common_lib.h(36):        <!-- Frame Set -->\n
..\\..\\Parameters1\\common_lib.h(36):        <frameset cols="160,*" border="1" frameborder="1">\n
..\\..\\Parameters1\\common_lib.h(36):           <!-- Navigation Frame -->\n
..\\..\\Parameters1\\common_lib.h(36):           <frame src="nav.pl?in=home" name="navbar" marginheight="2" marginwidth="2" \n
..\\..\\Parameters1\\common_lib.h(36):                 noresize="noresize" scrolling="auto"/>\n
..\\..\\Parameters1\\common_lib.h(36):           <!-- Home Frame -->\n
..\\..\\Parameters1\\common_lib.h(36):           <frame src="/WebTours/home.html" name="info" marginheight="2" marginwidth="2" \n
..\\..\\Parameters1\\common_lib.h(36):                 noresize="noresize" scrolling="auto"/>\n
..\\..\\Parameters1\\common_lib.h(36):        </frameset>\n
..\\..\\Parameters1\\common_lib.h(36):     </html>\n
..\\..\\Parameters1\\common_lib.h(36):     \n
..\\..\\Parameters1\\common_lib.h(36):     </body>\n
..\\..\\Parameters1\\common_lib.h(36):     </html>
..\\..\\Parameters1\\common_lib.h(36): Detected non-resource "http://localhost:1080/cgi-bin/nav.pl?in=home" in "http://localhost:1080/cgi-bin/welcome.pl?signOff=1"  	[MsgId: MMSG-26574]
..\\..\\Parameters1\\common_lib.h(36): Detected non-resource "http://localhost:1080/WebTours/home.html" in "http://localhost:1080/cgi-bin/welcome.pl?signOff=1"  	[MsgId: MMSG-26574]
..\\..\\Parameters1\\common_lib.h(36): Retrieving data from cache for "http://localhost:1080/WebTours/home.html"  	[MsgId: MMSG-26558]
..\\..\\Parameters1\\common_lib.h(36): t=1319143ms: 1361-byte response body retrieved from cache for "http://localhost:1080/WebTours/home.html" (RelFrameId=1.2, Internal ID=1156)
..\\..\\Parameters1\\common_lib.h(36):     <HTML>\n
..\\..\\Parameters1\\common_lib.h(36):     <HEAD>\n
..\\..\\Parameters1\\common_lib.h(36):     \t<title>Web Tours</title>\n
..\\..\\Parameters1\\common_lib.h(36):     </HEAD>\n
..\\..\\Parameters1\\common_lib.h(36):     <style>\n
..\\..\\Parameters1\\common_lib.h(36):     \tblockquote {font-family: tahoma; font-size : 10pt}\n
..\\..\\Parameters1\\common_lib.h(36):     \tH1 {font-family: tahoma; font-size : 22pt; color: #003366}\n
..\\..\\Parameters1\\common_lib.h(36):     \tsmall {font-family: tahoma; font-size : 8pt}\n
..\\..\\Parameters1\\common_lib.h(36):     \tH3{font-family: tahoma; font-size : 10pt; color: black}\n
..\\..\\Parameters1\\common_lib.h(36):     \tA {FONT-WEIGHT: bold; FONT-SIZE: 10pt; COLOR: black; FONT-FAMILY: Tahoma; TEXT-DECORATIO
..\\..\\Parameters1\\common_lib.h(36):     N: none}\n
..\\..\\Parameters1\\common_lib.h(36):     \tA:hover{ FONT-WEIGHT: bold; FONT-SIZE: 10pt; COLOR: #993333; FONT-FAMILY: Tahoma;TEXT-DE
..\\..\\Parameters1\\common_lib.h(36):     CORATION: underline}\n
..\\..\\Parameters1\\common_lib.h(36):     \tTD {font-family: tahoma; font-size : 10pt; color: black}\n
..\\..\\Parameters1\\common_lib.h(36):     </style>\n
..\\..\\Parameters1\\common_lib.h(36):     <body bgcolor="#e0e7f1">\n
..\\..\\Parameters1\\common_lib.h(36):     <BR/>\n
..\\..\\Parameters1\\common_lib.h(36):     <BR/>\n
..\\..\\Parameters1\\common_lib.h(36):     <BR/>\n
..\\..\\Parameters1\\common_lib.h(36):     <br/>\n
..\\..\\Parameters1\\common_lib.h(36):     <table border="0">\n
..\\..\\Parameters1\\common_lib.h(36):     <tr><td></td></tr>\n
..\\..\\Parameters1\\common_lib.h(36):     <TR><TD></TD></TR>\n
..\\..\\Parameters1\\common_lib.h(36):     <TR><TD>\n
..\\..\\Parameters1\\common_lib.h(36):     <blockquote>\n
..\\..\\Parameters1\\common_lib.h(36):     <H1><b>Web Tours</b></H1>\n
..\\..\\Parameters1\\common_lib.h(36):     Welcome to the Web Tours site.\n
..\\..\\Parameters1\\common_lib.h(36):     <br/>\n
..\\..\\Parameters1\\common_lib.h(36):     To make reservations,please enter your account information to the left.\n
..\\..\\Parameters1\\common_lib.h(36):     <br/>\n
..\\..\\Parameters1\\common_lib.h(36):     If you haven't registered yet, <A href="/cgi-bin/login.pl?username=&amp;password=&amp;getI
..\\..\\Parameters1\\common_lib.h(36):     nfo=true" ><B>sign up now</B></A> to get access to all our resources.\n
..\\..\\Parameters1\\common_lib.h(36):     <br/>\n
..\\..\\Parameters1\\common_lib.h(36):     To configure the server options, use <A href="/cgi-bin/admin.pl" target="body" ><b>adminis
..\\..\\Parameters1\\common_lib.h(36):     tration</b></A> link.\n
..\\..\\Parameters1\\common_lib.h(36):     <br/><br/><br/><br/><br/><br/>\n
..\\..\\Parameters1\\common_lib.h(36):     <br/><small>\n
..\\..\\Parameters1\\common_lib.h(36):     This product uses parts of the SMT Kernel, Copyright (c) 1991-99 <A href="http://www.imati
..\\..\\Parameters1\\common_lib.h(36):     x.com" target="new"><B><small>iMatix Corporation</small></B></A> \n
..\\..\\Parameters1\\common_lib.h(36):     </small>\n
..\\..\\Parameters1\\common_lib.h(36):     </blockquote></TD>\n
..\\..\\Parameters1\\common_lib.h(36):     <TD></TD></TR>\n
..\\..\\Parameters1\\common_lib.h(36):     </table>\n
..\\..\\Parameters1\\common_lib.h(36):     </body>\n
..\\..\\Parameters1\\common_lib.h(36):     </HTML>\n
..\\..\\Parameters1\\common_lib.h(36): t=1319147ms: 5-byte chunked response overhead for "http://localhost:1080/cgi-bin/welcome.pl?signOff=1" (RelFrameId=1, Internal ID=1154)
..\\..\\Parameters1\\common_lib.h(36):     0\r\n
..\\..\\Parameters1\\common_lib.h(36):     \r\n
..\\..\\Parameters1\\common_lib.h(36): t=1319147ms: Request done "http://localhost:1080/cgi-bin/welcome.pl?signOff=1"  	[MsgId: MMSG-26000]
..\\..\\Parameters1\\common_lib.h(36): t=1319147ms: Already connected [1] to localhost:1080  	[MsgId: MMSG-26000]
..\\..\\Parameters1\\common_lib.h(36): t=1319147ms: 345-byte request headers for "http://localhost:1080/cgi-bin/nav.pl?in=home" (RelFrameId=1.1, Internal ID=1155)
..\\..\\Parameters1\\common_lib.h(36):     GET /cgi-bin/nav.pl?in=home HTTP/1.1\r\n
..\\..\\Parameters1\\common_lib.h(36):     Referer: http://localhost:1080/cgi-bin/welcome.pl?signOff=1\r\n
..\\..\\Parameters1\\common_lib.h(36):     User-Agent: Mozilla/5.0 (Windows NT 10.0; WOW64; Trident/7.0; rv:11.0) like Gecko\r\n
..\\..\\Parameters1\\common_lib.h(36):     Accept-Encoding: gzip, deflate\r\n
..\\..\\Parameters1\\common_lib.h(36):     Accept-Language: ru,en-US;q=0.7,en;q=0.3\r\n
..\\..\\Parameters1\\common_lib.h(36):     Accept: */*\r\n
..\\..\\Parameters1\\common_lib.h(36):     Connection: Keep-Alive\r\n
..\\..\\Parameters1\\common_lib.h(36):     Host: localhost:1080\r\n
..\\..\\Parameters1\\common_lib.h(36):     Cookie: MSO=SID&1685141104\r\n
..\\..\\Parameters1\\common_lib.h(36):     \r\n
..\\..\\Parameters1\\common_lib.h(36): t=1319266ms: 255-byte response headers for "http://localhost:1080/cgi-bin/nav.pl?in=home" (RelFrameId=1.1, Internal ID=1155)
..\\..\\Parameters1\\common_lib.h(36):     HTTP/1.1 200 OK\r\n
..\\..\\Parameters1\\common_lib.h(36):     Date: Fri, 26 May 2023 22:45:04 GMT\r\n
..\\..\\Parameters1\\common_lib.h(36):     Server: Apache/2.2.21 (Win32)\r\n
..\\..\\Parameters1\\common_lib.h(36):     Expires: Thu, 25 May 2023 22:45:04 GMT\r\n
..\\..\\Parameters1\\common_lib.h(36):     Keep-Alive: timeout=5, max=99\r\n
..\\..\\Parameters1\\common_lib.h(36):     Connection: Keep-Alive\r\n
..\\..\\Parameters1\\common_lib.h(36):     Transfer-Encoding: chunked\r\n
..\\..\\Parameters1\\common_lib.h(36):     Content-Type: text/html; charset=ISO-8859-1\r\n
..\\..\\Parameters1\\common_lib.h(36):     \r\n
..\\..\\Parameters1\\common_lib.h(36): t=1319267ms: 5-byte chunked response overhead for "http://localhost:1080/cgi-bin/nav.pl?in=home" (RelFrameId=1.1, Internal ID=1155)
..\\..\\Parameters1\\common_lib.h(36):     5d0\r\n
..\\..\\Parameters1\\common_lib.h(36): t=1319268ms: 2-byte chunked response overhead for "http://localhost:1080/cgi-bin/nav.pl?in=home" (RelFrameId=1.1, Internal ID=1155)
..\\..\\Parameters1\\common_lib.h(36):     \r\n
..\\..\\Parameters1\\common_lib.h(36): t=1319268ms: 1488-byte chunked response body for "http://localhost:1080/cgi-bin/nav.pl?in=home" (RelFrameId=1.1, Internal ID=1155)
..\\..\\Parameters1\\common_lib.h(36):     <!DOCTYPE html\n
..\\..\\Parameters1\\common_lib.h(36):     \tPUBLIC "-//W3C//DTD XHTML 1.0 Transitional//EN"\n
..\\..\\Parameters1\\common_lib.h(36):     \t "http://www.w3.org/TR/xhtml1/DTD/xhtml1-transitional.dtd">\n
..\\..\\Parameters1\\common_lib.h(36):     <html xmlns="http://www.w3.org/1999/xhtml" lang="en-US" xml:lang="en-US">\n
..\\..\\Parameters1\\common_lib.h(36):     <head>\n
..\\..\\Parameters1\\common_lib.h(36):     <title>Web Tours Navigation Bar</title>\n
..\\..\\Parameters1\\common_lib.h(36):     <meta http-equiv="Content-Type" content="text/html; charset=iso-8859-1" />\n
..\\..\\Parameters1\\common_lib.h(36):     </head>\n
..\\..\\Parameters1\\common_lib.h(36):     <body bgcolor="#E0E7F1">\n
..\\..\\Parameters1\\common_lib.h(36):     <style>\n
..\\..\\Parameters1\\common_lib.h(36):     blockquote {font-family: tahoma; font-size : 10pt}\n
..\\..\\Parameters1\\common_lib.h(36):     H1 {font-family: tahoma; font-size : 22pt; color: #993333}\n
..\\..\\Parameters1\\common_lib.h(36):     H3 {font-family: tahoma; font-size : 10pt; color: black}\n
..\\..\\Parameters1\\common_lib.h(36):     small {font-family: tahoma; font-size : 8pt}\n
..\\..\\Parameters1\\common_lib.h(36):     </style>\n
..\\..\\Parameters1\\common_lib.h(36):     <form method="post" action="/cgi-bin/login.pl" target="body">\n
..\\..\\Parameters1\\common_lib.h(36):     <input type="hidden" name="userSession" value="136503.937140543HAcVtcVpczzzzzzHtcVcipfcHz"
..\\..\\Parameters1\\common_lib.h(36):     />\n
..\\..\\Parameters1\\common_lib.h(36):     <table border="0"><tr><td>&nbsp;</td>\n
..\\..\\Parameters1\\common_lib.h(36):     <td>&nbsp;</td></tr>\n
..\\..\\Parameters1\\common_lib.h(36):     <tr><td>&nbsp;</td>\n
..\\..\\Parameters1\\common_lib.h(36):     <td>&nbsp;</td></tr>\n
..\\..\\Parameters1\\common_lib.h(36):     <tr><td>&nbsp;</td>\n
..\\..\\Parameters1\\common_lib.h(36):     <td><small>&nbsp;Username</small></td></tr>\n
..\\..\\Parameters1\\common_lib.h(36):     <tr><td>&nbsp;</td>\n
..\\..\\Parameters1\\common_lib.h(36):     <td><input type="text" name="username" value="" size="14" maxlength="14"/></td></tr>\n
..\\..\\Parameters1\\common_lib.h(36):     <tr><td>&nbsp;</td>\n
..\\..\\Parameters1\\common_lib.h(36):     <td><small>&nbsp;Password</small></td>\n
..\\..\\Parameters1\\common_lib.h(36):     <tr><td>&nbsp;</td>\n
..\\..\\Parameters1\\common_lib.h(36):     <td><input type="password" name="password" value="" size="14" maxlength="14"/></td></tr>\n
..\\..\\Parameters1\\common_lib.h(36):     <tr><td>&nbsp;</td>\n
..\\..\\Parameters1\\common_lib.h(36):     <td>&nbsp;</td></tr>\n
..\\..\\Parameters1\\common_lib.h(36):     <tr><td>&nbsp;</td>\n
..\\..\\Parameters1\\common_lib.h(36):     <td><input type="image" name="login" value="Login" alt="Login" border="1" \n
..\\..\\Parameters1\\common_lib.h(36):     src="/WebTours/images/mer_login.gif"/></td></tr>\n
..\\..\\Parameters1\\common_lib.h(36):     <tr><td>&nbsp;</td><td>&nbsp;</td></tr>\n
..\\..\\Parameters1\\common_lib.h(36):     </table><input type="hidden" name="JSFormSubmit" value="off"/>\n
..\\..\\Parameters1\\common_lib.h(36):     </form>\n
..\\..\\Parameters1\\common_lib.h(36):     \n
..\\..\\Parameters1\\common_lib.h(36):     </body>\n
..\\..\\Parameters1\\common_lib.h(36):     </html>\n
..\\..\\Parameters1\\common_lib.h(36): Resource "http://localhost:1080/WebTours/images/mer_login.gif" is in the cache already and will not be downloaded again  	[MsgId: MMSG-26655]
..\\..\\Parameters1\\common_lib.h(36): t=1319272ms: 5-byte chunked response overhead for "http://localhost:1080/cgi-bin/nav.pl?in=home" (RelFrameId=1.1, Internal ID=1155)
..\\..\\Parameters1\\common_lib.h(36):     0\r\n
..\\..\\Parameters1\\common_lib.h(36):     \r\n
..\\..\\Parameters1\\common_lib.h(36): t=1319273ms: Request done "http://localhost:1080/cgi-bin/nav.pl?in=home"  	[MsgId: MMSG-26000]
..\\..\\Parameters1\\common_lib.h(36): Registered web_reg_find successful for "Text=Web Tours" (count=5)  	[MsgId: MMSG-26364]
..\\..\\Parameters1\\common_lib.h(36): web_url("SignOff Button") was successful, 2174 body bytes, 582 header bytes, 24 chunking overhead bytes  	[MsgId: MMSG-26385]
..\\..\\Parameters1\\common_lib.h(45): Notify: Transaction "signOut" ended with a "Pass" status (Duration: 0,2498 Wasted Time: 0,0000).	[MsgId: MMSG-16871]
Action.c(209): Notify: Transaction "UC1_BuyTicket" ended with a "Pass" status (Duration: 26,5501 Think Time: 24,0198 Wasted Time: 0,0036).	[MsgId: MMSG-16870]
Ending action Action.	[MsgId: MMSG-15918]
Action was aborted.	[MsgId: MMSG-10694]
Ending Vuser...	[MsgId: MMSG-15966]
Starting action vuser_end.	[MsgId: MMSG-15919]
Ending action vuser_end.	[MsgId: MMSG-15918]
Vuser Terminated.	[MsgId: MMSG-15963]
t=1319274ms: Closed connection [0] to localhost:1080 after completing 15 request(s)  	[MsgId: MMSG-26000]
t=1319274ms: Closed connection [1] to localhost:1080 after completing 2 request(s)  	[MsgId: MMSG-26000]
t=1319274ms: Closed connection [4] to localhost:1080 after completing 2 request(s)  	[MsgId: MMSG-26000]
HTML-Mode memory management statistics: Reusable=23, NonReusable=0, CsMemBlockSize=4096, checks disabled  	[MsgId: MMSG-26000]
Vuser 0 (thread 417028), ended OK."	[MsgId: MMSG-10695]
