Virtual User Script started at: 01.06.2023 21:57:09	[MsgId: MMSG-15967]
Starting action vuser_init.	[MsgId: MMSG-15919]
Web Turbo Replay of LoadRunner 2020.0.0 for Windows 10; build 793 (ноя 27 2019 19:51:20)  	[MsgId: MMSG-26983]
Run mode: HTML  	[MsgId: MMSG-26993]
Replay user agent: Mozilla/5.0 (Windows NT 10.0; WOW64; Trident/7.0; rv:11.0) like Gecko  	[MsgId: MMSG-26988]
Runtime Settings file: "C:\Users\EHOT\AppData\Local\Temp\lr5tmpdirAxJ.78\lrcfg1f8.120\cfgCSV.123"  	[MsgId: MMSG-27141]
Ending action vuser_init.	[MsgId: MMSG-15918]
Running Vuser...	[MsgId: MMSG-15964]
Starting iteration 1.	[MsgId: MMSG-15968]
Maximum number of concurrent connections per server: 6  	[MsgId: MMSG-26989]
Starting action Action.	[MsgId: MMSG-15919]
Action.c(4): Notify: Transaction "UC4_LoginLogout" started.	[MsgId: MMSG-16999]
Action.c(7): web_reg_save_param_attrib started  	[MsgId: MMSG-26355]
Action.c(7): Registering web_reg_save_param_attrib was successful  	[MsgId: MMSG-26390]
Action.c(18): Notify: Transaction "loginPage" started.	[MsgId: MMSG-16999]
Action.c(20): web_reg_find started  	[MsgId: MMSG-26355]
Action.c(20): Registering web_reg_find was successful  	[MsgId: MMSG-26390]
Action.c(23): web_url("WebTours") started  	[MsgId: MMSG-26355]
Action.c(23): Detected non-resource "http://localhost:1080/WebTours/header.html" in "http://localhost:1080/WebTours/"  	[MsgId: MMSG-26574]
Action.c(23): Detected non-resource "http://localhost:1080/cgi-bin/welcome.pl?signOff=true" in "http://localhost:1080/WebTours/"  	[MsgId: MMSG-26574]
Action.c(23): Found resource "http://localhost:1080/WebTours/images/hp_logo.png" in HTML "http://localhost:1080/WebTours/header.html"  	[MsgId: MMSG-26659]
Action.c(23): Found resource "http://localhost:1080/WebTours/images/webtours.png" in HTML "http://localhost:1080/WebTours/header.html"  	[MsgId: MMSG-26659]
Action.c(23): Detected non-resource "http://localhost:1080/cgi-bin/nav.pl?in=home" in "http://localhost:1080/cgi-bin/welcome.pl?signOff=true"  	[MsgId: MMSG-26574]
Action.c(23): Detected non-resource "http://localhost:1080/WebTours/home.html" in "http://localhost:1080/cgi-bin/welcome.pl?signOff=true"  	[MsgId: MMSG-26574]
Action.c(23): Found resource "http://localhost:1080/WebTours/images/mer_login.gif" in HTML "http://localhost:1080/cgi-bin/nav.pl?in=home"  	[MsgId: MMSG-26659]
Action.c(23): Registered web_reg_find successful for "Text=Web Tours Navigation Bar" (count=1)  	[MsgId: MMSG-26364]
Action.c(23): web_url("WebTours") was successful, 10076 body bytes, 2377 header bytes, 24 chunking overhead bytes  	[MsgId: MMSG-26385]
Action.c(33): Think time - Waiting 5,00 seconds (according to limit).	[MsgId: MMSG-15946]
Action.c(33): lr_think_time: 5,00 seconds (recorded think time was 23,00 seconds).	[MsgId: MMSG-15947]
Action.c(35): Notify: Transaction "loginPage" ended with a "Pass" status (Duration: 5,6369 Think Time: 5,1606 Wasted Time: 0,0406).	[MsgId: MMSG-16870]
..\\..\\Parameters1\\common_lib.h(3): Notify: Transaction "login" started.	[MsgId: MMSG-16999]
..\\..\\Parameters1\\common_lib.h(7): web_reg_find started  	[MsgId: MMSG-26355]
..\\..\\Parameters1\\common_lib.h(7): Registering web_reg_find was successful  	[MsgId: MMSG-26390]
..\\..\\Parameters1\\common_lib.h(9): web_submit_data("login.pl") started  	[MsgId: MMSG-26355]
..\\..\\Parameters1\\common_lib.h(9): Detected non-resource "http://localhost:1080/cgi-bin/nav.pl?page=menu&in=home" in "http://localhost:1080/cgi-bin/login.pl"  	[MsgId: MMSG-26574]
..\\..\\Parameters1\\common_lib.h(9): Detected non-resource "http://localhost:1080/cgi-bin/login.pl?intro=true" in "http://localhost:1080/cgi-bin/login.pl"  	[MsgId: MMSG-26574]
..\\..\\Parameters1\\common_lib.h(9): Found resource "http://localhost:1080/WebTours/images/flights.gif" in HTML "http://localhost:1080/cgi-bin/nav.pl?page=menu&in=home"  	[MsgId: MMSG-26659]
..\\..\\Parameters1\\common_lib.h(9): Found resource "http://localhost:1080/WebTours/images/itinerary.gif" in HTML "http://localhost:1080/cgi-bin/nav.pl?page=menu&in=home"  	[MsgId: MMSG-26659]
..\\..\\Parameters1\\common_lib.h(9): Found resource "http://localhost:1080/WebTours/images/in_home.gif" in HTML "http://localhost:1080/cgi-bin/nav.pl?page=menu&in=home"  	[MsgId: MMSG-26659]
..\\..\\Parameters1\\common_lib.h(9): Found resource "http://localhost:1080/WebTours/images/signoff.gif" in HTML "http://localhost:1080/cgi-bin/nav.pl?page=menu&in=home"  	[MsgId: MMSG-26659]
..\\..\\Parameters1\\common_lib.h(9): Registered web_reg_find successful for "Text=Welcome, <b>mem</b>, to the Web Tours reservation pages" (count=1)  	[MsgId: MMSG-26364]
..\\..\\Parameters1\\common_lib.h(9): web_submit_data("login.pl") was successful, 5778 body bytes, 2049 header bytes, 36 chunking overhead bytes  	[MsgId: MMSG-26385]
..\\..\\Parameters1\\common_lib.h(26): Notify: Transaction "login" ended with a "Pass" status (Duration: 0,4787 Wasted Time: 0,0000).	[MsgId: MMSG-16871]
Action.c(47): Notify: Transaction "UC4_LoginLogout" ended with a "Pass" status (Duration: 6,1164 Think Time: 5,1606 Wasted Time: 0,0411).	[MsgId: MMSG-16870]
Ending action Action.	[MsgId: MMSG-15918]
Ending iteration 1.	[MsgId: MMSG-15965]
Waiting 93,8830 seconds for iteration pacing.	[MsgId: MMSG-15996]
Starting iteration 2.	[MsgId: MMSG-15968]
Starting action Action.	[MsgId: MMSG-15919]
Action.c(4): Notify: Transaction "UC4_LoginLogout" started.	[MsgId: MMSG-16999]
Action.c(7): web_reg_save_param_attrib started  	[MsgId: MMSG-26355]
Action.c(7): Registering web_reg_save_param_attrib was successful  	[MsgId: MMSG-26390]
Action.c(18): Notify: Transaction "loginPage" started.	[MsgId: MMSG-16999]
Action.c(20): web_reg_find started  	[MsgId: MMSG-26355]
Action.c(20): Registering web_reg_find was successful  	[MsgId: MMSG-26390]
Action.c(23): web_url("WebTours") started  	[MsgId: MMSG-26355]
Action.c(23): Detected non-resource "http://localhost:1080/WebTours/header.html" in "http://localhost:1080/WebTours/"  	[MsgId: MMSG-26574]
Action.c(23): Detected non-resource "http://localhost:1080/cgi-bin/welcome.pl?signOff=true" in "http://localhost:1080/WebTours/"  	[MsgId: MMSG-26574]
Action.c(23): Found resource "http://localhost:1080/WebTours/images/hp_logo.png" in HTML "http://localhost:1080/WebTours/header.html"  	[MsgId: MMSG-26659]
Action.c(23): Found resource "http://localhost:1080/WebTours/images/webtours.png" in HTML "http://localhost:1080/WebTours/header.html"  	[MsgId: MMSG-26659]
Action.c(23): Detected non-resource "http://localhost:1080/cgi-bin/nav.pl?in=home" in "http://localhost:1080/cgi-bin/welcome.pl?signOff=true"  	[MsgId: MMSG-26574]
Action.c(23): Detected non-resource "http://localhost:1080/WebTours/home.html" in "http://localhost:1080/cgi-bin/welcome.pl?signOff=true"  	[MsgId: MMSG-26574]
Action.c(23): Found resource "http://localhost:1080/WebTours/images/mer_login.gif" in HTML "http://localhost:1080/cgi-bin/nav.pl?in=home"  	[MsgId: MMSG-26659]
Action.c(23): Registered web_reg_find successful for "Text=Web Tours Navigation Bar" (count=1)  	[MsgId: MMSG-26364]
Action.c(23): web_url("WebTours") was successful, 10080 body bytes, 2377 header bytes, 24 chunking overhead bytes  	[MsgId: MMSG-26385]
Action.c(33): Think time - Waiting 5,00 seconds (according to limit).	[MsgId: MMSG-15946]
Action.c(33): lr_think_time: 5,00 seconds (recorded think time was 23,00 seconds).	[MsgId: MMSG-15947]
Action.c(35): Notify: Transaction "loginPage" ended with a "Pass" status (Duration: 5,2184 Think Time: 5,0005 Wasted Time: 0,0007).	[MsgId: MMSG-16870]
..\\..\\Parameters1\\common_lib.h(3): Notify: Transaction "login" started.	[MsgId: MMSG-16999]
..\\..\\Parameters1\\common_lib.h(7): web_reg_find started  	[MsgId: MMSG-26355]
..\\..\\Parameters1\\common_lib.h(7): Registering web_reg_find was successful  	[MsgId: MMSG-26390]
..\\..\\Parameters1\\common_lib.h(9): web_submit_data("login.pl") started  	[MsgId: MMSG-26355]
..\\..\\Parameters1\\common_lib.h(9): Detected non-resource "http://localhost:1080/cgi-bin/nav.pl?page=menu&in=home" in "http://localhost:1080/cgi-bin/login.pl"  	[MsgId: MMSG-26574]
..\\..\\Parameters1\\common_lib.h(9): Detected non-resource "http://localhost:1080/cgi-bin/login.pl?intro=true" in "http://localhost:1080/cgi-bin/login.pl"  	[MsgId: MMSG-26574]
..\\..\\Parameters1\\common_lib.h(9): Found resource "http://localhost:1080/WebTours/images/flights.gif" in HTML "http://localhost:1080/cgi-bin/nav.pl?page=menu&in=home"  	[MsgId: MMSG-26659]
..\\..\\Parameters1\\common_lib.h(9): Found resource "http://localhost:1080/WebTours/images/itinerary.gif" in HTML "http://localhost:1080/cgi-bin/nav.pl?page=menu&in=home"  	[MsgId: MMSG-26659]
..\\..\\Parameters1\\common_lib.h(9): Found resource "http://localhost:1080/WebTours/images/in_home.gif" in HTML "http://localhost:1080/cgi-bin/nav.pl?page=menu&in=home"  	[MsgId: MMSG-26659]
..\\..\\Parameters1\\common_lib.h(9): Found resource "http://localhost:1080/WebTours/images/signoff.gif" in HTML "http://localhost:1080/cgi-bin/nav.pl?page=menu&in=home"  	[MsgId: MMSG-26659]
..\\..\\Parameters1\\common_lib.h(9): Registered web_reg_find successful for "Text=Welcome, <b>gogo</b>, to the Web Tours reservation pages" (count=1)  	[MsgId: MMSG-26364]
..\\..\\Parameters1\\common_lib.h(9): web_submit_data("login.pl") was successful, 5779 body bytes, 2052 header bytes, 36 chunking overhead bytes  	[MsgId: MMSG-26385]
..\\..\\Parameters1\\common_lib.h(26): Notify: Transaction "login" ended with a "Pass" status (Duration: 0,1559 Wasted Time: 0,0000).	[MsgId: MMSG-16871]
Action.c(47): Notify: Transaction "UC4_LoginLogout" ended with a "Pass" status (Duration: 5,3812 Think Time: 5,0005 Wasted Time: 0,0065).	[MsgId: MMSG-16870]
Ending action Action.	[MsgId: MMSG-15918]
Ending iteration 2.	[MsgId: MMSG-15965]
Waiting 94,6170 seconds for iteration pacing.	[MsgId: MMSG-15996]
Starting iteration 3.	[MsgId: MMSG-15968]
Starting action Action.	[MsgId: MMSG-15919]
Action.c(4): Notify: Transaction "UC4_LoginLogout" started.	[MsgId: MMSG-16999]
Action.c(7): web_reg_save_param_attrib started  	[MsgId: MMSG-26355]
Action.c(7): Registering web_reg_save_param_attrib was successful  	[MsgId: MMSG-26390]
Action.c(18): Notify: Transaction "loginPage" started.	[MsgId: MMSG-16999]
Action.c(20): web_reg_find started  	[MsgId: MMSG-26355]
Action.c(20): Registering web_reg_find was successful  	[MsgId: MMSG-26390]
Action.c(23): web_url("WebTours") started  	[MsgId: MMSG-26355]
Action.c(23): Detected non-resource "http://localhost:1080/WebTours/header.html" in "http://localhost:1080/WebTours/"  	[MsgId: MMSG-26574]
Action.c(23): Detected non-resource "http://localhost:1080/cgi-bin/welcome.pl?signOff=true" in "http://localhost:1080/WebTours/"  	[MsgId: MMSG-26574]
Action.c(23): Found resource "http://localhost:1080/WebTours/images/hp_logo.png" in HTML "http://localhost:1080/WebTours/header.html"  	[MsgId: MMSG-26659]
Action.c(23): Found resource "http://localhost:1080/WebTours/images/webtours.png" in HTML "http://localhost:1080/WebTours/header.html"  	[MsgId: MMSG-26659]
Action.c(23): Detected non-resource "http://localhost:1080/cgi-bin/nav.pl?in=home" in "http://localhost:1080/cgi-bin/welcome.pl?signOff=true"  	[MsgId: MMSG-26574]
Action.c(23): Detected non-resource "http://localhost:1080/WebTours/home.html" in "http://localhost:1080/cgi-bin/welcome.pl?signOff=true"  	[MsgId: MMSG-26574]
Action.c(23): Found resource "http://localhost:1080/WebTours/images/mer_login.gif" in HTML "http://localhost:1080/cgi-bin/nav.pl?in=home"  	[MsgId: MMSG-26659]
Action.c(23): Registered web_reg_find successful for "Text=Web Tours Navigation Bar" (count=1)  	[MsgId: MMSG-26364]
Action.c(23): web_url("WebTours") was successful, 10080 body bytes, 2377 header bytes, 24 chunking overhead bytes  	[MsgId: MMSG-26385]
Action.c(33): Think time - Waiting 5,00 seconds (according to limit).	[MsgId: MMSG-15946]
Action.c(33): lr_think_time: 5,00 seconds (recorded think time was 23,00 seconds).	[MsgId: MMSG-15947]
Action.c(35): Notify: Transaction "loginPage" ended with a "Pass" status (Duration: 5,1659 Think Time: 5,0100 Wasted Time: 0,0008).	[MsgId: MMSG-16870]
..\\..\\Parameters1\\common_lib.h(3): Notify: Transaction "login" started.	[MsgId: MMSG-16999]
..\\..\\Parameters1\\common_lib.h(7): web_reg_find started  	[MsgId: MMSG-26355]
..\\..\\Parameters1\\common_lib.h(7): Registering web_reg_find was successful  	[MsgId: MMSG-26390]
..\\..\\Parameters1\\common_lib.h(9): web_submit_data("login.pl") started  	[MsgId: MMSG-26355]
..\\..\\Parameters1\\common_lib.h(9): Detected non-resource "http://localhost:1080/cgi-bin/nav.pl?username=ben&password=gen" in "http://localhost:1080/cgi-bin/login.pl"  	[MsgId: MMSG-26574]
..\\..\\Parameters1\\common_lib.h(9): Detected non-resource "http://localhost:1080/cgi-bin/error.pl?error=badPassword" in "http://localhost:1080/cgi-bin/login.pl"  	[MsgId: MMSG-26574]
..\\..\\Parameters1\\common_lib.h(9): Resource "http://localhost:1080/WebTours/images/mer_login.gif" is in the cache already and will not be downloaded again  	[MsgId: MMSG-26655]
..\\..\\Parameters1\\common_lib.h(9): Error -26366: "Text=Welcome, <b>ben</b>, to the Web Tours reservation pages" not found for web_reg_find  	[MsgId: MERR-26366]
..\\..\\Parameters1\\common_lib.h(9): web_submit_data("login.pl") highest severity level was "ERROR", 2976 body bytes, 700 header bytes, 36 chunking overhead bytes  	[MsgId: MMSG-26387]
..\\..\\Parameters1\\common_lib.h(9): Notify: Transaction "login" ended with a "Fail" status (Duration: 0,1491 Wasted Time: 0,0000).	[MsgId: MMSG-16871]
..\\..\\Parameters1\\common_lib.h(9): Notify: Transaction "login" has 1 error message(s).	[MsgId: MMSG-16818]
..\\..\\Parameters1\\common_lib.h(9): Notify: The 1st error message associated with transaction "login" is "Error -26366: "Text=Welcome, <b>ben</b>, to the Web Tours reservation pages" not found for web_reg_find"	[MsgId: MMSG-16819]
..\\..\\Parameters1\\common_lib.h(9): Notify: Transaction "UC4_LoginLogout" ended with a "Fail" status (Duration: 5,3156 Think Time: 5,0100 Wasted Time: 0,0011).	[MsgId: MMSG-16870]
..\\..\\Parameters1\\common_lib.h(9): Notify: Transaction "UC4_LoginLogout" has 1 error message(s).	[MsgId: MMSG-16818]
..\\..\\Parameters1\\common_lib.h(9): Notify: The 1st error message associated with transaction "UC4_LoginLogout" is "Error -26366: "Text=Welcome, <b>ben</b>, to the Web Tours reservation pages" not found for web_reg_find"	[MsgId: MMSG-16819]
Ending action Action.	[MsgId: MMSG-15918]
Ending iteration 3.	[MsgId: MMSG-15965]
Waiting 94,6820 seconds for iteration pacing.	[MsgId: MMSG-15996]
Starting iteration 4.	[MsgId: MMSG-15968]
Starting action Action.	[MsgId: MMSG-15919]
Action.c(4): Notify: Transaction "UC4_LoginLogout" started.	[MsgId: MMSG-16999]
Action.c(7): web_reg_save_param_attrib started  	[MsgId: MMSG-26355]
Action.c(7): Registering web_reg_save_param_attrib was successful  	[MsgId: MMSG-26390]
Action.c(18): Notify: Transaction "loginPage" started.	[MsgId: MMSG-16999]
Action.c(20): web_reg_find started  	[MsgId: MMSG-26355]
Action.c(20): Registering web_reg_find was successful  	[MsgId: MMSG-26390]
Action.c(23): web_url("WebTours") started  	[MsgId: MMSG-26355]
Action.c(23): Detected non-resource "http://localhost:1080/WebTours/header.html" in "http://localhost:1080/WebTours/"  	[MsgId: MMSG-26574]
Action.c(23): Detected non-resource "http://localhost:1080/cgi-bin/welcome.pl?signOff=true" in "http://localhost:1080/WebTours/"  	[MsgId: MMSG-26574]
Action.c(23): Found resource "http://localhost:1080/WebTours/images/hp_logo.png" in HTML "http://localhost:1080/WebTours/header.html"  	[MsgId: MMSG-26659]
Action.c(23): Found resource "http://localhost:1080/WebTours/images/webtours.png" in HTML "http://localhost:1080/WebTours/header.html"  	[MsgId: MMSG-26659]
Action.c(23): Detected non-resource "http://localhost:1080/cgi-bin/nav.pl?in=home" in "http://localhost:1080/cgi-bin/welcome.pl?signOff=true"  	[MsgId: MMSG-26574]
Action.c(23): Detected non-resource "http://localhost:1080/WebTours/home.html" in "http://localhost:1080/cgi-bin/welcome.pl?signOff=true"  	[MsgId: MMSG-26574]
Action.c(23): Found resource "http://localhost:1080/WebTours/images/mer_login.gif" in HTML "http://localhost:1080/cgi-bin/nav.pl?in=home"  	[MsgId: MMSG-26659]
Action.c(23): Registered web_reg_find successful for "Text=Web Tours Navigation Bar" (count=1)  	[MsgId: MMSG-26364]
Action.c(23): web_url("WebTours") was successful, 10076 body bytes, 2377 header bytes, 24 chunking overhead bytes  	[MsgId: MMSG-26385]
Action.c(33): Think time - Waiting 5,00 seconds (according to limit).	[MsgId: MMSG-15946]
Action.c(33): lr_think_time: 5,00 seconds (recorded think time was 23,00 seconds).	[MsgId: MMSG-15947]
Action.c(35): Notify: Transaction "loginPage" ended with a "Pass" status (Duration: 5,1662 Think Time: 5,0127 Wasted Time: 0,0010).	[MsgId: MMSG-16870]
..\\..\\Parameters1\\common_lib.h(3): Notify: Transaction "login" started.	[MsgId: MMSG-16999]
..\\..\\Parameters1\\common_lib.h(7): web_reg_find started  	[MsgId: MMSG-26355]
..\\..\\Parameters1\\common_lib.h(7): Registering web_reg_find was successful  	[MsgId: MMSG-26390]
..\\..\\Parameters1\\common_lib.h(9): web_submit_data("login.pl") started  	[MsgId: MMSG-26355]
..\\..\\Parameters1\\common_lib.h(9): Detected non-resource "http://localhost:1080/cgi-bin/nav.pl?page=menu&in=home" in "http://localhost:1080/cgi-bin/login.pl"  	[MsgId: MMSG-26574]
..\\..\\Parameters1\\common_lib.h(9): Detected non-resource "http://localhost:1080/cgi-bin/login.pl?intro=true" in "http://localhost:1080/cgi-bin/login.pl"  	[MsgId: MMSG-26574]
..\\..\\Parameters1\\common_lib.h(9): Found resource "http://localhost:1080/WebTours/images/flights.gif" in HTML "http://localhost:1080/cgi-bin/nav.pl?page=menu&in=home"  	[MsgId: MMSG-26659]
..\\..\\Parameters1\\common_lib.h(9): Found resource "http://localhost:1080/WebTours/images/itinerary.gif" in HTML "http://localhost:1080/cgi-bin/nav.pl?page=menu&in=home"  	[MsgId: MMSG-26659]
..\\..\\Parameters1\\common_lib.h(9): Found resource "http://localhost:1080/WebTours/images/in_home.gif" in HTML "http://localhost:1080/cgi-bin/nav.pl?page=menu&in=home"  	[MsgId: MMSG-26659]
..\\..\\Parameters1\\common_lib.h(9): Found resource "http://localhost:1080/WebTours/images/signoff.gif" in HTML "http://localhost:1080/cgi-bin/nav.pl?page=menu&in=home"  	[MsgId: MMSG-26659]
..\\..\\Parameters1\\common_lib.h(9): Registered web_reg_find successful for "Text=Welcome, <b>mina</b>, to the Web Tours reservation pages" (count=1)  	[MsgId: MMSG-26364]
..\\..\\Parameters1\\common_lib.h(9): web_submit_data("login.pl") was successful, 5779 body bytes, 2051 header bytes, 36 chunking overhead bytes  	[MsgId: MMSG-26385]
..\\..\\Parameters1\\common_lib.h(26): Notify: Transaction "login" ended with a "Pass" status (Duration: 0,1547 Wasted Time: 0,0000).	[MsgId: MMSG-16871]
Action.c(47): Notify: Transaction "UC4_LoginLogout" ended with a "Pass" status (Duration: 5,3216 Think Time: 5,0127 Wasted Time: 0,0013).	[MsgId: MMSG-16870]
Ending action Action.	[MsgId: MMSG-15918]
Ending iteration 4.	[MsgId: MMSG-15965]
Waiting 94,6780 seconds for iteration pacing.	[MsgId: MMSG-15996]
Starting iteration 5.	[MsgId: MMSG-15968]
Starting action Action.	[MsgId: MMSG-15919]
Action.c(4): Notify: Transaction "UC4_LoginLogout" started.	[MsgId: MMSG-16999]
Action.c(7): web_reg_save_param_attrib started  	[MsgId: MMSG-26355]
Action.c(7): Registering web_reg_save_param_attrib was successful  	[MsgId: MMSG-26390]
Action.c(18): Notify: Transaction "loginPage" started.	[MsgId: MMSG-16999]
Action.c(20): web_reg_find started  	[MsgId: MMSG-26355]
Action.c(20): Registering web_reg_find was successful  	[MsgId: MMSG-26390]
Action.c(23): web_url("WebTours") started  	[MsgId: MMSG-26355]
Action.c(23): Detected non-resource "http://localhost:1080/WebTours/header.html" in "http://localhost:1080/WebTours/"  	[MsgId: MMSG-26574]
Action.c(23): Detected non-resource "http://localhost:1080/cgi-bin/welcome.pl?signOff=true" in "http://localhost:1080/WebTours/"  	[MsgId: MMSG-26574]
Action.c(23): Found resource "http://localhost:1080/WebTours/images/hp_logo.png" in HTML "http://localhost:1080/WebTours/header.html"  	[MsgId: MMSG-26659]
Action.c(23): Found resource "http://localhost:1080/WebTours/images/webtours.png" in HTML "http://localhost:1080/WebTours/header.html"  	[MsgId: MMSG-26659]
Action.c(23): Detected non-resource "http://localhost:1080/cgi-bin/nav.pl?in=home" in "http://localhost:1080/cgi-bin/welcome.pl?signOff=true"  	[MsgId: MMSG-26574]
Action.c(23): Detected non-resource "http://localhost:1080/WebTours/home.html" in "http://localhost:1080/cgi-bin/welcome.pl?signOff=true"  	[MsgId: MMSG-26574]
Action.c(23): Found resource "http://localhost:1080/WebTours/images/mer_login.gif" in HTML "http://localhost:1080/cgi-bin/nav.pl?in=home"  	[MsgId: MMSG-26659]
Action.c(23): Registered web_reg_find successful for "Text=Web Tours Navigation Bar" (count=1)  	[MsgId: MMSG-26364]
Action.c(23): web_url("WebTours") was successful, 10080 body bytes, 2377 header bytes, 24 chunking overhead bytes  	[MsgId: MMSG-26385]
Action.c(33): Think time - Waiting 5,00 seconds (according to limit).	[MsgId: MMSG-15946]
Action.c(33): lr_think_time: 5,00 seconds (recorded think time was 23,00 seconds).	[MsgId: MMSG-15947]
Action.c(35): Notify: Transaction "loginPage" ended with a "Pass" status (Duration: 5,2001 Think Time: 5,0546 Wasted Time: 0,0006).	[MsgId: MMSG-16870]
..\\..\\Parameters1\\common_lib.h(3): Notify: Transaction "login" started.	[MsgId: MMSG-16999]
..\\..\\Parameters1\\common_lib.h(7): web_reg_find started  	[MsgId: MMSG-26355]
..\\..\\Parameters1\\common_lib.h(7): Registering web_reg_find was successful  	[MsgId: MMSG-26390]
..\\..\\Parameters1\\common_lib.h(9): web_submit_data("login.pl") started  	[MsgId: MMSG-26355]
..\\..\\Parameters1\\common_lib.h(9): Detected non-resource "http://localhost:1080/cgi-bin/nav.pl?page=menu&in=home" in "http://localhost:1080/cgi-bin/login.pl"  	[MsgId: MMSG-26574]
..\\..\\Parameters1\\common_lib.h(9): Detected non-resource "http://localhost:1080/cgi-bin/login.pl?intro=true" in "http://localhost:1080/cgi-bin/login.pl"  	[MsgId: MMSG-26574]
..\\..\\Parameters1\\common_lib.h(9): Found resource "http://localhost:1080/WebTours/images/flights.gif" in HTML "http://localhost:1080/cgi-bin/nav.pl?page=menu&in=home"  	[MsgId: MMSG-26659]
..\\..\\Parameters1\\common_lib.h(9): Found resource "http://localhost:1080/WebTours/images/itinerary.gif" in HTML "http://localhost:1080/cgi-bin/nav.pl?page=menu&in=home"  	[MsgId: MMSG-26659]
..\\..\\Parameters1\\common_lib.h(9): Found resource "http://localhost:1080/WebTours/images/in_home.gif" in HTML "http://localhost:1080/cgi-bin/nav.pl?page=menu&in=home"  	[MsgId: MMSG-26659]
..\\..\\Parameters1\\common_lib.h(9): Found resource "http://localhost:1080/WebTours/images/signoff.gif" in HTML "http://localhost:1080/cgi-bin/nav.pl?page=menu&in=home"  	[MsgId: MMSG-26659]
..\\..\\Parameters1\\common_lib.h(9): Registered web_reg_find successful for "Text=Welcome, <b>caren</b>, to the Web Tours reservation pages" (count=1)  	[MsgId: MMSG-26364]
..\\..\\Parameters1\\common_lib.h(9): web_submit_data("login.pl") was successful, 5780 body bytes, 2054 header bytes, 36 chunking overhead bytes  	[MsgId: MMSG-26385]
..\\..\\Parameters1\\common_lib.h(26): Notify: Transaction "login" ended with a "Pass" status (Duration: 0,3017 Wasted Time: 0,0000).	[MsgId: MMSG-16871]
Action.c(47): Notify: Transaction "UC4_LoginLogout" ended with a "Pass" status (Duration: 5,5025 Think Time: 5,0546 Wasted Time: 0,0009).	[MsgId: MMSG-16870]
Ending action Action.	[MsgId: MMSG-15918]
Ending iteration 5.	[MsgId: MMSG-15965]
Waiting 94,4960 seconds for iteration pacing.	[MsgId: MMSG-15996]
Starting iteration 6.	[MsgId: MMSG-15968]
Starting action Action.	[MsgId: MMSG-15919]
Action.c(4): Notify: Transaction "UC4_LoginLogout" started.	[MsgId: MMSG-16999]
Action.c(7): web_reg_save_param_attrib started  	[MsgId: MMSG-26355]
Action.c(7): Registering web_reg_save_param_attrib was successful  	[MsgId: MMSG-26390]
Action.c(18): Notify: Transaction "loginPage" started.	[MsgId: MMSG-16999]
Action.c(20): web_reg_find started  	[MsgId: MMSG-26355]
Action.c(20): Registering web_reg_find was successful  	[MsgId: MMSG-26390]
Action.c(23): web_url("WebTours") started  	[MsgId: MMSG-26355]
Action.c(23): Detected non-resource "http://localhost:1080/WebTours/header.html" in "http://localhost:1080/WebTours/"  	[MsgId: MMSG-26574]
Action.c(23): Detected non-resource "http://localhost:1080/cgi-bin/welcome.pl?signOff=true" in "http://localhost:1080/WebTours/"  	[MsgId: MMSG-26574]
Action.c(23): Found resource "http://localhost:1080/WebTours/images/hp_logo.png" in HTML "http://localhost:1080/WebTours/header.html"  	[MsgId: MMSG-26659]
Action.c(23): Found resource "http://localhost:1080/WebTours/images/webtours.png" in HTML "http://localhost:1080/WebTours/header.html"  	[MsgId: MMSG-26659]
Action.c(23): Detected non-resource "http://localhost:1080/cgi-bin/nav.pl?in=home" in "http://localhost:1080/cgi-bin/welcome.pl?signOff=true"  	[MsgId: MMSG-26574]
Action.c(23): Detected non-resource "http://localhost:1080/WebTours/home.html" in "http://localhost:1080/cgi-bin/welcome.pl?signOff=true"  	[MsgId: MMSG-26574]
Action.c(23): Found resource "http://localhost:1080/WebTours/images/mer_login.gif" in HTML "http://localhost:1080/cgi-bin/nav.pl?in=home"  	[MsgId: MMSG-26659]
Action.c(23): Registered web_reg_find successful for "Text=Web Tours Navigation Bar" (count=1)  	[MsgId: MMSG-26364]
Action.c(23): web_url("WebTours") was successful, 10080 body bytes, 2377 header bytes, 24 chunking overhead bytes  	[MsgId: MMSG-26385]
Action.c(33): Think time - Waiting 5,00 seconds (according to limit).	[MsgId: MMSG-15946]
Action.c(33): lr_think_time: 5,00 seconds (recorded think time was 23,00 seconds).	[MsgId: MMSG-15947]
Action.c(35): Notify: Transaction "loginPage" ended with a "Pass" status (Duration: 5,1704 Think Time: 5,0133 Wasted Time: 0,0021).	[MsgId: MMSG-16870]
..\\..\\Parameters1\\common_lib.h(3): Notify: Transaction "login" started.	[MsgId: MMSG-16999]
..\\..\\Parameters1\\common_lib.h(7): web_reg_find started  	[MsgId: MMSG-26355]
..\\..\\Parameters1\\common_lib.h(7): Registering web_reg_find was successful  	[MsgId: MMSG-26390]
..\\..\\Parameters1\\common_lib.h(9): web_submit_data("login.pl") started  	[MsgId: MMSG-26355]
..\\..\\Parameters1\\common_lib.h(9): Detected non-resource "http://localhost:1080/cgi-bin/nav.pl?page=menu&in=home" in "http://localhost:1080/cgi-bin/login.pl"  	[MsgId: MMSG-26574]
..\\..\\Parameters1\\common_lib.h(9): Detected non-resource "http://localhost:1080/cgi-bin/login.pl?intro=true" in "http://localhost:1080/cgi-bin/login.pl"  	[MsgId: MMSG-26574]
..\\..\\Parameters1\\common_lib.h(9): Found resource "http://localhost:1080/WebTours/images/flights.gif" in HTML "http://localhost:1080/cgi-bin/nav.pl?page=menu&in=home"  	[MsgId: MMSG-26659]
..\\..\\Parameters1\\common_lib.h(9): Found resource "http://localhost:1080/WebTours/images/itinerary.gif" in HTML "http://localhost:1080/cgi-bin/nav.pl?page=menu&in=home"  	[MsgId: MMSG-26659]
..\\..\\Parameters1\\common_lib.h(9): Found resource "http://localhost:1080/WebTours/images/in_home.gif" in HTML "http://localhost:1080/cgi-bin/nav.pl?page=menu&in=home"  	[MsgId: MMSG-26659]
..\\..\\Parameters1\\common_lib.h(9): Found resource "http://localhost:1080/WebTours/images/signoff.gif" in HTML "http://localhost:1080/cgi-bin/nav.pl?page=menu&in=home"  	[MsgId: MMSG-26659]
..\\..\\Parameters1\\common_lib.h(9): Registered web_reg_find successful for "Text=Welcome, <b>dino</b>, to the Web Tours reservation pages" (count=1)  	[MsgId: MMSG-26364]
..\\..\\Parameters1\\common_lib.h(9): web_submit_data("login.pl") was successful, 5779 body bytes, 2051 header bytes, 36 chunking overhead bytes  	[MsgId: MMSG-26385]
..\\..\\Parameters1\\common_lib.h(26): Notify: Transaction "login" ended with a "Pass" status (Duration: 0,1551 Wasted Time: 0,0001).	[MsgId: MMSG-16871]
Action.c(47): Notify: Transaction "UC4_LoginLogout" ended with a "Pass" status (Duration: 5,3262 Think Time: 5,0133 Wasted Time: 0,0024).	[MsgId: MMSG-16870]
Ending action Action.	[MsgId: MMSG-15918]
Ending iteration 6.	[MsgId: MMSG-15965]
Waiting 94,6730 seconds for iteration pacing.	[MsgId: MMSG-15996]
Starting iteration 7.	[MsgId: MMSG-15968]
Starting action Action.	[MsgId: MMSG-15919]
Action.c(4): Notify: Transaction "UC4_LoginLogout" started.	[MsgId: MMSG-16999]
Action.c(7): web_reg_save_param_attrib started  	[MsgId: MMSG-26355]
Action.c(7): Registering web_reg_save_param_attrib was successful  	[MsgId: MMSG-26390]
Action.c(18): Notify: Transaction "loginPage" started.	[MsgId: MMSG-16999]
Action.c(20): web_reg_find started  	[MsgId: MMSG-26355]
Action.c(20): Registering web_reg_find was successful  	[MsgId: MMSG-26390]
Action.c(23): web_url("WebTours") started  	[MsgId: MMSG-26355]
Action.c(23): Detected non-resource "http://localhost:1080/WebTours/header.html" in "http://localhost:1080/WebTours/"  	[MsgId: MMSG-26574]
Action.c(23): Detected non-resource "http://localhost:1080/cgi-bin/welcome.pl?signOff=true" in "http://localhost:1080/WebTours/"  	[MsgId: MMSG-26574]
Action.c(23): Found resource "http://localhost:1080/WebTours/images/hp_logo.png" in HTML "http://localhost:1080/WebTours/header.html"  	[MsgId: MMSG-26659]
Action.c(23): Found resource "http://localhost:1080/WebTours/images/webtours.png" in HTML "http://localhost:1080/WebTours/header.html"  	[MsgId: MMSG-26659]
Action.c(23): Detected non-resource "http://localhost:1080/cgi-bin/nav.pl?in=home" in "http://localhost:1080/cgi-bin/welcome.pl?signOff=true"  	[MsgId: MMSG-26574]
Action.c(23): Detected non-resource "http://localhost:1080/WebTours/home.html" in "http://localhost:1080/cgi-bin/welcome.pl?signOff=true"  	[MsgId: MMSG-26574]
Action.c(23): Found resource "http://localhost:1080/WebTours/images/mer_login.gif" in HTML "http://localhost:1080/cgi-bin/nav.pl?in=home"  	[MsgId: MMSG-26659]
Action.c(23): Registered web_reg_find successful for "Text=Web Tours Navigation Bar" (count=1)  	[MsgId: MMSG-26364]
Action.c(23): web_url("WebTours") was successful, 10076 body bytes, 2377 header bytes, 24 chunking overhead bytes  	[MsgId: MMSG-26385]
Action.c(33): Think time - Waiting 5,00 seconds (according to limit).	[MsgId: MMSG-15946]
Action.c(33): lr_think_time: 5,00 seconds (recorded think time was 23,00 seconds).	[MsgId: MMSG-15947]
Action.c(35): Notify: Transaction "loginPage" ended with a "Pass" status (Duration: 5,1646 Think Time: 5,0096 Wasted Time: 0,0009).	[MsgId: MMSG-16870]
..\\..\\Parameters1\\common_lib.h(3): Notify: Transaction "login" started.	[MsgId: MMSG-16999]
..\\..\\Parameters1\\common_lib.h(7): web_reg_find started  	[MsgId: MMSG-26355]
..\\..\\Parameters1\\common_lib.h(7): Registering web_reg_find was successful  	[MsgId: MMSG-26390]
..\\..\\Parameters1\\common_lib.h(9): web_submit_data("login.pl") started  	[MsgId: MMSG-26355]
..\\..\\Parameters1\\common_lib.h(9): Detected non-resource "http://localhost:1080/cgi-bin/nav.pl?page=menu&in=home" in "http://localhost:1080/cgi-bin/login.pl"  	[MsgId: MMSG-26574]
..\\..\\Parameters1\\common_lib.h(9): Detected non-resource "http://localhost:1080/cgi-bin/login.pl?intro=true" in "http://localhost:1080/cgi-bin/login.pl"  	[MsgId: MMSG-26574]
..\\..\\Parameters1\\common_lib.h(9): Found resource "http://localhost:1080/WebTours/images/flights.gif" in HTML "http://localhost:1080/cgi-bin/nav.pl?page=menu&in=home"  	[MsgId: MMSG-26659]
..\\..\\Parameters1\\common_lib.h(9): Found resource "http://localhost:1080/WebTours/images/itinerary.gif" in HTML "http://localhost:1080/cgi-bin/nav.pl?page=menu&in=home"  	[MsgId: MMSG-26659]
..\\..\\Parameters1\\common_lib.h(9): Found resource "http://localhost:1080/WebTours/images/in_home.gif" in HTML "http://localhost:1080/cgi-bin/nav.pl?page=menu&in=home"  	[MsgId: MMSG-26659]
..\\..\\Parameters1\\common_lib.h(9): Found resource "http://localhost:1080/WebTours/images/signoff.gif" in HTML "http://localhost:1080/cgi-bin/nav.pl?page=menu&in=home"  	[MsgId: MMSG-26659]
..\\..\\Parameters1\\common_lib.h(9): Registered web_reg_find successful for "Text=Welcome, <b>dino</b>, to the Web Tours reservation pages" (count=1)  	[MsgId: MMSG-26364]
..\\..\\Parameters1\\common_lib.h(9): web_submit_data("login.pl") was successful, 5779 body bytes, 2051 header bytes, 36 chunking overhead bytes  	[MsgId: MMSG-26385]
..\\..\\Parameters1\\common_lib.h(26): Notify: Transaction "login" ended with a "Pass" status (Duration: 0,1577 Wasted Time: 0,0000).	[MsgId: MMSG-16871]
Action.c(47): Notify: Transaction "UC4_LoginLogout" ended with a "Pass" status (Duration: 5,3231 Think Time: 5,0096 Wasted Time: 0,0012).	[MsgId: MMSG-16870]
Ending action Action.	[MsgId: MMSG-15918]
Ending iteration 7.	[MsgId: MMSG-15965]
Waiting 94,6760 seconds for iteration pacing.	[MsgId: MMSG-15996]
Starting iteration 8.	[MsgId: MMSG-15968]
Starting action Action.	[MsgId: MMSG-15919]
Action.c(4): Notify: Transaction "UC4_LoginLogout" started.	[MsgId: MMSG-16999]
Action.c(7): web_reg_save_param_attrib started  	[MsgId: MMSG-26355]
Action.c(7): Registering web_reg_save_param_attrib was successful  	[MsgId: MMSG-26390]
Action.c(18): Notify: Transaction "loginPage" started.	[MsgId: MMSG-16999]
Action.c(20): web_reg_find started  	[MsgId: MMSG-26355]
Action.c(20): Registering web_reg_find was successful  	[MsgId: MMSG-26390]
Action.c(23): web_url("WebTours") started  	[MsgId: MMSG-26355]
Action.c(23): Detected non-resource "http://localhost:1080/WebTours/header.html" in "http://localhost:1080/WebTours/"  	[MsgId: MMSG-26574]
Action.c(23): Detected non-resource "http://localhost:1080/cgi-bin/welcome.pl?signOff=true" in "http://localhost:1080/WebTours/"  	[MsgId: MMSG-26574]
Action.c(23): Found resource "http://localhost:1080/WebTours/images/hp_logo.png" in HTML "http://localhost:1080/WebTours/header.html"  	[MsgId: MMSG-26659]
Action.c(23): Found resource "http://localhost:1080/WebTours/images/webtours.png" in HTML "http://localhost:1080/WebTours/header.html"  	[MsgId: MMSG-26659]
Action.c(23): Detected non-resource "http://localhost:1080/cgi-bin/nav.pl?in=home" in "http://localhost:1080/cgi-bin/welcome.pl?signOff=true"  	[MsgId: MMSG-26574]
Action.c(23): Detected non-resource "http://localhost:1080/WebTours/home.html" in "http://localhost:1080/cgi-bin/welcome.pl?signOff=true"  	[MsgId: MMSG-26574]
Action.c(23): Found resource "http://localhost:1080/WebTours/images/mer_login.gif" in HTML "http://localhost:1080/cgi-bin/nav.pl?in=home"  	[MsgId: MMSG-26659]
Action.c(23): Registered web_reg_find successful for "Text=Web Tours Navigation Bar" (count=1)  	[MsgId: MMSG-26364]
Action.c(23): web_url("WebTours") was successful, 10080 body bytes, 2377 header bytes, 24 chunking overhead bytes  	[MsgId: MMSG-26385]
Action.c(33): Think time - Waiting 5,00 seconds (according to limit).	[MsgId: MMSG-15946]
Action.c(33): lr_think_time: 5,00 seconds (recorded think time was 23,00 seconds).	[MsgId: MMSG-15947]
Action.c(35): Notify: Transaction "loginPage" ended with a "Pass" status (Duration: 5,2242 Think Time: 5,0081 Wasted Time: 0,0006).	[MsgId: MMSG-16870]
..\\..\\Parameters1\\common_lib.h(3): Notify: Transaction "login" started.	[MsgId: MMSG-16999]
..\\..\\Parameters1\\common_lib.h(7): web_reg_find started  	[MsgId: MMSG-26355]
..\\..\\Parameters1\\common_lib.h(7): Registering web_reg_find was successful  	[MsgId: MMSG-26390]
..\\..\\Parameters1\\common_lib.h(9): web_submit_data("login.pl") started  	[MsgId: MMSG-26355]
..\\..\\Parameters1\\common_lib.h(9): Detected non-resource "http://localhost:1080/cgi-bin/nav.pl?page=menu&in=home" in "http://localhost:1080/cgi-bin/login.pl"  	[MsgId: MMSG-26574]
..\\..\\Parameters1\\common_lib.h(9): Detected non-resource "http://localhost:1080/cgi-bin/login.pl?intro=true" in "http://localhost:1080/cgi-bin/login.pl"  	[MsgId: MMSG-26574]
..\\..\\Parameters1\\common_lib.h(9): Found resource "http://localhost:1080/WebTours/images/flights.gif" in HTML "http://localhost:1080/cgi-bin/nav.pl?page=menu&in=home"  	[MsgId: MMSG-26659]
..\\..\\Parameters1\\common_lib.h(9): Found resource "http://localhost:1080/WebTours/images/itinerary.gif" in HTML "http://localhost:1080/cgi-bin/nav.pl?page=menu&in=home"  	[MsgId: MMSG-26659]
..\\..\\Parameters1\\common_lib.h(9): Found resource "http://localhost:1080/WebTours/images/in_home.gif" in HTML "http://localhost:1080/cgi-bin/nav.pl?page=menu&in=home"  	[MsgId: MMSG-26659]
..\\..\\Parameters1\\common_lib.h(9): Found resource "http://localhost:1080/WebTours/images/signoff.gif" in HTML "http://localhost:1080/cgi-bin/nav.pl?page=menu&in=home"  	[MsgId: MMSG-26659]
..\\..\\Parameters1\\common_lib.h(9): Registered web_reg_find successful for "Text=Welcome, <b>dino</b>, to the Web Tours reservation pages" (count=1)  	[MsgId: MMSG-26364]
..\\..\\Parameters1\\common_lib.h(9): web_submit_data("login.pl") was successful, 5779 body bytes, 2051 header bytes, 36 chunking overhead bytes  	[MsgId: MMSG-26385]
..\\..\\Parameters1\\common_lib.h(26): Notify: Transaction "login" ended with a "Pass" status (Duration: 0,1864 Wasted Time: 0,0000).	[MsgId: MMSG-16871]
Action.c(47): Notify: Transaction "UC4_LoginLogout" ended with a "Pass" status (Duration: 5,4118 Think Time: 5,0081 Wasted Time: 0,0011).	[MsgId: MMSG-16870]
Ending action Action.	[MsgId: MMSG-15918]
Ending iteration 8.	[MsgId: MMSG-15965]
Waiting 94,5870 seconds for iteration pacing.	[MsgId: MMSG-15996]
Starting iteration 9.	[MsgId: MMSG-15968]
Starting action Action.	[MsgId: MMSG-15919]
Action.c(4): Notify: Transaction "UC4_LoginLogout" started.	[MsgId: MMSG-16999]
Action.c(7): web_reg_save_param_attrib started  	[MsgId: MMSG-26355]
Action.c(7): Registering web_reg_save_param_attrib was successful  	[MsgId: MMSG-26390]
Action.c(18): Notify: Transaction "loginPage" started.	[MsgId: MMSG-16999]
Action.c(20): web_reg_find started  	[MsgId: MMSG-26355]
Action.c(20): Registering web_reg_find was successful  	[MsgId: MMSG-26390]
Action.c(23): web_url("WebTours") started  	[MsgId: MMSG-26355]
Action.c(23): Detected non-resource "http://localhost:1080/WebTours/header.html" in "http://localhost:1080/WebTours/"  	[MsgId: MMSG-26574]
Action.c(23): Detected non-resource "http://localhost:1080/cgi-bin/welcome.pl?signOff=true" in "http://localhost:1080/WebTours/"  	[MsgId: MMSG-26574]
Action.c(23): Found resource "http://localhost:1080/WebTours/images/hp_logo.png" in HTML "http://localhost:1080/WebTours/header.html"  	[MsgId: MMSG-26659]
Action.c(23): Found resource "http://localhost:1080/WebTours/images/webtours.png" in HTML "http://localhost:1080/WebTours/header.html"  	[MsgId: MMSG-26659]
Action.c(23): Detected non-resource "http://localhost:1080/cgi-bin/nav.pl?in=home" in "http://localhost:1080/cgi-bin/welcome.pl?signOff=true"  	[MsgId: MMSG-26574]
Action.c(23): Detected non-resource "http://localhost:1080/WebTours/home.html" in "http://localhost:1080/cgi-bin/welcome.pl?signOff=true"  	[MsgId: MMSG-26574]
Action.c(23): Found resource "http://localhost:1080/WebTours/images/mer_login.gif" in HTML "http://localhost:1080/cgi-bin/nav.pl?in=home"  	[MsgId: MMSG-26659]
Action.c(23): Registered web_reg_find successful for "Text=Web Tours Navigation Bar" (count=1)  	[MsgId: MMSG-26364]
Action.c(23): web_url("WebTours") was successful, 10079 body bytes, 2377 header bytes, 24 chunking overhead bytes  	[MsgId: MMSG-26385]
Action.c(33): Think time - Waiting 5,00 seconds (according to limit).	[MsgId: MMSG-15946]
Action.c(33): lr_think_time: 5,00 seconds (recorded think time was 23,00 seconds).	[MsgId: MMSG-15947]
Action.c(35): Notify: Transaction "loginPage" ended with a "Pass" status (Duration: 5,1602 Think Time: 5,0070 Wasted Time: 0,0006).	[MsgId: MMSG-16870]
..\\..\\Parameters1\\common_lib.h(3): Notify: Transaction "login" started.	[MsgId: MMSG-16999]
..\\..\\Parameters1\\common_lib.h(7): web_reg_find started  	[MsgId: MMSG-26355]
..\\..\\Parameters1\\common_lib.h(7): Registering web_reg_find was successful  	[MsgId: MMSG-26390]
..\\..\\Parameters1\\common_lib.h(9): web_submit_data("login.pl") started  	[MsgId: MMSG-26355]
..\\..\\Parameters1\\common_lib.h(9): Detected non-resource "http://localhost:1080/cgi-bin/nav.pl?page=menu&in=home" in "http://localhost:1080/cgi-bin/login.pl"  	[MsgId: MMSG-26574]
..\\..\\Parameters1\\common_lib.h(9): Detected non-resource "http://localhost:1080/cgi-bin/login.pl?intro=true" in "http://localhost:1080/cgi-bin/login.pl"  	[MsgId: MMSG-26574]
..\\..\\Parameters1\\common_lib.h(9): Found resource "http://localhost:1080/WebTours/images/flights.gif" in HTML "http://localhost:1080/cgi-bin/nav.pl?page=menu&in=home"  	[MsgId: MMSG-26659]
..\\..\\Parameters1\\common_lib.h(9): Found resource "http://localhost:1080/WebTours/images/itinerary.gif" in HTML "http://localhost:1080/cgi-bin/nav.pl?page=menu&in=home"  	[MsgId: MMSG-26659]
..\\..\\Parameters1\\common_lib.h(9): Found resource "http://localhost:1080/WebTours/images/in_home.gif" in HTML "http://localhost:1080/cgi-bin/nav.pl?page=menu&in=home"  	[MsgId: MMSG-26659]
..\\..\\Parameters1\\common_lib.h(9): Found resource "http://localhost:1080/WebTours/images/signoff.gif" in HTML "http://localhost:1080/cgi-bin/nav.pl?page=menu&in=home"  	[MsgId: MMSG-26659]
..\\..\\Parameters1\\common_lib.h(9): Registered web_reg_find successful for "Text=Welcome, <b>jojo</b>, to the Web Tours reservation pages" (count=1)  	[MsgId: MMSG-26364]
..\\..\\Parameters1\\common_lib.h(9): web_submit_data("login.pl") was successful, 5779 body bytes, 2038 header bytes, 36 chunking overhead bytes  	[MsgId: MMSG-26385]
..\\..\\Parameters1\\common_lib.h(26): Notify: Transaction "login" ended with a "Pass" status (Duration: 0,1762 Wasted Time: 0,0000).	[MsgId: MMSG-16871]
Action.c(47): Notify: Transaction "UC4_LoginLogout" ended with a "Pass" status (Duration: 5,3371 Think Time: 5,0070 Wasted Time: 0,0009).	[MsgId: MMSG-16870]
Ending action Action.	[MsgId: MMSG-15918]
Ending iteration 9.	[MsgId: MMSG-15965]
Waiting 94,6620 seconds for iteration pacing.	[MsgId: MMSG-15996]
Starting iteration 10.	[MsgId: MMSG-15968]
Starting action Action.	[MsgId: MMSG-15919]
Action.c(4): Notify: Transaction "UC4_LoginLogout" started.	[MsgId: MMSG-16999]
Action.c(7): web_reg_save_param_attrib started  	[MsgId: MMSG-26355]
Action.c(7): Registering web_reg_save_param_attrib was successful  	[MsgId: MMSG-26390]
Action.c(18): Notify: Transaction "loginPage" started.	[MsgId: MMSG-16999]
Action.c(20): web_reg_find started  	[MsgId: MMSG-26355]
Action.c(20): Registering web_reg_find was successful  	[MsgId: MMSG-26390]
Action.c(23): web_url("WebTours") started  	[MsgId: MMSG-26355]
Action.c(23): Detected non-resource "http://localhost:1080/WebTours/header.html" in "http://localhost:1080/WebTours/"  	[MsgId: MMSG-26574]
Action.c(23): Detected non-resource "http://localhost:1080/cgi-bin/welcome.pl?signOff=true" in "http://localhost:1080/WebTours/"  	[MsgId: MMSG-26574]
Action.c(23): Found resource "http://localhost:1080/WebTours/images/hp_logo.png" in HTML "http://localhost:1080/WebTours/header.html"  	[MsgId: MMSG-26659]
Action.c(23): Found resource "http://localhost:1080/WebTours/images/webtours.png" in HTML "http://localhost:1080/WebTours/header.html"  	[MsgId: MMSG-26659]
Action.c(23): Detected non-resource "http://localhost:1080/cgi-bin/nav.pl?in=home" in "http://localhost:1080/cgi-bin/welcome.pl?signOff=true"  	[MsgId: MMSG-26574]
Action.c(23): Detected non-resource "http://localhost:1080/WebTours/home.html" in "http://localhost:1080/cgi-bin/welcome.pl?signOff=true"  	[MsgId: MMSG-26574]
Action.c(23): Found resource "http://localhost:1080/WebTours/images/mer_login.gif" in HTML "http://localhost:1080/cgi-bin/nav.pl?in=home"  	[MsgId: MMSG-26659]
Action.c(23): Registered web_reg_find successful for "Text=Web Tours Navigation Bar" (count=1)  	[MsgId: MMSG-26364]
Action.c(23): web_url("WebTours") was successful, 10076 body bytes, 2377 header bytes, 24 chunking overhead bytes  	[MsgId: MMSG-26385]
Action.c(33): Think time - Waiting 5,00 seconds (according to limit).	[MsgId: MMSG-15946]
Action.c(33): lr_think_time: 5,00 seconds (recorded think time was 23,00 seconds).	[MsgId: MMSG-15947]
Action.c(35): Notify: Transaction "loginPage" ended with a "Pass" status (Duration: 5,2229 Think Time: 5,0168 Wasted Time: 0,0009).	[MsgId: MMSG-16870]
..\\..\\Parameters1\\common_lib.h(3): Notify: Transaction "login" started.	[MsgId: MMSG-16999]
..\\..\\Parameters1\\common_lib.h(7): web_reg_find started  	[MsgId: MMSG-26355]
..\\..\\Parameters1\\common_lib.h(7): Registering web_reg_find was successful  	[MsgId: MMSG-26390]
..\\..\\Parameters1\\common_lib.h(9): web_submit_data("login.pl") started  	[MsgId: MMSG-26355]
..\\..\\Parameters1\\common_lib.h(9): Detected non-resource "http://localhost:1080/cgi-bin/nav.pl?username=ben&password=gen" in "http://localhost:1080/cgi-bin/login.pl"  	[MsgId: MMSG-26574]
..\\..\\Parameters1\\common_lib.h(9): Detected non-resource "http://localhost:1080/cgi-bin/error.pl?error=badPassword" in "http://localhost:1080/cgi-bin/login.pl"  	[MsgId: MMSG-26574]
..\\..\\Parameters1\\common_lib.h(9): Resource "http://localhost:1080/WebTours/images/mer_login.gif" is in the cache already and will not be downloaded again  	[MsgId: MMSG-26655]
..\\..\\Parameters1\\common_lib.h(9): Error -26366: "Text=Welcome, <b>ben</b>, to the Web Tours reservation pages" not found for web_reg_find  	[MsgId: MERR-26366]
..\\..\\Parameters1\\common_lib.h(9): web_submit_data("login.pl") highest severity level was "ERROR", 2972 body bytes, 700 header bytes, 36 chunking overhead bytes  	[MsgId: MMSG-26387]
..\\..\\Parameters1\\common_lib.h(9): Notify: Transaction "login" ended with a "Fail" status (Duration: 0,2250 Wasted Time: 0,0000).	[MsgId: MMSG-16871]
..\\..\\Parameters1\\common_lib.h(9): Notify: Transaction "login" has 1 error message(s).	[MsgId: MMSG-16818]
..\\..\\Parameters1\\common_lib.h(9): Notify: The 1st error message associated with transaction "login" is "Error -26366: "Text=Welcome, <b>ben</b>, to the Web Tours reservation pages" not found for web_reg_find"	[MsgId: MMSG-16819]
..\\..\\Parameters1\\common_lib.h(9): Notify: Transaction "UC4_LoginLogout" ended with a "Fail" status (Duration: 5,4484 Think Time: 5,0168 Wasted Time: 0,0012).	[MsgId: MMSG-16870]
..\\..\\Parameters1\\common_lib.h(9): Notify: Transaction "UC4_LoginLogout" has 1 error message(s).	[MsgId: MMSG-16818]
..\\..\\Parameters1\\common_lib.h(9): Notify: The 1st error message associated with transaction "UC4_LoginLogout" is "Error -26366: "Text=Welcome, <b>ben</b>, to the Web Tours reservation pages" not found for web_reg_find"	[MsgId: MMSG-16819]
Ending action Action.	[MsgId: MMSG-15918]
Ending iteration 10.	[MsgId: MMSG-15965]
Waiting 94,5510 seconds for iteration pacing.	[MsgId: MMSG-15996]
Starting iteration 11.	[MsgId: MMSG-15968]
Starting action Action.	[MsgId: MMSG-15919]
Action.c(4): Notify: Transaction "UC4_LoginLogout" started.	[MsgId: MMSG-16999]
Action.c(7): web_reg_save_param_attrib started  	[MsgId: MMSG-26355]
Action.c(7): Registering web_reg_save_param_attrib was successful  	[MsgId: MMSG-26390]
Action.c(18): Notify: Transaction "loginPage" started.	[MsgId: MMSG-16999]
Action.c(20): web_reg_find started  	[MsgId: MMSG-26355]
Action.c(20): Registering web_reg_find was successful  	[MsgId: MMSG-26390]
Action.c(23): web_url("WebTours") started  	[MsgId: MMSG-26355]
Action.c(23): Detected non-resource "http://localhost:1080/WebTours/header.html" in "http://localhost:1080/WebTours/"  	[MsgId: MMSG-26574]
Action.c(23): Detected non-resource "http://localhost:1080/cgi-bin/welcome.pl?signOff=true" in "http://localhost:1080/WebTours/"  	[MsgId: MMSG-26574]
Action.c(23): Found resource "http://localhost:1080/WebTours/images/hp_logo.png" in HTML "http://localhost:1080/WebTours/header.html"  	[MsgId: MMSG-26659]
Action.c(23): Found resource "http://localhost:1080/WebTours/images/webtours.png" in HTML "http://localhost:1080/WebTours/header.html"  	[MsgId: MMSG-26659]
Action.c(23): Detected non-resource "http://localhost:1080/cgi-bin/nav.pl?in=home" in "http://localhost:1080/cgi-bin/welcome.pl?signOff=true"  	[MsgId: MMSG-26574]
Action.c(23): Detected non-resource "http://localhost:1080/WebTours/home.html" in "http://localhost:1080/cgi-bin/welcome.pl?signOff=true"  	[MsgId: MMSG-26574]
Action.c(23): Found resource "http://localhost:1080/WebTours/images/mer_login.gif" in HTML "http://localhost:1080/cgi-bin/nav.pl?in=home"  	[MsgId: MMSG-26659]
Action.c(23): Registered web_reg_find successful for "Text=Web Tours Navigation Bar" (count=1)  	[MsgId: MMSG-26364]
Action.c(23): web_url("WebTours") was successful, 10080 body bytes, 2377 header bytes, 24 chunking overhead bytes  	[MsgId: MMSG-26385]
Action.c(33): Think time - Waiting 5,00 seconds (according to limit).	[MsgId: MMSG-15946]
Action.c(33): lr_think_time: 5,00 seconds (recorded think time was 23,00 seconds).	[MsgId: MMSG-15947]
Action.c(35): Notify: Transaction "loginPage" ended with a "Pass" status (Duration: 5,1866 Think Time: 5,0104 Wasted Time: 0,0005).	[MsgId: MMSG-16870]
..\\..\\Parameters1\\common_lib.h(3): Notify: Transaction "login" started.	[MsgId: MMSG-16999]
..\\..\\Parameters1\\common_lib.h(7): web_reg_find started  	[MsgId: MMSG-26355]
..\\..\\Parameters1\\common_lib.h(7): Registering web_reg_find was successful  	[MsgId: MMSG-26390]
..\\..\\Parameters1\\common_lib.h(9): web_submit_data("login.pl") started  	[MsgId: MMSG-26355]
..\\..\\Parameters1\\common_lib.h(9): Detected non-resource "http://localhost:1080/cgi-bin/nav.pl?username=ben&password=gen" in "http://localhost:1080/cgi-bin/login.pl"  	[MsgId: MMSG-26574]
..\\..\\Parameters1\\common_lib.h(9): Detected non-resource "http://localhost:1080/cgi-bin/error.pl?error=badPassword" in "http://localhost:1080/cgi-bin/login.pl"  	[MsgId: MMSG-26574]
..\\..\\Parameters1\\common_lib.h(9): Resource "http://localhost:1080/WebTours/images/mer_login.gif" is in the cache already and will not be downloaded again  	[MsgId: MMSG-26655]
..\\..\\Parameters1\\common_lib.h(9): Error -26366: "Text=Welcome, <b>ben</b>, to the Web Tours reservation pages" not found for web_reg_find  	[MsgId: MERR-26366]
..\\..\\Parameters1\\common_lib.h(9): web_submit_data("login.pl") highest severity level was "ERROR", 2976 body bytes, 700 header bytes, 36 chunking overhead bytes  	[MsgId: MMSG-26387]
..\\..\\Parameters1\\common_lib.h(9): Notify: Transaction "login" ended with a "Fail" status (Duration: 0,1414 Wasted Time: 0,0000).	[MsgId: MMSG-16871]
..\\..\\Parameters1\\common_lib.h(9): Notify: Transaction "login" has 1 error message(s).	[MsgId: MMSG-16818]
..\\..\\Parameters1\\common_lib.h(9): Notify: The 1st error message associated with transaction "login" is "Error -26366: "Text=Welcome, <b>ben</b>, to the Web Tours reservation pages" not found for web_reg_find"	[MsgId: MMSG-16819]
..\\..\\Parameters1\\common_lib.h(9): Notify: Transaction "UC4_LoginLogout" ended with a "Fail" status (Duration: 5,3285 Think Time: 5,0104 Wasted Time: 0,0007).	[MsgId: MMSG-16870]
..\\..\\Parameters1\\common_lib.h(9): Notify: Transaction "UC4_LoginLogout" has 1 error message(s).	[MsgId: MMSG-16818]
..\\..\\Parameters1\\common_lib.h(9): Notify: The 1st error message associated with transaction "UC4_LoginLogout" is "Error -26366: "Text=Welcome, <b>ben</b>, to the Web Tours reservation pages" not found for web_reg_find"	[MsgId: MMSG-16819]
Ending action Action.	[MsgId: MMSG-15918]
Ending iteration 11.	[MsgId: MMSG-15965]
Waiting 94,6700 seconds for iteration pacing.	[MsgId: MMSG-15996]
Starting iteration 12.	[MsgId: MMSG-15968]
Starting action Action.	[MsgId: MMSG-15919]
Action.c(4): Notify: Transaction "UC4_LoginLogout" started.	[MsgId: MMSG-16999]
Action.c(7): web_reg_save_param_attrib started  	[MsgId: MMSG-26355]
Action.c(7): Registering web_reg_save_param_attrib was successful  	[MsgId: MMSG-26390]
Action.c(18): Notify: Transaction "loginPage" started.	[MsgId: MMSG-16999]
Action.c(20): web_reg_find started  	[MsgId: MMSG-26355]
Action.c(20): Registering web_reg_find was successful  	[MsgId: MMSG-26390]
Action.c(23): web_url("WebTours") started  	[MsgId: MMSG-26355]
Action.c(23): Detected non-resource "http://localhost:1080/WebTours/header.html" in "http://localhost:1080/WebTours/"  	[MsgId: MMSG-26574]
Action.c(23): Detected non-resource "http://localhost:1080/cgi-bin/welcome.pl?signOff=true" in "http://localhost:1080/WebTours/"  	[MsgId: MMSG-26574]
Action.c(23): Found resource "http://localhost:1080/WebTours/images/hp_logo.png" in HTML "http://localhost:1080/WebTours/header.html"  	[MsgId: MMSG-26659]
Action.c(23): Found resource "http://localhost:1080/WebTours/images/webtours.png" in HTML "http://localhost:1080/WebTours/header.html"  	[MsgId: MMSG-26659]
Action.c(23): Detected non-resource "http://localhost:1080/cgi-bin/nav.pl?in=home" in "http://localhost:1080/cgi-bin/welcome.pl?signOff=true"  	[MsgId: MMSG-26574]
Action.c(23): Detected non-resource "http://localhost:1080/WebTours/home.html" in "http://localhost:1080/cgi-bin/welcome.pl?signOff=true"  	[MsgId: MMSG-26574]
Action.c(23): Found resource "http://localhost:1080/WebTours/images/mer_login.gif" in HTML "http://localhost:1080/cgi-bin/nav.pl?in=home"  	[MsgId: MMSG-26659]
Action.c(23): Registered web_reg_find successful for "Text=Web Tours Navigation Bar" (count=1)  	[MsgId: MMSG-26364]
Action.c(23): web_url("WebTours") was successful, 10080 body bytes, 2377 header bytes, 24 chunking overhead bytes  	[MsgId: MMSG-26385]
Action.c(33): Think time - Waiting 5,00 seconds (according to limit).	[MsgId: MMSG-15946]
Action.c(33): lr_think_time: 5,00 seconds (recorded think time was 23,00 seconds).	[MsgId: MMSG-15947]
Action.c(35): Notify: Transaction "loginPage" ended with a "Pass" status (Duration: 5,1602 Think Time: 5,0063 Wasted Time: 0,0006).	[MsgId: MMSG-16870]
..\\..\\Parameters1\\common_lib.h(3): Notify: Transaction "login" started.	[MsgId: MMSG-16999]
..\\..\\Parameters1\\common_lib.h(7): web_reg_find started  	[MsgId: MMSG-26355]
..\\..\\Parameters1\\common_lib.h(7): Registering web_reg_find was successful  	[MsgId: MMSG-26390]
..\\..\\Parameters1\\common_lib.h(9): web_submit_data("login.pl") started  	[MsgId: MMSG-26355]
..\\..\\Parameters1\\common_lib.h(9): Detected non-resource "http://localhost:1080/cgi-bin/nav.pl?page=menu&in=home" in "http://localhost:1080/cgi-bin/login.pl"  	[MsgId: MMSG-26574]
..\\..\\Parameters1\\common_lib.h(9): Detected non-resource "http://localhost:1080/cgi-bin/login.pl?intro=true" in "http://localhost:1080/cgi-bin/login.pl"  	[MsgId: MMSG-26574]
..\\..\\Parameters1\\common_lib.h(9): Found resource "http://localhost:1080/WebTours/images/flights.gif" in HTML "http://localhost:1080/cgi-bin/nav.pl?page=menu&in=home"  	[MsgId: MMSG-26659]
..\\..\\Parameters1\\common_lib.h(9): Found resource "http://localhost:1080/WebTours/images/itinerary.gif" in HTML "http://localhost:1080/cgi-bin/nav.pl?page=menu&in=home"  	[MsgId: MMSG-26659]
..\\..\\Parameters1\\common_lib.h(9): Found resource "http://localhost:1080/WebTours/images/in_home.gif" in HTML "http://localhost:1080/cgi-bin/nav.pl?page=menu&in=home"  	[MsgId: MMSG-26659]
..\\..\\Parameters1\\common_lib.h(9): Found resource "http://localhost:1080/WebTours/images/signoff.gif" in HTML "http://localhost:1080/cgi-bin/nav.pl?page=menu&in=home"  	[MsgId: MMSG-26659]
..\\..\\Parameters1\\common_lib.h(9): Registered web_reg_find successful for "Text=Welcome, <b>jojo</b>, to the Web Tours reservation pages" (count=1)  	[MsgId: MMSG-26364]
..\\..\\Parameters1\\common_lib.h(9): web_submit_data("login.pl") was successful, 5779 body bytes, 2037 header bytes, 36 chunking overhead bytes  	[MsgId: MMSG-26385]
..\\..\\Parameters1\\common_lib.h(26): Notify: Transaction "login" ended with a "Pass" status (Duration: 0,2009 Wasted Time: 0,0000).	[MsgId: MMSG-16871]
Action.c(47): Notify: Transaction "UC4_LoginLogout" ended with a "Pass" status (Duration: 5,3617 Think Time: 5,0063 Wasted Time: 0,0009).	[MsgId: MMSG-16870]
Ending action Action.	[MsgId: MMSG-15918]
Ending iteration 12.	[MsgId: MMSG-15965]
Waiting 94,6370 seconds for iteration pacing.	[MsgId: MMSG-15996]
Starting iteration 13.	[MsgId: MMSG-15968]
Starting action Action.	[MsgId: MMSG-15919]
Action.c(4): Notify: Transaction "UC4_LoginLogout" started.	[MsgId: MMSG-16999]
Action.c(7): web_reg_save_param_attrib started  	[MsgId: MMSG-26355]
Action.c(7): Registering web_reg_save_param_attrib was successful  	[MsgId: MMSG-26390]
Action.c(18): Notify: Transaction "loginPage" started.	[MsgId: MMSG-16999]
Action.c(20): web_reg_find started  	[MsgId: MMSG-26355]
Action.c(20): Registering web_reg_find was successful  	[MsgId: MMSG-26390]
Action.c(23): web_url("WebTours") started  	[MsgId: MMSG-26355]
Action.c(23): Detected non-resource "http://localhost:1080/WebTours/header.html" in "http://localhost:1080/WebTours/"  	[MsgId: MMSG-26574]
Action.c(23): Detected non-resource "http://localhost:1080/cgi-bin/welcome.pl?signOff=true" in "http://localhost:1080/WebTours/"  	[MsgId: MMSG-26574]
Action.c(23): Found resource "http://localhost:1080/WebTours/images/hp_logo.png" in HTML "http://localhost:1080/WebTours/header.html"  	[MsgId: MMSG-26659]
Action.c(23): Found resource "http://localhost:1080/WebTours/images/webtours.png" in HTML "http://localhost:1080/WebTours/header.html"  	[MsgId: MMSG-26659]
Action.c(23): Detected non-resource "http://localhost:1080/cgi-bin/nav.pl?in=home" in "http://localhost:1080/cgi-bin/welcome.pl?signOff=true"  	[MsgId: MMSG-26574]
Action.c(23): Detected non-resource "http://localhost:1080/WebTours/home.html" in "http://localhost:1080/cgi-bin/welcome.pl?signOff=true"  	[MsgId: MMSG-26574]
Action.c(23): Found resource "http://localhost:1080/WebTours/images/mer_login.gif" in HTML "http://localhost:1080/cgi-bin/nav.pl?in=home"  	[MsgId: MMSG-26659]
Action.c(23): Registered web_reg_find successful for "Text=Web Tours Navigation Bar" (count=1)  	[MsgId: MMSG-26364]
Action.c(23): web_url("WebTours") was successful, 10076 body bytes, 2377 header bytes, 24 chunking overhead bytes  	[MsgId: MMSG-26385]
Action.c(33): Think time - Waiting 5,00 seconds (according to limit).	[MsgId: MMSG-15946]
Action.c(33): lr_think_time: 5,00 seconds (recorded think time was 23,00 seconds).	[MsgId: MMSG-15947]
Action.c(35): Notify: Transaction "loginPage" ended with a "Pass" status (Duration: 5,1675 Think Time: 5,0149 Wasted Time: 0,0007).	[MsgId: MMSG-16870]
..\\..\\Parameters1\\common_lib.h(3): Notify: Transaction "login" started.	[MsgId: MMSG-16999]
..\\..\\Parameters1\\common_lib.h(7): web_reg_find started  	[MsgId: MMSG-26355]
..\\..\\Parameters1\\common_lib.h(7): Registering web_reg_find was successful  	[MsgId: MMSG-26390]
..\\..\\Parameters1\\common_lib.h(9): web_submit_data("login.pl") started  	[MsgId: MMSG-26355]
..\\..\\Parameters1\\common_lib.h(9): Detected non-resource "http://localhost:1080/cgi-bin/nav.pl?username=ben&password=gen" in "http://localhost:1080/cgi-bin/login.pl"  	[MsgId: MMSG-26574]
..\\..\\Parameters1\\common_lib.h(9): Detected non-resource "http://localhost:1080/cgi-bin/error.pl?error=badPassword" in "http://localhost:1080/cgi-bin/login.pl"  	[MsgId: MMSG-26574]
..\\..\\Parameters1\\common_lib.h(9): Resource "http://localhost:1080/WebTours/images/mer_login.gif" is in the cache already and will not be downloaded again  	[MsgId: MMSG-26655]
..\\..\\Parameters1\\common_lib.h(9): Error -26366: "Text=Welcome, <b>ben</b>, to the Web Tours reservation pages" not found for web_reg_find  	[MsgId: MERR-26366]
..\\..\\Parameters1\\common_lib.h(9): web_submit_data("login.pl") highest severity level was "ERROR", 2972 body bytes, 700 header bytes, 36 chunking overhead bytes  	[MsgId: MMSG-26387]
..\\..\\Parameters1\\common_lib.h(9): Notify: Transaction "login" ended with a "Fail" status (Duration: 0,1405 Wasted Time: 0,0000).	[MsgId: MMSG-16871]
..\\..\\Parameters1\\common_lib.h(9): Notify: Transaction "login" has 1 error message(s).	[MsgId: MMSG-16818]
..\\..\\Parameters1\\common_lib.h(9): Notify: The 1st error message associated with transaction "login" is "Error -26366: "Text=Welcome, <b>ben</b>, to the Web Tours reservation pages" not found for web_reg_find"	[MsgId: MMSG-16819]
..\\..\\Parameters1\\common_lib.h(9): Notify: Transaction "UC4_LoginLogout" ended with a "Fail" status (Duration: 5,3086 Think Time: 5,0149 Wasted Time: 0,0010).	[MsgId: MMSG-16870]
..\\..\\Parameters1\\common_lib.h(9): Notify: Transaction "UC4_LoginLogout" has 1 error message(s).	[MsgId: MMSG-16818]
..\\..\\Parameters1\\common_lib.h(9): Notify: The 1st error message associated with transaction "UC4_LoginLogout" is "Error -26366: "Text=Welcome, <b>ben</b>, to the Web Tours reservation pages" not found for web_reg_find"	[MsgId: MMSG-16819]
Ending action Action.	[MsgId: MMSG-15918]
Ending iteration 13.	[MsgId: MMSG-15965]
Waiting 94,6900 seconds for iteration pacing.	[MsgId: MMSG-15996]
Starting iteration 14.	[MsgId: MMSG-15968]
Starting action Action.	[MsgId: MMSG-15919]
Action.c(4): Notify: Transaction "UC4_LoginLogout" started.	[MsgId: MMSG-16999]
Action.c(7): web_reg_save_param_attrib started  	[MsgId: MMSG-26355]
Action.c(7): Registering web_reg_save_param_attrib was successful  	[MsgId: MMSG-26390]
Action.c(18): Notify: Transaction "loginPage" started.	[MsgId: MMSG-16999]
Action.c(20): web_reg_find started  	[MsgId: MMSG-26355]
Action.c(20): Registering web_reg_find was successful  	[MsgId: MMSG-26390]
Action.c(23): web_url("WebTours") started  	[MsgId: MMSG-26355]
Action.c(23): Detected non-resource "http://localhost:1080/WebTours/header.html" in "http://localhost:1080/WebTours/"  	[MsgId: MMSG-26574]
Action.c(23): Detected non-resource "http://localhost:1080/cgi-bin/welcome.pl?signOff=true" in "http://localhost:1080/WebTours/"  	[MsgId: MMSG-26574]
Action.c(23): Found resource "http://localhost:1080/WebTours/images/hp_logo.png" in HTML "http://localhost:1080/WebTours/header.html"  	[MsgId: MMSG-26659]
Action.c(23): Found resource "http://localhost:1080/WebTours/images/webtours.png" in HTML "http://localhost:1080/WebTours/header.html"  	[MsgId: MMSG-26659]
Action.c(23): Detected non-resource "http://localhost:1080/cgi-bin/nav.pl?in=home" in "http://localhost:1080/cgi-bin/welcome.pl?signOff=true"  	[MsgId: MMSG-26574]
Action.c(23): Detected non-resource "http://localhost:1080/WebTours/home.html" in "http://localhost:1080/cgi-bin/welcome.pl?signOff=true"  	[MsgId: MMSG-26574]
Action.c(23): Found resource "http://localhost:1080/WebTours/images/mer_login.gif" in HTML "http://localhost:1080/cgi-bin/nav.pl?in=home"  	[MsgId: MMSG-26659]
Action.c(23): Registered web_reg_find successful for "Text=Web Tours Navigation Bar" (count=1)  	[MsgId: MMSG-26364]
Action.c(23): web_url("WebTours") was successful, 10080 body bytes, 2377 header bytes, 24 chunking overhead bytes  	[MsgId: MMSG-26385]
Action.c(33): Think time - Waiting 5,00 seconds (according to limit).	[MsgId: MMSG-15946]
Action.c(33): lr_think_time: 5,00 seconds (recorded think time was 23,00 seconds).	[MsgId: MMSG-15947]
Action.c(35): Notify: Transaction "loginPage" ended with a "Pass" status (Duration: 5,1814 Think Time: 5,0265 Wasted Time: 0,0007).	[MsgId: MMSG-16870]
..\\..\\Parameters1\\common_lib.h(3): Notify: Transaction "login" started.	[MsgId: MMSG-16999]
..\\..\\Parameters1\\common_lib.h(7): web_reg_find started  	[MsgId: MMSG-26355]
..\\..\\Parameters1\\common_lib.h(7): Registering web_reg_find was successful  	[MsgId: MMSG-26390]
..\\..\\Parameters1\\common_lib.h(9): web_submit_data("login.pl") started  	[MsgId: MMSG-26355]
..\\..\\Parameters1\\common_lib.h(9): Detected non-resource "http://localhost:1080/cgi-bin/nav.pl?page=menu&in=home" in "http://localhost:1080/cgi-bin/login.pl"  	[MsgId: MMSG-26574]
..\\..\\Parameters1\\common_lib.h(9): Detected non-resource "http://localhost:1080/cgi-bin/login.pl?intro=true" in "http://localhost:1080/cgi-bin/login.pl"  	[MsgId: MMSG-26574]
..\\..\\Parameters1\\common_lib.h(9): Found resource "http://localhost:1080/WebTours/images/flights.gif" in HTML "http://localhost:1080/cgi-bin/nav.pl?page=menu&in=home"  	[MsgId: MMSG-26659]
..\\..\\Parameters1\\common_lib.h(9): Found resource "http://localhost:1080/WebTours/images/itinerary.gif" in HTML "http://localhost:1080/cgi-bin/nav.pl?page=menu&in=home"  	[MsgId: MMSG-26659]
..\\..\\Parameters1\\common_lib.h(9): Found resource "http://localhost:1080/WebTours/images/in_home.gif" in HTML "http://localhost:1080/cgi-bin/nav.pl?page=menu&in=home"  	[MsgId: MMSG-26659]
..\\..\\Parameters1\\common_lib.h(9): Found resource "http://localhost:1080/WebTours/images/signoff.gif" in HTML "http://localhost:1080/cgi-bin/nav.pl?page=menu&in=home"  	[MsgId: MMSG-26659]
..\\..\\Parameters1\\common_lib.h(9): Registered web_reg_find successful for "Text=Welcome, <b>caren</b>, to the Web Tours reservation pages" (count=1)  	[MsgId: MMSG-26364]
..\\..\\Parameters1\\common_lib.h(9): web_submit_data("login.pl") was successful, 5780 body bytes, 2054 header bytes, 36 chunking overhead bytes  	[MsgId: MMSG-26385]
..\\..\\Parameters1\\common_lib.h(26): Notify: Transaction "login" ended with a "Pass" status (Duration: 0,2639 Wasted Time: 0,0000).	[MsgId: MMSG-16871]
Action.c(47): Notify: Transaction "UC4_LoginLogout" ended with a "Pass" status (Duration: 5,4459 Think Time: 5,0265 Wasted Time: 0,0009).	[MsgId: MMSG-16870]
Ending action Action.	[MsgId: MMSG-15918]
Ending iteration 14.	[MsgId: MMSG-15965]
Waiting 94,5530 seconds for iteration pacing.	[MsgId: MMSG-15996]
Ending Vuser...	[MsgId: MMSG-15966]
Starting action vuser_end.	[MsgId: MMSG-15919]
Ending action vuser_end.	[MsgId: MMSG-15918]
Vuser Terminated.	[MsgId: MMSG-15963]
