Virtual User Script started at: 01.06.2023 5:30:43	[MsgId: MMSG-15967]
Starting action vuser_init.	[MsgId: MMSG-15919]
Web Turbo Replay of LoadRunner 2020.0.0 for Windows 10; build 793 (ноя 27 2019 19:51:20)  	[MsgId: MMSG-26983]
Run mode: HTML  	[MsgId: MMSG-26993]
Replay user agent: Mozilla/5.0 (Windows NT 10.0; WOW64; Trident/7.0; rv:11.0) like Gecko  	[MsgId: MMSG-26988]
Runtime Settings file: "C:\Users\EHOT\AppData\Local\Temp\lr5tmpdirLcV.116\lrcfg7e3.117\cfgQP8.132"  	[MsgId: MMSG-27141]
Ending action vuser_init.	[MsgId: MMSG-15918]
Running Vuser...	[MsgId: MMSG-15964]
Starting iteration 1.	[MsgId: MMSG-15968]
Maximum number of concurrent connections per server: 6  	[MsgId: MMSG-26989]
Starting action Action.	[MsgId: MMSG-15919]
Action.c(4): Notify: Transaction "UC4_LoginLogout" started.	[MsgId: MMSG-16999]
Action.c(7): web_reg_save_param_attrib started  	[MsgId: MMSG-26355]
Action.c(7): Registering web_reg_save_param_attrib was successful  	[MsgId: MMSG-26390]
Action.c(18): Notify: Transaction "loginPage" started.	[MsgId: MMSG-16999]
Action.c(20): web_reg_find started  	[MsgId: MMSG-26355]
Action.c(20): Registering web_reg_find was successful  	[MsgId: MMSG-26390]
Action.c(23): web_url("WebTours") started  	[MsgId: MMSG-26355]
Action.c(23): Detected non-resource "http://localhost:1080/WebTours/header.html" in "http://localhost:1080/WebTours/"  	[MsgId: MMSG-26574]
Action.c(23): Detected non-resource "http://localhost:1080/cgi-bin/welcome.pl?signOff=true" in "http://localhost:1080/WebTours/"  	[MsgId: MMSG-26574]
Action.c(23): Found resource "http://localhost:1080/WebTours/images/hp_logo.png" in HTML "http://localhost:1080/WebTours/header.html"  	[MsgId: MMSG-26659]
Action.c(23): Found resource "http://localhost:1080/WebTours/images/webtours.png" in HTML "http://localhost:1080/WebTours/header.html"  	[MsgId: MMSG-26659]
Action.c(23): Detected non-resource "http://localhost:1080/cgi-bin/nav.pl?in=home" in "http://localhost:1080/cgi-bin/welcome.pl?signOff=true"  	[MsgId: MMSG-26574]
Action.c(23): Detected non-resource "http://localhost:1080/WebTours/home.html" in "http://localhost:1080/cgi-bin/welcome.pl?signOff=true"  	[MsgId: MMSG-26574]
Action.c(23): Found resource "http://localhost:1080/WebTours/images/mer_login.gif" in HTML "http://localhost:1080/cgi-bin/nav.pl?in=home"  	[MsgId: MMSG-26659]
Action.c(23): Registered web_reg_find successful for "Text=Web Tours Navigation Bar" (count=1)  	[MsgId: MMSG-26364]
Action.c(23): web_url("WebTours") was successful, 10080 body bytes, 2377 header bytes, 24 chunking overhead bytes  	[MsgId: MMSG-26385]
Action.c(33): Think time - Waiting 5,00 seconds (according to limit).	[MsgId: MMSG-15946]
Action.c(33): lr_think_time: 5,00 seconds (recorded think time was 23,00 seconds).	[MsgId: MMSG-15947]
Action.c(35): Notify: Transaction "loginPage" ended with a "Pass" status (Duration: 5,4412 Think Time: 5,0824 Wasted Time: 0,0542).	[MsgId: MMSG-16870]
..\\..\\Parameters1\\common_lib.h(3): Notify: Transaction "login" started.	[MsgId: MMSG-16999]
..\\..\\Parameters1\\common_lib.h(7): web_reg_find started  	[MsgId: MMSG-26355]
..\\..\\Parameters1\\common_lib.h(7): Registering web_reg_find was successful  	[MsgId: MMSG-26390]
..\\..\\Parameters1\\common_lib.h(9): web_submit_data("login.pl") started  	[MsgId: MMSG-26355]
..\\..\\Parameters1\\common_lib.h(9): Detected non-resource "http://localhost:1080/cgi-bin/nav.pl?page=menu&in=home" in "http://localhost:1080/cgi-bin/login.pl"  	[MsgId: MMSG-26574]
..\\..\\Parameters1\\common_lib.h(9): Detected non-resource "http://localhost:1080/cgi-bin/login.pl?intro=true" in "http://localhost:1080/cgi-bin/login.pl"  	[MsgId: MMSG-26574]
..\\..\\Parameters1\\common_lib.h(9): Found resource "http://localhost:1080/WebTours/images/flights.gif" in HTML "http://localhost:1080/cgi-bin/nav.pl?page=menu&in=home"  	[MsgId: MMSG-26659]
..\\..\\Parameters1\\common_lib.h(9): Found resource "http://localhost:1080/WebTours/images/itinerary.gif" in HTML "http://localhost:1080/cgi-bin/nav.pl?page=menu&in=home"  	[MsgId: MMSG-26659]
..\\..\\Parameters1\\common_lib.h(9): Found resource "http://localhost:1080/WebTours/images/in_home.gif" in HTML "http://localhost:1080/cgi-bin/nav.pl?page=menu&in=home"  	[MsgId: MMSG-26659]
..\\..\\Parameters1\\common_lib.h(9): Found resource "http://localhost:1080/WebTours/images/signoff.gif" in HTML "http://localhost:1080/cgi-bin/nav.pl?page=menu&in=home"  	[MsgId: MMSG-26659]
..\\..\\Parameters1\\common_lib.h(9): Registered web_reg_find successful for "Text=Welcome, <b>mina</b>, to the Web Tours reservation pages" (count=1)  	[MsgId: MMSG-26364]
..\\..\\Parameters1\\common_lib.h(9): web_submit_data("login.pl") was successful, 5779 body bytes, 2052 header bytes, 36 chunking overhead bytes  	[MsgId: MMSG-26385]
..\\..\\Parameters1\\common_lib.h(26): Notify: Transaction "login" ended with a "Pass" status (Duration: 0,3897 Wasted Time: 0,0000).	[MsgId: MMSG-16871]
Action.c(47): Notify: Transaction "UC4_LoginLogout" ended with a "Pass" status (Duration: 5,8323 Think Time: 5,0824 Wasted Time: 0,0550).	[MsgId: MMSG-16870]
Ending action Action.	[MsgId: MMSG-15918]
Ending iteration 1.	[MsgId: MMSG-15965]
Waiting 94,1650 seconds for iteration pacing.	[MsgId: MMSG-15996]
Starting iteration 2.	[MsgId: MMSG-15968]
Starting action Action.	[MsgId: MMSG-15919]
Action.c(4): Notify: Transaction "UC4_LoginLogout" started.	[MsgId: MMSG-16999]
Action.c(7): web_reg_save_param_attrib started  	[MsgId: MMSG-26355]
Action.c(7): Registering web_reg_save_param_attrib was successful  	[MsgId: MMSG-26390]
Action.c(18): Notify: Transaction "loginPage" started.	[MsgId: MMSG-16999]
Action.c(20): web_reg_find started  	[MsgId: MMSG-26355]
Action.c(20): Registering web_reg_find was successful  	[MsgId: MMSG-26390]
Action.c(23): web_url("WebTours") started  	[MsgId: MMSG-26355]
Action.c(23): Detected non-resource "http://localhost:1080/WebTours/header.html" in "http://localhost:1080/WebTours/"  	[MsgId: MMSG-26574]
Action.c(23): Detected non-resource "http://localhost:1080/cgi-bin/welcome.pl?signOff=true" in "http://localhost:1080/WebTours/"  	[MsgId: MMSG-26574]
Action.c(23): Found resource "http://localhost:1080/WebTours/images/hp_logo.png" in HTML "http://localhost:1080/WebTours/header.html"  	[MsgId: MMSG-26659]
Action.c(23): Found resource "http://localhost:1080/WebTours/images/webtours.png" in HTML "http://localhost:1080/WebTours/header.html"  	[MsgId: MMSG-26659]
Action.c(23): Detected non-resource "http://localhost:1080/cgi-bin/nav.pl?in=home" in "http://localhost:1080/cgi-bin/welcome.pl?signOff=true"  	[MsgId: MMSG-26574]
Action.c(23): Detected non-resource "http://localhost:1080/WebTours/home.html" in "http://localhost:1080/cgi-bin/welcome.pl?signOff=true"  	[MsgId: MMSG-26574]
Action.c(23): Found resource "http://localhost:1080/WebTours/images/mer_login.gif" in HTML "http://localhost:1080/cgi-bin/nav.pl?in=home"  	[MsgId: MMSG-26659]
Action.c(23): Registered web_reg_find successful for "Text=Web Tours Navigation Bar" (count=1)  	[MsgId: MMSG-26364]
Action.c(23): web_url("WebTours") was successful, 10080 body bytes, 2377 header bytes, 24 chunking overhead bytes  	[MsgId: MMSG-26385]
Action.c(33): Think time - Waiting 5,00 seconds (according to limit).	[MsgId: MMSG-15946]
Action.c(33): lr_think_time: 5,00 seconds (recorded think time was 23,00 seconds).	[MsgId: MMSG-15947]
Action.c(35): Notify: Transaction "loginPage" ended with a "Pass" status (Duration: 5,1587 Think Time: 5,0154 Wasted Time: 0,0006).	[MsgId: MMSG-16870]
..\\..\\Parameters1\\common_lib.h(3): Notify: Transaction "login" started.	[MsgId: MMSG-16999]
..\\..\\Parameters1\\common_lib.h(7): web_reg_find started  	[MsgId: MMSG-26355]
..\\..\\Parameters1\\common_lib.h(7): Registering web_reg_find was successful  	[MsgId: MMSG-26390]
..\\..\\Parameters1\\common_lib.h(9): web_submit_data("login.pl") started  	[MsgId: MMSG-26355]
..\\..\\Parameters1\\common_lib.h(9): Detected non-resource "http://localhost:1080/cgi-bin/nav.pl?page=menu&in=home" in "http://localhost:1080/cgi-bin/login.pl"  	[MsgId: MMSG-26574]
..\\..\\Parameters1\\common_lib.h(9): Detected non-resource "http://localhost:1080/cgi-bin/login.pl?intro=true" in "http://localhost:1080/cgi-bin/login.pl"  	[MsgId: MMSG-26574]
..\\..\\Parameters1\\common_lib.h(9): Found resource "http://localhost:1080/WebTours/images/flights.gif" in HTML "http://localhost:1080/cgi-bin/nav.pl?page=menu&in=home"  	[MsgId: MMSG-26659]
..\\..\\Parameters1\\common_lib.h(9): Found resource "http://localhost:1080/WebTours/images/itinerary.gif" in HTML "http://localhost:1080/cgi-bin/nav.pl?page=menu&in=home"  	[MsgId: MMSG-26659]
..\\..\\Parameters1\\common_lib.h(9): Found resource "http://localhost:1080/WebTours/images/in_home.gif" in HTML "http://localhost:1080/cgi-bin/nav.pl?page=menu&in=home"  	[MsgId: MMSG-26659]
..\\..\\Parameters1\\common_lib.h(9): Found resource "http://localhost:1080/WebTours/images/signoff.gif" in HTML "http://localhost:1080/cgi-bin/nav.pl?page=menu&in=home"  	[MsgId: MMSG-26659]
..\\..\\Parameters1\\common_lib.h(9): Registered web_reg_find successful for "Text=Welcome, <b>ben</b>, to the Web Tours reservation pages" (count=1)  	[MsgId: MMSG-26364]
..\\..\\Parameters1\\common_lib.h(9): web_submit_data("login.pl") was successful, 5778 body bytes, 2048 header bytes, 36 chunking overhead bytes  	[MsgId: MMSG-26385]
..\\..\\Parameters1\\common_lib.h(26): Notify: Transaction "login" ended with a "Pass" status (Duration: 0,1470 Wasted Time: 0,0000).	[MsgId: MMSG-16871]
Action.c(47): Notify: Transaction "UC4_LoginLogout" ended with a "Pass" status (Duration: 5,3064 Think Time: 5,0154 Wasted Time: 0,0009).	[MsgId: MMSG-16870]
Ending action Action.	[MsgId: MMSG-15918]
Ending iteration 2.	[MsgId: MMSG-15965]
Waiting 94,6920 seconds for iteration pacing.	[MsgId: MMSG-15996]
Starting iteration 3.	[MsgId: MMSG-15968]
Starting action Action.	[MsgId: MMSG-15919]
Action.c(4): Notify: Transaction "UC4_LoginLogout" started.	[MsgId: MMSG-16999]
Action.c(7): web_reg_save_param_attrib started  	[MsgId: MMSG-26355]
Action.c(7): Registering web_reg_save_param_attrib was successful  	[MsgId: MMSG-26390]
Action.c(18): Notify: Transaction "loginPage" started.	[MsgId: MMSG-16999]
Action.c(20): web_reg_find started  	[MsgId: MMSG-26355]
Action.c(20): Registering web_reg_find was successful  	[MsgId: MMSG-26390]
Action.c(23): web_url("WebTours") started  	[MsgId: MMSG-26355]
Action.c(23): Detected non-resource "http://localhost:1080/WebTours/header.html" in "http://localhost:1080/WebTours/"  	[MsgId: MMSG-26574]
Action.c(23): Detected non-resource "http://localhost:1080/cgi-bin/welcome.pl?signOff=true" in "http://localhost:1080/WebTours/"  	[MsgId: MMSG-26574]
Action.c(23): Found resource "http://localhost:1080/WebTours/images/hp_logo.png" in HTML "http://localhost:1080/WebTours/header.html"  	[MsgId: MMSG-26659]
Action.c(23): Found resource "http://localhost:1080/WebTours/images/webtours.png" in HTML "http://localhost:1080/WebTours/header.html"  	[MsgId: MMSG-26659]
Action.c(23): Detected non-resource "http://localhost:1080/cgi-bin/nav.pl?in=home" in "http://localhost:1080/cgi-bin/welcome.pl?signOff=true"  	[MsgId: MMSG-26574]
Action.c(23): Detected non-resource "http://localhost:1080/WebTours/home.html" in "http://localhost:1080/cgi-bin/welcome.pl?signOff=true"  	[MsgId: MMSG-26574]
Action.c(23): Found resource "http://localhost:1080/WebTours/images/mer_login.gif" in HTML "http://localhost:1080/cgi-bin/nav.pl?in=home"  	[MsgId: MMSG-26659]
Action.c(23): Registered web_reg_find successful for "Text=Web Tours Navigation Bar" (count=1)  	[MsgId: MMSG-26364]
Action.c(23): web_url("WebTours") was successful, 10076 body bytes, 2377 header bytes, 24 chunking overhead bytes  	[MsgId: MMSG-26385]
Action.c(33): Think time - Waiting 5,00 seconds (according to limit).	[MsgId: MMSG-15946]
Action.c(33): lr_think_time: 5,00 seconds (recorded think time was 23,00 seconds).	[MsgId: MMSG-15947]
Action.c(35): Notify: Transaction "loginPage" ended with a "Pass" status (Duration: 5,2011 Think Time: 5,0077 Wasted Time: 0,0006).	[MsgId: MMSG-16870]
..\\..\\Parameters1\\common_lib.h(3): Notify: Transaction "login" started.	[MsgId: MMSG-16999]
..\\..\\Parameters1\\common_lib.h(7): web_reg_find started  	[MsgId: MMSG-26355]
..\\..\\Parameters1\\common_lib.h(7): Registering web_reg_find was successful  	[MsgId: MMSG-26390]
..\\..\\Parameters1\\common_lib.h(9): web_submit_data("login.pl") started  	[MsgId: MMSG-26355]
..\\..\\Parameters1\\common_lib.h(9): Detected non-resource "http://localhost:1080/cgi-bin/nav.pl?page=menu&in=home" in "http://localhost:1080/cgi-bin/login.pl"  	[MsgId: MMSG-26574]
..\\..\\Parameters1\\common_lib.h(9): Detected non-resource "http://localhost:1080/cgi-bin/login.pl?intro=true" in "http://localhost:1080/cgi-bin/login.pl"  	[MsgId: MMSG-26574]
..\\..\\Parameters1\\common_lib.h(9): Found resource "http://localhost:1080/WebTours/images/flights.gif" in HTML "http://localhost:1080/cgi-bin/nav.pl?page=menu&in=home"  	[MsgId: MMSG-26659]
..\\..\\Parameters1\\common_lib.h(9): Found resource "http://localhost:1080/WebTours/images/itinerary.gif" in HTML "http://localhost:1080/cgi-bin/nav.pl?page=menu&in=home"  	[MsgId: MMSG-26659]
..\\..\\Parameters1\\common_lib.h(9): Found resource "http://localhost:1080/WebTours/images/in_home.gif" in HTML "http://localhost:1080/cgi-bin/nav.pl?page=menu&in=home"  	[MsgId: MMSG-26659]
..\\..\\Parameters1\\common_lib.h(9): Found resource "http://localhost:1080/WebTours/images/signoff.gif" in HTML "http://localhost:1080/cgi-bin/nav.pl?page=menu&in=home"  	[MsgId: MMSG-26659]
..\\..\\Parameters1\\common_lib.h(9): Registered web_reg_find successful for "Text=Welcome, <b>mina</b>, to the Web Tours reservation pages" (count=1)  	[MsgId: MMSG-26364]
..\\..\\Parameters1\\common_lib.h(9): web_submit_data("login.pl") was successful, 5779 body bytes, 2051 header bytes, 36 chunking overhead bytes  	[MsgId: MMSG-26385]
..\\..\\Parameters1\\common_lib.h(26): Notify: Transaction "login" ended with a "Pass" status (Duration: 0,1532 Wasted Time: 0,0000).	[MsgId: MMSG-16871]
Action.c(47): Notify: Transaction "UC4_LoginLogout" ended with a "Pass" status (Duration: 5,3561 Think Time: 5,0077 Wasted Time: 0,0009).	[MsgId: MMSG-16870]
Ending action Action.	[MsgId: MMSG-15918]
Ending iteration 3.	[MsgId: MMSG-15965]
Waiting 94,6430 seconds for iteration pacing.	[MsgId: MMSG-15996]
Starting iteration 4.	[MsgId: MMSG-15968]
Starting action Action.	[MsgId: MMSG-15919]
Action.c(4): Notify: Transaction "UC4_LoginLogout" started.	[MsgId: MMSG-16999]
Action.c(7): web_reg_save_param_attrib started  	[MsgId: MMSG-26355]
Action.c(7): Registering web_reg_save_param_attrib was successful  	[MsgId: MMSG-26390]
Action.c(18): Notify: Transaction "loginPage" started.	[MsgId: MMSG-16999]
Action.c(20): web_reg_find started  	[MsgId: MMSG-26355]
Action.c(20): Registering web_reg_find was successful  	[MsgId: MMSG-26390]
Action.c(23): web_url("WebTours") started  	[MsgId: MMSG-26355]
Action.c(23): Detected non-resource "http://localhost:1080/WebTours/header.html" in "http://localhost:1080/WebTours/"  	[MsgId: MMSG-26574]
Action.c(23): Detected non-resource "http://localhost:1080/cgi-bin/welcome.pl?signOff=true" in "http://localhost:1080/WebTours/"  	[MsgId: MMSG-26574]
Action.c(23): Found resource "http://localhost:1080/WebTours/images/hp_logo.png" in HTML "http://localhost:1080/WebTours/header.html"  	[MsgId: MMSG-26659]
Action.c(23): Found resource "http://localhost:1080/WebTours/images/webtours.png" in HTML "http://localhost:1080/WebTours/header.html"  	[MsgId: MMSG-26659]
Action.c(23): Detected non-resource "http://localhost:1080/cgi-bin/nav.pl?in=home" in "http://localhost:1080/cgi-bin/welcome.pl?signOff=true"  	[MsgId: MMSG-26574]
Action.c(23): Detected non-resource "http://localhost:1080/WebTours/home.html" in "http://localhost:1080/cgi-bin/welcome.pl?signOff=true"  	[MsgId: MMSG-26574]
Action.c(23): Found resource "http://localhost:1080/WebTours/images/mer_login.gif" in HTML "http://localhost:1080/cgi-bin/nav.pl?in=home"  	[MsgId: MMSG-26659]
Action.c(23): Registered web_reg_find successful for "Text=Web Tours Navigation Bar" (count=1)  	[MsgId: MMSG-26364]
Action.c(23): web_url("WebTours") was successful, 10080 body bytes, 2377 header bytes, 24 chunking overhead bytes  	[MsgId: MMSG-26385]
Action.c(33): Think time - Waiting 5,00 seconds (according to limit).	[MsgId: MMSG-15946]
Action.c(33): lr_think_time: 5,00 seconds (recorded think time was 23,00 seconds).	[MsgId: MMSG-15947]
Action.c(35): Notify: Transaction "loginPage" ended with a "Pass" status (Duration: 5,1391 Think Time: 5,0031 Wasted Time: 0,0006).	[MsgId: MMSG-16870]
..\\..\\Parameters1\\common_lib.h(3): Notify: Transaction "login" started.	[MsgId: MMSG-16999]
..\\..\\Parameters1\\common_lib.h(7): web_reg_find started  	[MsgId: MMSG-26355]
..\\..\\Parameters1\\common_lib.h(7): Registering web_reg_find was successful  	[MsgId: MMSG-26390]
..\\..\\Parameters1\\common_lib.h(9): web_submit_data("login.pl") started  	[MsgId: MMSG-26355]
..\\..\\Parameters1\\common_lib.h(9): Detected non-resource "http://localhost:1080/cgi-bin/nav.pl?page=menu&in=home" in "http://localhost:1080/cgi-bin/login.pl"  	[MsgId: MMSG-26574]
..\\..\\Parameters1\\common_lib.h(9): Detected non-resource "http://localhost:1080/cgi-bin/login.pl?intro=true" in "http://localhost:1080/cgi-bin/login.pl"  	[MsgId: MMSG-26574]
..\\..\\Parameters1\\common_lib.h(9): Found resource "http://localhost:1080/WebTours/images/flights.gif" in HTML "http://localhost:1080/cgi-bin/nav.pl?page=menu&in=home"  	[MsgId: MMSG-26659]
..\\..\\Parameters1\\common_lib.h(9): Found resource "http://localhost:1080/WebTours/images/itinerary.gif" in HTML "http://localhost:1080/cgi-bin/nav.pl?page=menu&in=home"  	[MsgId: MMSG-26659]
..\\..\\Parameters1\\common_lib.h(9): Found resource "http://localhost:1080/WebTours/images/in_home.gif" in HTML "http://localhost:1080/cgi-bin/nav.pl?page=menu&in=home"  	[MsgId: MMSG-26659]
..\\..\\Parameters1\\common_lib.h(9): Found resource "http://localhost:1080/WebTours/images/signoff.gif" in HTML "http://localhost:1080/cgi-bin/nav.pl?page=menu&in=home"  	[MsgId: MMSG-26659]
..\\..\\Parameters1\\common_lib.h(9): Registered web_reg_find successful for "Text=Welcome, <b>john</b>, to the Web Tours reservation pages" (count=1)  	[MsgId: MMSG-26364]
..\\..\\Parameters1\\common_lib.h(9): web_submit_data("login.pl") was successful, 5779 body bytes, 2052 header bytes, 36 chunking overhead bytes  	[MsgId: MMSG-26385]
..\\..\\Parameters1\\common_lib.h(26): Notify: Transaction "login" ended with a "Pass" status (Duration: 0,1455 Wasted Time: 0,0000).	[MsgId: MMSG-16871]
Action.c(47): Notify: Transaction "UC4_LoginLogout" ended with a "Pass" status (Duration: 5,2851 Think Time: 5,0031 Wasted Time: 0,0008).	[MsgId: MMSG-16870]
Ending action Action.	[MsgId: MMSG-15918]
Ending iteration 4.	[MsgId: MMSG-15965]
Waiting 94,7140 seconds for iteration pacing.	[MsgId: MMSG-15996]
Ending Vuser...	[MsgId: MMSG-15966]
Starting action vuser_end.	[MsgId: MMSG-15919]
Ending action vuser_end.	[MsgId: MMSG-15918]
Vuser Terminated.	[MsgId: MMSG-15963]
