Virtual User Script started at: 27.05.2023 1:23:10	[MsgId: MMSG-15967]
Starting action vuser_init.	[MsgId: MMSG-15919]
Web Turbo Replay of LoadRunner 2020.0.0 for Windows 10; build 793 (ноя 27 2019 19:51:20)  	[MsgId: MMSG-26983]
Run mode: HTML  	[MsgId: MMSG-26993]
Replay user agent: Mozilla/5.0 (Windows NT 10.0; WOW64; Trident/7.0; rv:11.0) like Gecko  	[MsgId: MMSG-26988]
Runtime Settings file: "C:\Users\NICK\AppData\Local\Temp\lr5tmpdir7kj.384\lrcfgYXo.385\cfgM6l.400"  	[MsgId: MMSG-27141]
Ending action vuser_init.	[MsgId: MMSG-15918]
Running Vuser...	[MsgId: MMSG-15964]
Starting iteration 1.	[MsgId: MMSG-15968]
Maximum number of concurrent connections per server: 6  	[MsgId: MMSG-26989]
Starting action Action.	[MsgId: MMSG-15919]
Action.c(4): Notify: Transaction "UC4_LoginLogout" started.	[MsgId: MMSG-16999]
Action.c(7): web_reg_save_param_attrib started  	[MsgId: MMSG-26355]
Action.c(7): Registering web_reg_save_param_attrib was successful  	[MsgId: MMSG-26390]
Action.c(18): Notify: Transaction "loginPage" started.	[MsgId: MMSG-16999]
Action.c(20): web_reg_find started  	[MsgId: MMSG-26355]
Action.c(20): Registering web_reg_find was successful  	[MsgId: MMSG-26390]
Action.c(23): web_url("WebTours") started  	[MsgId: MMSG-26355]
Action.c(23): Detected non-resource "http://localhost:1080/WebTours/header.html" in "http://localhost:1080/WebTours/"  	[MsgId: MMSG-26574]
Action.c(23): Detected non-resource "http://localhost:1080/cgi-bin/welcome.pl?signOff=true" in "http://localhost:1080/WebTours/"  	[MsgId: MMSG-26574]
Action.c(23): Found resource "http://localhost:1080/WebTours/images/hp_logo.png" in HTML "http://localhost:1080/WebTours/header.html"  	[MsgId: MMSG-26659]
Action.c(23): Found resource "http://localhost:1080/WebTours/images/webtours.png" in HTML "http://localhost:1080/WebTours/header.html"  	[MsgId: MMSG-26659]
Action.c(23): Detected non-resource "http://localhost:1080/cgi-bin/nav.pl?in=home" in "http://localhost:1080/cgi-bin/welcome.pl?signOff=true"  	[MsgId: MMSG-26574]
Action.c(23): Detected non-resource "http://localhost:1080/WebTours/home.html" in "http://localhost:1080/cgi-bin/welcome.pl?signOff=true"  	[MsgId: MMSG-26574]
Action.c(23): Found resource "http://localhost:1080/WebTours/images/mer_login.gif" in HTML "http://localhost:1080/cgi-bin/nav.pl?in=home"  	[MsgId: MMSG-26659]
Action.c(23): Registered web_reg_find successful for "Text=Web Tours Navigation Bar" (count=1)  	[MsgId: MMSG-26364]
Action.c(23): web_url("WebTours") was successful, 10080 body bytes, 2377 header bytes, 24 chunking overhead bytes  	[MsgId: MMSG-26385]
Action.c(33): Think time - Waiting 5,00 seconds (according to limit).	[MsgId: MMSG-15946]
Action.c(33): lr_think_time: 5,00 seconds (recorded think time was 23,00 seconds).	[MsgId: MMSG-15947]
Action.c(35): Notify: Transaction "loginPage" ended with a "Pass" status (Duration: 7,5707 Think Time: 5,4769 Wasted Time: 0,1086).	[MsgId: MMSG-16870]
..\\..\\Parameters1\\common_lib.h(3): Notify: Transaction "login" started.	[MsgId: MMSG-16999]
..\\..\\Parameters1\\common_lib.h(7): web_reg_find started  	[MsgId: MMSG-26355]
..\\..\\Parameters1\\common_lib.h(7): Registering web_reg_find was successful  	[MsgId: MMSG-26390]
..\\..\\Parameters1\\common_lib.h(9): web_submit_data("login.pl") started  	[MsgId: MMSG-26355]
..\\..\\Parameters1\\common_lib.h(9): Detected non-resource "http://localhost:1080/cgi-bin/nav.pl?page=menu&in=home" in "http://localhost:1080/cgi-bin/login.pl"  	[MsgId: MMSG-26574]
..\\..\\Parameters1\\common_lib.h(9): Detected non-resource "http://localhost:1080/cgi-bin/login.pl?intro=true" in "http://localhost:1080/cgi-bin/login.pl"  	[MsgId: MMSG-26574]
..\\..\\Parameters1\\common_lib.h(9): Found resource "http://localhost:1080/WebTours/images/flights.gif" in HTML "http://localhost:1080/cgi-bin/nav.pl?page=menu&in=home"  	[MsgId: MMSG-26659]
..\\..\\Parameters1\\common_lib.h(9): Found resource "http://localhost:1080/WebTours/images/itinerary.gif" in HTML "http://localhost:1080/cgi-bin/nav.pl?page=menu&in=home"  	[MsgId: MMSG-26659]
..\\..\\Parameters1\\common_lib.h(9): Found resource "http://localhost:1080/WebTours/images/in_home.gif" in HTML "http://localhost:1080/cgi-bin/nav.pl?page=menu&in=home"  	[MsgId: MMSG-26659]
..\\..\\Parameters1\\common_lib.h(9): Found resource "http://localhost:1080/WebTours/images/signoff.gif" in HTML "http://localhost:1080/cgi-bin/nav.pl?page=menu&in=home"  	[MsgId: MMSG-26659]
..\\..\\Parameters1\\common_lib.h(9): Registered web_reg_find successful for "Text=Welcome, <b>mem</b>, to the Web Tours reservation pages" (count=1)  	[MsgId: MMSG-26364]
..\\..\\Parameters1\\common_lib.h(9): web_submit_data("login.pl") was successful, 5778 body bytes, 2049 header bytes, 36 chunking overhead bytes  	[MsgId: MMSG-26385]
..\\..\\Parameters1\\common_lib.h(26): Notify: Transaction "login" ended with a "Pass" status (Duration: 1,9728 Wasted Time: 0,0001).	[MsgId: MMSG-16871]
Action.c(47): Notify: Transaction "UC4_LoginLogout" ended with a "Pass" status (Duration: 9,5451 Think Time: 5,4769 Wasted Time: 0,1094).	[MsgId: MMSG-16870]
Ending action Action.	[MsgId: MMSG-15918]
Ending iteration 1.	[MsgId: MMSG-15965]
Waiting 90,4520 seconds for iteration pacing.	[MsgId: MMSG-15996]
Starting iteration 2.	[MsgId: MMSG-15968]
Starting action Action.	[MsgId: MMSG-15919]
Action.c(4): Notify: Transaction "UC4_LoginLogout" started.	[MsgId: MMSG-16999]
Action.c(7): web_reg_save_param_attrib started  	[MsgId: MMSG-26355]
Action.c(7): Registering web_reg_save_param_attrib was successful  	[MsgId: MMSG-26390]
Action.c(18): Notify: Transaction "loginPage" started.	[MsgId: MMSG-16999]
Action.c(20): web_reg_find started  	[MsgId: MMSG-26355]
Action.c(20): Registering web_reg_find was successful  	[MsgId: MMSG-26390]
Action.c(23): web_url("WebTours") started  	[MsgId: MMSG-26355]
Action.c(23): Detected non-resource "http://localhost:1080/WebTours/header.html" in "http://localhost:1080/WebTours/"  	[MsgId: MMSG-26574]
Action.c(23): Detected non-resource "http://localhost:1080/cgi-bin/welcome.pl?signOff=true" in "http://localhost:1080/WebTours/"  	[MsgId: MMSG-26574]
Action.c(23): Found resource "http://localhost:1080/WebTours/images/hp_logo.png" in HTML "http://localhost:1080/WebTours/header.html"  	[MsgId: MMSG-26659]
Action.c(23): Found resource "http://localhost:1080/WebTours/images/webtours.png" in HTML "http://localhost:1080/WebTours/header.html"  	[MsgId: MMSG-26659]
Action.c(23): Detected non-resource "http://localhost:1080/cgi-bin/nav.pl?in=home" in "http://localhost:1080/cgi-bin/welcome.pl?signOff=true"  	[MsgId: MMSG-26574]
Action.c(23): Detected non-resource "http://localhost:1080/WebTours/home.html" in "http://localhost:1080/cgi-bin/welcome.pl?signOff=true"  	[MsgId: MMSG-26574]
Action.c(23): Found resource "http://localhost:1080/WebTours/images/mer_login.gif" in HTML "http://localhost:1080/cgi-bin/nav.pl?in=home"  	[MsgId: MMSG-26659]
Action.c(23): Registered web_reg_find successful for "Text=Web Tours Navigation Bar" (count=1)  	[MsgId: MMSG-26364]
Action.c(23): web_url("WebTours") was successful, 10079 body bytes, 2377 header bytes, 24 chunking overhead bytes  	[MsgId: MMSG-26385]
Action.c(33): Think time - Waiting 5,00 seconds (according to limit).	[MsgId: MMSG-15946]
Action.c(33): lr_think_time: 5,00 seconds (recorded think time was 23,00 seconds).	[MsgId: MMSG-15947]
Action.c(35): Notify: Transaction "loginPage" ended with a "Pass" status (Duration: 5,2796 Think Time: 5,0113 Wasted Time: 0,0012).	[MsgId: MMSG-16870]
..\\..\\Parameters1\\common_lib.h(3): Notify: Transaction "login" started.	[MsgId: MMSG-16999]
..\\..\\Parameters1\\common_lib.h(7): web_reg_find started  	[MsgId: MMSG-26355]
..\\..\\Parameters1\\common_lib.h(7): Registering web_reg_find was successful  	[MsgId: MMSG-26390]
..\\..\\Parameters1\\common_lib.h(9): web_submit_data("login.pl") started  	[MsgId: MMSG-26355]
..\\..\\Parameters1\\common_lib.h(9): Detected non-resource "http://localhost:1080/cgi-bin/nav.pl?page=menu&in=home" in "http://localhost:1080/cgi-bin/login.pl"  	[MsgId: MMSG-26574]
..\\..\\Parameters1\\common_lib.h(9): Detected non-resource "http://localhost:1080/cgi-bin/login.pl?intro=true" in "http://localhost:1080/cgi-bin/login.pl"  	[MsgId: MMSG-26574]
..\\..\\Parameters1\\common_lib.h(9): Found resource "http://localhost:1080/WebTours/images/flights.gif" in HTML "http://localhost:1080/cgi-bin/nav.pl?page=menu&in=home"  	[MsgId: MMSG-26659]
..\\..\\Parameters1\\common_lib.h(9): Found resource "http://localhost:1080/WebTours/images/itinerary.gif" in HTML "http://localhost:1080/cgi-bin/nav.pl?page=menu&in=home"  	[MsgId: MMSG-26659]
..\\..\\Parameters1\\common_lib.h(9): Found resource "http://localhost:1080/WebTours/images/in_home.gif" in HTML "http://localhost:1080/cgi-bin/nav.pl?page=menu&in=home"  	[MsgId: MMSG-26659]
..\\..\\Parameters1\\common_lib.h(9): Found resource "http://localhost:1080/WebTours/images/signoff.gif" in HTML "http://localhost:1080/cgi-bin/nav.pl?page=menu&in=home"  	[MsgId: MMSG-26659]
..\\..\\Parameters1\\common_lib.h(9): Registered web_reg_find successful for "Text=Welcome, <b>caren</b>, to the Web Tours reservation pages" (count=1)  	[MsgId: MMSG-26364]
..\\..\\Parameters1\\common_lib.h(9): web_submit_data("login.pl") was successful, 5780 body bytes, 2054 header bytes, 36 chunking overhead bytes  	[MsgId: MMSG-26385]
..\\..\\Parameters1\\common_lib.h(26): Notify: Transaction "login" ended with a "Pass" status (Duration: 0,2903 Wasted Time: 0,0001).	[MsgId: MMSG-16871]
Action.c(47): Notify: Transaction "UC4_LoginLogout" ended with a "Pass" status (Duration: 5,5713 Think Time: 5,0113 Wasted Time: 0,0018).	[MsgId: MMSG-16870]
Ending action Action.	[MsgId: MMSG-15918]
Ending iteration 2.	[MsgId: MMSG-15965]
Waiting 94,4270 seconds for iteration pacing.	[MsgId: MMSG-15996]
Starting iteration 3.	[MsgId: MMSG-15968]
Starting action Action.	[MsgId: MMSG-15919]
Action.c(4): Notify: Transaction "UC4_LoginLogout" started.	[MsgId: MMSG-16999]
Action.c(7): web_reg_save_param_attrib started  	[MsgId: MMSG-26355]
Action.c(7): Registering web_reg_save_param_attrib was successful  	[MsgId: MMSG-26390]
Action.c(18): Notify: Transaction "loginPage" started.	[MsgId: MMSG-16999]
Action.c(20): web_reg_find started  	[MsgId: MMSG-26355]
Action.c(20): Registering web_reg_find was successful  	[MsgId: MMSG-26390]
Action.c(23): web_url("WebTours") started  	[MsgId: MMSG-26355]
Action.c(23): Detected non-resource "http://localhost:1080/WebTours/header.html" in "http://localhost:1080/WebTours/"  	[MsgId: MMSG-26574]
Action.c(23): Detected non-resource "http://localhost:1080/cgi-bin/welcome.pl?signOff=true" in "http://localhost:1080/WebTours/"  	[MsgId: MMSG-26574]
Action.c(23): Found resource "http://localhost:1080/WebTours/images/hp_logo.png" in HTML "http://localhost:1080/WebTours/header.html"  	[MsgId: MMSG-26659]
Action.c(23): Found resource "http://localhost:1080/WebTours/images/webtours.png" in HTML "http://localhost:1080/WebTours/header.html"  	[MsgId: MMSG-26659]
Action.c(23): Detected non-resource "http://localhost:1080/cgi-bin/nav.pl?in=home" in "http://localhost:1080/cgi-bin/welcome.pl?signOff=true"  	[MsgId: MMSG-26574]
Action.c(23): Detected non-resource "http://localhost:1080/WebTours/home.html" in "http://localhost:1080/cgi-bin/welcome.pl?signOff=true"  	[MsgId: MMSG-26574]
Action.c(23): Found resource "http://localhost:1080/WebTours/images/mer_login.gif" in HTML "http://localhost:1080/cgi-bin/nav.pl?in=home"  	[MsgId: MMSG-26659]
Action.c(23): Registered web_reg_find successful for "Text=Web Tours Navigation Bar" (count=1)  	[MsgId: MMSG-26364]
Action.c(23): web_url("WebTours") was successful, 10073 body bytes, 2377 header bytes, 24 chunking overhead bytes  	[MsgId: MMSG-26385]
Action.c(33): Think time - Waiting 5,00 seconds (according to limit).	[MsgId: MMSG-15946]
Action.c(33): lr_think_time: 5,00 seconds (recorded think time was 23,00 seconds).	[MsgId: MMSG-15947]
Action.c(35): Notify: Transaction "loginPage" ended with a "Pass" status (Duration: 5,3717 Think Time: 5,0120 Wasted Time: 0,0019).	[MsgId: MMSG-16870]
..\\..\\Parameters1\\common_lib.h(3): Notify: Transaction "login" started.	[MsgId: MMSG-16999]
..\\..\\Parameters1\\common_lib.h(7): web_reg_find started  	[MsgId: MMSG-26355]
..\\..\\Parameters1\\common_lib.h(7): Registering web_reg_find was successful  	[MsgId: MMSG-26390]
..\\..\\Parameters1\\common_lib.h(9): web_submit_data("login.pl") started  	[MsgId: MMSG-26355]
..\\..\\Parameters1\\common_lib.h(9): Detected non-resource "http://localhost:1080/cgi-bin/nav.pl?page=menu&in=home" in "http://localhost:1080/cgi-bin/login.pl"  	[MsgId: MMSG-26574]
..\\..\\Parameters1\\common_lib.h(9): Detected non-resource "http://localhost:1080/cgi-bin/login.pl?intro=true" in "http://localhost:1080/cgi-bin/login.pl"  	[MsgId: MMSG-26574]
..\\..\\Parameters1\\common_lib.h(9): Found resource "http://localhost:1080/WebTours/images/flights.gif" in HTML "http://localhost:1080/cgi-bin/nav.pl?page=menu&in=home"  	[MsgId: MMSG-26659]
..\\..\\Parameters1\\common_lib.h(9): Found resource "http://localhost:1080/WebTours/images/itinerary.gif" in HTML "http://localhost:1080/cgi-bin/nav.pl?page=menu&in=home"  	[MsgId: MMSG-26659]
..\\..\\Parameters1\\common_lib.h(9): Found resource "http://localhost:1080/WebTours/images/in_home.gif" in HTML "http://localhost:1080/cgi-bin/nav.pl?page=menu&in=home"  	[MsgId: MMSG-26659]
..\\..\\Parameters1\\common_lib.h(9): Found resource "http://localhost:1080/WebTours/images/signoff.gif" in HTML "http://localhost:1080/cgi-bin/nav.pl?page=menu&in=home"  	[MsgId: MMSG-26659]
..\\..\\Parameters1\\common_lib.h(9): Registered web_reg_find successful for "Text=Welcome, <b>giga</b>, to the Web Tours reservation pages" (count=1)  	[MsgId: MMSG-26364]
..\\..\\Parameters1\\common_lib.h(9): web_submit_data("login.pl") was successful, 5779 body bytes, 2051 header bytes, 36 chunking overhead bytes  	[MsgId: MMSG-26385]
..\\..\\Parameters1\\common_lib.h(26): Notify: Transaction "login" ended with a "Pass" status (Duration: 0,2827 Wasted Time: 0,0001).	[MsgId: MMSG-16871]
Action.c(47): Notify: Transaction "UC4_LoginLogout" ended with a "Pass" status (Duration: 5,6563 Think Time: 5,0120 Wasted Time: 0,0028).	[MsgId: MMSG-16870]
Ending action Action.	[MsgId: MMSG-15918]
Ending iteration 3.	[MsgId: MMSG-15965]
Waiting 94,3410 seconds for iteration pacing.	[MsgId: MMSG-15996]
Starting iteration 4.	[MsgId: MMSG-15968]
Starting action Action.	[MsgId: MMSG-15919]
Action.c(4): Notify: Transaction "UC4_LoginLogout" started.	[MsgId: MMSG-16999]
Action.c(7): web_reg_save_param_attrib started  	[MsgId: MMSG-26355]
Action.c(7): Registering web_reg_save_param_attrib was successful  	[MsgId: MMSG-26390]
Action.c(18): Notify: Transaction "loginPage" started.	[MsgId: MMSG-16999]
Action.c(20): web_reg_find started  	[MsgId: MMSG-26355]
Action.c(20): Registering web_reg_find was successful  	[MsgId: MMSG-26390]
Action.c(23): web_url("WebTours") started  	[MsgId: MMSG-26355]
Action.c(23): Detected non-resource "http://localhost:1080/WebTours/header.html" in "http://localhost:1080/WebTours/"  	[MsgId: MMSG-26574]
Action.c(23): Detected non-resource "http://localhost:1080/cgi-bin/welcome.pl?signOff=true" in "http://localhost:1080/WebTours/"  	[MsgId: MMSG-26574]
Action.c(23): Found resource "http://localhost:1080/WebTours/images/hp_logo.png" in HTML "http://localhost:1080/WebTours/header.html"  	[MsgId: MMSG-26659]
Action.c(23): Found resource "http://localhost:1080/WebTours/images/webtours.png" in HTML "http://localhost:1080/WebTours/header.html"  	[MsgId: MMSG-26659]
Action.c(23): Detected non-resource "http://localhost:1080/cgi-bin/nav.pl?in=home" in "http://localhost:1080/cgi-bin/welcome.pl?signOff=true"  	[MsgId: MMSG-26574]
Action.c(23): Detected non-resource "http://localhost:1080/WebTours/home.html" in "http://localhost:1080/cgi-bin/welcome.pl?signOff=true"  	[MsgId: MMSG-26574]
Action.c(23): Found resource "http://localhost:1080/WebTours/images/mer_login.gif" in HTML "http://localhost:1080/cgi-bin/nav.pl?in=home"  	[MsgId: MMSG-26659]
Action.c(23): Registered web_reg_find successful for "Text=Web Tours Navigation Bar" (count=1)  	[MsgId: MMSG-26364]
Action.c(23): web_url("WebTours") was successful, 10079 body bytes, 2377 header bytes, 24 chunking overhead bytes  	[MsgId: MMSG-26385]
Action.c(33): Think time - Waiting 5,00 seconds (according to limit).	[MsgId: MMSG-15946]
Action.c(33): lr_think_time: 5,00 seconds (recorded think time was 23,00 seconds).	[MsgId: MMSG-15947]
Action.c(35): Notify: Transaction "loginPage" ended with a "Pass" status (Duration: 5,2638 Think Time: 5,0022 Wasted Time: 0,0011).	[MsgId: MMSG-16870]
..\\..\\Parameters1\\common_lib.h(3): Notify: Transaction "login" started.	[MsgId: MMSG-16999]
..\\..\\Parameters1\\common_lib.h(7): web_reg_find started  	[MsgId: MMSG-26355]
..\\..\\Parameters1\\common_lib.h(7): Registering web_reg_find was successful  	[MsgId: MMSG-26390]
..\\..\\Parameters1\\common_lib.h(9): web_submit_data("login.pl") started  	[MsgId: MMSG-26355]
..\\..\\Parameters1\\common_lib.h(9): Detected non-resource "http://localhost:1080/cgi-bin/nav.pl?page=menu&in=home" in "http://localhost:1080/cgi-bin/login.pl"  	[MsgId: MMSG-26574]
..\\..\\Parameters1\\common_lib.h(9): Detected non-resource "http://localhost:1080/cgi-bin/login.pl?intro=true" in "http://localhost:1080/cgi-bin/login.pl"  	[MsgId: MMSG-26574]
..\\..\\Parameters1\\common_lib.h(9): Found resource "http://localhost:1080/WebTours/images/flights.gif" in HTML "http://localhost:1080/cgi-bin/nav.pl?page=menu&in=home"  	[MsgId: MMSG-26659]
..\\..\\Parameters1\\common_lib.h(9): Found resource "http://localhost:1080/WebTours/images/itinerary.gif" in HTML "http://localhost:1080/cgi-bin/nav.pl?page=menu&in=home"  	[MsgId: MMSG-26659]
..\\..\\Parameters1\\common_lib.h(9): Found resource "http://localhost:1080/WebTours/images/in_home.gif" in HTML "http://localhost:1080/cgi-bin/nav.pl?page=menu&in=home"  	[MsgId: MMSG-26659]
..\\..\\Parameters1\\common_lib.h(9): Found resource "http://localhost:1080/WebTours/images/signoff.gif" in HTML "http://localhost:1080/cgi-bin/nav.pl?page=menu&in=home"  	[MsgId: MMSG-26659]
..\\..\\Parameters1\\common_lib.h(9): Registered web_reg_find successful for "Text=Welcome, <b>mem</b>, to the Web Tours reservation pages" (count=1)  	[MsgId: MMSG-26364]
..\\..\\Parameters1\\common_lib.h(9): web_submit_data("login.pl") was successful, 5778 body bytes, 2048 header bytes, 36 chunking overhead bytes  	[MsgId: MMSG-26385]
..\\..\\Parameters1\\common_lib.h(26): Notify: Transaction "login" ended with a "Pass" status (Duration: 0,2760 Wasted Time: 0,0001).	[MsgId: MMSG-16871]
Action.c(47): Notify: Transaction "UC4_LoginLogout" ended with a "Pass" status (Duration: 5,5409 Think Time: 5,0022 Wasted Time: 0,0016).	[MsgId: MMSG-16870]
Ending action Action.	[MsgId: MMSG-15918]
Ending iteration 4.	[MsgId: MMSG-15965]
Waiting 94,4570 seconds for iteration pacing.	[MsgId: MMSG-15996]
Starting iteration 5.	[MsgId: MMSG-15968]
Starting action Action.	[MsgId: MMSG-15919]
Action.c(4): Notify: Transaction "UC4_LoginLogout" started.	[MsgId: MMSG-16999]
Action.c(7): web_reg_save_param_attrib started  	[MsgId: MMSG-26355]
Action.c(7): Registering web_reg_save_param_attrib was successful  	[MsgId: MMSG-26390]
Action.c(18): Notify: Transaction "loginPage" started.	[MsgId: MMSG-16999]
Action.c(20): web_reg_find started  	[MsgId: MMSG-26355]
Action.c(20): Registering web_reg_find was successful  	[MsgId: MMSG-26390]
Action.c(23): web_url("WebTours") started  	[MsgId: MMSG-26355]
Action.c(23): Detected non-resource "http://localhost:1080/WebTours/header.html" in "http://localhost:1080/WebTours/"  	[MsgId: MMSG-26574]
Action.c(23): Detected non-resource "http://localhost:1080/cgi-bin/welcome.pl?signOff=true" in "http://localhost:1080/WebTours/"  	[MsgId: MMSG-26574]
Action.c(23): Found resource "http://localhost:1080/WebTours/images/hp_logo.png" in HTML "http://localhost:1080/WebTours/header.html"  	[MsgId: MMSG-26659]
Action.c(23): Found resource "http://localhost:1080/WebTours/images/webtours.png" in HTML "http://localhost:1080/WebTours/header.html"  	[MsgId: MMSG-26659]
Action.c(23): Detected non-resource "http://localhost:1080/cgi-bin/nav.pl?in=home" in "http://localhost:1080/cgi-bin/welcome.pl?signOff=true"  	[MsgId: MMSG-26574]
Action.c(23): Detected non-resource "http://localhost:1080/WebTours/home.html" in "http://localhost:1080/cgi-bin/welcome.pl?signOff=true"  	[MsgId: MMSG-26574]
Action.c(23): Found resource "http://localhost:1080/WebTours/images/mer_login.gif" in HTML "http://localhost:1080/cgi-bin/nav.pl?in=home"  	[MsgId: MMSG-26659]
Action.c(23): Registered web_reg_find successful for "Text=Web Tours Navigation Bar" (count=1)  	[MsgId: MMSG-26364]
Action.c(23): web_url("WebTours") was successful, 10079 body bytes, 2377 header bytes, 24 chunking overhead bytes  	[MsgId: MMSG-26385]
Action.c(33): Think time - Waiting 5,00 seconds (according to limit).	[MsgId: MMSG-15946]
Action.c(33): lr_think_time: 5,00 seconds (recorded think time was 23,00 seconds).	[MsgId: MMSG-15947]
Action.c(35): Notify: Transaction "loginPage" ended with a "Pass" status (Duration: 5,3001 Think Time: 5,0133 Wasted Time: 0,0016).	[MsgId: MMSG-16870]
..\\..\\Parameters1\\common_lib.h(3): Notify: Transaction "login" started.	[MsgId: MMSG-16999]
..\\..\\Parameters1\\common_lib.h(7): web_reg_find started  	[MsgId: MMSG-26355]
..\\..\\Parameters1\\common_lib.h(7): Registering web_reg_find was successful  	[MsgId: MMSG-26390]
..\\..\\Parameters1\\common_lib.h(9): web_submit_data("login.pl") started  	[MsgId: MMSG-26355]
..\\..\\Parameters1\\common_lib.h(9): Detected non-resource "http://localhost:1080/cgi-bin/nav.pl?page=menu&in=home" in "http://localhost:1080/cgi-bin/login.pl"  	[MsgId: MMSG-26574]
..\\..\\Parameters1\\common_lib.h(9): Detected non-resource "http://localhost:1080/cgi-bin/login.pl?intro=true" in "http://localhost:1080/cgi-bin/login.pl"  	[MsgId: MMSG-26574]
..\\..\\Parameters1\\common_lib.h(9): Found resource "http://localhost:1080/WebTours/images/flights.gif" in HTML "http://localhost:1080/cgi-bin/nav.pl?page=menu&in=home"  	[MsgId: MMSG-26659]
..\\..\\Parameters1\\common_lib.h(9): Found resource "http://localhost:1080/WebTours/images/itinerary.gif" in HTML "http://localhost:1080/cgi-bin/nav.pl?page=menu&in=home"  	[MsgId: MMSG-26659]
..\\..\\Parameters1\\common_lib.h(9): Found resource "http://localhost:1080/WebTours/images/in_home.gif" in HTML "http://localhost:1080/cgi-bin/nav.pl?page=menu&in=home"  	[MsgId: MMSG-26659]
..\\..\\Parameters1\\common_lib.h(9): Found resource "http://localhost:1080/WebTours/images/signoff.gif" in HTML "http://localhost:1080/cgi-bin/nav.pl?page=menu&in=home"  	[MsgId: MMSG-26659]
..\\..\\Parameters1\\common_lib.h(9): Registered web_reg_find successful for "Text=Welcome, <b>dino</b>, to the Web Tours reservation pages" (count=1)  	[MsgId: MMSG-26364]
..\\..\\Parameters1\\common_lib.h(9): web_submit_data("login.pl") was successful, 5779 body bytes, 2051 header bytes, 36 chunking overhead bytes  	[MsgId: MMSG-26385]
..\\..\\Parameters1\\common_lib.h(26): Notify: Transaction "login" ended with a "Pass" status (Duration: 0,2770 Wasted Time: 0,0001).	[MsgId: MMSG-16871]
Action.c(47): Notify: Transaction "UC4_LoginLogout" ended with a "Pass" status (Duration: 5,5787 Think Time: 5,0133 Wasted Time: 0,0025).	[MsgId: MMSG-16870]
Ending action Action.	[MsgId: MMSG-15918]
Ending iteration 5.	[MsgId: MMSG-15965]
Waiting 94,4180 seconds for iteration pacing.	[MsgId: MMSG-15996]
Starting iteration 6.	[MsgId: MMSG-15968]
Starting action Action.	[MsgId: MMSG-15919]
Action.c(4): Notify: Transaction "UC4_LoginLogout" started.	[MsgId: MMSG-16999]
Action.c(7): web_reg_save_param_attrib started  	[MsgId: MMSG-26355]
Action.c(7): Registering web_reg_save_param_attrib was successful  	[MsgId: MMSG-26390]
Action.c(18): Notify: Transaction "loginPage" started.	[MsgId: MMSG-16999]
Action.c(20): web_reg_find started  	[MsgId: MMSG-26355]
Action.c(20): Registering web_reg_find was successful  	[MsgId: MMSG-26390]
Action.c(23): web_url("WebTours") started  	[MsgId: MMSG-26355]
Action.c(23): Detected non-resource "http://localhost:1080/WebTours/header.html" in "http://localhost:1080/WebTours/"  	[MsgId: MMSG-26574]
Action.c(23): Detected non-resource "http://localhost:1080/cgi-bin/welcome.pl?signOff=true" in "http://localhost:1080/WebTours/"  	[MsgId: MMSG-26574]
Action.c(23): Found resource "http://localhost:1080/WebTours/images/hp_logo.png" in HTML "http://localhost:1080/WebTours/header.html"  	[MsgId: MMSG-26659]
Action.c(23): Found resource "http://localhost:1080/WebTours/images/webtours.png" in HTML "http://localhost:1080/WebTours/header.html"  	[MsgId: MMSG-26659]
Action.c(23): Detected non-resource "http://localhost:1080/cgi-bin/nav.pl?in=home" in "http://localhost:1080/cgi-bin/welcome.pl?signOff=true"  	[MsgId: MMSG-26574]
Action.c(23): Detected non-resource "http://localhost:1080/WebTours/home.html" in "http://localhost:1080/cgi-bin/welcome.pl?signOff=true"  	[MsgId: MMSG-26574]
Action.c(23): Found resource "http://localhost:1080/WebTours/images/mer_login.gif" in HTML "http://localhost:1080/cgi-bin/nav.pl?in=home"  	[MsgId: MMSG-26659]
Action.c(23): Registered web_reg_find successful for "Text=Web Tours Navigation Bar" (count=1)  	[MsgId: MMSG-26364]
Action.c(23): web_url("WebTours") was successful, 10074 body bytes, 2377 header bytes, 24 chunking overhead bytes  	[MsgId: MMSG-26385]
Action.c(33): Think time - Waiting 5,00 seconds (according to limit).	[MsgId: MMSG-15946]
Action.c(33): lr_think_time: 5,00 seconds (recorded think time was 23,00 seconds).	[MsgId: MMSG-15947]
Action.c(35): Notify: Transaction "loginPage" ended with a "Pass" status (Duration: 5,2890 Think Time: 5,0132 Wasted Time: 0,0011).	[MsgId: MMSG-16870]
..\\..\\Parameters1\\common_lib.h(3): Notify: Transaction "login" started.	[MsgId: MMSG-16999]
..\\..\\Parameters1\\common_lib.h(7): web_reg_find started  	[MsgId: MMSG-26355]
..\\..\\Parameters1\\common_lib.h(7): Registering web_reg_find was successful  	[MsgId: MMSG-26390]
..\\..\\Parameters1\\common_lib.h(9): web_submit_data("login.pl") started  	[MsgId: MMSG-26355]
..\\..\\Parameters1\\common_lib.h(9): Detected non-resource "http://localhost:1080/cgi-bin/nav.pl?page=menu&in=home" in "http://localhost:1080/cgi-bin/login.pl"  	[MsgId: MMSG-26574]
..\\..\\Parameters1\\common_lib.h(9): Detected non-resource "http://localhost:1080/cgi-bin/login.pl?intro=true" in "http://localhost:1080/cgi-bin/login.pl"  	[MsgId: MMSG-26574]
..\\..\\Parameters1\\common_lib.h(9): Found resource "http://localhost:1080/WebTours/images/flights.gif" in HTML "http://localhost:1080/cgi-bin/nav.pl?page=menu&in=home"  	[MsgId: MMSG-26659]
..\\..\\Parameters1\\common_lib.h(9): Found resource "http://localhost:1080/WebTours/images/itinerary.gif" in HTML "http://localhost:1080/cgi-bin/nav.pl?page=menu&in=home"  	[MsgId: MMSG-26659]
..\\..\\Parameters1\\common_lib.h(9): Found resource "http://localhost:1080/WebTours/images/in_home.gif" in HTML "http://localhost:1080/cgi-bin/nav.pl?page=menu&in=home"  	[MsgId: MMSG-26659]
..\\..\\Parameters1\\common_lib.h(9): Found resource "http://localhost:1080/WebTours/images/signoff.gif" in HTML "http://localhost:1080/cgi-bin/nav.pl?page=menu&in=home"  	[MsgId: MMSG-26659]
..\\..\\Parameters1\\common_lib.h(9): Registered web_reg_find successful for "Text=Welcome, <b>mina</b>, to the Web Tours reservation pages" (count=1)  	[MsgId: MMSG-26364]
..\\..\\Parameters1\\common_lib.h(9): web_submit_data("login.pl") was successful, 5779 body bytes, 2050 header bytes, 36 chunking overhead bytes  	[MsgId: MMSG-26385]
..\\..\\Parameters1\\common_lib.h(26): Notify: Transaction "login" ended with a "Pass" status (Duration: 0,3474 Wasted Time: 0,0001).	[MsgId: MMSG-16871]
Action.c(47): Notify: Transaction "UC4_LoginLogout" ended with a "Pass" status (Duration: 5,6376 Think Time: 5,0132 Wasted Time: 0,0016).	[MsgId: MMSG-16870]
Ending action Action.	[MsgId: MMSG-15918]
Ending iteration 6.	[MsgId: MMSG-15965]
Waiting 94,3600 seconds for iteration pacing.	[MsgId: MMSG-15996]
Starting iteration 7.	[MsgId: MMSG-15968]
Starting action Action.	[MsgId: MMSG-15919]
Action.c(4): Notify: Transaction "UC4_LoginLogout" started.	[MsgId: MMSG-16999]
Action.c(7): web_reg_save_param_attrib started  	[MsgId: MMSG-26355]
Action.c(7): Registering web_reg_save_param_attrib was successful  	[MsgId: MMSG-26390]
Action.c(18): Notify: Transaction "loginPage" started.	[MsgId: MMSG-16999]
Action.c(20): web_reg_find started  	[MsgId: MMSG-26355]
Action.c(20): Registering web_reg_find was successful  	[MsgId: MMSG-26390]
Action.c(23): web_url("WebTours") started  	[MsgId: MMSG-26355]
Action.c(23): Detected non-resource "http://localhost:1080/WebTours/header.html" in "http://localhost:1080/WebTours/"  	[MsgId: MMSG-26574]
Action.c(23): Detected non-resource "http://localhost:1080/cgi-bin/welcome.pl?signOff=true" in "http://localhost:1080/WebTours/"  	[MsgId: MMSG-26574]
Action.c(23): Found resource "http://localhost:1080/WebTours/images/hp_logo.png" in HTML "http://localhost:1080/WebTours/header.html"  	[MsgId: MMSG-26659]
Action.c(23): Found resource "http://localhost:1080/WebTours/images/webtours.png" in HTML "http://localhost:1080/WebTours/header.html"  	[MsgId: MMSG-26659]
Action.c(23): Detected non-resource "http://localhost:1080/cgi-bin/nav.pl?in=home" in "http://localhost:1080/cgi-bin/welcome.pl?signOff=true"  	[MsgId: MMSG-26574]
Action.c(23): Detected non-resource "http://localhost:1080/WebTours/home.html" in "http://localhost:1080/cgi-bin/welcome.pl?signOff=true"  	[MsgId: MMSG-26574]
Action.c(23): Found resource "http://localhost:1080/WebTours/images/mer_login.gif" in HTML "http://localhost:1080/cgi-bin/nav.pl?in=home"  	[MsgId: MMSG-26659]
Action.c(23): Registered web_reg_find successful for "Text=Web Tours Navigation Bar" (count=1)  	[MsgId: MMSG-26364]
Action.c(23): web_url("WebTours") was successful, 10079 body bytes, 2377 header bytes, 24 chunking overhead bytes  	[MsgId: MMSG-26385]
Action.c(33): Think time - Waiting 5,00 seconds (according to limit).	[MsgId: MMSG-15946]
Action.c(33): lr_think_time: 5,00 seconds (recorded think time was 23,00 seconds).	[MsgId: MMSG-15947]
Action.c(35): Notify: Transaction "loginPage" ended with a "Pass" status (Duration: 5,3230 Think Time: 5,0049 Wasted Time: 0,0015).	[MsgId: MMSG-16870]
..\\..\\Parameters1\\common_lib.h(3): Notify: Transaction "login" started.	[MsgId: MMSG-16999]
..\\..\\Parameters1\\common_lib.h(7): web_reg_find started  	[MsgId: MMSG-26355]
..\\..\\Parameters1\\common_lib.h(7): Registering web_reg_find was successful  	[MsgId: MMSG-26390]
..\\..\\Parameters1\\common_lib.h(9): web_submit_data("login.pl") started  	[MsgId: MMSG-26355]
..\\..\\Parameters1\\common_lib.h(9): Detected non-resource "http://localhost:1080/cgi-bin/nav.pl?page=menu&in=home" in "http://localhost:1080/cgi-bin/login.pl"  	[MsgId: MMSG-26574]
..\\..\\Parameters1\\common_lib.h(9): Detected non-resource "http://localhost:1080/cgi-bin/login.pl?intro=true" in "http://localhost:1080/cgi-bin/login.pl"  	[MsgId: MMSG-26574]
..\\..\\Parameters1\\common_lib.h(9): Found resource "http://localhost:1080/WebTours/images/flights.gif" in HTML "http://localhost:1080/cgi-bin/nav.pl?page=menu&in=home"  	[MsgId: MMSG-26659]
..\\..\\Parameters1\\common_lib.h(9): Found resource "http://localhost:1080/WebTours/images/itinerary.gif" in HTML "http://localhost:1080/cgi-bin/nav.pl?page=menu&in=home"  	[MsgId: MMSG-26659]
..\\..\\Parameters1\\common_lib.h(9): Found resource "http://localhost:1080/WebTours/images/in_home.gif" in HTML "http://localhost:1080/cgi-bin/nav.pl?page=menu&in=home"  	[MsgId: MMSG-26659]
..\\..\\Parameters1\\common_lib.h(9): Found resource "http://localhost:1080/WebTours/images/signoff.gif" in HTML "http://localhost:1080/cgi-bin/nav.pl?page=menu&in=home"  	[MsgId: MMSG-26659]
..\\..\\Parameters1\\common_lib.h(9): Registered web_reg_find successful for "Text=Welcome, <b>mina</b>, to the Web Tours reservation pages" (count=1)  	[MsgId: MMSG-26364]
..\\..\\Parameters1\\common_lib.h(9): web_submit_data("login.pl") was successful, 5779 body bytes, 2051 header bytes, 36 chunking overhead bytes  	[MsgId: MMSG-26385]
..\\..\\Parameters1\\common_lib.h(26): Notify: Transaction "login" ended with a "Pass" status (Duration: 0,3039 Wasted Time: 0,0001).	[MsgId: MMSG-16871]
Action.c(47): Notify: Transaction "UC4_LoginLogout" ended with a "Pass" status (Duration: 5,6287 Think Time: 5,0049 Wasted Time: 0,0025).	[MsgId: MMSG-16870]
Ending action Action.	[MsgId: MMSG-15918]
Ending iteration 7.	[MsgId: MMSG-15965]
Waiting 94,3680 seconds for iteration pacing.	[MsgId: MMSG-15996]
Starting iteration 8.	[MsgId: MMSG-15968]
Starting action Action.	[MsgId: MMSG-15919]
Action.c(4): Notify: Transaction "UC4_LoginLogout" started.	[MsgId: MMSG-16999]
Action.c(7): web_reg_save_param_attrib started  	[MsgId: MMSG-26355]
Action.c(7): Registering web_reg_save_param_attrib was successful  	[MsgId: MMSG-26390]
Action.c(18): Notify: Transaction "loginPage" started.	[MsgId: MMSG-16999]
Action.c(20): web_reg_find started  	[MsgId: MMSG-26355]
Action.c(20): Registering web_reg_find was successful  	[MsgId: MMSG-26390]
Action.c(23): web_url("WebTours") started  	[MsgId: MMSG-26355]
Action.c(23): Detected non-resource "http://localhost:1080/WebTours/header.html" in "http://localhost:1080/WebTours/"  	[MsgId: MMSG-26574]
Action.c(23): Detected non-resource "http://localhost:1080/cgi-bin/welcome.pl?signOff=true" in "http://localhost:1080/WebTours/"  	[MsgId: MMSG-26574]
Action.c(23): Found resource "http://localhost:1080/WebTours/images/hp_logo.png" in HTML "http://localhost:1080/WebTours/header.html"  	[MsgId: MMSG-26659]
Action.c(23): Found resource "http://localhost:1080/WebTours/images/webtours.png" in HTML "http://localhost:1080/WebTours/header.html"  	[MsgId: MMSG-26659]
Action.c(23): Detected non-resource "http://localhost:1080/cgi-bin/nav.pl?in=home" in "http://localhost:1080/cgi-bin/welcome.pl?signOff=true"  	[MsgId: MMSG-26574]
Action.c(23): Detected non-resource "http://localhost:1080/WebTours/home.html" in "http://localhost:1080/cgi-bin/welcome.pl?signOff=true"  	[MsgId: MMSG-26574]
Action.c(23): Found resource "http://localhost:1080/WebTours/images/mer_login.gif" in HTML "http://localhost:1080/cgi-bin/nav.pl?in=home"  	[MsgId: MMSG-26659]
Action.c(23): Registered web_reg_find successful for "Text=Web Tours Navigation Bar" (count=1)  	[MsgId: MMSG-26364]
Action.c(23): web_url("WebTours") was successful, 10079 body bytes, 2377 header bytes, 24 chunking overhead bytes  	[MsgId: MMSG-26385]
Action.c(33): Think time - Waiting 5,00 seconds (according to limit).	[MsgId: MMSG-15946]
Action.c(33): lr_think_time: 5,00 seconds (recorded think time was 23,00 seconds).	[MsgId: MMSG-15947]
Action.c(35): Notify: Transaction "loginPage" ended with a "Pass" status (Duration: 5,2950 Think Time: 5,0069 Wasted Time: 0,0016).	[MsgId: MMSG-16870]
..\\..\\Parameters1\\common_lib.h(3): Notify: Transaction "login" started.	[MsgId: MMSG-16999]
..\\..\\Parameters1\\common_lib.h(7): web_reg_find started  	[MsgId: MMSG-26355]
..\\..\\Parameters1\\common_lib.h(7): Registering web_reg_find was successful  	[MsgId: MMSG-26390]
..\\..\\Parameters1\\common_lib.h(9): web_submit_data("login.pl") started  	[MsgId: MMSG-26355]
..\\..\\Parameters1\\common_lib.h(9): Detected non-resource "http://localhost:1080/cgi-bin/nav.pl?page=menu&in=home" in "http://localhost:1080/cgi-bin/login.pl"  	[MsgId: MMSG-26574]
..\\..\\Parameters1\\common_lib.h(9): Detected non-resource "http://localhost:1080/cgi-bin/login.pl?intro=true" in "http://localhost:1080/cgi-bin/login.pl"  	[MsgId: MMSG-26574]
..\\..\\Parameters1\\common_lib.h(9): Found resource "http://localhost:1080/WebTours/images/flights.gif" in HTML "http://localhost:1080/cgi-bin/nav.pl?page=menu&in=home"  	[MsgId: MMSG-26659]
..\\..\\Parameters1\\common_lib.h(9): Found resource "http://localhost:1080/WebTours/images/itinerary.gif" in HTML "http://localhost:1080/cgi-bin/nav.pl?page=menu&in=home"  	[MsgId: MMSG-26659]
..\\..\\Parameters1\\common_lib.h(9): Found resource "http://localhost:1080/WebTours/images/in_home.gif" in HTML "http://localhost:1080/cgi-bin/nav.pl?page=menu&in=home"  	[MsgId: MMSG-26659]
..\\..\\Parameters1\\common_lib.h(9): Found resource "http://localhost:1080/WebTours/images/signoff.gif" in HTML "http://localhost:1080/cgi-bin/nav.pl?page=menu&in=home"  	[MsgId: MMSG-26659]
..\\..\\Parameters1\\common_lib.h(9): Registered web_reg_find successful for "Text=Welcome, <b>mem</b>, to the Web Tours reservation pages" (count=1)  	[MsgId: MMSG-26364]
..\\..\\Parameters1\\common_lib.h(9): web_submit_data("login.pl") was successful, 5778 body bytes, 2048 header bytes, 36 chunking overhead bytes  	[MsgId: MMSG-26385]
..\\..\\Parameters1\\common_lib.h(26): Notify: Transaction "login" ended with a "Pass" status (Duration: 0,2736 Wasted Time: 0,0001).	[MsgId: MMSG-16871]
Action.c(47): Notify: Transaction "UC4_LoginLogout" ended with a "Pass" status (Duration: 5,5696 Think Time: 5,0069 Wasted Time: 0,0021).	[MsgId: MMSG-16870]
Ending action Action.	[MsgId: MMSG-15918]
Ending iteration 8.	[MsgId: MMSG-15965]
Waiting 94,4290 seconds for iteration pacing.	[MsgId: MMSG-15996]
Starting iteration 9.	[MsgId: MMSG-15968]
Starting action Action.	[MsgId: MMSG-15919]
Action.c(4): Notify: Transaction "UC4_LoginLogout" started.	[MsgId: MMSG-16999]
Action.c(7): web_reg_save_param_attrib started  	[MsgId: MMSG-26355]
Action.c(7): Registering web_reg_save_param_attrib was successful  	[MsgId: MMSG-26390]
Action.c(18): Notify: Transaction "loginPage" started.	[MsgId: MMSG-16999]
Action.c(20): web_reg_find started  	[MsgId: MMSG-26355]
Action.c(20): Registering web_reg_find was successful  	[MsgId: MMSG-26390]
Action.c(23): web_url("WebTours") started  	[MsgId: MMSG-26355]
Action.c(23): Detected non-resource "http://localhost:1080/WebTours/header.html" in "http://localhost:1080/WebTours/"  	[MsgId: MMSG-26574]
Action.c(23): Detected non-resource "http://localhost:1080/cgi-bin/welcome.pl?signOff=true" in "http://localhost:1080/WebTours/"  	[MsgId: MMSG-26574]
Action.c(23): Found resource "http://localhost:1080/WebTours/images/hp_logo.png" in HTML "http://localhost:1080/WebTours/header.html"  	[MsgId: MMSG-26659]
Action.c(23): Found resource "http://localhost:1080/WebTours/images/webtours.png" in HTML "http://localhost:1080/WebTours/header.html"  	[MsgId: MMSG-26659]
Action.c(23): Detected non-resource "http://localhost:1080/cgi-bin/nav.pl?in=home" in "http://localhost:1080/cgi-bin/welcome.pl?signOff=true"  	[MsgId: MMSG-26574]
Action.c(23): Detected non-resource "http://localhost:1080/WebTours/home.html" in "http://localhost:1080/cgi-bin/welcome.pl?signOff=true"  	[MsgId: MMSG-26574]
Action.c(23): Found resource "http://localhost:1080/WebTours/images/mer_login.gif" in HTML "http://localhost:1080/cgi-bin/nav.pl?in=home"  	[MsgId: MMSG-26659]
Action.c(23): Registered web_reg_find successful for "Text=Web Tours Navigation Bar" (count=1)  	[MsgId: MMSG-26364]
Action.c(23): web_url("WebTours") was successful, 10074 body bytes, 2377 header bytes, 24 chunking overhead bytes  	[MsgId: MMSG-26385]
Action.c(33): Think time - Waiting 5,00 seconds (according to limit).	[MsgId: MMSG-15946]
Action.c(33): lr_think_time: 5,00 seconds (recorded think time was 23,00 seconds).	[MsgId: MMSG-15947]
Action.c(35): Notify: Transaction "loginPage" ended with a "Pass" status (Duration: 5,2744 Think Time: 5,0009 Wasted Time: 0,0012).	[MsgId: MMSG-16870]
..\\..\\Parameters1\\common_lib.h(3): Notify: Transaction "login" started.	[MsgId: MMSG-16999]
..\\..\\Parameters1\\common_lib.h(7): web_reg_find started  	[MsgId: MMSG-26355]
..\\..\\Parameters1\\common_lib.h(7): Registering web_reg_find was successful  	[MsgId: MMSG-26390]
..\\..\\Parameters1\\common_lib.h(9): web_submit_data("login.pl") started  	[MsgId: MMSG-26355]
..\\..\\Parameters1\\common_lib.h(9): Detected non-resource "http://localhost:1080/cgi-bin/nav.pl?page=menu&in=home" in "http://localhost:1080/cgi-bin/login.pl"  	[MsgId: MMSG-26574]
..\\..\\Parameters1\\common_lib.h(9): Detected non-resource "http://localhost:1080/cgi-bin/login.pl?intro=true" in "http://localhost:1080/cgi-bin/login.pl"  	[MsgId: MMSG-26574]
..\\..\\Parameters1\\common_lib.h(9): Found resource "http://localhost:1080/WebTours/images/flights.gif" in HTML "http://localhost:1080/cgi-bin/nav.pl?page=menu&in=home"  	[MsgId: MMSG-26659]
..\\..\\Parameters1\\common_lib.h(9): Found resource "http://localhost:1080/WebTours/images/itinerary.gif" in HTML "http://localhost:1080/cgi-bin/nav.pl?page=menu&in=home"  	[MsgId: MMSG-26659]
..\\..\\Parameters1\\common_lib.h(9): Found resource "http://localhost:1080/WebTours/images/in_home.gif" in HTML "http://localhost:1080/cgi-bin/nav.pl?page=menu&in=home"  	[MsgId: MMSG-26659]
..\\..\\Parameters1\\common_lib.h(9): Found resource "http://localhost:1080/WebTours/images/signoff.gif" in HTML "http://localhost:1080/cgi-bin/nav.pl?page=menu&in=home"  	[MsgId: MMSG-26659]
..\\..\\Parameters1\\common_lib.h(9): Registered web_reg_find successful for "Text=Welcome, <b>jojo</b>, to the Web Tours reservation pages" (count=1)  	[MsgId: MMSG-26364]
..\\..\\Parameters1\\common_lib.h(9): web_submit_data("login.pl") was successful, 5779 body bytes, 2038 header bytes, 36 chunking overhead bytes  	[MsgId: MMSG-26385]
..\\..\\Parameters1\\common_lib.h(26): Notify: Transaction "login" ended with a "Pass" status (Duration: 0,3138 Wasted Time: 0,0000).	[MsgId: MMSG-16871]
Action.c(47): Notify: Transaction "UC4_LoginLogout" ended with a "Pass" status (Duration: 5,5898 Think Time: 5,0009 Wasted Time: 0,0022).	[MsgId: MMSG-16870]
Ending action Action.	[MsgId: MMSG-15918]
Ending iteration 9.	[MsgId: MMSG-15965]
Waiting 94,4070 seconds for iteration pacing.	[MsgId: MMSG-15996]
Starting iteration 10.	[MsgId: MMSG-15968]
Starting action Action.	[MsgId: MMSG-15919]
Action.c(4): Notify: Transaction "UC4_LoginLogout" started.	[MsgId: MMSG-16999]
Action.c(7): web_reg_save_param_attrib started  	[MsgId: MMSG-26355]
Action.c(7): Registering web_reg_save_param_attrib was successful  	[MsgId: MMSG-26390]
Action.c(18): Notify: Transaction "loginPage" started.	[MsgId: MMSG-16999]
Action.c(20): web_reg_find started  	[MsgId: MMSG-26355]
Action.c(20): Registering web_reg_find was successful  	[MsgId: MMSG-26390]
Action.c(23): web_url("WebTours") started  	[MsgId: MMSG-26355]
Action.c(23): Detected non-resource "http://localhost:1080/WebTours/header.html" in "http://localhost:1080/WebTours/"  	[MsgId: MMSG-26574]
Action.c(23): Detected non-resource "http://localhost:1080/cgi-bin/welcome.pl?signOff=true" in "http://localhost:1080/WebTours/"  	[MsgId: MMSG-26574]
Action.c(23): Found resource "http://localhost:1080/WebTours/images/hp_logo.png" in HTML "http://localhost:1080/WebTours/header.html"  	[MsgId: MMSG-26659]
Action.c(23): Found resource "http://localhost:1080/WebTours/images/webtours.png" in HTML "http://localhost:1080/WebTours/header.html"  	[MsgId: MMSG-26659]
Action.c(23): Detected non-resource "http://localhost:1080/cgi-bin/nav.pl?in=home" in "http://localhost:1080/cgi-bin/welcome.pl?signOff=true"  	[MsgId: MMSG-26574]
Action.c(23): Detected non-resource "http://localhost:1080/WebTours/home.html" in "http://localhost:1080/cgi-bin/welcome.pl?signOff=true"  	[MsgId: MMSG-26574]
Action.c(23): Found resource "http://localhost:1080/WebTours/images/mer_login.gif" in HTML "http://localhost:1080/cgi-bin/nav.pl?in=home"  	[MsgId: MMSG-26659]
Action.c(23): Registered web_reg_find successful for "Text=Web Tours Navigation Bar" (count=1)  	[MsgId: MMSG-26364]
Action.c(23): web_url("WebTours") was successful, 10079 body bytes, 2377 header bytes, 24 chunking overhead bytes  	[MsgId: MMSG-26385]
Action.c(33): Think time - Waiting 5,00 seconds (according to limit).	[MsgId: MMSG-15946]
Action.c(33): lr_think_time: 5,00 seconds (recorded think time was 23,00 seconds).	[MsgId: MMSG-15947]
Action.c(35): Notify: Transaction "loginPage" ended with a "Pass" status (Duration: 5,3856 Think Time: 5,0088 Wasted Time: 0,0011).	[MsgId: MMSG-16870]
..\\..\\Parameters1\\common_lib.h(3): Notify: Transaction "login" started.	[MsgId: MMSG-16999]
..\\..\\Parameters1\\common_lib.h(7): web_reg_find started  	[MsgId: MMSG-26355]
..\\..\\Parameters1\\common_lib.h(7): Registering web_reg_find was successful  	[MsgId: MMSG-26390]
..\\..\\Parameters1\\common_lib.h(9): web_submit_data("login.pl") started  	[MsgId: MMSG-26355]
..\\..\\Parameters1\\common_lib.h(9): Detected non-resource "http://localhost:1080/cgi-bin/nav.pl?page=menu&in=home" in "http://localhost:1080/cgi-bin/login.pl"  	[MsgId: MMSG-26574]
..\\..\\Parameters1\\common_lib.h(9): Detected non-resource "http://localhost:1080/cgi-bin/login.pl?intro=true" in "http://localhost:1080/cgi-bin/login.pl"  	[MsgId: MMSG-26574]
..\\..\\Parameters1\\common_lib.h(9): Found resource "http://localhost:1080/WebTours/images/flights.gif" in HTML "http://localhost:1080/cgi-bin/nav.pl?page=menu&in=home"  	[MsgId: MMSG-26659]
..\\..\\Parameters1\\common_lib.h(9): Found resource "http://localhost:1080/WebTours/images/itinerary.gif" in HTML "http://localhost:1080/cgi-bin/nav.pl?page=menu&in=home"  	[MsgId: MMSG-26659]
..\\..\\Parameters1\\common_lib.h(9): Found resource "http://localhost:1080/WebTours/images/in_home.gif" in HTML "http://localhost:1080/cgi-bin/nav.pl?page=menu&in=home"  	[MsgId: MMSG-26659]
..\\..\\Parameters1\\common_lib.h(9): Found resource "http://localhost:1080/WebTours/images/signoff.gif" in HTML "http://localhost:1080/cgi-bin/nav.pl?page=menu&in=home"  	[MsgId: MMSG-26659]
..\\..\\Parameters1\\common_lib.h(9): Registered web_reg_find successful for "Text=Welcome, <b>gogo</b>, to the Web Tours reservation pages" (count=1)  	[MsgId: MMSG-26364]
..\\..\\Parameters1\\common_lib.h(9): web_submit_data("login.pl") was successful, 5779 body bytes, 2053 header bytes, 36 chunking overhead bytes  	[MsgId: MMSG-26385]
..\\..\\Parameters1\\common_lib.h(26): Notify: Transaction "login" ended with a "Pass" status (Duration: 0,3054 Wasted Time: 0,0001).	[MsgId: MMSG-16871]
Action.c(47): Notify: Transaction "UC4_LoginLogout" ended with a "Pass" status (Duration: 5,6925 Think Time: 5,0088 Wasted Time: 0,0016).	[MsgId: MMSG-16870]
Ending action Action.	[MsgId: MMSG-15918]
Ending iteration 10.	[MsgId: MMSG-15965]
Waiting 94,3060 seconds for iteration pacing.	[MsgId: MMSG-15996]
Starting iteration 11.	[MsgId: MMSG-15968]
Starting action Action.	[MsgId: MMSG-15919]
Action.c(4): Notify: Transaction "UC4_LoginLogout" started.	[MsgId: MMSG-16999]
Action.c(7): web_reg_save_param_attrib started  	[MsgId: MMSG-26355]
Action.c(7): Registering web_reg_save_param_attrib was successful  	[MsgId: MMSG-26390]
Action.c(18): Notify: Transaction "loginPage" started.	[MsgId: MMSG-16999]
Action.c(20): web_reg_find started  	[MsgId: MMSG-26355]
Action.c(20): Registering web_reg_find was successful  	[MsgId: MMSG-26390]
Action.c(23): web_url("WebTours") started  	[MsgId: MMSG-26355]
Action.c(23): Detected non-resource "http://localhost:1080/WebTours/header.html" in "http://localhost:1080/WebTours/"  	[MsgId: MMSG-26574]
Action.c(23): Detected non-resource "http://localhost:1080/cgi-bin/welcome.pl?signOff=true" in "http://localhost:1080/WebTours/"  	[MsgId: MMSG-26574]
Action.c(23): Found resource "http://localhost:1080/WebTours/images/hp_logo.png" in HTML "http://localhost:1080/WebTours/header.html"  	[MsgId: MMSG-26659]
Action.c(23): Found resource "http://localhost:1080/WebTours/images/webtours.png" in HTML "http://localhost:1080/WebTours/header.html"  	[MsgId: MMSG-26659]
Action.c(23): Detected non-resource "http://localhost:1080/cgi-bin/nav.pl?in=home" in "http://localhost:1080/cgi-bin/welcome.pl?signOff=true"  	[MsgId: MMSG-26574]
Action.c(23): Detected non-resource "http://localhost:1080/WebTours/home.html" in "http://localhost:1080/cgi-bin/welcome.pl?signOff=true"  	[MsgId: MMSG-26574]
Action.c(23): Found resource "http://localhost:1080/WebTours/images/mer_login.gif" in HTML "http://localhost:1080/cgi-bin/nav.pl?in=home"  	[MsgId: MMSG-26659]
Action.c(23): Registered web_reg_find successful for "Text=Web Tours Navigation Bar" (count=1)  	[MsgId: MMSG-26364]
Action.c(23): web_url("WebTours") was successful, 10079 body bytes, 2377 header bytes, 24 chunking overhead bytes  	[MsgId: MMSG-26385]
Action.c(33): Think time - Waiting 5,00 seconds (according to limit).	[MsgId: MMSG-15946]
Action.c(33): lr_think_time: 5,00 seconds (recorded think time was 23,00 seconds).	[MsgId: MMSG-15947]
Action.c(35): Notify: Transaction "loginPage" ended with a "Pass" status (Duration: 5,2885 Think Time: 5,0116 Wasted Time: 0,0016).	[MsgId: MMSG-16870]
..\\..\\Parameters1\\common_lib.h(3): Notify: Transaction "login" started.	[MsgId: MMSG-16999]
..\\..\\Parameters1\\common_lib.h(7): web_reg_find started  	[MsgId: MMSG-26355]
..\\..\\Parameters1\\common_lib.h(7): Registering web_reg_find was successful  	[MsgId: MMSG-26390]
..\\..\\Parameters1\\common_lib.h(9): web_submit_data("login.pl") started  	[MsgId: MMSG-26355]
..\\..\\Parameters1\\common_lib.h(9): Detected non-resource "http://localhost:1080/cgi-bin/nav.pl?page=menu&in=home" in "http://localhost:1080/cgi-bin/login.pl"  	[MsgId: MMSG-26574]
..\\..\\Parameters1\\common_lib.h(9): Detected non-resource "http://localhost:1080/cgi-bin/login.pl?intro=true" in "http://localhost:1080/cgi-bin/login.pl"  	[MsgId: MMSG-26574]
..\\..\\Parameters1\\common_lib.h(9): Found resource "http://localhost:1080/WebTours/images/flights.gif" in HTML "http://localhost:1080/cgi-bin/nav.pl?page=menu&in=home"  	[MsgId: MMSG-26659]
..\\..\\Parameters1\\common_lib.h(9): Found resource "http://localhost:1080/WebTours/images/itinerary.gif" in HTML "http://localhost:1080/cgi-bin/nav.pl?page=menu&in=home"  	[MsgId: MMSG-26659]
..\\..\\Parameters1\\common_lib.h(9): Found resource "http://localhost:1080/WebTours/images/in_home.gif" in HTML "http://localhost:1080/cgi-bin/nav.pl?page=menu&in=home"  	[MsgId: MMSG-26659]
..\\..\\Parameters1\\common_lib.h(9): Found resource "http://localhost:1080/WebTours/images/signoff.gif" in HTML "http://localhost:1080/cgi-bin/nav.pl?page=menu&in=home"  	[MsgId: MMSG-26659]
..\\..\\Parameters1\\common_lib.h(9): Registered web_reg_find successful for "Text=Welcome, <b>biba</b>, to the Web Tours reservation pages" (count=1)  	[MsgId: MMSG-26364]
..\\..\\Parameters1\\common_lib.h(9): web_submit_data("login.pl") was successful, 5779 body bytes, 2051 header bytes, 36 chunking overhead bytes  	[MsgId: MMSG-26385]
..\\..\\Parameters1\\common_lib.h(26): Notify: Transaction "login" ended with a "Pass" status (Duration: 0,2880 Wasted Time: 0,0001).	[MsgId: MMSG-16871]
Action.c(47): Notify: Transaction "UC4_LoginLogout" ended with a "Pass" status (Duration: 5,5785 Think Time: 5,0116 Wasted Time: 0,0026).	[MsgId: MMSG-16870]
Ending action Action.	[MsgId: MMSG-15918]
Ending iteration 11.	[MsgId: MMSG-15965]
Waiting 94,4190 seconds for iteration pacing.	[MsgId: MMSG-15996]
Starting iteration 12.	[MsgId: MMSG-15968]
Starting action Action.	[MsgId: MMSG-15919]
Action.c(4): Notify: Transaction "UC4_LoginLogout" started.	[MsgId: MMSG-16999]
Action.c(7): web_reg_save_param_attrib started  	[MsgId: MMSG-26355]
Action.c(7): Registering web_reg_save_param_attrib was successful  	[MsgId: MMSG-26390]
Action.c(18): Notify: Transaction "loginPage" started.	[MsgId: MMSG-16999]
Action.c(20): web_reg_find started  	[MsgId: MMSG-26355]
Action.c(20): Registering web_reg_find was successful  	[MsgId: MMSG-26390]
Action.c(23): web_url("WebTours") started  	[MsgId: MMSG-26355]
Action.c(23): Detected non-resource "http://localhost:1080/WebTours/header.html" in "http://localhost:1080/WebTours/"  	[MsgId: MMSG-26574]
Action.c(23): Detected non-resource "http://localhost:1080/cgi-bin/welcome.pl?signOff=true" in "http://localhost:1080/WebTours/"  	[MsgId: MMSG-26574]
Action.c(23): Found resource "http://localhost:1080/WebTours/images/hp_logo.png" in HTML "http://localhost:1080/WebTours/header.html"  	[MsgId: MMSG-26659]
Action.c(23): Found resource "http://localhost:1080/WebTours/images/webtours.png" in HTML "http://localhost:1080/WebTours/header.html"  	[MsgId: MMSG-26659]
Action.c(23): Detected non-resource "http://localhost:1080/cgi-bin/nav.pl?in=home" in "http://localhost:1080/cgi-bin/welcome.pl?signOff=true"  	[MsgId: MMSG-26574]
Action.c(23): Detected non-resource "http://localhost:1080/WebTours/home.html" in "http://localhost:1080/cgi-bin/welcome.pl?signOff=true"  	[MsgId: MMSG-26574]
Action.c(23): Found resource "http://localhost:1080/WebTours/images/mer_login.gif" in HTML "http://localhost:1080/cgi-bin/nav.pl?in=home"  	[MsgId: MMSG-26659]
Action.c(23): Registered web_reg_find successful for "Text=Web Tours Navigation Bar" (count=1)  	[MsgId: MMSG-26364]
Action.c(23): web_url("WebTours") was successful, 10074 body bytes, 2377 header bytes, 24 chunking overhead bytes  	[MsgId: MMSG-26385]
Action.c(33): Think time - Waiting 5,00 seconds (according to limit).	[MsgId: MMSG-15946]
Action.c(33): lr_think_time: 5,00 seconds (recorded think time was 23,00 seconds).	[MsgId: MMSG-15947]
Action.c(35): Notify: Transaction "loginPage" ended with a "Pass" status (Duration: 5,2671 Think Time: 5,0023 Wasted Time: 0,0016).	[MsgId: MMSG-16870]
..\\..\\Parameters1\\common_lib.h(3): Notify: Transaction "login" started.	[MsgId: MMSG-16999]
..\\..\\Parameters1\\common_lib.h(7): web_reg_find started  	[MsgId: MMSG-26355]
..\\..\\Parameters1\\common_lib.h(7): Registering web_reg_find was successful  	[MsgId: MMSG-26390]
..\\..\\Parameters1\\common_lib.h(9): web_submit_data("login.pl") started  	[MsgId: MMSG-26355]
..\\..\\Parameters1\\common_lib.h(9): Detected non-resource "http://localhost:1080/cgi-bin/nav.pl?page=menu&in=home" in "http://localhost:1080/cgi-bin/login.pl"  	[MsgId: MMSG-26574]
..\\..\\Parameters1\\common_lib.h(9): Detected non-resource "http://localhost:1080/cgi-bin/login.pl?intro=true" in "http://localhost:1080/cgi-bin/login.pl"  	[MsgId: MMSG-26574]
..\\..\\Parameters1\\common_lib.h(9): Found resource "http://localhost:1080/WebTours/images/flights.gif" in HTML "http://localhost:1080/cgi-bin/nav.pl?page=menu&in=home"  	[MsgId: MMSG-26659]
..\\..\\Parameters1\\common_lib.h(9): Found resource "http://localhost:1080/WebTours/images/itinerary.gif" in HTML "http://localhost:1080/cgi-bin/nav.pl?page=menu&in=home"  	[MsgId: MMSG-26659]
..\\..\\Parameters1\\common_lib.h(9): Found resource "http://localhost:1080/WebTours/images/in_home.gif" in HTML "http://localhost:1080/cgi-bin/nav.pl?page=menu&in=home"  	[MsgId: MMSG-26659]
..\\..\\Parameters1\\common_lib.h(9): Found resource "http://localhost:1080/WebTours/images/signoff.gif" in HTML "http://localhost:1080/cgi-bin/nav.pl?page=menu&in=home"  	[MsgId: MMSG-26659]
..\\..\\Parameters1\\common_lib.h(9): Registered web_reg_find successful for "Text=Welcome, <b>biba</b>, to the Web Tours reservation pages" (count=1)  	[MsgId: MMSG-26364]
..\\..\\Parameters1\\common_lib.h(9): web_submit_data("login.pl") was successful, 5779 body bytes, 2050 header bytes, 36 chunking overhead bytes  	[MsgId: MMSG-26385]
..\\..\\Parameters1\\common_lib.h(26): Notify: Transaction "login" ended with a "Pass" status (Duration: 0,3633 Wasted Time: 0,0001).	[MsgId: MMSG-16871]
Action.c(47): Notify: Transaction "UC4_LoginLogout" ended with a "Pass" status (Duration: 5,6322 Think Time: 5,0023 Wasted Time: 0,0025).	[MsgId: MMSG-16870]
Ending action Action.	[MsgId: MMSG-15918]
Ending iteration 12.	[MsgId: MMSG-15965]
Waiting 94,3650 seconds for iteration pacing.	[MsgId: MMSG-15996]
Starting iteration 13.	[MsgId: MMSG-15968]
Starting action Action.	[MsgId: MMSG-15919]
Action.c(4): Notify: Transaction "UC4_LoginLogout" started.	[MsgId: MMSG-16999]
Action.c(7): web_reg_save_param_attrib started  	[MsgId: MMSG-26355]
Action.c(7): Registering web_reg_save_param_attrib was successful  	[MsgId: MMSG-26390]
Action.c(18): Notify: Transaction "loginPage" started.	[MsgId: MMSG-16999]
Action.c(20): web_reg_find started  	[MsgId: MMSG-26355]
Action.c(20): Registering web_reg_find was successful  	[MsgId: MMSG-26390]
Action.c(23): web_url("WebTours") started  	[MsgId: MMSG-26355]
Action.c(23): Detected non-resource "http://localhost:1080/WebTours/header.html" in "http://localhost:1080/WebTours/"  	[MsgId: MMSG-26574]
Action.c(23): Detected non-resource "http://localhost:1080/cgi-bin/welcome.pl?signOff=true" in "http://localhost:1080/WebTours/"  	[MsgId: MMSG-26574]
Action.c(23): Found resource "http://localhost:1080/WebTours/images/hp_logo.png" in HTML "http://localhost:1080/WebTours/header.html"  	[MsgId: MMSG-26659]
Action.c(23): Found resource "http://localhost:1080/WebTours/images/webtours.png" in HTML "http://localhost:1080/WebTours/header.html"  	[MsgId: MMSG-26659]
Action.c(23): Detected non-resource "http://localhost:1080/cgi-bin/nav.pl?in=home" in "http://localhost:1080/cgi-bin/welcome.pl?signOff=true"  	[MsgId: MMSG-26574]
Action.c(23): Detected non-resource "http://localhost:1080/WebTours/home.html" in "http://localhost:1080/cgi-bin/welcome.pl?signOff=true"  	[MsgId: MMSG-26574]
Action.c(23): Found resource "http://localhost:1080/WebTours/images/mer_login.gif" in HTML "http://localhost:1080/cgi-bin/nav.pl?in=home"  	[MsgId: MMSG-26659]
Action.c(23): Registered web_reg_find successful for "Text=Web Tours Navigation Bar" (count=1)  	[MsgId: MMSG-26364]
Action.c(23): web_url("WebTours") was successful, 10079 body bytes, 2377 header bytes, 24 chunking overhead bytes  	[MsgId: MMSG-26385]
Action.c(33): Think time - Waiting 5,00 seconds (according to limit).	[MsgId: MMSG-15946]
Action.c(33): lr_think_time: 5,00 seconds (recorded think time was 23,00 seconds).	[MsgId: MMSG-15947]
Action.c(35): Notify: Transaction "loginPage" ended with a "Pass" status (Duration: 5,2922 Think Time: 5,0099 Wasted Time: 0,0014).	[MsgId: MMSG-16870]
..\\..\\Parameters1\\common_lib.h(3): Notify: Transaction "login" started.	[MsgId: MMSG-16999]
..\\..\\Parameters1\\common_lib.h(7): web_reg_find started  	[MsgId: MMSG-26355]
..\\..\\Parameters1\\common_lib.h(7): Registering web_reg_find was successful  	[MsgId: MMSG-26390]
..\\..\\Parameters1\\common_lib.h(9): web_submit_data("login.pl") started  	[MsgId: MMSG-26355]
..\\..\\Parameters1\\common_lib.h(9): Detected non-resource "http://localhost:1080/cgi-bin/nav.pl?page=menu&in=home" in "http://localhost:1080/cgi-bin/login.pl"  	[MsgId: MMSG-26574]
..\\..\\Parameters1\\common_lib.h(9): Detected non-resource "http://localhost:1080/cgi-bin/login.pl?intro=true" in "http://localhost:1080/cgi-bin/login.pl"  	[MsgId: MMSG-26574]
..\\..\\Parameters1\\common_lib.h(9): Found resource "http://localhost:1080/WebTours/images/flights.gif" in HTML "http://localhost:1080/cgi-bin/nav.pl?page=menu&in=home"  	[MsgId: MMSG-26659]
..\\..\\Parameters1\\common_lib.h(9): Found resource "http://localhost:1080/WebTours/images/itinerary.gif" in HTML "http://localhost:1080/cgi-bin/nav.pl?page=menu&in=home"  	[MsgId: MMSG-26659]
..\\..\\Parameters1\\common_lib.h(9): Found resource "http://localhost:1080/WebTours/images/in_home.gif" in HTML "http://localhost:1080/cgi-bin/nav.pl?page=menu&in=home"  	[MsgId: MMSG-26659]
..\\..\\Parameters1\\common_lib.h(9): Found resource "http://localhost:1080/WebTours/images/signoff.gif" in HTML "http://localhost:1080/cgi-bin/nav.pl?page=menu&in=home"  	[MsgId: MMSG-26659]
..\\..\\Parameters1\\common_lib.h(9): Registered web_reg_find successful for "Text=Welcome, <b>caren</b>, to the Web Tours reservation pages" (count=1)  	[MsgId: MMSG-26364]
..\\..\\Parameters1\\common_lib.h(9): web_submit_data("login.pl") was successful, 5780 body bytes, 2053 header bytes, 36 chunking overhead bytes  	[MsgId: MMSG-26385]
..\\..\\Parameters1\\common_lib.h(26): Notify: Transaction "login" ended with a "Pass" status (Duration: 0,3310 Wasted Time: 0,0001).	[MsgId: MMSG-16871]
Action.c(47): Notify: Transaction "UC4_LoginLogout" ended with a "Pass" status (Duration: 5,6253 Think Time: 5,0099 Wasted Time: 0,0024).	[MsgId: MMSG-16870]
Ending action Action.	[MsgId: MMSG-15918]
Ending iteration 13.	[MsgId: MMSG-15965]
Waiting 94,3710 seconds for iteration pacing.	[MsgId: MMSG-15996]
Starting iteration 14.	[MsgId: MMSG-15968]
Starting action Action.	[MsgId: MMSG-15919]
Action.c(4): Notify: Transaction "UC4_LoginLogout" started.	[MsgId: MMSG-16999]
Action.c(7): web_reg_save_param_attrib started  	[MsgId: MMSG-26355]
Action.c(7): Registering web_reg_save_param_attrib was successful  	[MsgId: MMSG-26390]
Action.c(18): Notify: Transaction "loginPage" started.	[MsgId: MMSG-16999]
Action.c(20): web_reg_find started  	[MsgId: MMSG-26355]
Action.c(20): Registering web_reg_find was successful  	[MsgId: MMSG-26390]
Action.c(23): web_url("WebTours") started  	[MsgId: MMSG-26355]
Action.c(23): Detected non-resource "http://localhost:1080/WebTours/header.html" in "http://localhost:1080/WebTours/"  	[MsgId: MMSG-26574]
Action.c(23): Detected non-resource "http://localhost:1080/cgi-bin/welcome.pl?signOff=true" in "http://localhost:1080/WebTours/"  	[MsgId: MMSG-26574]
Action.c(23): Found resource "http://localhost:1080/WebTours/images/hp_logo.png" in HTML "http://localhost:1080/WebTours/header.html"  	[MsgId: MMSG-26659]
Action.c(23): Found resource "http://localhost:1080/WebTours/images/webtours.png" in HTML "http://localhost:1080/WebTours/header.html"  	[MsgId: MMSG-26659]
Action.c(23): Detected non-resource "http://localhost:1080/cgi-bin/nav.pl?in=home" in "http://localhost:1080/cgi-bin/welcome.pl?signOff=true"  	[MsgId: MMSG-26574]
Action.c(23): Detected non-resource "http://localhost:1080/WebTours/home.html" in "http://localhost:1080/cgi-bin/welcome.pl?signOff=true"  	[MsgId: MMSG-26574]
Action.c(23): Found resource "http://localhost:1080/WebTours/images/mer_login.gif" in HTML "http://localhost:1080/cgi-bin/nav.pl?in=home"  	[MsgId: MMSG-26659]
Action.c(23): Registered web_reg_find successful for "Text=Web Tours Navigation Bar" (count=1)  	[MsgId: MMSG-26364]
Action.c(23): web_url("WebTours") was successful, 10078 body bytes, 2377 header bytes, 24 chunking overhead bytes  	[MsgId: MMSG-26385]
Action.c(33): Think time - Waiting 5,00 seconds (according to limit).	[MsgId: MMSG-15946]
Action.c(33): lr_think_time: 5,00 seconds (recorded think time was 23,00 seconds).	[MsgId: MMSG-15947]
Action.c(35): Notify: Transaction "loginPage" ended with a "Pass" status (Duration: 5,5234 Think Time: 5,0004 Wasted Time: 0,0011).	[MsgId: MMSG-16870]
..\\..\\Parameters1\\common_lib.h(3): Notify: Transaction "login" started.	[MsgId: MMSG-16999]
..\\..\\Parameters1\\common_lib.h(7): web_reg_find started  	[MsgId: MMSG-26355]
..\\..\\Parameters1\\common_lib.h(7): Registering web_reg_find was successful  	[MsgId: MMSG-26390]
..\\..\\Parameters1\\common_lib.h(9): web_submit_data("login.pl") started  	[MsgId: MMSG-26355]
..\\..\\Parameters1\\common_lib.h(9): Detected non-resource "http://localhost:1080/cgi-bin/nav.pl?page=menu&in=home" in "http://localhost:1080/cgi-bin/login.pl"  	[MsgId: MMSG-26574]
..\\..\\Parameters1\\common_lib.h(9): Detected non-resource "http://localhost:1080/cgi-bin/login.pl?intro=true" in "http://localhost:1080/cgi-bin/login.pl"  	[MsgId: MMSG-26574]
..\\..\\Parameters1\\common_lib.h(9): Found resource "http://localhost:1080/WebTours/images/flights.gif" in HTML "http://localhost:1080/cgi-bin/nav.pl?page=menu&in=home"  	[MsgId: MMSG-26659]
..\\..\\Parameters1\\common_lib.h(9): Found resource "http://localhost:1080/WebTours/images/itinerary.gif" in HTML "http://localhost:1080/cgi-bin/nav.pl?page=menu&in=home"  	[MsgId: MMSG-26659]
..\\..\\Parameters1\\common_lib.h(9): Found resource "http://localhost:1080/WebTours/images/in_home.gif" in HTML "http://localhost:1080/cgi-bin/nav.pl?page=menu&in=home"  	[MsgId: MMSG-26659]
..\\..\\Parameters1\\common_lib.h(9): Found resource "http://localhost:1080/WebTours/images/signoff.gif" in HTML "http://localhost:1080/cgi-bin/nav.pl?page=menu&in=home"  	[MsgId: MMSG-26659]
..\\..\\Parameters1\\common_lib.h(9): Registered web_reg_find successful for "Text=Welcome, <b>caren</b>, to the Web Tours reservation pages" (count=1)  	[MsgId: MMSG-26364]
..\\..\\Parameters1\\common_lib.h(9): web_submit_data("login.pl") was successful, 5780 body bytes, 2055 header bytes, 36 chunking overhead bytes  	[MsgId: MMSG-26385]
..\\..\\Parameters1\\common_lib.h(26): Notify: Transaction "login" ended with a "Pass" status (Duration: 1,2911 Wasted Time: 0,0001).	[MsgId: MMSG-16871]
Action.c(47): Notify: Transaction "UC4_LoginLogout" ended with a "Pass" status (Duration: 6,8187 Think Time: 5,0004 Wasted Time: 0,0020).	[MsgId: MMSG-16870]
Ending action Action.	[MsgId: MMSG-15918]
Ending iteration 14.	[MsgId: MMSG-15965]
Waiting 93,1770 seconds for iteration pacing.	[MsgId: MMSG-15996]
Ending Vuser...	[MsgId: MMSG-15966]
Starting action vuser_end.	[MsgId: MMSG-15919]
Ending action vuser_end.	[MsgId: MMSG-15918]
Vuser Terminated.	[MsgId: MMSG-15963]
