Virtual User Script started at: 01.06.2023 5:30:43	[MsgId: MMSG-15967]
Starting action vuser_init.	[MsgId: MMSG-15919]
Web Turbo Replay of LoadRunner 2020.0.0 for Windows 10; build 793 (ноя 27 2019 19:51:20)  	[MsgId: MMSG-26983]
Run mode: HTML  	[MsgId: MMSG-26993]
Replay user agent: Mozilla/5.0 (Windows NT 10.0; WOW64; Trident/7.0; rv:11.0) like Gecko  	[MsgId: MMSG-26988]
Runtime Settings file: "C:\Users\EHOT\AppData\Local\Temp\lr5tmpdirLcV.116\lrcfg7e3.117\cfgyVG.126"  	[MsgId: MMSG-27141]
Ending action vuser_init.	[MsgId: MMSG-15918]
Running Vuser...	[MsgId: MMSG-15964]
Starting iteration 1.	[MsgId: MMSG-15968]
Maximum number of concurrent connections per server: 6  	[MsgId: MMSG-26989]
Starting action Action.	[MsgId: MMSG-15919]
Action.c(3): web_set_max_html_param_len started  	[MsgId: MMSG-26355]
Action.c(3): web_set_max_html_param_len was successful  	[MsgId: MMSG-26392]
Action.c(5): Notify: Transaction "UC3_DeleteTicket" started.	[MsgId: MMSG-16999]
Action.c(8): web_reg_save_param_attrib started  	[MsgId: MMSG-26355]
Action.c(8): Registering web_reg_save_param_attrib was successful  	[MsgId: MMSG-26390]
Action.c(19): Notify: Transaction "loginPage" started.	[MsgId: MMSG-16999]
Action.c(21): web_reg_find started  	[MsgId: MMSG-26355]
Action.c(21): Registering web_reg_find was successful  	[MsgId: MMSG-26390]
Action.c(24): web_url("WebTours") started  	[MsgId: MMSG-26355]
Action.c(24): Detected non-resource "http://localhost:1080/WebTours/header.html" in "http://localhost:1080/WebTours/"  	[MsgId: MMSG-26574]
Action.c(24): Detected non-resource "http://localhost:1080/cgi-bin/welcome.pl?signOff=true" in "http://localhost:1080/WebTours/"  	[MsgId: MMSG-26574]
Action.c(24): Found resource "http://localhost:1080/WebTours/images/hp_logo.png" in HTML "http://localhost:1080/WebTours/header.html"  	[MsgId: MMSG-26659]
Action.c(24): Found resource "http://localhost:1080/WebTours/images/webtours.png" in HTML "http://localhost:1080/WebTours/header.html"  	[MsgId: MMSG-26659]
Action.c(24): Detected non-resource "http://localhost:1080/cgi-bin/nav.pl?in=home" in "http://localhost:1080/cgi-bin/welcome.pl?signOff=true"  	[MsgId: MMSG-26574]
Action.c(24): Detected non-resource "http://localhost:1080/WebTours/home.html" in "http://localhost:1080/cgi-bin/welcome.pl?signOff=true"  	[MsgId: MMSG-26574]
Action.c(24): Found resource "http://localhost:1080/WebTours/images/mer_login.gif" in HTML "http://localhost:1080/cgi-bin/nav.pl?in=home"  	[MsgId: MMSG-26659]
Action.c(24): Registered web_reg_find successful for "Text=Web Tours Navigation Bar" (count=1)  	[MsgId: MMSG-26364]
Action.c(24): web_url("WebTours") was successful, 10080 body bytes, 2377 header bytes, 24 chunking overhead bytes  	[MsgId: MMSG-26385]
Action.c(37): Think time - Waiting 5,00 seconds (according to limit).	[MsgId: MMSG-15946]
Action.c(37): lr_think_time: 5,00 seconds (recorded think time was 10,00 seconds).	[MsgId: MMSG-15947]
Action.c(39): Notify: Transaction "loginPage" ended with a "Pass" status (Duration: 5,5596 Think Time: 5,0725 Wasted Time: 0,0446).	[MsgId: MMSG-16870]
..\\..\\Parameters1\\common_lib.h(3): Notify: Transaction "login" started.	[MsgId: MMSG-16999]
..\\..\\Parameters1\\common_lib.h(7): web_reg_find started  	[MsgId: MMSG-26355]
..\\..\\Parameters1\\common_lib.h(7): Registering web_reg_find was successful  	[MsgId: MMSG-26390]
..\\..\\Parameters1\\common_lib.h(9): web_submit_data("login.pl") started  	[MsgId: MMSG-26355]
..\\..\\Parameters1\\common_lib.h(9): Detected non-resource "http://localhost:1080/cgi-bin/nav.pl?page=menu&in=home" in "http://localhost:1080/cgi-bin/login.pl"  	[MsgId: MMSG-26574]
..\\..\\Parameters1\\common_lib.h(9): Detected non-resource "http://localhost:1080/cgi-bin/login.pl?intro=true" in "http://localhost:1080/cgi-bin/login.pl"  	[MsgId: MMSG-26574]
..\\..\\Parameters1\\common_lib.h(9): Found resource "http://localhost:1080/WebTours/images/flights.gif" in HTML "http://localhost:1080/cgi-bin/nav.pl?page=menu&in=home"  	[MsgId: MMSG-26659]
..\\..\\Parameters1\\common_lib.h(9): Found resource "http://localhost:1080/WebTours/images/itinerary.gif" in HTML "http://localhost:1080/cgi-bin/nav.pl?page=menu&in=home"  	[MsgId: MMSG-26659]
..\\..\\Parameters1\\common_lib.h(9): Found resource "http://localhost:1080/WebTours/images/in_home.gif" in HTML "http://localhost:1080/cgi-bin/nav.pl?page=menu&in=home"  	[MsgId: MMSG-26659]
..\\..\\Parameters1\\common_lib.h(9): Found resource "http://localhost:1080/WebTours/images/signoff.gif" in HTML "http://localhost:1080/cgi-bin/nav.pl?page=menu&in=home"  	[MsgId: MMSG-26659]
..\\..\\Parameters1\\common_lib.h(9): Registered web_reg_find successful for "Text=Welcome, <b>jojo</b>, to the Web Tours reservation pages" (count=1)  	[MsgId: MMSG-26364]
..\\..\\Parameters1\\common_lib.h(9): web_submit_data("login.pl") was successful, 5779 body bytes, 2039 header bytes, 36 chunking overhead bytes  	[MsgId: MMSG-26385]
..\\..\\Parameters1\\common_lib.h(26): Notify: Transaction "login" ended with a "Pass" status (Duration: 0,4364 Wasted Time: 0,0000).	[MsgId: MMSG-16871]
Action.c(43): Notify: Transaction "checkItinerary" started.	[MsgId: MMSG-16999]
Action.c(46): web_reg_find started  	[MsgId: MMSG-26355]
Action.c(46): Registering web_reg_find was successful  	[MsgId: MMSG-26390]
Action.c(50): web_reg_save_param started  	[MsgId: MMSG-26355]
Action.c(50): Registering web_reg_save_param was successful  	[MsgId: MMSG-26390]
Action.c(63): web_url("Itinerary Button") started  	[MsgId: MMSG-26355]
Action.c(63): Detected non-resource "http://localhost:1080/cgi-bin/nav.pl?page=menu&in=itinerary" in "http://localhost:1080/cgi-bin/welcome.pl?page=itinerary"  	[MsgId: MMSG-26574]
Action.c(63): Detected non-resource "http://localhost:1080/cgi-bin/itinerary.pl" in "http://localhost:1080/cgi-bin/welcome.pl?page=itinerary"  	[MsgId: MMSG-26574]
Action.c(63): Resource "http://localhost:1080/WebTours/images/flights.gif" is in the cache already and will not be downloaded again  	[MsgId: MMSG-26655]
Action.c(63): Found resource "http://localhost:1080/WebTours/images/in_itinerary.gif" in HTML "http://localhost:1080/cgi-bin/nav.pl?page=menu&in=itinerary"  	[MsgId: MMSG-26659]
Action.c(63): Found resource "http://localhost:1080/WebTours/images/home.gif" in HTML "http://localhost:1080/cgi-bin/nav.pl?page=menu&in=itinerary"  	[MsgId: MMSG-26659]
Action.c(63): Resource "http://localhost:1080/WebTours/images/signoff.gif" is in the cache already and will not be downloaded again  	[MsgId: MMSG-26655]
Action.c(63): Found resource "http://localhost:1080/WebTours/images/cancelreservation.gif" in HTML "http://localhost:1080/cgi-bin/itinerary.pl"  	[MsgId: MMSG-26659]
Action.c(63): Found resource "http://localhost:1080/WebTours/images/cancelallreservations.gif" in HTML "http://localhost:1080/cgi-bin/itinerary.pl"  	[MsgId: MMSG-26659]
Action.c(63): Registered web_reg_find successful for "Text=Jojo Bean" (count=10)  	[MsgId: MMSG-26364]
Action.c(63): web_url("Itinerary Button") was successful, 22889 body bytes, 1917 header bytes, 67 chunking overhead bytes  	[MsgId: MMSG-26385]
Action.c(77): Notify: Transaction "checkItinerary" ended with a "Pass" status (Duration: 0,2940 Wasted Time: 0,0002).	[MsgId: MMSG-16871]
Action.c(79): Think time - Waiting 5,00 seconds (according to limit).	[MsgId: MMSG-15946]
Action.c(79): lr_think_time: 5,00 seconds (recorded think time was 35,00 seconds).	[MsgId: MMSG-15947]
Action.c(81): Notify: Transaction "deleteTicket" started.	[MsgId: MMSG-16999]
Action.c(86): web_reg_find started  	[MsgId: MMSG-26355]
Action.c(86): Registering web_reg_find was successful  	[MsgId: MMSG-26390]
Action.c(92): web_submit_form("itinerary.pl") started  	[MsgId: MMSG-26355]
Action.c(92): Submitting form to "http://localhost:1080/cgi-bin/itinerary.pl", Target Frame=""  	[MsgId: MMSG-27978]
Action.c(92): Resource "http://localhost:1080/WebTours/images/cancelreservation.gif" is in the cache already and will not be downloaded again  	[MsgId: MMSG-26655]
Action.c(92): Resource "http://localhost:1080/WebTours/images/cancelallreservations.gif" is in the cache already and will not be downloaded again  	[MsgId: MMSG-26655]
Action.c(92): Registered web_reg_find successful for "Text=randomflightID"  	[MsgId: MMSG-26362]
Action.c(92): web_submit_form("itinerary.pl") was successful, 14234 body bytes, 256 header bytes, 35 chunking overhead bytes  	[MsgId: MMSG-26385]
Action.c(100): Notify: Transaction "deleteTicket" ended with a "Pass" status (Duration: 0,0932 Wasted Time: 0,0001).	[MsgId: MMSG-16871]
Action.c(102): Think time - Waiting 5,00 seconds (according to limit).	[MsgId: MMSG-15946]
Action.c(102): lr_think_time: 5,00 seconds (recorded think time was 28,00 seconds).	[MsgId: MMSG-15947]
..\\..\\Parameters1\\common_lib.h(32): Notify: Transaction "signOut" started.	[MsgId: MMSG-16999]
..\\..\\Parameters1\\common_lib.h(34): web_reg_find started  	[MsgId: MMSG-26355]
..\\..\\Parameters1\\common_lib.h(34): Registering web_reg_find was successful  	[MsgId: MMSG-26390]
..\\..\\Parameters1\\common_lib.h(36): web_url("SignOff Button") started  	[MsgId: MMSG-26355]
..\\..\\Parameters1\\common_lib.h(36): Detected non-resource "http://localhost:1080/cgi-bin/nav.pl?in=home" in "http://localhost:1080/cgi-bin/welcome.pl?signOff=1"  	[MsgId: MMSG-26574]
..\\..\\Parameters1\\common_lib.h(36): Detected non-resource "http://localhost:1080/WebTours/home.html" in "http://localhost:1080/cgi-bin/welcome.pl?signOff=1"  	[MsgId: MMSG-26574]
..\\..\\Parameters1\\common_lib.h(36): Retrieving data from cache for "http://localhost:1080/WebTours/home.html"  	[MsgId: MMSG-26558]
..\\..\\Parameters1\\common_lib.h(36): Resource "http://localhost:1080/WebTours/images/mer_login.gif" is in the cache already and will not be downloaded again  	[MsgId: MMSG-26655]
..\\..\\Parameters1\\common_lib.h(36): Registered web_reg_find successful for "Text=Web Tours" (count=5)  	[MsgId: MMSG-26364]
..\\..\\Parameters1\\common_lib.h(36): web_url("SignOff Button") was successful, 2168 body bytes, 583 header bytes, 24 chunking overhead bytes  	[MsgId: MMSG-26385]
..\\..\\Parameters1\\common_lib.h(45): Notify: Transaction "signOut" ended with a "Pass" status (Duration: 0,1497 Wasted Time: 0,0000).	[MsgId: MMSG-16871]
Action.c(106): Notify: Transaction "UC3_DeleteTicket" ended with a "Pass" status (Duration: 16,5465 Think Time: 15,0847 Wasted Time: 0,0453).	[MsgId: MMSG-16870]
Ending action Action.	[MsgId: MMSG-15918]
Ending iteration 1.	[MsgId: MMSG-15965]
Waiting 35,4520 seconds for iteration pacing.	[MsgId: MMSG-15996]
Starting iteration 2.	[MsgId: MMSG-15968]
Starting action Action.	[MsgId: MMSG-15919]
Action.c(3): web_set_max_html_param_len started  	[MsgId: MMSG-26355]
Action.c(3): web_set_max_html_param_len was successful  	[MsgId: MMSG-26392]
Action.c(5): Notify: Transaction "UC3_DeleteTicket" started.	[MsgId: MMSG-16999]
Action.c(8): web_reg_save_param_attrib started  	[MsgId: MMSG-26355]
Action.c(8): Registering web_reg_save_param_attrib was successful  	[MsgId: MMSG-26390]
Action.c(19): Notify: Transaction "loginPage" started.	[MsgId: MMSG-16999]
Action.c(21): web_reg_find started  	[MsgId: MMSG-26355]
Action.c(21): Registering web_reg_find was successful  	[MsgId: MMSG-26390]
Action.c(24): web_url("WebTours") started  	[MsgId: MMSG-26355]
Action.c(24): Detected non-resource "http://localhost:1080/WebTours/header.html" in "http://localhost:1080/WebTours/"  	[MsgId: MMSG-26574]
Action.c(24): Detected non-resource "http://localhost:1080/cgi-bin/welcome.pl?signOff=true" in "http://localhost:1080/WebTours/"  	[MsgId: MMSG-26574]
Action.c(24): Found resource "http://localhost:1080/WebTours/images/hp_logo.png" in HTML "http://localhost:1080/WebTours/header.html"  	[MsgId: MMSG-26659]
Action.c(24): Found resource "http://localhost:1080/WebTours/images/webtours.png" in HTML "http://localhost:1080/WebTours/header.html"  	[MsgId: MMSG-26659]
Action.c(24): Detected non-resource "http://localhost:1080/cgi-bin/nav.pl?in=home" in "http://localhost:1080/cgi-bin/welcome.pl?signOff=true"  	[MsgId: MMSG-26574]
Action.c(24): Detected non-resource "http://localhost:1080/WebTours/home.html" in "http://localhost:1080/cgi-bin/welcome.pl?signOff=true"  	[MsgId: MMSG-26574]
Action.c(24): Found resource "http://localhost:1080/WebTours/images/mer_login.gif" in HTML "http://localhost:1080/cgi-bin/nav.pl?in=home"  	[MsgId: MMSG-26659]
Action.c(24): Registered web_reg_find successful for "Text=Web Tours Navigation Bar" (count=1)  	[MsgId: MMSG-26364]
Action.c(24): web_url("WebTours") was successful, 10079 body bytes, 2377 header bytes, 24 chunking overhead bytes  	[MsgId: MMSG-26385]
Action.c(37): Think time - Waiting 5,00 seconds (according to limit).	[MsgId: MMSG-15946]
Action.c(37): lr_think_time: 5,00 seconds (recorded think time was 10,00 seconds).	[MsgId: MMSG-15947]
Action.c(39): Notify: Transaction "loginPage" ended with a "Pass" status (Duration: 5,1482 Think Time: 5,0044 Wasted Time: 0,0006).	[MsgId: MMSG-16870]
..\\..\\Parameters1\\common_lib.h(3): Notify: Transaction "login" started.	[MsgId: MMSG-16999]
..\\..\\Parameters1\\common_lib.h(7): web_reg_find started  	[MsgId: MMSG-26355]
..\\..\\Parameters1\\common_lib.h(7): Registering web_reg_find was successful  	[MsgId: MMSG-26390]
..\\..\\Parameters1\\common_lib.h(9): web_submit_data("login.pl") started  	[MsgId: MMSG-26355]
..\\..\\Parameters1\\common_lib.h(9): Detected non-resource "http://localhost:1080/cgi-bin/nav.pl?page=menu&in=home" in "http://localhost:1080/cgi-bin/login.pl"  	[MsgId: MMSG-26574]
..\\..\\Parameters1\\common_lib.h(9): Detected non-resource "http://localhost:1080/cgi-bin/login.pl?intro=true" in "http://localhost:1080/cgi-bin/login.pl"  	[MsgId: MMSG-26574]
..\\..\\Parameters1\\common_lib.h(9): Found resource "http://localhost:1080/WebTours/images/flights.gif" in HTML "http://localhost:1080/cgi-bin/nav.pl?page=menu&in=home"  	[MsgId: MMSG-26659]
..\\..\\Parameters1\\common_lib.h(9): Found resource "http://localhost:1080/WebTours/images/itinerary.gif" in HTML "http://localhost:1080/cgi-bin/nav.pl?page=menu&in=home"  	[MsgId: MMSG-26659]
..\\..\\Parameters1\\common_lib.h(9): Found resource "http://localhost:1080/WebTours/images/in_home.gif" in HTML "http://localhost:1080/cgi-bin/nav.pl?page=menu&in=home"  	[MsgId: MMSG-26659]
..\\..\\Parameters1\\common_lib.h(9): Found resource "http://localhost:1080/WebTours/images/signoff.gif" in HTML "http://localhost:1080/cgi-bin/nav.pl?page=menu&in=home"  	[MsgId: MMSG-26659]
..\\..\\Parameters1\\common_lib.h(9): Registered web_reg_find successful for "Text=Welcome, <b>gogo</b>, to the Web Tours reservation pages" (count=1)  	[MsgId: MMSG-26364]
..\\..\\Parameters1\\common_lib.h(9): web_submit_data("login.pl") was successful, 5779 body bytes, 2052 header bytes, 36 chunking overhead bytes  	[MsgId: MMSG-26385]
..\\..\\Parameters1\\common_lib.h(26): Notify: Transaction "login" ended with a "Pass" status (Duration: 0,1479 Wasted Time: 0,0000).	[MsgId: MMSG-16871]
Action.c(43): Notify: Transaction "checkItinerary" started.	[MsgId: MMSG-16999]
Action.c(46): web_reg_find started  	[MsgId: MMSG-26355]
Action.c(46): Registering web_reg_find was successful  	[MsgId: MMSG-26390]
Action.c(50): web_reg_save_param started  	[MsgId: MMSG-26355]
Action.c(50): Registering web_reg_save_param was successful  	[MsgId: MMSG-26390]
Action.c(63): web_url("Itinerary Button") started  	[MsgId: MMSG-26355]
Action.c(63): Detected non-resource "http://localhost:1080/cgi-bin/nav.pl?page=menu&in=itinerary" in "http://localhost:1080/cgi-bin/welcome.pl?page=itinerary"  	[MsgId: MMSG-26574]
Action.c(63): Detected non-resource "http://localhost:1080/cgi-bin/itinerary.pl" in "http://localhost:1080/cgi-bin/welcome.pl?page=itinerary"  	[MsgId: MMSG-26574]
Action.c(63): Resource "http://localhost:1080/WebTours/images/flights.gif" is in the cache already and will not be downloaded again  	[MsgId: MMSG-26655]
Action.c(63): Found resource "http://localhost:1080/WebTours/images/in_itinerary.gif" in HTML "http://localhost:1080/cgi-bin/nav.pl?page=menu&in=itinerary"  	[MsgId: MMSG-26659]
Action.c(63): Found resource "http://localhost:1080/WebTours/images/home.gif" in HTML "http://localhost:1080/cgi-bin/nav.pl?page=menu&in=itinerary"  	[MsgId: MMSG-26659]
Action.c(63): Resource "http://localhost:1080/WebTours/images/signoff.gif" is in the cache already and will not be downloaded again  	[MsgId: MMSG-26655]
Action.c(63): Found resource "http://localhost:1080/WebTours/images/cancelreservation.gif" in HTML "http://localhost:1080/cgi-bin/itinerary.pl"  	[MsgId: MMSG-26659]
Action.c(63): Found resource "http://localhost:1080/WebTours/images/cancelallreservations.gif" in HTML "http://localhost:1080/cgi-bin/itinerary.pl"  	[MsgId: MMSG-26659]
Action.c(63): Registered web_reg_find successful for "Text=Gogo Bream" (count=3)  	[MsgId: MMSG-26364]
Action.c(63): web_url("Itinerary Button") was successful, 7690 body bytes, 1917 header bytes, 36 chunking overhead bytes  	[MsgId: MMSG-26385]
Action.c(77): Notify: Transaction "checkItinerary" ended with a "Pass" status (Duration: 0,1788 Wasted Time: 0,0001).	[MsgId: MMSG-16871]
Action.c(79): Think time - Waiting 5,00 seconds (according to limit).	[MsgId: MMSG-15946]
Action.c(79): lr_think_time: 5,00 seconds (recorded think time was 35,00 seconds).	[MsgId: MMSG-15947]
Action.c(81): Notify: Transaction "deleteTicket" started.	[MsgId: MMSG-16999]
Action.c(86): web_reg_find started  	[MsgId: MMSG-26355]
Action.c(86): Registering web_reg_find was successful  	[MsgId: MMSG-26390]
Action.c(92): web_submit_form("itinerary.pl") started  	[MsgId: MMSG-26355]
Action.c(92): Submitting form to "http://localhost:1080/cgi-bin/itinerary.pl", Target Frame=""  	[MsgId: MMSG-27978]
Action.c(92): Registered web_reg_find successful for "Text=randomflightID"  	[MsgId: MMSG-26362]
Action.c(92): web_submit_form("itinerary.pl") was successful, 932 body bytes, 256 header bytes, 12 chunking overhead bytes  	[MsgId: MMSG-26385]
Action.c(100): Notify: Transaction "deleteTicket" ended with a "Pass" status (Duration: 0,0756 Wasted Time: 0,0000).	[MsgId: MMSG-16871]
Action.c(102): Think time - Waiting 5,00 seconds (according to limit).	[MsgId: MMSG-15946]
Action.c(102): lr_think_time: 5,00 seconds (recorded think time was 28,00 seconds).	[MsgId: MMSG-15947]
..\\..\\Parameters1\\common_lib.h(32): Notify: Transaction "signOut" started.	[MsgId: MMSG-16999]
..\\..\\Parameters1\\common_lib.h(34): web_reg_find started  	[MsgId: MMSG-26355]
..\\..\\Parameters1\\common_lib.h(34): Registering web_reg_find was successful  	[MsgId: MMSG-26390]
..\\..\\Parameters1\\common_lib.h(36): web_url("SignOff Button") started  	[MsgId: MMSG-26355]
..\\..\\Parameters1\\common_lib.h(36): Detected non-resource "http://localhost:1080/cgi-bin/nav.pl?in=home" in "http://localhost:1080/cgi-bin/welcome.pl?signOff=1"  	[MsgId: MMSG-26574]
..\\..\\Parameters1\\common_lib.h(36): Detected non-resource "http://localhost:1080/WebTours/home.html" in "http://localhost:1080/cgi-bin/welcome.pl?signOff=1"  	[MsgId: MMSG-26574]
..\\..\\Parameters1\\common_lib.h(36): Retrieving data from cache for "http://localhost:1080/WebTours/home.html"  	[MsgId: MMSG-26558]
..\\..\\Parameters1\\common_lib.h(36): Resource "http://localhost:1080/WebTours/images/mer_login.gif" is in the cache already and will not be downloaded again  	[MsgId: MMSG-26655]
..\\..\\Parameters1\\common_lib.h(36): Registered web_reg_find successful for "Text=Web Tours" (count=5)  	[MsgId: MMSG-26364]
..\\..\\Parameters1\\common_lib.h(36): web_url("SignOff Button") was successful, 2172 body bytes, 583 header bytes, 24 chunking overhead bytes  	[MsgId: MMSG-26385]
..\\..\\Parameters1\\common_lib.h(45): Notify: Transaction "signOut" ended with a "Pass" status (Duration: 0,1480 Wasted Time: 0,0000).	[MsgId: MMSG-16871]
Action.c(106): Notify: Transaction "UC3_DeleteTicket" ended with a "Pass" status (Duration: 15,7132 Think Time: 15,0178 Wasted Time: 0,0009).	[MsgId: MMSG-16870]
Ending action Action.	[MsgId: MMSG-15918]
Ending iteration 2.	[MsgId: MMSG-15965]
Waiting 36,2860 seconds for iteration pacing.	[MsgId: MMSG-15996]
Starting iteration 3.	[MsgId: MMSG-15968]
Starting action Action.	[MsgId: MMSG-15919]
Action.c(3): web_set_max_html_param_len started  	[MsgId: MMSG-26355]
Action.c(3): web_set_max_html_param_len was successful  	[MsgId: MMSG-26392]
Action.c(5): Notify: Transaction "UC3_DeleteTicket" started.	[MsgId: MMSG-16999]
Action.c(8): web_reg_save_param_attrib started  	[MsgId: MMSG-26355]
Action.c(8): Registering web_reg_save_param_attrib was successful  	[MsgId: MMSG-26390]
Action.c(19): Notify: Transaction "loginPage" started.	[MsgId: MMSG-16999]
Action.c(21): web_reg_find started  	[MsgId: MMSG-26355]
Action.c(21): Registering web_reg_find was successful  	[MsgId: MMSG-26390]
Action.c(24): web_url("WebTours") started  	[MsgId: MMSG-26355]
Action.c(24): Detected non-resource "http://localhost:1080/WebTours/header.html" in "http://localhost:1080/WebTours/"  	[MsgId: MMSG-26574]
Action.c(24): Detected non-resource "http://localhost:1080/cgi-bin/welcome.pl?signOff=true" in "http://localhost:1080/WebTours/"  	[MsgId: MMSG-26574]
Action.c(24): Found resource "http://localhost:1080/WebTours/images/hp_logo.png" in HTML "http://localhost:1080/WebTours/header.html"  	[MsgId: MMSG-26659]
Action.c(24): Found resource "http://localhost:1080/WebTours/images/webtours.png" in HTML "http://localhost:1080/WebTours/header.html"  	[MsgId: MMSG-26659]
Action.c(24): Detected non-resource "http://localhost:1080/cgi-bin/nav.pl?in=home" in "http://localhost:1080/cgi-bin/welcome.pl?signOff=true"  	[MsgId: MMSG-26574]
Action.c(24): Detected non-resource "http://localhost:1080/WebTours/home.html" in "http://localhost:1080/cgi-bin/welcome.pl?signOff=true"  	[MsgId: MMSG-26574]
Action.c(24): Found resource "http://localhost:1080/WebTours/images/mer_login.gif" in HTML "http://localhost:1080/cgi-bin/nav.pl?in=home"  	[MsgId: MMSG-26659]
Action.c(24): Registered web_reg_find successful for "Text=Web Tours Navigation Bar" (count=1)  	[MsgId: MMSG-26364]
Action.c(24): web_url("WebTours") was successful, 10076 body bytes, 2377 header bytes, 24 chunking overhead bytes  	[MsgId: MMSG-26385]
Action.c(37): Think time - Waiting 5,00 seconds (according to limit).	[MsgId: MMSG-15946]
Action.c(37): lr_think_time: 5,00 seconds (recorded think time was 10,00 seconds).	[MsgId: MMSG-15947]
Action.c(39): Notify: Transaction "loginPage" ended with a "Pass" status (Duration: 5,1701 Think Time: 5,0138 Wasted Time: 0,0006).	[MsgId: MMSG-16870]
..\\..\\Parameters1\\common_lib.h(3): Notify: Transaction "login" started.	[MsgId: MMSG-16999]
..\\..\\Parameters1\\common_lib.h(7): web_reg_find started  	[MsgId: MMSG-26355]
..\\..\\Parameters1\\common_lib.h(7): Registering web_reg_find was successful  	[MsgId: MMSG-26390]
..\\..\\Parameters1\\common_lib.h(9): web_submit_data("login.pl") started  	[MsgId: MMSG-26355]
..\\..\\Parameters1\\common_lib.h(9): Detected non-resource "http://localhost:1080/cgi-bin/nav.pl?page=menu&in=home" in "http://localhost:1080/cgi-bin/login.pl"  	[MsgId: MMSG-26574]
..\\..\\Parameters1\\common_lib.h(9): Detected non-resource "http://localhost:1080/cgi-bin/login.pl?intro=true" in "http://localhost:1080/cgi-bin/login.pl"  	[MsgId: MMSG-26574]
..\\..\\Parameters1\\common_lib.h(9): Found resource "http://localhost:1080/WebTours/images/flights.gif" in HTML "http://localhost:1080/cgi-bin/nav.pl?page=menu&in=home"  	[MsgId: MMSG-26659]
..\\..\\Parameters1\\common_lib.h(9): Found resource "http://localhost:1080/WebTours/images/itinerary.gif" in HTML "http://localhost:1080/cgi-bin/nav.pl?page=menu&in=home"  	[MsgId: MMSG-26659]
..\\..\\Parameters1\\common_lib.h(9): Found resource "http://localhost:1080/WebTours/images/in_home.gif" in HTML "http://localhost:1080/cgi-bin/nav.pl?page=menu&in=home"  	[MsgId: MMSG-26659]
..\\..\\Parameters1\\common_lib.h(9): Found resource "http://localhost:1080/WebTours/images/signoff.gif" in HTML "http://localhost:1080/cgi-bin/nav.pl?page=menu&in=home"  	[MsgId: MMSG-26659]
..\\..\\Parameters1\\common_lib.h(9): Registered web_reg_find successful for "Text=Welcome, <b>ben</b>, to the Web Tours reservation pages" (count=1)  	[MsgId: MMSG-26364]
..\\..\\Parameters1\\common_lib.h(9): web_submit_data("login.pl") was successful, 5778 body bytes, 2048 header bytes, 36 chunking overhead bytes  	[MsgId: MMSG-26385]
..\\..\\Parameters1\\common_lib.h(26): Notify: Transaction "login" ended with a "Pass" status (Duration: 0,1457 Wasted Time: 0,0000).	[MsgId: MMSG-16871]
Action.c(43): Notify: Transaction "checkItinerary" started.	[MsgId: MMSG-16999]
Action.c(46): web_reg_find started  	[MsgId: MMSG-26355]
Action.c(46): Registering web_reg_find was successful  	[MsgId: MMSG-26390]
Action.c(50): web_reg_save_param started  	[MsgId: MMSG-26355]
Action.c(50): Registering web_reg_save_param was successful  	[MsgId: MMSG-26390]
Action.c(63): web_url("Itinerary Button") started  	[MsgId: MMSG-26355]
Action.c(63): Detected non-resource "http://localhost:1080/cgi-bin/nav.pl?page=menu&in=itinerary" in "http://localhost:1080/cgi-bin/welcome.pl?page=itinerary"  	[MsgId: MMSG-26574]
Action.c(63): Detected non-resource "http://localhost:1080/cgi-bin/itinerary.pl" in "http://localhost:1080/cgi-bin/welcome.pl?page=itinerary"  	[MsgId: MMSG-26574]
Action.c(63): Resource "http://localhost:1080/WebTours/images/flights.gif" is in the cache already and will not be downloaded again  	[MsgId: MMSG-26655]
Action.c(63): Found resource "http://localhost:1080/WebTours/images/in_itinerary.gif" in HTML "http://localhost:1080/cgi-bin/nav.pl?page=menu&in=itinerary"  	[MsgId: MMSG-26659]
Action.c(63): Found resource "http://localhost:1080/WebTours/images/home.gif" in HTML "http://localhost:1080/cgi-bin/nav.pl?page=menu&in=itinerary"  	[MsgId: MMSG-26659]
Action.c(63): Resource "http://localhost:1080/WebTours/images/signoff.gif" is in the cache already and will not be downloaded again  	[MsgId: MMSG-26655]
Action.c(63): Error -26366: "Text=Ben Gen" not found for web_reg_find  	[MsgId: MERR-26366]
Action.c(63): Error -26377: No match found for the requested parameter "flightID". Either the specified boundaries were not found in the response or the matched text is longer than current max html parameter size of 99999999 bytes. The total length of the response is 4381 bytes. You can use "web_set_max_html_param_len" to increase the max parameter size.  	[MsgId: MERR-26377]
Action.c(63): web_url("Itinerary Button") highest severity level was "ERROR", 4381 body bytes, 1321 header bytes, 36 chunking overhead bytes  	[MsgId: MMSG-26387]
Action.c(63): Notify: Transaction "checkItinerary" ended with a "Fail" status (Duration: 0,1544 Wasted Time: 0,0000).	[MsgId: MMSG-16871]
Action.c(63): Notify: Transaction "checkItinerary" has 2 error message(s).	[MsgId: MMSG-16818]
Action.c(63): Notify: The 1st error message associated with transaction "checkItinerary" is "Error -26366: "Text=Ben Gen" not found for web_reg_find"	[MsgId: MMSG-16819]
Action.c(63): Notify: The 2nd error message associated with transaction "checkItinerary" is "Error -26377: No match found for the requested parameter "flightID". Either the specified boundaries were not found in the response or the matched text is longer than current max html parameter size of 99999999 bytes. The total length of the response is 4381 bytes. You can use "web_set_max_html_param_len" to increase the max parameter size."	[MsgId: MMSG-16819]
Action.c(63): Notify: Transaction "UC3_DeleteTicket" ended with a "Fail" status (Duration: 5,4709 Think Time: 5,0138 Wasted Time: 0,0009).	[MsgId: MMSG-16870]
Action.c(63): Notify: Transaction "UC3_DeleteTicket" has 2 error message(s).	[MsgId: MMSG-16818]
Action.c(63): Notify: The 1st error message associated with transaction "UC3_DeleteTicket" is "Error -26366: "Text=Ben Gen" not found for web_reg_find"	[MsgId: MMSG-16819]
Action.c(63): Notify: The 2nd error message associated with transaction "UC3_DeleteTicket" is "Error -26377: No match found for the requested parameter "flightID". Either the specified boundaries were not found in the response or the matched text is longer than current max html parameter size of 99999999 bytes. The total length of the response is 4381 bytes. You can use "web_set_max_html_param_len" to increase the max parameter size."	[MsgId: MMSG-16819]
Ending action Action.	[MsgId: MMSG-15918]
Ending iteration 3.	[MsgId: MMSG-15965]
Waiting 46,5280 seconds for iteration pacing.	[MsgId: MMSG-15996]
Starting iteration 4.	[MsgId: MMSG-15968]
Starting action Action.	[MsgId: MMSG-15919]
Action.c(3): web_set_max_html_param_len started  	[MsgId: MMSG-26355]
Action.c(3): web_set_max_html_param_len was successful  	[MsgId: MMSG-26392]
Action.c(5): Notify: Transaction "UC3_DeleteTicket" started.	[MsgId: MMSG-16999]
Action.c(8): web_reg_save_param_attrib started  	[MsgId: MMSG-26355]
Action.c(8): Registering web_reg_save_param_attrib was successful  	[MsgId: MMSG-26390]
Action.c(19): Notify: Transaction "loginPage" started.	[MsgId: MMSG-16999]
Action.c(21): web_reg_find started  	[MsgId: MMSG-26355]
Action.c(21): Registering web_reg_find was successful  	[MsgId: MMSG-26390]
Action.c(24): web_url("WebTours") started  	[MsgId: MMSG-26355]
Action.c(24): Detected non-resource "http://localhost:1080/WebTours/header.html" in "http://localhost:1080/WebTours/"  	[MsgId: MMSG-26574]
Action.c(24): Detected non-resource "http://localhost:1080/cgi-bin/welcome.pl?signOff=true" in "http://localhost:1080/WebTours/"  	[MsgId: MMSG-26574]
Action.c(24): Found resource "http://localhost:1080/WebTours/images/hp_logo.png" in HTML "http://localhost:1080/WebTours/header.html"  	[MsgId: MMSG-26659]
Action.c(24): Found resource "http://localhost:1080/WebTours/images/webtours.png" in HTML "http://localhost:1080/WebTours/header.html"  	[MsgId: MMSG-26659]
Action.c(24): Detected non-resource "http://localhost:1080/cgi-bin/nav.pl?in=home" in "http://localhost:1080/cgi-bin/welcome.pl?signOff=true"  	[MsgId: MMSG-26574]
Action.c(24): Detected non-resource "http://localhost:1080/WebTours/home.html" in "http://localhost:1080/cgi-bin/welcome.pl?signOff=true"  	[MsgId: MMSG-26574]
Action.c(24): Found resource "http://localhost:1080/WebTours/images/mer_login.gif" in HTML "http://localhost:1080/cgi-bin/nav.pl?in=home"  	[MsgId: MMSG-26659]
Action.c(24): Registered web_reg_find successful for "Text=Web Tours Navigation Bar" (count=1)  	[MsgId: MMSG-26364]
Action.c(24): web_url("WebTours") was successful, 10080 body bytes, 2377 header bytes, 24 chunking overhead bytes  	[MsgId: MMSG-26385]
Action.c(37): Think time - Waiting 5,00 seconds (according to limit).	[MsgId: MMSG-15946]
Action.c(37): lr_think_time: 5,00 seconds (recorded think time was 10,00 seconds).	[MsgId: MMSG-15947]
Action.c(39): Notify: Transaction "loginPage" ended with a "Pass" status (Duration: 5,1614 Think Time: 5,0111 Wasted Time: 0,0006).	[MsgId: MMSG-16870]
..\\..\\Parameters1\\common_lib.h(3): Notify: Transaction "login" started.	[MsgId: MMSG-16999]
..\\..\\Parameters1\\common_lib.h(7): web_reg_find started  	[MsgId: MMSG-26355]
..\\..\\Parameters1\\common_lib.h(7): Registering web_reg_find was successful  	[MsgId: MMSG-26390]
..\\..\\Parameters1\\common_lib.h(9): web_submit_data("login.pl") started  	[MsgId: MMSG-26355]
..\\..\\Parameters1\\common_lib.h(9): Detected non-resource "http://localhost:1080/cgi-bin/nav.pl?page=menu&in=home" in "http://localhost:1080/cgi-bin/login.pl"  	[MsgId: MMSG-26574]
..\\..\\Parameters1\\common_lib.h(9): Detected non-resource "http://localhost:1080/cgi-bin/login.pl?intro=true" in "http://localhost:1080/cgi-bin/login.pl"  	[MsgId: MMSG-26574]
..\\..\\Parameters1\\common_lib.h(9): Found resource "http://localhost:1080/WebTours/images/flights.gif" in HTML "http://localhost:1080/cgi-bin/nav.pl?page=menu&in=home"  	[MsgId: MMSG-26659]
..\\..\\Parameters1\\common_lib.h(9): Found resource "http://localhost:1080/WebTours/images/itinerary.gif" in HTML "http://localhost:1080/cgi-bin/nav.pl?page=menu&in=home"  	[MsgId: MMSG-26659]
..\\..\\Parameters1\\common_lib.h(9): Found resource "http://localhost:1080/WebTours/images/in_home.gif" in HTML "http://localhost:1080/cgi-bin/nav.pl?page=menu&in=home"  	[MsgId: MMSG-26659]
..\\..\\Parameters1\\common_lib.h(9): Found resource "http://localhost:1080/WebTours/images/signoff.gif" in HTML "http://localhost:1080/cgi-bin/nav.pl?page=menu&in=home"  	[MsgId: MMSG-26659]
..\\..\\Parameters1\\common_lib.h(9): Registered web_reg_find successful for "Text=Welcome, <b>mem</b>, to the Web Tours reservation pages" (count=1)  	[MsgId: MMSG-26364]
..\\..\\Parameters1\\common_lib.h(9): web_submit_data("login.pl") was successful, 5778 body bytes, 2048 header bytes, 36 chunking overhead bytes  	[MsgId: MMSG-26385]
..\\..\\Parameters1\\common_lib.h(26): Notify: Transaction "login" ended with a "Pass" status (Duration: 0,1609 Wasted Time: 0,0000).	[MsgId: MMSG-16871]
Action.c(43): Notify: Transaction "checkItinerary" started.	[MsgId: MMSG-16999]
Action.c(46): web_reg_find started  	[MsgId: MMSG-26355]
Action.c(46): Registering web_reg_find was successful  	[MsgId: MMSG-26390]
Action.c(50): web_reg_save_param started  	[MsgId: MMSG-26355]
Action.c(50): Registering web_reg_save_param was successful  	[MsgId: MMSG-26390]
Action.c(63): web_url("Itinerary Button") started  	[MsgId: MMSG-26355]
Action.c(63): Detected non-resource "http://localhost:1080/cgi-bin/nav.pl?page=menu&in=itinerary" in "http://localhost:1080/cgi-bin/welcome.pl?page=itinerary"  	[MsgId: MMSG-26574]
Action.c(63): Detected non-resource "http://localhost:1080/cgi-bin/itinerary.pl" in "http://localhost:1080/cgi-bin/welcome.pl?page=itinerary"  	[MsgId: MMSG-26574]
Action.c(63): Resource "http://localhost:1080/WebTours/images/flights.gif" is in the cache already and will not be downloaded again  	[MsgId: MMSG-26655]
Action.c(63): Found resource "http://localhost:1080/WebTours/images/in_itinerary.gif" in HTML "http://localhost:1080/cgi-bin/nav.pl?page=menu&in=itinerary"  	[MsgId: MMSG-26659]
Action.c(63): Found resource "http://localhost:1080/WebTours/images/home.gif" in HTML "http://localhost:1080/cgi-bin/nav.pl?page=menu&in=itinerary"  	[MsgId: MMSG-26659]
Action.c(63): Resource "http://localhost:1080/WebTours/images/signoff.gif" is in the cache already and will not be downloaded again  	[MsgId: MMSG-26655]
Action.c(63): Error -26366: "Text=Mem Per" not found for web_reg_find  	[MsgId: MERR-26366]
Action.c(63): Error -26377: No match found for the requested parameter "flightID". Either the specified boundaries were not found in the response or the matched text is longer than current max html parameter size of 99999999 bytes. The total length of the response is 4381 bytes. You can use "web_set_max_html_param_len" to increase the max parameter size.  	[MsgId: MERR-26377]
Action.c(63): web_url("Itinerary Button") highest severity level was "ERROR", 4381 body bytes, 1321 header bytes, 36 chunking overhead bytes  	[MsgId: MMSG-26387]
Action.c(63): Notify: Transaction "checkItinerary" ended with a "Fail" status (Duration: 0,1572 Wasted Time: 0,0000).	[MsgId: MMSG-16871]
Action.c(63): Notify: Transaction "checkItinerary" has 2 error message(s).	[MsgId: MMSG-16818]
Action.c(63): Notify: The 1st error message associated with transaction "checkItinerary" is "Error -26366: "Text=Mem Per" not found for web_reg_find"	[MsgId: MMSG-16819]
Action.c(63): Notify: The 2nd error message associated with transaction "checkItinerary" is "Error -26377: No match found for the requested parameter "flightID". Either the specified boundaries were not found in the response or the matched text is longer than current max html parameter size of 99999999 bytes. The total length of the response is 4381 bytes. You can use "web_set_max_html_param_len" to increase the max parameter size."	[MsgId: MMSG-16819]
Action.c(63): Notify: Transaction "UC3_DeleteTicket" ended with a "Fail" status (Duration: 5,4815 Think Time: 5,0111 Wasted Time: 0,0009).	[MsgId: MMSG-16870]
Action.c(63): Notify: Transaction "UC3_DeleteTicket" has 2 error message(s).	[MsgId: MMSG-16818]
Action.c(63): Notify: The 1st error message associated with transaction "UC3_DeleteTicket" is "Error -26366: "Text=Mem Per" not found for web_reg_find"	[MsgId: MMSG-16819]
Action.c(63): Notify: The 2nd error message associated with transaction "UC3_DeleteTicket" is "Error -26377: No match found for the requested parameter "flightID". Either the specified boundaries were not found in the response or the matched text is longer than current max html parameter size of 99999999 bytes. The total length of the response is 4381 bytes. You can use "web_set_max_html_param_len" to increase the max parameter size."	[MsgId: MMSG-16819]
Ending action Action.	[MsgId: MMSG-15918]
Ending iteration 4.	[MsgId: MMSG-15965]
Waiting 46,5160 seconds for iteration pacing.	[MsgId: MMSG-15996]
Starting iteration 5.	[MsgId: MMSG-15968]
Starting action Action.	[MsgId: MMSG-15919]
Action.c(3): web_set_max_html_param_len started  	[MsgId: MMSG-26355]
Action.c(3): web_set_max_html_param_len was successful  	[MsgId: MMSG-26392]
Action.c(5): Notify: Transaction "UC3_DeleteTicket" started.	[MsgId: MMSG-16999]
Action.c(8): web_reg_save_param_attrib started  	[MsgId: MMSG-26355]
Action.c(8): Registering web_reg_save_param_attrib was successful  	[MsgId: MMSG-26390]
Action.c(19): Notify: Transaction "loginPage" started.	[MsgId: MMSG-16999]
Action.c(21): web_reg_find started  	[MsgId: MMSG-26355]
Action.c(21): Registering web_reg_find was successful  	[MsgId: MMSG-26390]
Action.c(24): web_url("WebTours") started  	[MsgId: MMSG-26355]
Action.c(24): Detected non-resource "http://localhost:1080/WebTours/header.html" in "http://localhost:1080/WebTours/"  	[MsgId: MMSG-26574]
Action.c(24): Detected non-resource "http://localhost:1080/cgi-bin/welcome.pl?signOff=true" in "http://localhost:1080/WebTours/"  	[MsgId: MMSG-26574]
Action.c(24): Found resource "http://localhost:1080/WebTours/images/hp_logo.png" in HTML "http://localhost:1080/WebTours/header.html"  	[MsgId: MMSG-26659]
Action.c(24): Found resource "http://localhost:1080/WebTours/images/webtours.png" in HTML "http://localhost:1080/WebTours/header.html"  	[MsgId: MMSG-26659]
Action.c(24): Detected non-resource "http://localhost:1080/cgi-bin/nav.pl?in=home" in "http://localhost:1080/cgi-bin/welcome.pl?signOff=true"  	[MsgId: MMSG-26574]
Action.c(24): Detected non-resource "http://localhost:1080/WebTours/home.html" in "http://localhost:1080/cgi-bin/welcome.pl?signOff=true"  	[MsgId: MMSG-26574]
Action.c(24): Found resource "http://localhost:1080/WebTours/images/mer_login.gif" in HTML "http://localhost:1080/cgi-bin/nav.pl?in=home"  	[MsgId: MMSG-26659]
Action.c(24): Registered web_reg_find successful for "Text=Web Tours Navigation Bar" (count=1)  	[MsgId: MMSG-26364]
Action.c(24): web_url("WebTours") was successful, 10080 body bytes, 2377 header bytes, 24 chunking overhead bytes  	[MsgId: MMSG-26385]
Action.c(37): Think time - Waiting 5,00 seconds (according to limit).	[MsgId: MMSG-15946]
Action.c(37): lr_think_time: 5,00 seconds (recorded think time was 10,00 seconds).	[MsgId: MMSG-15947]
Action.c(39): Notify: Transaction "loginPage" ended with a "Pass" status (Duration: 5,1417 Think Time: 5,0018 Wasted Time: 0,0006).	[MsgId: MMSG-16870]
..\\..\\Parameters1\\common_lib.h(3): Notify: Transaction "login" started.	[MsgId: MMSG-16999]
..\\..\\Parameters1\\common_lib.h(7): web_reg_find started  	[MsgId: MMSG-26355]
..\\..\\Parameters1\\common_lib.h(7): Registering web_reg_find was successful  	[MsgId: MMSG-26390]
..\\..\\Parameters1\\common_lib.h(9): web_submit_data("login.pl") started  	[MsgId: MMSG-26355]
..\\..\\Parameters1\\common_lib.h(9): Detected non-resource "http://localhost:1080/cgi-bin/nav.pl?page=menu&in=home" in "http://localhost:1080/cgi-bin/login.pl"  	[MsgId: MMSG-26574]
..\\..\\Parameters1\\common_lib.h(9): Detected non-resource "http://localhost:1080/cgi-bin/login.pl?intro=true" in "http://localhost:1080/cgi-bin/login.pl"  	[MsgId: MMSG-26574]
..\\..\\Parameters1\\common_lib.h(9): Found resource "http://localhost:1080/WebTours/images/flights.gif" in HTML "http://localhost:1080/cgi-bin/nav.pl?page=menu&in=home"  	[MsgId: MMSG-26659]
..\\..\\Parameters1\\common_lib.h(9): Found resource "http://localhost:1080/WebTours/images/itinerary.gif" in HTML "http://localhost:1080/cgi-bin/nav.pl?page=menu&in=home"  	[MsgId: MMSG-26659]
..\\..\\Parameters1\\common_lib.h(9): Found resource "http://localhost:1080/WebTours/images/in_home.gif" in HTML "http://localhost:1080/cgi-bin/nav.pl?page=menu&in=home"  	[MsgId: MMSG-26659]
..\\..\\Parameters1\\common_lib.h(9): Found resource "http://localhost:1080/WebTours/images/signoff.gif" in HTML "http://localhost:1080/cgi-bin/nav.pl?page=menu&in=home"  	[MsgId: MMSG-26659]
..\\..\\Parameters1\\common_lib.h(9): Registered web_reg_find successful for "Text=Welcome, <b>john</b>, to the Web Tours reservation pages" (count=1)  	[MsgId: MMSG-26364]
..\\..\\Parameters1\\common_lib.h(9): web_submit_data("login.pl") was successful, 5779 body bytes, 2052 header bytes, 36 chunking overhead bytes  	[MsgId: MMSG-26385]
..\\..\\Parameters1\\common_lib.h(26): Notify: Transaction "login" ended with a "Pass" status (Duration: 0,1487 Wasted Time: 0,0000).	[MsgId: MMSG-16871]
Action.c(43): Notify: Transaction "checkItinerary" started.	[MsgId: MMSG-16999]
Action.c(46): web_reg_find started  	[MsgId: MMSG-26355]
Action.c(46): Registering web_reg_find was successful  	[MsgId: MMSG-26390]
Action.c(50): web_reg_save_param started  	[MsgId: MMSG-26355]
Action.c(50): Registering web_reg_save_param was successful  	[MsgId: MMSG-26390]
Action.c(63): web_url("Itinerary Button") started  	[MsgId: MMSG-26355]
Action.c(63): Detected non-resource "http://localhost:1080/cgi-bin/nav.pl?page=menu&in=itinerary" in "http://localhost:1080/cgi-bin/welcome.pl?page=itinerary"  	[MsgId: MMSG-26574]
Action.c(63): Detected non-resource "http://localhost:1080/cgi-bin/itinerary.pl" in "http://localhost:1080/cgi-bin/welcome.pl?page=itinerary"  	[MsgId: MMSG-26574]
Action.c(63): Resource "http://localhost:1080/WebTours/images/flights.gif" is in the cache already and will not be downloaded again  	[MsgId: MMSG-26655]
Action.c(63): Found resource "http://localhost:1080/WebTours/images/in_itinerary.gif" in HTML "http://localhost:1080/cgi-bin/nav.pl?page=menu&in=itinerary"  	[MsgId: MMSG-26659]
Action.c(63): Found resource "http://localhost:1080/WebTours/images/home.gif" in HTML "http://localhost:1080/cgi-bin/nav.pl?page=menu&in=itinerary"  	[MsgId: MMSG-26659]
Action.c(63): Resource "http://localhost:1080/WebTours/images/signoff.gif" is in the cache already and will not be downloaded again  	[MsgId: MMSG-26655]
Action.c(63): Error -26366: "Text=John Snow" not found for web_reg_find  	[MsgId: MERR-26366]
Action.c(63): Error -26377: No match found for the requested parameter "flightID". Either the specified boundaries were not found in the response or the matched text is longer than current max html parameter size of 99999999 bytes. The total length of the response is 4381 bytes. You can use "web_set_max_html_param_len" to increase the max parameter size.  	[MsgId: MERR-26377]
Action.c(63): web_url("Itinerary Button") highest severity level was "ERROR", 4381 body bytes, 1321 header bytes, 36 chunking overhead bytes  	[MsgId: MMSG-26387]
Action.c(63): Notify: Transaction "checkItinerary" ended with a "Fail" status (Duration: 0,1460 Wasted Time: 0,0000).	[MsgId: MMSG-16871]
Action.c(63): Notify: Transaction "checkItinerary" has 2 error message(s).	[MsgId: MMSG-16818]
Action.c(63): Notify: The 1st error message associated with transaction "checkItinerary" is "Error -26366: "Text=John Snow" not found for web_reg_find"	[MsgId: MMSG-16819]
Action.c(63): Notify: The 2nd error message associated with transaction "checkItinerary" is "Error -26377: No match found for the requested parameter "flightID". Either the specified boundaries were not found in the response or the matched text is longer than current max html parameter size of 99999999 bytes. The total length of the response is 4381 bytes. You can use "web_set_max_html_param_len" to increase the max parameter size."	[MsgId: MMSG-16819]
Action.c(63): Notify: Transaction "UC3_DeleteTicket" ended with a "Fail" status (Duration: 5,4370 Think Time: 5,0018 Wasted Time: 0,0010).	[MsgId: MMSG-16870]
Action.c(63): Notify: Transaction "UC3_DeleteTicket" has 2 error message(s).	[MsgId: MMSG-16818]
Action.c(63): Notify: The 1st error message associated with transaction "UC3_DeleteTicket" is "Error -26366: "Text=John Snow" not found for web_reg_find"	[MsgId: MMSG-16819]
Action.c(63): Notify: The 2nd error message associated with transaction "UC3_DeleteTicket" is "Error -26377: No match found for the requested parameter "flightID". Either the specified boundaries were not found in the response or the matched text is longer than current max html parameter size of 99999999 bytes. The total length of the response is 4381 bytes. You can use "web_set_max_html_param_len" to increase the max parameter size."	[MsgId: MMSG-16819]
Ending action Action.	[MsgId: MMSG-15918]
Ending iteration 5.	[MsgId: MMSG-15965]
Waiting 46,5610 seconds for iteration pacing.	[MsgId: MMSG-15996]
Starting iteration 6.	[MsgId: MMSG-15968]
Starting action Action.	[MsgId: MMSG-15919]
Action.c(3): web_set_max_html_param_len started  	[MsgId: MMSG-26355]
Action.c(3): web_set_max_html_param_len was successful  	[MsgId: MMSG-26392]
Action.c(5): Notify: Transaction "UC3_DeleteTicket" started.	[MsgId: MMSG-16999]
Action.c(8): web_reg_save_param_attrib started  	[MsgId: MMSG-26355]
Action.c(8): Registering web_reg_save_param_attrib was successful  	[MsgId: MMSG-26390]
Action.c(19): Notify: Transaction "loginPage" started.	[MsgId: MMSG-16999]
Action.c(21): web_reg_find started  	[MsgId: MMSG-26355]
Action.c(21): Registering web_reg_find was successful  	[MsgId: MMSG-26390]
Action.c(24): web_url("WebTours") started  	[MsgId: MMSG-26355]
Action.c(24): Detected non-resource "http://localhost:1080/WebTours/header.html" in "http://localhost:1080/WebTours/"  	[MsgId: MMSG-26574]
Action.c(24): Detected non-resource "http://localhost:1080/cgi-bin/welcome.pl?signOff=true" in "http://localhost:1080/WebTours/"  	[MsgId: MMSG-26574]
Action.c(24): Found resource "http://localhost:1080/WebTours/images/hp_logo.png" in HTML "http://localhost:1080/WebTours/header.html"  	[MsgId: MMSG-26659]
Action.c(24): Found resource "http://localhost:1080/WebTours/images/webtours.png" in HTML "http://localhost:1080/WebTours/header.html"  	[MsgId: MMSG-26659]
Action.c(24): Detected non-resource "http://localhost:1080/cgi-bin/nav.pl?in=home" in "http://localhost:1080/cgi-bin/welcome.pl?signOff=true"  	[MsgId: MMSG-26574]
Action.c(24): Detected non-resource "http://localhost:1080/WebTours/home.html" in "http://localhost:1080/cgi-bin/welcome.pl?signOff=true"  	[MsgId: MMSG-26574]
Action.c(24): Found resource "http://localhost:1080/WebTours/images/mer_login.gif" in HTML "http://localhost:1080/cgi-bin/nav.pl?in=home"  	[MsgId: MMSG-26659]
Action.c(24): Registered web_reg_find successful for "Text=Web Tours Navigation Bar" (count=1)  	[MsgId: MMSG-26364]
Action.c(24): web_url("WebTours") was successful, 10076 body bytes, 2377 header bytes, 24 chunking overhead bytes  	[MsgId: MMSG-26385]
Action.c(37): Think time - Waiting 5,00 seconds (according to limit).	[MsgId: MMSG-15946]
Action.c(37): lr_think_time: 5,00 seconds (recorded think time was 10,00 seconds).	[MsgId: MMSG-15947]
Action.c(39): Notify: Transaction "loginPage" ended with a "Pass" status (Duration: 5,3346 Think Time: 5,1750 Wasted Time: 0,0006).	[MsgId: MMSG-16870]
..\\..\\Parameters1\\common_lib.h(3): Notify: Transaction "login" started.	[MsgId: MMSG-16999]
..\\..\\Parameters1\\common_lib.h(7): web_reg_find started  	[MsgId: MMSG-26355]
..\\..\\Parameters1\\common_lib.h(7): Registering web_reg_find was successful  	[MsgId: MMSG-26390]
..\\..\\Parameters1\\common_lib.h(9): web_submit_data("login.pl") started  	[MsgId: MMSG-26355]
..\\..\\Parameters1\\common_lib.h(9): Detected non-resource "http://localhost:1080/cgi-bin/nav.pl?page=menu&in=home" in "http://localhost:1080/cgi-bin/login.pl"  	[MsgId: MMSG-26574]
..\\..\\Parameters1\\common_lib.h(9): Detected non-resource "http://localhost:1080/cgi-bin/login.pl?intro=true" in "http://localhost:1080/cgi-bin/login.pl"  	[MsgId: MMSG-26574]
..\\..\\Parameters1\\common_lib.h(9): Found resource "http://localhost:1080/WebTours/images/flights.gif" in HTML "http://localhost:1080/cgi-bin/nav.pl?page=menu&in=home"  	[MsgId: MMSG-26659]
..\\..\\Parameters1\\common_lib.h(9): Found resource "http://localhost:1080/WebTours/images/itinerary.gif" in HTML "http://localhost:1080/cgi-bin/nav.pl?page=menu&in=home"  	[MsgId: MMSG-26659]
..\\..\\Parameters1\\common_lib.h(9): Found resource "http://localhost:1080/WebTours/images/in_home.gif" in HTML "http://localhost:1080/cgi-bin/nav.pl?page=menu&in=home"  	[MsgId: MMSG-26659]
..\\..\\Parameters1\\common_lib.h(9): Found resource "http://localhost:1080/WebTours/images/signoff.gif" in HTML "http://localhost:1080/cgi-bin/nav.pl?page=menu&in=home"  	[MsgId: MMSG-26659]
..\\..\\Parameters1\\common_lib.h(9): Registered web_reg_find successful for "Text=Welcome, <b>biba</b>, to the Web Tours reservation pages" (count=1)  	[MsgId: MMSG-26364]
..\\..\\Parameters1\\common_lib.h(9): web_submit_data("login.pl") was successful, 5779 body bytes, 2052 header bytes, 36 chunking overhead bytes  	[MsgId: MMSG-26385]
..\\..\\Parameters1\\common_lib.h(26): Notify: Transaction "login" ended with a "Pass" status (Duration: 0,2637 Wasted Time: 0,0001).	[MsgId: MMSG-16871]
Action.c(43): Notify: Transaction "checkItinerary" started.	[MsgId: MMSG-16999]
Action.c(46): web_reg_find started  	[MsgId: MMSG-26355]
Action.c(46): Registering web_reg_find was successful  	[MsgId: MMSG-26390]
Action.c(50): web_reg_save_param started  	[MsgId: MMSG-26355]
Action.c(50): Registering web_reg_save_param was successful  	[MsgId: MMSG-26390]
Action.c(63): web_url("Itinerary Button") started  	[MsgId: MMSG-26355]
Action.c(63): Detected non-resource "http://localhost:1080/cgi-bin/nav.pl?page=menu&in=itinerary" in "http://localhost:1080/cgi-bin/welcome.pl?page=itinerary"  	[MsgId: MMSG-26574]
Action.c(63): Detected non-resource "http://localhost:1080/cgi-bin/itinerary.pl" in "http://localhost:1080/cgi-bin/welcome.pl?page=itinerary"  	[MsgId: MMSG-26574]
Action.c(63): Resource "http://localhost:1080/WebTours/images/flights.gif" is in the cache already and will not be downloaded again  	[MsgId: MMSG-26655]
Action.c(63): Found resource "http://localhost:1080/WebTours/images/in_itinerary.gif" in HTML "http://localhost:1080/cgi-bin/nav.pl?page=menu&in=itinerary"  	[MsgId: MMSG-26659]
Action.c(63): Found resource "http://localhost:1080/WebTours/images/home.gif" in HTML "http://localhost:1080/cgi-bin/nav.pl?page=menu&in=itinerary"  	[MsgId: MMSG-26659]
Action.c(63): Resource "http://localhost:1080/WebTours/images/signoff.gif" is in the cache already and will not be downloaded again  	[MsgId: MMSG-26655]
Action.c(63): Error -26366: "Text=Biba Boba" not found for web_reg_find  	[MsgId: MERR-26366]
Action.c(63): Error -26377: No match found for the requested parameter "flightID". Either the specified boundaries were not found in the response or the matched text is longer than current max html parameter size of 99999999 bytes. The total length of the response is 4381 bytes. You can use "web_set_max_html_param_len" to increase the max parameter size.  	[MsgId: MERR-26377]
Action.c(63): web_url("Itinerary Button") highest severity level was "ERROR", 4381 body bytes, 1321 header bytes, 36 chunking overhead bytes  	[MsgId: MMSG-26387]
Action.c(63): Notify: Transaction "checkItinerary" ended with a "Fail" status (Duration: 0,1386 Wasted Time: 0,0000).	[MsgId: MMSG-16871]
Action.c(63): Notify: Transaction "checkItinerary" has 2 error message(s).	[MsgId: MMSG-16818]
Action.c(63): Notify: The 1st error message associated with transaction "checkItinerary" is "Error -26366: "Text=Biba Boba" not found for web_reg_find"	[MsgId: MMSG-16819]
Action.c(63): Notify: The 2nd error message associated with transaction "checkItinerary" is "Error -26377: No match found for the requested parameter "flightID". Either the specified boundaries were not found in the response or the matched text is longer than current max html parameter size of 99999999 bytes. The total length of the response is 4381 bytes. You can use "web_set_max_html_param_len" to increase the max parameter size."	[MsgId: MMSG-16819]
Action.c(63): Notify: Transaction "UC3_DeleteTicket" ended with a "Fail" status (Duration: 5,7469 Think Time: 5,1750 Wasted Time: 0,0010).	[MsgId: MMSG-16870]
Action.c(63): Notify: Transaction "UC3_DeleteTicket" has 2 error message(s).	[MsgId: MMSG-16818]
Action.c(63): Notify: The 1st error message associated with transaction "UC3_DeleteTicket" is "Error -26366: "Text=Biba Boba" not found for web_reg_find"	[MsgId: MMSG-16819]
Action.c(63): Notify: The 2nd error message associated with transaction "UC3_DeleteTicket" is "Error -26377: No match found for the requested parameter "flightID". Either the specified boundaries were not found in the response or the matched text is longer than current max html parameter size of 99999999 bytes. The total length of the response is 4381 bytes. You can use "web_set_max_html_param_len" to increase the max parameter size."	[MsgId: MMSG-16819]
Ending action Action.	[MsgId: MMSG-15918]
Ending iteration 6.	[MsgId: MMSG-15965]
Waiting 46,2510 seconds for iteration pacing.	[MsgId: MMSG-15996]
Starting iteration 7.	[MsgId: MMSG-15968]
Starting action Action.	[MsgId: MMSG-15919]
Action.c(3): web_set_max_html_param_len started  	[MsgId: MMSG-26355]
Action.c(3): web_set_max_html_param_len was successful  	[MsgId: MMSG-26392]
Action.c(5): Notify: Transaction "UC3_DeleteTicket" started.	[MsgId: MMSG-16999]
Action.c(8): web_reg_save_param_attrib started  	[MsgId: MMSG-26355]
Action.c(8): Registering web_reg_save_param_attrib was successful  	[MsgId: MMSG-26390]
Action.c(19): Notify: Transaction "loginPage" started.	[MsgId: MMSG-16999]
Action.c(21): web_reg_find started  	[MsgId: MMSG-26355]
Action.c(21): Registering web_reg_find was successful  	[MsgId: MMSG-26390]
Action.c(24): web_url("WebTours") started  	[MsgId: MMSG-26355]
Action.c(24): Detected non-resource "http://localhost:1080/WebTours/header.html" in "http://localhost:1080/WebTours/"  	[MsgId: MMSG-26574]
Action.c(24): Detected non-resource "http://localhost:1080/cgi-bin/welcome.pl?signOff=true" in "http://localhost:1080/WebTours/"  	[MsgId: MMSG-26574]
Action.c(24): Found resource "http://localhost:1080/WebTours/images/hp_logo.png" in HTML "http://localhost:1080/WebTours/header.html"  	[MsgId: MMSG-26659]
Action.c(24): Found resource "http://localhost:1080/WebTours/images/webtours.png" in HTML "http://localhost:1080/WebTours/header.html"  	[MsgId: MMSG-26659]
Action.c(24): Detected non-resource "http://localhost:1080/cgi-bin/nav.pl?in=home" in "http://localhost:1080/cgi-bin/welcome.pl?signOff=true"  	[MsgId: MMSG-26574]
Action.c(24): Detected non-resource "http://localhost:1080/WebTours/home.html" in "http://localhost:1080/cgi-bin/welcome.pl?signOff=true"  	[MsgId: MMSG-26574]
Action.c(24): Found resource "http://localhost:1080/WebTours/images/mer_login.gif" in HTML "http://localhost:1080/cgi-bin/nav.pl?in=home"  	[MsgId: MMSG-26659]
Action.c(24): Registered web_reg_find successful for "Text=Web Tours Navigation Bar" (count=1)  	[MsgId: MMSG-26364]
Action.c(24): web_url("WebTours") was successful, 10080 body bytes, 2377 header bytes, 24 chunking overhead bytes  	[MsgId: MMSG-26385]
Action.c(37): Think time - Waiting 5,00 seconds (according to limit).	[MsgId: MMSG-15946]
Action.c(37): lr_think_time: 5,00 seconds (recorded think time was 10,00 seconds).	[MsgId: MMSG-15947]
Action.c(37): Notify: Transaction "loginPage" ended with a "Stop" status (Duration: 3,1957 Wasted Time: 0,0006).	[MsgId: MMSG-16871]
Action.c(37): Notify: Transaction "UC3_DeleteTicket" ended with a "Stop" status (Duration: 3,1961 Wasted Time: 0,0009).	[MsgId: MMSG-16871]
Abort was called from an action.	[MsgId: MMSG-10447]
Ending Vuser...	[MsgId: MMSG-15966]
Starting action vuser_end.	[MsgId: MMSG-15919]
Ending action vuser_end.	[MsgId: MMSG-15918]
Vuser Terminated.	[MsgId: MMSG-15963]
