Virtual User Script started at: 01.06.2023 4:20:33	[MsgId: MMSG-15967]
Starting action vuser_init.	[MsgId: MMSG-15919]
Web Turbo Replay of LoadRunner 12.55.0 for Windows 10; build 911 (èþë 24 2017 19:46:00)  	[MsgId: MMSG-26983]
Virtual User Script started at: 01.06.2023 4:20:33	[MsgId: MMSG-15967]
Starting action vuser_init.	[MsgId: MMSG-15919]
Web Turbo Replay of LoadRunner 12.55.0 for Windows 10; build 911 (èþë 24 2017 19:46:00)  	[MsgId: MMSG-26983]
Run mode: HTML  	[MsgId: MMSG-26993]
Replay user agent: Mozilla/5.0 (Windows NT 10.0; WOW64; Trident/7.0; rv:11.0) like Gecko  	[MsgId: MMSG-26988]
Run-Time Settings file: "C:\Users\EHOT\AppData\Local\Temp\lr5tmpdir13g.260\lrcfgJmS.261\cfg85U.272"  	[MsgId: MMSG-27141]
Vuser directory: "C:\Users\EHOT\Desktop\RepoVuGen\Scripts\UC_Login"  	[MsgId: MMSG-27052]
Vuser output directory: "C:\Users\EHOT\Desktop\RepoVuGen\Scripts\UC_Login"  	[MsgId: MMSG-27050]
Operating system's current working directory: "C:\Users\EHOT\Desktop\RepoVuGen\Scripts\UC_Login"  	[MsgId: MMSG-27048]
UTC (GMT) start date/time   : 2023-06-01 01:20:33  	[MsgId: MMSG-26992]
LOCAL start date/time       : 2023-06-01 04:20:33  	[MsgId: MMSG-26991]
Local daylight-Savings-Time : No  	[MsgId: MMSG-26990]
Some of the Run-Time Settings:  	[MsgId: MMSG-27142]
    Download non-HTML resources: Yes  	[MsgId: MMSG-27018]
    Verification checks: No  	[MsgId: MMSG-27017]
    Convert from/to UTF-8: No  	[MsgId: MMSG-27016]
    Simulate a new user each iteration: Yes  	[MsgId: MMSG-27009]
    Non-critical item errors as warnings: Yes  	[MsgId: MMSG-27008]
    HTTP errors as warnings: No  	[MsgId: MMSG-27007]
    WinInet replay instead of Sockets: No  	[MsgId: MMSG-27006]
    HTTP version: 1.1  	[MsgId: MMSG-27005]
    Keep-Alive HTTP connections: Yes  	[MsgId: MMSG-27004]
    Max self Meta refresh updates: 2  	[MsgId: MMSG-27003]
    No proxy is used (direct connection to the Internet)  	[MsgId: MMSG-27171]
    DNS caching: Yes  	[MsgId: MMSG-27035]
    Simulate browser cache: Yes  	[MsgId: MMSG-27034]
        Cache URLs requiring content (e.g., HTMLs): Yes  	[MsgId: MMSG-27033]
            Additional URLs requiring content: None  	[MsgId: MMSG-27032]
        Check for newer versions every visit to the page: No  	[MsgId: MMSG-27031]
    Page download timeout (sec): 120  	[MsgId: MMSG-27030]
    Resource Page Timeout is a Warning: No  	[MsgId: MMSG-27029]
    ContentCheck enabled: Yes  	[MsgId: MMSG-27028]
    ContentCheck script-level file: "C:\Users\EHOT\AppData\Local\Temp\lr5tmpdir13g.260\lrcfgJmS.261\LrwiAedScript.xml"  	[MsgId: MMSG-27027]
    Enable Web Page Breakdown: No  	[MsgId: MMSG-27026]
    Enable connection data points: Yes  	[MsgId: MMSG-27023]
    Process socket after reschedule: Yes  	[MsgId: MMSG-27022]
    Snapshot on error: No  	[MsgId: MMSG-27021]
    Define each step as a transaction: No  	[MsgId: MMSG-27020]
    Read beyond Content-Length: No  	[MsgId: MMSG-26994]
    Parse HTML Content-Type: TEXT  	[MsgId: MMSG-26999]
    Graph hits per second and HTTP status codes: Yes  	[MsgId: MMSG-26998]
    Graph response bytes per second: Yes  	[MsgId: MMSG-26997]
    Graph pages per second: No  	[MsgId: MMSG-26996]
    Web recorder version ID: 10  	[MsgId: MMSG-26995]
Ending action vuser_init.	[MsgId: MMSG-15918]
Running Vuser...	[MsgId: MMSG-15964]
Run mode: HTML  	[MsgId: MMSG-26993]
Replay user agent: Mozilla/5.0 (Windows NT 10.0; WOW64; Trident/7.0; rv:11.0) like Gecko  	[MsgId: MMSG-26988]
Run-Time Settings file: "C:\Users\EHOT\AppData\Local\Temp\lr5tmpdir13g.260\lrcfgJmS.261\cfg85U.272"  	[MsgId: MMSG-27141]
Vuser directory: "C:\Users\EHOT\Desktop\RepoVuGen\Scripts\UC_Login"  	[MsgId: MMSG-27052]
Vuser output directory: "C:\Users\EHOT\Desktop\RepoVuGen\Scripts\UC_Login"  	[MsgId: MMSG-27050]
Operating system's current working directory: "C:\Users\EHOT\Desktop\RepoVuGen\Scripts\UC_Login"  	[MsgId: MMSG-27048]
UTC (GMT) start date/time   : 2023-06-01 01:20:33  	[MsgId: MMSG-26992]
LOCAL start date/time       : 2023-06-01 04:20:33  	[MsgId: MMSG-26991]
Local daylight-Savings-Time : No  	[MsgId: MMSG-26990]
Some of the Run-Time Settings:  	[MsgId: MMSG-27142]
    Download non-HTML resources: Yes  	[MsgId: MMSG-27018]
    Verification checks: No  	[MsgId: MMSG-27017]
    Convert from/to UTF-8: No  	[MsgId: MMSG-27016]
    Simulate a new user each iteration: Yes  	[MsgId: MMSG-27009]
    Non-critical item errors as warnings: Yes  	[MsgId: MMSG-27008]
    HTTP errors as warnings: No  	[MsgId: MMSG-27007]
    WinInet replay instead of Sockets: No  	[MsgId: MMSG-27006]
    HTTP version: 1.1  	[MsgId: MMSG-27005]
    Keep-Alive HTTP connections: Yes  	[MsgId: MMSG-27004]
    Max self Meta refresh updates: 2  	[MsgId: MMSG-27003]
    No proxy is used (direct connection to the Internet)  	[MsgId: MMSG-27171]
    DNS caching: Yes  	[MsgId: MMSG-27035]
    Simulate browser cache: Yes  	[MsgId: MMSG-27034]
        Cache URLs requiring content (e.g., HTMLs): Yes  	[MsgId: MMSG-27033]
            Additional URLs requiring content: None  	[MsgId: MMSG-27032]
        Check for newer versions every visit to the page: No  	[MsgId: MMSG-27031]
    Page download timeout (sec): 120  	[MsgId: MMSG-27030]
    Resource Page Timeout is a Warning: No  	[MsgId: MMSG-27029]
    ContentCheck enabled: Yes  	[MsgId: MMSG-27028]
    ContentCheck script-level file: "C:\Users\EHOT\AppData\Local\Temp\lr5tmpdir13g.260\lrcfgJmS.261\LrwiAedScript.xml"  	[MsgId: MMSG-27027]
    Enable Web Page Breakdown: Yes  	[MsgId: MMSG-27026]
    Enable connection data points: Yes  	[MsgId: MMSG-27023]
    Process socket after reschedule: Yes  	[MsgId: MMSG-27022]
    Snapshot on error: No  	[MsgId: MMSG-27021]
    Define each step as a transaction: No  	[MsgId: MMSG-27020]
    Read beyond Content-Length: No  	[MsgId: MMSG-26994]
    Parse HTML Content-Type: TEXT  	[MsgId: MMSG-26999]
    Graph hits per second and HTTP status codes: Yes  	[MsgId: MMSG-26998]
    Graph response bytes per second: Yes  	[MsgId: MMSG-26997]
    Graph pages per second: No  	[MsgId: MMSG-26996]
    Web recorder version ID: 10  	[MsgId: MMSG-26995]
Ending action vuser_init.	[MsgId: MMSG-15918]
Running Vuser...	[MsgId: MMSG-15964]
Starting iteration 1.	[MsgId: MMSG-15968]
Maximum number of concurrent connections per server: 6  	[MsgId: MMSG-26989]
Starting action Action.	[MsgId: MMSG-15919]
Action.c(4): Notify: Transaction "UC_Login" started.	[MsgId: MMSG-16999]
Action.c(6): web_reg_save_param_attrib started  	[MsgId: MMSG-26355]
Action.c(6): Registering web_reg_save_param_attrib was successful  	[MsgId: MMSG-26390]
Action.c(17): Notify: Transaction "loginPage" started.	[MsgId: MMSG-16999]
Action.c(19): web_url("WebTours") started  	[MsgId: MMSG-26355]
Starting iteration 1.	[MsgId: MMSG-15968]
Maximum number of concurrent connections per server: 6  	[MsgId: MMSG-26989]
Starting action Action.	[MsgId: MMSG-15919]
Action.c(4): Notify: Transaction "UC_Login" started.	[MsgId: MMSG-16999]
Action.c(19): t=682ms: Connecting [0] to host 127.0.0.1:1080  	[MsgId: MMSG-26000]
Action.c(6): web_reg_save_param_attrib started  	[MsgId: MMSG-26355]
Action.c(6): Registering web_reg_save_param_attrib was successful  	[MsgId: MMSG-26390]
Action.c(17): Notify: Transaction "loginPage" started.	[MsgId: MMSG-16999]
Action.c(19): web_url("WebTours") started  	[MsgId: MMSG-26355]
Action.c(19): t=683ms: Connecting [0] to host 127.0.0.1:1080  	[MsgId: MMSG-26000]
Action.c(19): Error -27792: Failed to connect to server "localhost:1080": [10061] Connection refused  	[MsgId: MERR-27792]
Action.c(19): t=2960ms: Closed connection [0] to localhost:1080 after completing 0 request(s)  	[MsgId: MMSG-26000]
Action.c(19): Search registration for "userSession" parameter is filtered by "Content Type"  	[MsgId: MMSG-26000]
Action.c(19): Notify: Saving Parameter "userSession = ".	[MsgId: MMSG-13798]
Action.c(19): Error -35048: No match found for the requested parameter "userSession". Check whether the tag with specific attributes exists in the response data  	[MsgId: MERR-35048]
Action.c(19): web_url("WebTours") highest severity level was "ERROR", 0 body bytes, 0 header bytes  	[MsgId: MMSG-26388]
Action.c(19): Notify: Transaction "loginPage" ended with a "Fail" status (Duration: 2,2804 Wasted Time: 0,0002).	[MsgId: MMSG-16871]
Action.c(19): Notify: Transaction "loginPage" has 1 error message(s).	[MsgId: MMSG-16818]
Action.c(19): Notify: The 1st error message associated with transaction "loginPage" is "Error -27792: Failed to connect to server "localhost:1080": [10061] Connection refused"	[MsgId: MMSG-16819]
Action.c(19): Notify: Transaction "UC_Login" ended with a "Fail" status (Duration: 2,2808 Wasted Time: 0,0005).	[MsgId: MMSG-16871]
Action.c(19): Notify: Transaction "UC_Login" has 1 error message(s).	[MsgId: MMSG-16818]
Action.c(19): Notify: The 1st error message associated with transaction "UC_Login" is "Error -27792: Failed to connect to server "localhost:1080": [10061] Connection refused"	[MsgId: MMSG-16819]
Ending action Action.	[MsgId: MMSG-15918]
Ending iteration 1.	[MsgId: MMSG-15965]
Waiting 177,7190 seconds for iteration pacing.	[MsgId: MMSG-15996]
Action.c(19): Error -27792: Failed to connect to server "localhost:1080": [10061] Connection refused  	[MsgId: MERR-27792]
Action.c(19): t=3087ms: Closed connection [0] to localhost:1080 after completing 0 request(s)  	[MsgId: MMSG-26000]
Action.c(19): Search registration for "userSession" parameter is filtered by "Content Type"  	[MsgId: MMSG-26000]
Action.c(19): Notify: Saving Parameter "userSession = ".	[MsgId: MMSG-13798]
Action.c(19): Error -35048: No match found for the requested parameter "userSession". Check whether the tag with specific attributes exists in the response data  	[MsgId: MERR-35048]
Action.c(19): web_url("WebTours") highest severity level was "ERROR", 0 body bytes, 0 header bytes  	[MsgId: MMSG-26388]
Action.c(19): Notify: Transaction "loginPage" ended with a "Fail" status (Duration: 2,4063 Wasted Time: 0,0002).	[MsgId: MMSG-16871]
Action.c(19): Notify: Transaction "loginPage" has 1 error message(s).	[MsgId: MMSG-16818]
Action.c(19): Notify: The 1st error message associated with transaction "loginPage" is "Error -27792: Failed to connect to server "localhost:1080": [10061] Connection refused"	[MsgId: MMSG-16819]
Action.c(19): Notify: Transaction "UC_Login" ended with a "Fail" status (Duration: 2,4065 Wasted Time: 0,0004).	[MsgId: MMSG-16871]
Action.c(19): Notify: Transaction "UC_Login" has 1 error message(s).	[MsgId: MMSG-16818]
Action.c(19): Notify: The 1st error message associated with transaction "UC_Login" is "Error -27792: Failed to connect to server "localhost:1080": [10061] Connection refused"	[MsgId: MMSG-16819]
Ending action Action.	[MsgId: MMSG-15918]
Ending iteration 1.	[MsgId: MMSG-15965]
Waiting 177,5930 seconds for iteration pacing.	[MsgId: MMSG-15996]
Starting iteration 2.	[MsgId: MMSG-15968]
Action.c(19): Resetting all proxy auto-configuration information  	[MsgId: MMSG-26000]
Notify: Next row for parameter login = 6 [table  = login].	[MsgId: MMSG-13876]
Notify: Getting new value for parameter 'login': table = '..\..\Parameters1\users.dat' column = '0' row = '6'.	[MsgId: MMSG-13877]
Starting iteration 2.	[MsgId: MMSG-15968]
Notify: Next row for parameter password = 6 [table  = password].	[MsgId: MMSG-13876]
Notify: Getting new value for parameter 'password': table = '..\..\Parameters1\users.dat' column = '1' row = '6'.	[MsgId: MMSG-13877]
Action.c(19): Resetting all proxy auto-configuration information  	[MsgId: MMSG-26000]
Notify: Next row for parameter lastname = 6 [table  = lastname].	[MsgId: MMSG-13876]
Notify: Getting new value for parameter 'lastname': table = '..\..\Parameters1\users.dat' column = '3' row = '6'.	[MsgId: MMSG-13877]
Notify: Next row for parameter firstname = 6 [table  = firstname].	[MsgId: MMSG-13876]
Notify: Next row for parameter login = 6 [table  = login].	[MsgId: MMSG-13876]
Notify: Getting new value for parameter 'firstname': table = '..\..\Parameters1\users.dat' column = '2' row = '6'.	[MsgId: MMSG-13877]
Notify: Getting new value for parameter 'login': table = '..\..\Parameters1\users.dat' column = '0' row = '6'.	[MsgId: MMSG-13877]
Starting action Action.	[MsgId: MMSG-15919]
Notify: Next row for parameter password = 6 [table  = password].	[MsgId: MMSG-13876]
Notify: Getting new value for parameter 'password': table = '..\..\Parameters1\users.dat' column = '1' row = '6'.	[MsgId: MMSG-13877]
Notify: Next row for parameter lastname = 6 [table  = lastname].	[MsgId: MMSG-13876]
Notify: Getting new value for parameter 'lastname': table = '..\..\Parameters1\users.dat' column = '3' row = '6'.	[MsgId: MMSG-13877]
Action.c(4): Notify: Transaction "UC_Login" started.	[MsgId: MMSG-16999]
Notify: Next row for parameter firstname = 6 [table  = firstname].	[MsgId: MMSG-13876]
Notify: Getting new value for parameter 'firstname': table = '..\..\Parameters1\users.dat' column = '2' row = '6'.	[MsgId: MMSG-13877]
Starting action Action.	[MsgId: MMSG-15919]
Action.c(6): web_reg_save_param_attrib started  	[MsgId: MMSG-26355]
Action.c(4): Notify: Transaction "UC_Login" started.	[MsgId: MMSG-16999]
Action.c(6): web_reg_save_param_attrib started  	[MsgId: MMSG-26355]
Action.c(6): Registering web_reg_save_param_attrib was successful  	[MsgId: MMSG-26390]
Action.c(17): Notify: Transaction "loginPage" started.	[MsgId: MMSG-16999]
Action.c(6): Registering web_reg_save_param_attrib was successful  	[MsgId: MMSG-26390]
Action.c(19): web_url("WebTours") started  	[MsgId: MMSG-26355]
Action.c(17): Notify: Transaction "loginPage" started.	[MsgId: MMSG-16999]
Action.c(19): web_url("WebTours") started  	[MsgId: MMSG-26355]
Action.c(19): t=180688ms: Connecting [0] to host 127.0.0.1:1080  	[MsgId: MMSG-26000]
Action.c(19): t=180688ms: Connecting [0] to host 127.0.0.1:1080  	[MsgId: MMSG-26000]
Action.c(19): Error -27792: Failed to connect to server "localhost:1080": [10061] Connection refused  	[MsgId: MERR-27792]
Action.c(19): Error -27792: Failed to connect to server "localhost:1080": [10061] Connection refused  	[MsgId: MERR-27792]
Action.c(19): t=182725ms: Closed connection [0] to localhost:1080 after completing 0 request(s)  	[MsgId: MMSG-26000]
Action.c(19): t=182725ms: Closed connection [0] to localhost:1080 after completing 0 request(s)  	[MsgId: MMSG-26000]
Action.c(19): Search registration for "userSession" parameter is filtered by "Content Type"  	[MsgId: MMSG-26000]
Action.c(19): Search registration for "userSession" parameter is filtered by "Content Type"  	[MsgId: MMSG-26000]
Action.c(19): Notify: Saving Parameter "userSession = ".	[MsgId: MMSG-13798]
Action.c(19): Notify: Saving Parameter "userSession = ".	[MsgId: MMSG-13798]
Action.c(19): Error -35048: No match found for the requested parameter "userSession". Check whether the tag with specific attributes exists in the response data  	[MsgId: MERR-35048]
Action.c(19): Error -35048: No match found for the requested parameter "userSession". Check whether the tag with specific attributes exists in the response data  	[MsgId: MERR-35048]
Action.c(19): web_url("WebTours") highest severity level was "ERROR", 0 body bytes, 0 header bytes  	[MsgId: MMSG-26388]
Action.c(19): Notify: Transaction "loginPage" ended with a "Fail" status (Duration: 2,0384 Wasted Time: 0,0001).	[MsgId: MMSG-16871]
Action.c(19): web_url("WebTours") highest severity level was "ERROR", 0 body bytes, 0 header bytes  	[MsgId: MMSG-26388]
Action.c(19): Notify: Transaction "loginPage" has 1 error message(s).	[MsgId: MMSG-16818]
Action.c(19): Notify: The 1st error message associated with transaction "loginPage" is "Error -27792: Failed to connect to server "localhost:1080": [10061] Connection refused"	[MsgId: MMSG-16819]
Action.c(19): Notify: Transaction "loginPage" ended with a "Fail" status (Duration: 2,0384 Wasted Time: 0,0001).	[MsgId: MMSG-16871]
Action.c(19): Notify: Transaction "UC_Login" ended with a "Fail" status (Duration: 2,0387 Wasted Time: 0,0003).	[MsgId: MMSG-16871]
Action.c(19): Notify: Transaction "loginPage" has 1 error message(s).	[MsgId: MMSG-16818]
Action.c(19): Notify: The 1st error message associated with transaction "loginPage" is "Error -27792: Failed to connect to server "localhost:1080": [10061] Connection refused"	[MsgId: MMSG-16819]
Action.c(19): Notify: Transaction "UC_Login" has 1 error message(s).	[MsgId: MMSG-16818]
Action.c(19): Notify: Transaction "UC_Login" ended with a "Fail" status (Duration: 2,0386 Wasted Time: 0,0002).	[MsgId: MMSG-16871]
Action.c(19): Notify: The 1st error message associated with transaction "UC_Login" is "Error -27792: Failed to connect to server "localhost:1080": [10061] Connection refused"	[MsgId: MMSG-16819]
Ending action Action.	[MsgId: MMSG-15918]
Action.c(19): Notify: Transaction "UC_Login" has 1 error message(s).	[MsgId: MMSG-16818]
Action.c(19): Notify: The 1st error message associated with transaction "UC_Login" is "Error -27792: Failed to connect to server "localhost:1080": [10061] Connection refused"	[MsgId: MMSG-16819]
Ending iteration 2.	[MsgId: MMSG-15965]
Waiting 177,9600 seconds for iteration pacing.	[MsgId: MMSG-15996]
Ending action Action.	[MsgId: MMSG-15918]
Ending iteration 2.	[MsgId: MMSG-15965]
Waiting 177,9600 seconds for iteration pacing.	[MsgId: MMSG-15996]
Starting iteration 3.	[MsgId: MMSG-15968]
Action.c(19): Resetting all proxy auto-configuration information  	[MsgId: MMSG-26000]
Notify: Next row for parameter login = 4 [table  = login].	[MsgId: MMSG-13876]
Notify: Getting new value for parameter 'login': table = '..\..\Parameters1\users.dat' column = '0' row = '4'.	[MsgId: MMSG-13877]
Notify: Next row for parameter password = 4 [table  = password].	[MsgId: MMSG-13876]
Notify: Getting new value for parameter 'password': table = '..\..\Parameters1\users.dat' column = '1' row = '4'.	[MsgId: MMSG-13877]
Notify: Next row for parameter lastname = 4 [table  = lastname].	[MsgId: MMSG-13876]
Notify: Getting new value for parameter 'lastname': table = '..\..\Parameters1\users.dat' column = '3' row = '4'.	[MsgId: MMSG-13877]
Notify: Next row for parameter firstname = 4 [table  = firstname].	[MsgId: MMSG-13876]
Notify: Getting new value for parameter 'firstname': table = '..\..\Parameters1\users.dat' column = '2' row = '4'.	[MsgId: MMSG-13877]
Starting action Action.	[MsgId: MMSG-15919]
Starting iteration 3.	[MsgId: MMSG-15968]
Action.c(19): Resetting all proxy auto-configuration information  	[MsgId: MMSG-26000]
Action.c(4): Notify: Transaction "UC_Login" started.	[MsgId: MMSG-16999]
Action.c(6): web_reg_save_param_attrib started  	[MsgId: MMSG-26355]
Notify: Next row for parameter login = 4 [table  = login].	[MsgId: MMSG-13876]
Notify: Getting new value for parameter 'login': table = '..\..\Parameters1\users.dat' column = '0' row = '4'.	[MsgId: MMSG-13877]
Notify: Next row for parameter password = 4 [table  = password].	[MsgId: MMSG-13876]
Notify: Getting new value for parameter 'password': table = '..\..\Parameters1\users.dat' column = '1' row = '4'.	[MsgId: MMSG-13877]
Notify: Next row for parameter lastname = 4 [table  = lastname].	[MsgId: MMSG-13876]
Action.c(6): Registering web_reg_save_param_attrib was successful  	[MsgId: MMSG-26390]
Notify: Getting new value for parameter 'lastname': table = '..\..\Parameters1\users.dat' column = '3' row = '4'.	[MsgId: MMSG-13877]
Notify: Next row for parameter firstname = 4 [table  = firstname].	[MsgId: MMSG-13876]
Action.c(17): Notify: Transaction "loginPage" started.	[MsgId: MMSG-16999]
Notify: Getting new value for parameter 'firstname': table = '..\..\Parameters1\users.dat' column = '2' row = '4'.	[MsgId: MMSG-13877]
Action.c(19): web_url("WebTours") started  	[MsgId: MMSG-26355]
Starting action Action.	[MsgId: MMSG-15919]
Action.c(4): Notify: Transaction "UC_Login" started.	[MsgId: MMSG-16999]
Action.c(6): web_reg_save_param_attrib started  	[MsgId: MMSG-26355]
Action.c(6): Registering web_reg_save_param_attrib was successful  	[MsgId: MMSG-26390]
Action.c(17): Notify: Transaction "loginPage" started.	[MsgId: MMSG-16999]
Action.c(19): t=360692ms: Connecting [0] to host 127.0.0.1:1080  	[MsgId: MMSG-26000]
Action.c(19): web_url("WebTours") started  	[MsgId: MMSG-26355]
Action.c(19): t=360692ms: Connecting [0] to host 127.0.0.1:1080  	[MsgId: MMSG-26000]
Action.c(19): Error -27792: Failed to connect to server "localhost:1080": [10061] Connection refused  	[MsgId: MERR-27792]
Action.c(19): Error -27792: Failed to connect to server "localhost:1080": [10061] Connection refused  	[MsgId: MERR-27792]
Action.c(19): t=362717ms: Closed connection [0] to localhost:1080 after completing 0 request(s)  	[MsgId: MMSG-26000]
Action.c(19): t=362717ms: Closed connection [0] to localhost:1080 after completing 0 request(s)  	[MsgId: MMSG-26000]
Action.c(19): Search registration for "userSession" parameter is filtered by "Content Type"  	[MsgId: MMSG-26000]
Action.c(19): Search registration for "userSession" parameter is filtered by "Content Type"  	[MsgId: MMSG-26000]
Action.c(19): Notify: Saving Parameter "userSession = ".	[MsgId: MMSG-13798]
Action.c(19): Notify: Saving Parameter "userSession = ".	[MsgId: MMSG-13798]
Action.c(19): Error -35048: No match found for the requested parameter "userSession". Check whether the tag with specific attributes exists in the response data  	[MsgId: MERR-35048]
Action.c(19): Error -35048: No match found for the requested parameter "userSession". Check whether the tag with specific attributes exists in the response data  	[MsgId: MERR-35048]
Action.c(19): web_url("WebTours") highest severity level was "ERROR", 0 body bytes, 0 header bytes  	[MsgId: MMSG-26388]
Action.c(19): web_url("WebTours") highest severity level was "ERROR", 0 body bytes, 0 header bytes  	[MsgId: MMSG-26388]
Action.c(19): Notify: Transaction "loginPage" ended with a "Fail" status (Duration: 2,0260 Wasted Time: 0,0001).	[MsgId: MMSG-16871]
Action.c(19): Notify: Transaction "loginPage" has 1 error message(s).	[MsgId: MMSG-16818]
Action.c(19): Notify: The 1st error message associated with transaction "loginPage" is "Error -27792: Failed to connect to server "localhost:1080": [10061] Connection refused"	[MsgId: MMSG-16819]
Action.c(19): Notify: Transaction "loginPage" ended with a "Fail" status (Duration: 2,0264 Wasted Time: 0,0000).	[MsgId: MMSG-16871]
Action.c(19): Notify: Transaction "UC_Login" ended with a "Fail" status (Duration: 2,0262 Wasted Time: 0,0002).	[MsgId: MMSG-16871]
Action.c(19): Notify: Transaction "loginPage" has 1 error message(s).	[MsgId: MMSG-16818]
Action.c(19): Notify: Transaction "UC_Login" has 1 error message(s).	[MsgId: MMSG-16818]
Action.c(19): Notify: The 1st error message associated with transaction "loginPage" is "Error -27792: Failed to connect to server "localhost:1080": [10061] Connection refused"	[MsgId: MMSG-16819]
Action.c(19): Notify: The 1st error message associated with transaction "UC_Login" is "Error -27792: Failed to connect to server "localhost:1080": [10061] Connection refused"	[MsgId: MMSG-16819]
Action.c(19): Notify: Transaction "UC_Login" ended with a "Fail" status (Duration: 2,0267 Wasted Time: 0,0003).	[MsgId: MMSG-16871]
Action.c(19): Notify: Transaction "UC_Login" has 1 error message(s).	[MsgId: MMSG-16818]
Ending action Action.	[MsgId: MMSG-15918]
Action.c(19): Notify: The 1st error message associated with transaction "UC_Login" is "Error -27792: Failed to connect to server "localhost:1080": [10061] Connection refused"	[MsgId: MMSG-16819]
Ending iteration 3.	[MsgId: MMSG-15965]
Waiting 177,9730 seconds for iteration pacing.	[MsgId: MMSG-15996]
Ending action Action.	[MsgId: MMSG-15918]
Ending iteration 3.	[MsgId: MMSG-15965]
Waiting 177,9720 seconds for iteration pacing.	[MsgId: MMSG-15996]
Starting iteration 4.	[MsgId: MMSG-15968]
Action.c(19): Resetting all proxy auto-configuration information  	[MsgId: MMSG-26000]
Notify: Next row for parameter login = 1 [table  = login].	[MsgId: MMSG-13876]
Notify: Getting new value for parameter 'login': table = '..\..\Parameters1\users.dat' column = '0' row = '1'.	[MsgId: MMSG-13877]
Starting iteration 4.	[MsgId: MMSG-15968]
Notify: Next row for parameter password = 1 [table  = password].	[MsgId: MMSG-13876]
Notify: Getting new value for parameter 'password': table = '..\..\Parameters1\users.dat' column = '1' row = '1'.	[MsgId: MMSG-13877]
Action.c(19): Resetting all proxy auto-configuration information  	[MsgId: MMSG-26000]
Notify: Next row for parameter lastname = 1 [table  = lastname].	[MsgId: MMSG-13876]
Notify: Getting new value for parameter 'lastname': table = '..\..\Parameters1\users.dat' column = '3' row = '1'.	[MsgId: MMSG-13877]
Notify: Next row for parameter firstname = 1 [table  = firstname].	[MsgId: MMSG-13876]
Notify: Next row for parameter login = 4 [table  = login].	[MsgId: MMSG-13876]
Notify: Getting new value for parameter 'firstname': table = '..\..\Parameters1\users.dat' column = '2' row = '1'.	[MsgId: MMSG-13877]
Notify: Getting new value for parameter 'login': table = '..\..\Parameters1\users.dat' column = '0' row = '4'.	[MsgId: MMSG-13877]
Starting action Action.	[MsgId: MMSG-15919]
Notify: Next row for parameter password = 4 [table  = password].	[MsgId: MMSG-13876]
Notify: Getting new value for parameter 'password': table = '..\..\Parameters1\users.dat' column = '1' row = '4'.	[MsgId: MMSG-13877]
Notify: Next row for parameter lastname = 4 [table  = lastname].	[MsgId: MMSG-13876]
Notify: Getting new value for parameter 'lastname': table = '..\..\Parameters1\users.dat' column = '3' row = '4'.	[MsgId: MMSG-13877]
Action.c(4): Notify: Transaction "UC_Login" started.	[MsgId: MMSG-16999]
Notify: Next row for parameter firstname = 4 [table  = firstname].	[MsgId: MMSG-13876]
Notify: Getting new value for parameter 'firstname': table = '..\..\Parameters1\users.dat' column = '2' row = '4'.	[MsgId: MMSG-13877]
Action.c(6): web_reg_save_param_attrib started  	[MsgId: MMSG-26355]
Starting action Action.	[MsgId: MMSG-15919]
Action.c(4): Notify: Transaction "UC_Login" started.	[MsgId: MMSG-16999]
Action.c(6): Registering web_reg_save_param_attrib was successful  	[MsgId: MMSG-26390]
Action.c(6): web_reg_save_param_attrib started  	[MsgId: MMSG-26355]
Action.c(17): Notify: Transaction "loginPage" started.	[MsgId: MMSG-16999]
Action.c(19): web_url("WebTours") started  	[MsgId: MMSG-26355]
Action.c(6): Registering web_reg_save_param_attrib was successful  	[MsgId: MMSG-26390]
Action.c(17): Notify: Transaction "loginPage" started.	[MsgId: MMSG-16999]
Action.c(19): web_url("WebTours") started  	[MsgId: MMSG-26355]
Action.c(19): t=540702ms: Connecting [0] to host 127.0.0.1:1080  	[MsgId: MMSG-26000]
Action.c(19): t=540702ms: Connecting [0] to host 127.0.0.1:1080  	[MsgId: MMSG-26000]
Action.c(19): Error -27792: Failed to connect to server "localhost:1080": [10061] Connection refused  	[MsgId: MERR-27792]
Action.c(19): t=542751ms: Closed connection [0] to localhost:1080 after completing 0 request(s)  	[MsgId: MMSG-26000]
Action.c(19): Search registration for "userSession" parameter is filtered by "Content Type"  	[MsgId: MMSG-26000]
Action.c(19): Notify: Saving Parameter "userSession = ".	[MsgId: MMSG-13798]
Action.c(19): Error -35048: No match found for the requested parameter "userSession". Check whether the tag with specific attributes exists in the response data  	[MsgId: MERR-35048]
Action.c(19): web_url("WebTours") highest severity level was "ERROR", 0 body bytes, 0 header bytes  	[MsgId: MMSG-26388]
Action.c(19): Notify: Transaction "loginPage" ended with a "Fail" status (Duration: 2,0496 Wasted Time: 0,0001).	[MsgId: MMSG-16871]
Action.c(19): Notify: Transaction "loginPage" has 1 error message(s).	[MsgId: MMSG-16818]
Action.c(19): Notify: The 1st error message associated with transaction "loginPage" is "Error -27792: Failed to connect to server "localhost:1080": [10061] Connection refused"	[MsgId: MMSG-16819]
Action.c(19): Notify: Transaction "UC_Login" ended with a "Fail" status (Duration: 2,0499 Wasted Time: 0,0003).	[MsgId: MMSG-16871]
Action.c(19): Notify: Transaction "UC_Login" has 1 error message(s).	[MsgId: MMSG-16818]
Action.c(19): Notify: The 1st error message associated with transaction "UC_Login" is "Error -27792: Failed to connect to server "localhost:1080": [10061] Connection refused"	[MsgId: MMSG-16819]
Ending action Action.	[MsgId: MMSG-15918]
Ending iteration 4.	[MsgId: MMSG-15965]
Waiting 177,9490 seconds for iteration pacing.	[MsgId: MMSG-15996]
Action.c(19): Error -27792: Failed to connect to server "localhost:1080": [10061] Connection refused  	[MsgId: MERR-27792]
Action.c(19): t=543066ms: Closed connection [0] to localhost:1080 after completing 0 request(s)  	[MsgId: MMSG-26000]
Action.c(19): Search registration for "userSession" parameter is filtered by "Content Type"  	[MsgId: MMSG-26000]
Action.c(19): Notify: Saving Parameter "userSession = ".	[MsgId: MMSG-13798]
Action.c(19): Error -35048: No match found for the requested parameter "userSession". Check whether the tag with specific attributes exists in the response data  	[MsgId: MERR-35048]
Action.c(19): web_url("WebTours") highest severity level was "ERROR", 0 body bytes, 0 header bytes  	[MsgId: MMSG-26388]
Action.c(19): Notify: Transaction "loginPage" ended with a "Fail" status (Duration: 2,3649 Wasted Time: 0,0001).	[MsgId: MMSG-16871]
Action.c(19): Notify: Transaction "loginPage" has 1 error message(s).	[MsgId: MMSG-16818]
Action.c(19): Notify: The 1st error message associated with transaction "loginPage" is "Error -27792: Failed to connect to server "localhost:1080": [10061] Connection refused"	[MsgId: MMSG-16819]
Action.c(19): Notify: Transaction "UC_Login" ended with a "Fail" status (Duration: 2,3651 Wasted Time: 0,0003).	[MsgId: MMSG-16871]
Action.c(19): Notify: Transaction "UC_Login" has 1 error message(s).	[MsgId: MMSG-16818]
Action.c(19): Notify: The 1st error message associated with transaction "UC_Login" is "Error -27792: Failed to connect to server "localhost:1080": [10061] Connection refused"	[MsgId: MMSG-16819]
Ending action Action.	[MsgId: MMSG-15918]
Ending iteration 4.	[MsgId: MMSG-15965]
Waiting 177,6340 seconds for iteration pacing.	[MsgId: MMSG-15996]
Action was aborted.	[MsgId: MMSG-10694]
Ending Vuser...	[MsgId: MMSG-15966]
Starting action vuser_end.	[MsgId: MMSG-15919]
Ending action vuser_end.	[MsgId: MMSG-15918]
Vuser Terminated.	[MsgId: MMSG-15963]
Action was aborted.	[MsgId: MMSG-10694]
Ending Vuser...	[MsgId: MMSG-15966]
Starting action vuser_end.	[MsgId: MMSG-15919]
Ending action vuser_end.	[MsgId: MMSG-15918]
Vuser Terminated.	[MsgId: MMSG-15963]
HTML-Mode memory management statistics: Reusable=0, NonReusable=0, CsMemBlockSize=4096, checks disabled  	[MsgId: MMSG-26000]
HTML-Mode memory management statistics: Reusable=0, NonReusable=0, CsMemBlockSize=4096, checks disabled  	[MsgId: MMSG-26000]
Vuser 0 (thread 8036), ended OK."	[MsgId: MMSG-10695]
Vuser 1 (thread 8824), ended OK."	[MsgId: MMSG-10695]
